[go_vue_admin]2024-09-24 00:00:11.865	[31merror[0m	/Users/lihao/project/mall-pro/admin-gin/websocket/ws_handle.go:70	websocket: close 1001 (going away)
[go_vue_admin]2024-09-24 00:01:09.243	[31merror[0m	/Users/lihao/project/mall-pro/admin-gin/websocket/ws_handle.go:70	websocket: close 1001 (going away)
[go_vue_admin]2024-09-24 00:01:26.182	[31merror[0m	/Users/lihao/project/mall-pro/admin-gin/websocket/ws_handle.go:70	websocket: close 1001 (going away)
[go_vue_admin]2024-09-24 00:02:12.725	[31merror[0m	/Users/lihao/project/mall-pro/admin-gin/websocket/ws_handle.go:38	close tcp [::1]:8887->[::1]:53899: use of closed network connection
[go_vue_admin]2024-09-24 00:02:12.725	[31merror[0m	/Users/lihao/project/mall-pro/admin-gin/websocket/ws_handle.go:38	close tcp [::1]:8887->[::1]:53193: use of closed network connection
[go_vue_admin]2024-09-24 00:02:12.725	[31merror[0m	/Users/lihao/project/mall-pro/admin-gin/websocket/ws_handle.go:38	close tcp [::1]:8887->[::1]:54135: use of closed network connection
[go_vue_admin]2024-09-24 00:02:12.725	[31merror[0m	/Users/lihao/project/mall-pro/admin-gin/websocket/ws_handle.go:38	close tcp [::1]:8887->[::1]:54398: use of closed network connection
[go_vue_admin]2024-09-24 00:02:12.725	[31merror[0m	/Users/lihao/project/mall-pro/admin-gin/websocket/ws_handle.go:38	close tcp [::1]:8887->[::1]:54052: use of closed network connection
[go_vue_admin]2024-09-24 00:02:12.725	[31merror[0m	/Users/lihao/project/mall-pro/admin-gin/websocket/ws_handle.go:70	read tcp [::1]:8887->[::1]:54501: use of closed network connection
[go_vue_admin]2024-09-24 00:02:12.725	[31merror[0m	/Users/lihao/project/mall-pro/admin-gin/core/server.go:44	accept tcp [::]:8887: use of closed network connection
[go_vue_admin]2024-09-24 00:02:22.862	[31merror[0m	/Users/lihao/project/mall-pro/admin-gin/websocket/ws_handle.go:70	websocket: close 1001 (going away)
[go_vue_admin]2024-09-24 00:02:24.277	[31merror[0m	/Users/lihao/project/mall-pro/admin-gin/websocket/ws_handle.go:70	websocket: close 1001 (going away)
[go_vue_admin]2024-09-24 00:02:25.257	[31merror[0m	/Users/lihao/project/mall-pro/admin-gin/websocket/ws_handle.go:70	websocket: close 1001 (going away)
[go_vue_admin]2024-09-24 00:02:26.050	[31merror[0m	/Users/lihao/project/mall-pro/admin-gin/websocket/ws_handle.go:70	websocket: close 1001 (going away)
[go_vue_admin]2024-09-24 00:02:26.680	[31merror[0m	/Users/lihao/project/mall-pro/admin-gin/websocket/ws_handle.go:70	websocket: close 1001 (going away)
[go_vue_admin]2024-09-24 00:02:27.447	[31merror[0m	/Users/lihao/project/mall-pro/admin-gin/websocket/ws_handle.go:70	websocket: close 1001 (going away)
[go_vue_admin]2024-09-24 00:02:48.308	[31merror[0m	/Users/lihao/project/mall-pro/admin-gin/api/v1/product/pro_goods.go:200	å·²æ”¶è—
[go_vue_admin]2024-09-24 00:02:48.945	[31merror[0m	/Users/lihao/project/mall-pro/admin-gin/api/v1/product/pro_goods.go:200	å·²æ”¶è—
[go_vue_admin]2024-09-24 00:02:52.853	[31merror[0m	/Users/lihao/project/mall-pro/admin-gin/api/v1/product/pro_goods.go:200	å·²æ”¶è—
[go_vue_admin]2024-09-24 00:02:53.966	[31merror[0m	/Users/lihao/project/mall-pro/admin-gin/api/v1/product/pro_goods.go:200	å·²æ”¶è—
[go_vue_admin]2024-09-24 00:02:57.400	[31merror[0m	/Users/lihao/project/mall-pro/admin-gin/api/v1/product/pro_goods.go:200	å·²æ”¶è—
[go_vue_admin]2024-09-24 00:03:01.362	[31merror[0m	/Users/lihao/project/mall-pro/admin-gin/api/v1/product/pro_goods.go:200	å·²æ”¶è—
[go_vue_admin]2024-09-24 00:03:08.107	[31merror[0m	/Users/lihao/project/mall-pro/admin-gin/api/v1/product/pro_goods.go:200	å·²æ”¶è—
[go_vue_admin]2024-09-24 00:03:09.483	[31merror[0m	/Users/lihao/project/mall-pro/admin-gin/api/v1/product/pro_goods.go:200	å·²æ”¶è—
[go_vue_admin]2024-09-24 00:03:14.141	[31merror[0m	/Users/lihao/project/mall-pro/admin-gin/websocket/ws_handle.go:70	websocket: close 1001 (going away)
[go_vue_admin]2024-09-24 00:04:17.225	[31merror[0m	/Users/lihao/project/mall-pro/admin-gin/api/v1/product/pro_goods.go:200	å·²æ”¶è—
[go_vue_admin]2024-09-24 00:04:18.847	[31merror[0m	/Users/lihao/project/mall-pro/admin-gin/api/v1/product/pro_goods.go:200	å·²æ”¶è—
[go_vue_admin]2024-09-24 00:05:14.535	[31merror[0m	/Users/lihao/project/mall-pro/admin-gin/api/v1/product/pro_goods.go:200	å·²æ”¶è—
[go_vue_admin]2024-09-24 00:05:16.118	[31merror[0m	/Users/lihao/project/mall-pro/admin-gin/api/v1/product/pro_goods.go:200	å·²æ”¶è—
[go_vue_admin]2024-09-24 00:07:58.345	[31merror[0m	/Users/lihao/project/mall-pro/admin-gin/websocket/ws_handle.go:38	close tcp [::1]:8887->[::1]:54827: use of closed network connection
[go_vue_admin]2024-09-24 00:07:58.345	[31merror[0m	/Users/lihao/project/mall-pro/admin-gin/websocket/ws_handle.go:38	close tcp [::1]:8887->[::1]:54900: use of closed network connection
[go_vue_admin]2024-09-24 00:07:58.345	[31merror[0m	/Users/lihao/project/mall-pro/admin-gin/websocket/ws_handle.go:38	close tcp [::1]:8887->[::1]:54777: use of closed network connection
[go_vue_admin]2024-09-24 00:07:58.345	[31merror[0m	/Users/lihao/project/mall-pro/admin-gin/websocket/ws_handle.go:38	close tcp [::1]:8887->[::1]:54868: use of closed network connection
[go_vue_admin]2024-09-24 00:07:58.344	[31merror[0m	/Users/lihao/project/mall-pro/admin-gin/websocket/ws_handle.go:38	close tcp [::1]:8887->[::1]:54884: use of closed network connection
[go_vue_admin]2024-09-24 00:07:58.345	[31merror[0m	/Users/lihao/project/mall-pro/admin-gin/websocket/ws_handle.go:38	close tcp [::1]:8887->[::1]:54848: use of closed network connection
[go_vue_admin]2024-09-24 00:07:58.344	[31merror[0m	/Users/lihao/project/mall-pro/admin-gin/websocket/ws_handle.go:38	close tcp [::1]:8887->[::1]:54807: use of closed network connection
[go_vue_admin]2024-09-24 00:07:58.345	[31merror[0m	/Users/lihao/project/mall-pro/admin-gin/websocket/ws_handle.go:70	read tcp [::1]:8887->[::1]:55127: use of closed network connection
[go_vue_admin]2024-09-24 00:07:58.345	[31merror[0m	/Users/lihao/project/mall-pro/admin-gin/core/server.go:44	accept tcp [::]:8887: use of closed network connection
[go_vue_admin]2024-09-24 08:39:56.059	[31merror[0m	/Users/lihao/project/mall-pro/admin-gin/api/v1/product/pro_goods.go:200	å·²æ”¶è—
[go_vue_admin]2024-09-24 08:40:21.707	[31merror[0m	/Users/lihao/project/mall-pro/admin-gin/websocket/ws_handle.go:70	read tcp [::1]:8887->[::1]:57100: use of closed network connection
[go_vue_admin]2024-09-24 08:40:21.707	[31merror[0m	/Users/lihao/project/mall-pro/admin-gin/core/server.go:44	accept tcp [::]:8887: use of closed network connection
[go_vue_admin]2024-09-24 08:40:31.232	[31merror[0m	/Users/lihao/project/mall-pro/admin-gin/api/v1/product/pro_goods.go:200	å·²æ”¶è—
[go_vue_admin]2024-09-24 08:40:39.112	[31merror[0m	/Users/lihao/project/mall-pro/admin-gin/api/v1/product/pro_goods.go:200	å·²æ”¶è—
[go_vue_admin]2024-09-24 08:40:40.456	[31merror[0m	/Users/lihao/project/mall-pro/admin-gin/api/v1/product/pro_goods.go:200	å·²æ”¶è—
[go_vue_admin]2024-09-24 08:40:41.669	[31merror[0m	/Users/lihao/project/mall-pro/admin-gin/api/v1/product/pro_goods.go:200	å·²æ”¶è—
[go_vue_admin]2024-09-24 08:40:43.336	[31merror[0m	/Users/lihao/project/mall-pro/admin-gin/api/v1/product/pro_goods.go:200	å·²æ”¶è—
[go_vue_admin]2024-09-24 08:41:48.679	[31merror[0m	/Users/lihao/project/mall-pro/admin-gin/api/v1/product/pro_goods.go:200	å·²æ”¶è—
[go_vue_admin]2024-09-24 08:41:49.648	[31merror[0m	/Users/lihao/project/mall-pro/admin-gin/api/v1/product/pro_goods.go:200	å·²æ”¶è—
[go_vue_admin]2024-09-24 08:42:07.495	[31merror[0m	/Users/lihao/project/mall-pro/admin-gin/websocket/ws_handle.go:70	websocket: close 1001 (going away)
[go_vue_admin]2024-09-24 08:43:01.482	[31merror[0m	/Users/lihao/project/mall-pro/admin-gin/api/v1/product/pro_goods.go:200	å·²æ”¶è—
[go_vue_admin]2024-09-24 08:43:22.675	[31merror[0m	/Users/lihao/project/mall-pro/admin-gin/websocket/ws_handle.go:38	close tcp [::1]:8887->[::1]:57156: use of closed network connection
[go_vue_admin]2024-09-24 08:43:22.675	[31merror[0m	/Users/lihao/project/mall-pro/admin-gin/websocket/ws_handle.go:70	read tcp [::1]:8887->[::1]:57305: use of closed network connection
[go_vue_admin]2024-09-24 08:43:22.675	[31merror[0m	/Users/lihao/project/mall-pro/admin-gin/core/server.go:44	accept tcp [::]:8887: use of closed network connection
[go_vue_admin]2024-09-24 08:43:30.028	[31merror[0m	/Users/lihao/project/mall-pro/admin-gin/api/v1/product/pro_goods.go:200	å·²å¤±æ•ˆ
[go_vue_admin]2024-09-24 08:43:31.170	[31merror[0m	/Users/lihao/project/mall-pro/admin-gin/api/v1/product/pro_goods.go:200	å·²å¤±æ•ˆ
[go_vue_admin]2024-09-24 08:54:38.752	[31merror[0m	/Users/lihao/project/mall-pro/admin-gin/core/server.go:44	accept tcp [::]:8887: use of closed network connection
[go_vue_admin]2024-09-24 09:01:07.221	[31merror[0m	/Users/lihao/project/mall-pro/admin-gin/websocket/ws_handle.go:70	websocket: close 1001 (going away)
[go_vue_admin]2024-09-24 09:01:19.635	[31merror[0m	/Users/lihao/project/mall-pro/admin-gin/websocket/ws_handle.go:70	websocket: close 1001 (going away)
[go_vue_admin]2024-09-24 09:01:24.819	[31merror[0m	/Users/lihao/project/mall-pro/admin-gin/api/v1/product/pro_goods.go:200	å·²æ”¶è—
[go_vue_admin]2024-09-24 09:02:22.732	[31merror[0m	/Users/lihao/project/mall-pro/admin-gin/api/v1/product/pro_goods.go:200	å·²å¤±æ•ˆ
[go_vue_admin]2024-09-24 09:02:24.220	[31merror[0m	/Users/lihao/project/mall-pro/admin-gin/api/v1/product/pro_goods.go:200	å·²æ”¶è—
[go_vue_admin]2024-09-24 09:02:25.220	[31merror[0m	/Users/lihao/project/mall-pro/admin-gin/api/v1/product/pro_goods.go:200	å·²æ”¶è—
[go_vue_admin]2024-09-24 09:04:14.270	[31merror[0m	/Users/lihao/project/mall-pro/admin-gin/websocket/ws_handle.go:70	websocket: close 1001 (going away)
[go_vue_admin]2024-09-24 09:04:39.957	[31merror[0m	/Users/lihao/project/mall-pro/admin-gin/websocket/ws_handle.go:70	websocket: close 1001 (going away)
[go_vue_admin]2024-09-24 09:04:42.201	[31merror[0m	/Users/lihao/project/mall-pro/admin-gin/api/v1/product/pro_goods.go:200	å·²å¤±æ•ˆ
[go_vue_admin]2024-09-24 09:05:21.503	[31merror[0m	/Users/lihao/project/mall-pro/admin-gin/api/v1/product/pro_goods.go:200	å·²å¤±æ•ˆ
[go_vue_admin]2024-09-24 09:06:07.326	[31merror[0m	/Users/lihao/project/mall-pro/admin-gin/websocket/ws_handle.go:70	websocket: close 1001 (going away)
[go_vue_admin]2024-09-24 09:06:09.432	[31merror[0m	/Users/lihao/project/mall-pro/admin-gin/api/v1/product/pro_goods.go:200	å·²å¤±æ•ˆ
[go_vue_admin]2024-09-24 09:06:11.085	[31merror[0m	/Users/lihao/project/mall-pro/admin-gin/api/v1/product/pro_goods.go:200	å·²å¤±æ•ˆ
[go_vue_admin]2024-09-24 09:06:14.836	[31merror[0m	/Users/lihao/project/mall-pro/admin-gin/api/v1/product/pro_goods.go:200	å·²å¤±æ•ˆ
[go_vue_admin]2024-09-24 09:06:16.906	[31merror[0m	/Users/lihao/project/mall-pro/admin-gin/api/v1/product/pro_goods.go:200	å·²å¤±æ•ˆ
[go_vue_admin]2024-09-24 09:06:20.042	[31merror[0m	/Users/lihao/project/mall-pro/admin-gin/api/v1/product/pro_goods.go:200	å·²å¤±æ•ˆ
[go_vue_admin]2024-09-24 09:06:21.652	[31merror[0m	/Users/lihao/project/mall-pro/admin-gin/api/v1/product/pro_goods.go:200	å·²å¤±æ•ˆ
[go_vue_admin]2024-09-24 09:06:23.416	[31merror[0m	/Users/lihao/project/mall-pro/admin-gin/api/v1/product/pro_goods.go:200	å·²å¤±æ•ˆ
[go_vue_admin]2024-09-24 09:10:52.131	[31merror[0m	/Users/lihao/project/mall-pro/admin-gin/websocket/ws_handle.go:70	websocket: close 1001 (going away)
[go_vue_admin]2024-09-24 09:13:59.809	[31merror[0m	/Users/lihao/project/mall-pro/admin-gin/websocket/ws_handle.go:70	websocket: close 1001 (going away)
[go_vue_admin]2024-09-24 09:15:04.510	[31merror[0m	/Users/lihao/project/mall-pro/admin-gin/websocket/ws_handle.go:70	websocket: close 1001 (going away)
[go_vue_admin]2024-09-24 09:15:20.271	[31merror[0m	/Users/lihao/project/mall-pro/admin-gin/websocket/ws_handle.go:70	websocket: close 1001 (going away)
[go_vue_admin]2024-09-24 09:15:26.946	[31merror[0m	/Users/lihao/project/mall-pro/admin-gin/api/v1/product/pro_goods.go:200	å·²æ”¶è—
[go_vue_admin]2024-09-24 09:15:53.289	[31merror[0m	/Users/lihao/project/mall-pro/admin-gin/api/v1/product/pro_goods.go:200	å·²æ”¶è—
[go_vue_admin]2024-09-24 09:16:09.838	[31merror[0m	/Users/lihao/project/mall-pro/admin-gin/api/v1/product/pro_goods.go:200	å·²æ”¶è—
[go_vue_admin]2024-09-24 09:17:16.570	[31merror[0m	/Users/lihao/project/mall-pro/admin-gin/api/v1/product/pro_goods.go:200	å·²æ”¶è—
[go_vue_admin]2024-09-24 09:17:20.670	[31merror[0m	/Users/lihao/project/mall-pro/admin-gin/websocket/ws_handle.go:70	websocket: close 1001 (going away)
[go_vue_admin]2024-09-24 09:17:34.350	[31merror[0m	/Users/lihao/project/mall-pro/admin-gin/websocket/ws_handle.go:70	websocket: close 1001 (going away)
[go_vue_admin]2024-09-24 09:17:36.721	[31merror[0m	/Users/lihao/project/mall-pro/admin-gin/api/v1/product/pro_goods.go:200	å·²æ”¶è—
[go_vue_admin]2024-09-24 09:18:22.147	[31merror[0m	/Users/lihao/project/mall-pro/admin-gin/api/v1/product/pro_goods.go:200	å·²æ”¶è—
[go_vue_admin]2024-09-24 09:18:42.456	[31merror[0m	/Users/lihao/project/mall-pro/admin-gin/websocket/ws_handle.go:70	websocket: close 1001 (going away)
[go_vue_admin]2024-09-24 09:18:44.565	[31merror[0m	/Users/lihao/project/mall-pro/admin-gin/api/v1/product/pro_goods.go:200	å·²æ”¶è—
[go_vue_admin]2024-09-24 09:18:53.507	[31merror[0m	/Users/lihao/project/mall-pro/admin-gin/api/v1/product/pro_goods.go:200	å·²æ”¶è—
[go_vue_admin]2024-09-24 09:18:54.882	[31merror[0m	/Users/lihao/project/mall-pro/admin-gin/api/v1/product/pro_goods.go:200	å·²æ”¶è—
[go_vue_admin]2024-09-24 09:19:05.884	[31merror[0m	/Users/lihao/project/mall-pro/admin-gin/api/v1/product/pro_goods.go:200	å·²æ”¶è—
[go_vue_admin]2024-09-24 09:19:06.990	[31merror[0m	/Users/lihao/project/mall-pro/admin-gin/api/v1/product/pro_goods.go:200	å·²æ”¶è—
[go_vue_admin]2024-09-24 09:19:07.948	[31merror[0m	/Users/lihao/project/mall-pro/admin-gin/api/v1/product/pro_goods.go:200	å·²æ”¶è—
[go_vue_admin]2024-09-24 09:19:09.049	[31merror[0m	/Users/lihao/project/mall-pro/admin-gin/api/v1/product/pro_goods.go:200	å·²æ”¶è—
[go_vue_admin]2024-09-24 09:19:20.793	[31merror[0m	/Users/lihao/project/mall-pro/admin-gin/websocket/ws_handle.go:70	websocket: close 1001 (going away)
[go_vue_admin]2024-09-24 09:19:23.403	[31merror[0m	/Users/lihao/project/mall-pro/admin-gin/api/v1/product/pro_goods.go:200	å·²æ”¶è—
[go_vue_admin]2024-09-24 09:19:23.930	[31merror[0m	/Users/lihao/project/mall-pro/admin-gin/api/v1/product/pro_goods.go:200	å·²æ”¶è—
[go_vue_admin]2024-09-24 09:19:30.005	[31merror[0m	/Users/lihao/project/mall-pro/admin-gin/api/v1/product/pro_goods.go:200	å·²æ”¶è—
[go_vue_admin]2024-09-24 09:19:31.095	[31merror[0m	/Users/lihao/project/mall-pro/admin-gin/api/v1/product/pro_goods.go:200	å·²æ”¶è—
[go_vue_admin]2024-09-24 09:19:33.888	[31merror[0m	/Users/lihao/project/mall-pro/admin-gin/api/v1/product/pro_goods.go:200	å·²æ”¶è—
[go_vue_admin]2024-09-24 09:19:35.203	[31merror[0m	/Users/lihao/project/mall-pro/admin-gin/api/v1/product/pro_goods.go:200	å·²æ”¶è—
[go_vue_admin]2024-09-24 09:19:53.504	[31merror[0m	/Users/lihao/project/mall-pro/admin-gin/websocket/ws_handle.go:70	websocket: close 1001 (going away)
[go_vue_admin]2024-09-24 09:19:55.972	[31merror[0m	/Users/lihao/project/mall-pro/admin-gin/api/v1/product/pro_goods.go:200	å·²æ”¶è—
[go_vue_admin]2024-09-24 09:19:57.225	[31merror[0m	/Users/lihao/project/mall-pro/admin-gin/api/v1/product/pro_goods.go:200	å·²æ”¶è—
[go_vue_admin]2024-09-24 09:19:58.922	[31merror[0m	/Users/lihao/project/mall-pro/admin-gin/api/v1/product/pro_goods.go:200	å·²æ”¶è—
[go_vue_admin]2024-09-24 09:20:00.147	[31merror[0m	/Users/lihao/project/mall-pro/admin-gin/api/v1/product/pro_goods.go:200	å·²æ”¶è—
[go_vue_admin]2024-09-24 09:20:02.465	[31merror[0m	/Users/lihao/project/mall-pro/admin-gin/api/v1/product/pro_goods.go:200	å·²æ”¶è—
[go_vue_admin]2024-09-24 09:20:03.497	[31merror[0m	/Users/lihao/project/mall-pro/admin-gin/api/v1/product/pro_goods.go:200	å·²æ”¶è—
[go_vue_admin]2024-09-24 09:20:12.093	[31merror[0m	/Users/lihao/project/mall-pro/admin-gin/websocket/ws_handle.go:70	websocket: close 1001 (going away)
[go_vue_admin]2024-09-24 09:20:27.766	[31merror[0m	/Users/lihao/project/mall-pro/admin-gin/websocket/ws_handle.go:70	websocket: close 1001 (going away)
[go_vue_admin]2024-09-24 09:20:30.801	[31merror[0m	/Users/lihao/project/mall-pro/admin-gin/api/v1/product/pro_goods.go:200	å·²æ”¶è—
[go_vue_admin]2024-09-24 09:20:32.410	[31merror[0m	/Users/lihao/project/mall-pro/admin-gin/api/v1/product/pro_goods.go:200	å·²æ”¶è—
[go_vue_admin]2024-09-24 09:21:07.576	[31merror[0m	/Users/lihao/project/mall-pro/admin-gin/websocket/ws_handle.go:70	websocket: close 1001 (going away)
[go_vue_admin]2024-09-24 09:21:22.565	[31merror[0m	/Users/lihao/project/mall-pro/admin-gin/websocket/ws_handle.go:70	websocket: close 1001 (going away)
[go_vue_admin]2024-09-24 09:21:24.972	[31merror[0m	/Users/lihao/project/mall-pro/admin-gin/api/v1/product/pro_goods.go:200	å·²æ”¶è—
[go_vue_admin]2024-09-24 09:21:26.081	[31merror[0m	/Users/lihao/project/mall-pro/admin-gin/api/v1/product/pro_goods.go:200	å·²æ”¶è—
[go_vue_admin]2024-09-24 09:21:27.008	[31merror[0m	/Users/lihao/project/mall-pro/admin-gin/api/v1/product/pro_goods.go:200	å·²æ”¶è—
[go_vue_admin]2024-09-24 09:21:28.236	[31merror[0m	/Users/lihao/project/mall-pro/admin-gin/api/v1/product/pro_goods.go:200	å·²æ”¶è—
[go_vue_admin]2024-09-24 09:21:28.563	[31merror[0m	/Users/lihao/project/mall-pro/admin-gin/api/v1/product/pro_goods.go:200	å·²æ”¶è—
[go_vue_admin]2024-09-24 09:21:28.775	[31merror[0m	/Users/lihao/project/mall-pro/admin-gin/api/v1/product/pro_goods.go:200	å·²æ”¶è—
[go_vue_admin]2024-09-24 09:21:28.981	[31merror[0m	/Users/lihao/project/mall-pro/admin-gin/api/v1/product/pro_goods.go:200	å·²æ”¶è—
[go_vue_admin]2024-09-24 09:22:00.439	[31merror[0m	/Users/lihao/project/mall-pro/admin-gin/websocket/ws_handle.go:70	websocket: close 1001 (going away)
[go_vue_admin]2024-09-24 09:22:23.060	[31merror[0m	/Users/lihao/project/mall-pro/admin-gin/websocket/ws_handle.go:70	websocket: close 1001 (going away)
[go_vue_admin]2024-09-24 09:22:24.406	[31merror[0m	/Users/lihao/project/mall-pro/admin-gin/websocket/ws_handle.go:70	websocket: close 1001 (going away)
[go_vue_admin]2024-09-24 09:22:49.112	[31merror[0m	/Users/lihao/project/mall-pro/admin-gin/websocket/ws_handle.go:70	websocket: close 1001 (going away)
[go_vue_admin]2024-09-24 09:23:41.312	[31merror[0m	/Users/lihao/project/mall-pro/admin-gin/websocket/ws_handle.go:70	websocket: close 1001 (going away)
[go_vue_admin]2024-09-24 09:23:46.232	[31merror[0m	/Users/lihao/project/mall-pro/admin-gin/websocket/ws_handle.go:70	websocket: close 1001 (going away)
[go_vue_admin]2024-09-24 09:23:57.584	[31merror[0m	/Users/lihao/project/mall-pro/admin-gin/websocket/ws_handle.go:70	websocket: close 1001 (going away)
[go_vue_admin]2024-09-24 09:24:23.114	[31merror[0m	/Users/lihao/project/mall-pro/admin-gin/websocket/ws_handle.go:70	websocket: close 1001 (going away)
[go_vue_admin]2024-09-24 09:24:25.500	[31merror[0m	/Users/lihao/project/mall-pro/admin-gin/websocket/ws_handle.go:70	websocket: close 1001 (going away)
[go_vue_admin]2024-09-24 09:24:44.789	[31merror[0m	/Users/lihao/project/mall-pro/admin-gin/websocket/ws_handle.go:70	websocket: close 1001 (going away)
[go_vue_admin]2024-09-24 09:24:45.972	[31merror[0m	/Users/lihao/project/mall-pro/admin-gin/websocket/ws_handle.go:70	websocket: close 1001 (going away)
[go_vue_admin]2024-09-24 09:24:46.964	[31merror[0m	/Users/lihao/project/mall-pro/admin-gin/websocket/ws_handle.go:70	websocket: close 1001 (going away)
[go_vue_admin]2024-09-24 09:24:47.900	[31merror[0m	/Users/lihao/project/mall-pro/admin-gin/websocket/ws_handle.go:70	websocket: close 1001 (going away)
[go_vue_admin]2024-09-24 09:24:48.851	[31merror[0m	/Users/lihao/project/mall-pro/admin-gin/websocket/ws_handle.go:70	websocket: close 1001 (going away)
[go_vue_admin]2024-09-24 09:25:15.170	[31merror[0m	/Users/lihao/project/mall-pro/admin-gin/api/v1/product/pro_goods.go:200	å·²æ”¶è—
[go_vue_admin]2024-09-24 09:25:30.778	[31merror[0m	/Users/lihao/project/mall-pro/admin-gin/websocket/ws_handle.go:70	websocket: close 1001 (going away)
[go_vue_admin]2024-09-24 09:25:51.719	[31merror[0m	/Users/lihao/project/mall-pro/admin-gin/websocket/ws_handle.go:70	websocket: close 1001 (going away)
[go_vue_admin]2024-09-24 09:25:55.160	[31merror[0m	/Users/lihao/project/mall-pro/admin-gin/websocket/ws_handle.go:70	websocket: close 1001 (going away)
[go_vue_admin]2024-09-24 09:25:58.295	[31merror[0m	/Users/lihao/project/mall-pro/admin-gin/websocket/ws_handle.go:70	websocket: close 1001 (going away)
[go_vue_admin]2024-09-24 09:26:00.531	[31merror[0m	/Users/lihao/project/mall-pro/admin-gin/websocket/ws_handle.go:70	websocket: close 1001 (going away)
[go_vue_admin]2024-09-24 09:26:08.137	[31merror[0m	/Users/lihao/project/mall-pro/admin-gin/websocket/ws_handle.go:70	websocket: close 1001 (going away)
[go_vue_admin]2024-09-24 09:26:11.439	[31merror[0m	/Users/lihao/project/mall-pro/admin-gin/websocket/ws_handle.go:70	websocket: close 1001 (going away)
[go_vue_admin]2024-09-24 09:26:14.007	[31merror[0m	/Users/lihao/project/mall-pro/admin-gin/websocket/ws_handle.go:70	websocket: close 1001 (going away)
[go_vue_admin]2024-09-24 09:26:24.159	[31merror[0m	/Users/lihao/project/mall-pro/admin-gin/websocket/ws_handle.go:70	websocket: close 1001 (going away)
[go_vue_admin]2024-09-24 09:26:28.327	[31merror[0m	/Users/lihao/project/mall-pro/admin-gin/api/v1/product/pro_goods.go:200	å·²æ”¶è—
[go_vue_admin]2024-09-24 09:26:49.570	[31merror[0m	/Users/lihao/project/mall-pro/admin-gin/api/v1/product/pro_goods.go:200	å·²æ”¶è—
[go_vue_admin]2024-09-24 09:26:51.833	[31merror[0m	/Users/lihao/project/mall-pro/admin-gin/api/v1/product/pro_goods.go:200	å·²æ”¶è—
[go_vue_admin]2024-09-24 09:26:53.831	[31merror[0m	/Users/lihao/project/mall-pro/admin-gin/api/v1/product/pro_goods.go:200	å·²æ”¶è—
[go_vue_admin]2024-09-24 09:26:55.154	[31merror[0m	/Users/lihao/project/mall-pro/admin-gin/api/v1/product/pro_goods.go:200	å·²æ”¶è—
[go_vue_admin]2024-09-24 09:27:16.152	[31merror[0m	/Users/lihao/project/mall-pro/admin-gin/api/v1/product/pro_goods.go:200	å·²æ”¶è—
[go_vue_admin]2024-09-24 09:27:17.089	[31merror[0m	/Users/lihao/project/mall-pro/admin-gin/api/v1/product/pro_goods.go:200	å·²æ”¶è—
[go_vue_admin]2024-09-24 09:27:17.890	[31merror[0m	/Users/lihao/project/mall-pro/admin-gin/api/v1/product/pro_goods.go:200	å·²æ”¶è—
[go_vue_admin]2024-09-24 09:27:24.668	[31merror[0m	/Users/lihao/project/mall-pro/admin-gin/api/v1/product/pro_goods.go:200	å·²æ”¶è—
[go_vue_admin]2024-09-24 09:27:26.271	[31merror[0m	/Users/lihao/project/mall-pro/admin-gin/api/v1/product/pro_goods.go:200	å·²æ”¶è—
[go_vue_admin]2024-09-24 09:27:27.716	[31merror[0m	/Users/lihao/project/mall-pro/admin-gin/api/v1/product/pro_goods.go:200	å·²æ”¶è—
[go_vue_admin]2024-09-24 09:27:28.529	[31merror[0m	/Users/lihao/project/mall-pro/admin-gin/api/v1/product/pro_goods.go:200	å·²å¤±æ•ˆ
[go_vue_admin]2024-09-24 09:27:29.349	[31merror[0m	/Users/lihao/project/mall-pro/admin-gin/api/v1/product/pro_goods.go:200	å·²å¤±æ•ˆ
[go_vue_admin]2024-09-24 09:27:31.025	[31merror[0m	/Users/lihao/project/mall-pro/admin-gin/api/v1/product/pro_goods.go:200	å·²å¤±æ•ˆ
[go_vue_admin]2024-09-24 09:27:31.861	[31merror[0m	/Users/lihao/project/mall-pro/admin-gin/api/v1/product/pro_goods.go:200	å·²å¤±æ•ˆ
[go_vue_admin]2024-09-24 09:27:33.225	[31merror[0m	/Users/lihao/project/mall-pro/admin-gin/api/v1/product/pro_goods.go:200	å·²å¤±æ•ˆ
[go_vue_admin]2024-09-24 09:27:35.036	[31merror[0m	/Users/lihao/project/mall-pro/admin-gin/api/v1/product/pro_goods.go:200	å·²å¤±æ•ˆ
[go_vue_admin]2024-09-24 09:27:36.869	[31merror[0m	/Users/lihao/project/mall-pro/admin-gin/api/v1/product/pro_goods.go:200	å·²å¤±æ•ˆ
[go_vue_admin]2024-09-24 09:27:40.833	[31merror[0m	/Users/lihao/project/mall-pro/admin-gin/api/v1/product/pro_goods.go:200	å·²å¤±æ•ˆ
[go_vue_admin]2024-09-24 09:27:52.629	[31merror[0m	/Users/lihao/project/mall-pro/admin-gin/api/v1/product/pro_goods.go:200	å·²å¤±æ•ˆ
[go_vue_admin]2024-09-24 09:27:56.329	[31merror[0m	/Users/lihao/project/mall-pro/admin-gin/api/v1/product/pro_goods.go:200	å·²å¤±æ•ˆ
[go_vue_admin]2024-09-24 09:27:58.165	[31merror[0m	/Users/lihao/project/mall-pro/admin-gin/api/v1/product/pro_goods.go:200	å·²å¤±æ•ˆ
[go_vue_admin]2024-09-24 09:27:59.144	[31merror[0m	/Users/lihao/project/mall-pro/admin-gin/api/v1/product/pro_goods.go:200	å·²å¤±æ•ˆ
[go_vue_admin]2024-09-24 09:27:59.641	[31merror[0m	/Users/lihao/project/mall-pro/admin-gin/api/v1/product/pro_goods.go:200	å·²å¤±æ•ˆ
[go_vue_admin]2024-09-24 09:28:00.562	[31merror[0m	/Users/lihao/project/mall-pro/admin-gin/api/v1/product/pro_goods.go:200	å·²å¤±æ•ˆ
[go_vue_admin]2024-09-24 09:29:34.433	[31merror[0m	/Users/lihao/project/mall-pro/admin-gin/websocket/ws_handle.go:70	websocket: close 1001 (going away)
[go_vue_admin]2024-09-24 09:29:38.158	[31merror[0m	/Users/lihao/project/mall-pro/admin-gin/api/v1/product/pro_goods.go:200	å·²æ”¶è—
[go_vue_admin]2024-09-24 09:30:06.929	[31merror[0m	/Users/lihao/project/mall-pro/admin-gin/websocket/ws_handle.go:70	websocket: close 1001 (going away)
[go_vue_admin]2024-09-24 09:30:10.333	[31merror[0m	/Users/lihao/project/mall-pro/admin-gin/api/v1/product/pro_goods.go:200	å·²æ”¶è—
[go_vue_admin]2024-09-24 09:30:44.473	[31merror[0m	/Users/lihao/project/mall-pro/admin-gin/api/v1/product/pro_goods.go:200	å·²æ”¶è—
[go_vue_admin]2024-09-24 09:30:45.172	[31merror[0m	/Users/lihao/project/mall-pro/admin-gin/api/v1/product/pro_goods.go:200	å·²æ”¶è—
[go_vue_admin]2024-09-24 09:30:47.923	[31merror[0m	/Users/lihao/project/mall-pro/admin-gin/api/v1/product/pro_goods.go:200	å·²æ”¶è—
[go_vue_admin]2024-09-24 09:30:49.864	[31merror[0m	/Users/lihao/project/mall-pro/admin-gin/api/v1/product/pro_goods.go:200	å·²æ”¶è—
[go_vue_admin]2024-09-24 09:31:51.755	[31merror[0m	/Users/lihao/project/mall-pro/admin-gin/websocket/ws_handle.go:70	websocket: close 1001 (going away)
[go_vue_admin]2024-09-24 09:32:06.888	[31merror[0m	/Users/lihao/project/mall-pro/admin-gin/api/v1/product/pro_goods.go:200	å·²æ”¶è—
[go_vue_admin]2024-09-24 09:32:08.189	[31merror[0m	/Users/lihao/project/mall-pro/admin-gin/api/v1/product/pro_goods.go:200	å·²æ”¶è—
[go_vue_admin]2024-09-24 09:32:17.833	[31merror[0m	/Users/lihao/project/mall-pro/admin-gin/api/v1/product/pro_goods.go:200	å·²æ”¶è—
[go_vue_admin]2024-09-24 09:32:19.226	[31merror[0m	/Users/lihao/project/mall-pro/admin-gin/websocket/ws_handle.go:70	websocket: close 1001 (going away)
[go_vue_admin]2024-09-24 11:27:05.242	[31merror[0m	/Users/lihao/project/mall-pro/admin-gin/websocket/ws_handle.go:70	websocket: close 1006 (abnormal closure): unexpected EOF
[go_vue_admin]2024-09-24 11:35:28.206	[31merror[0m	/Users/lihao/project/mall-pro/admin-gin/websocket/ws_handle.go:70	websocket: close 1006 (abnormal closure): unexpected EOF
[go_vue_admin]2024-09-24 11:35:28.207	[31merror[0m	/Users/lihao/project/mall-pro/admin-gin/websocket/ws_handle.go:70	websocket: close 1006 (abnormal closure): unexpected EOF
[go_vue_admin]2024-09-24 11:36:41.322	[31merror[0m	/Users/lihao/project/mall-pro/admin-gin/service/product/pro_goods.go:648	invalid connection
[go_vue_admin]2024-09-24 11:37:10.654	[31merror[0m	/Users/lihao/project/mall-pro/admin-gin/api/v1/system/sys_menu.go:29	èŽ·å–å¤±è´¥!	{"error": "invalid connection"}
[go_vue_admin]2024-09-24 13:45:22.058	[31merror[0m	/Users/lihao/project/mall-pro/admin-gin/websocket/ws_handle.go:70	websocket: close 1001 (going away)
[go_vue_admin]2024-09-24 13:45:35.754	[31merror[0m	/Users/lihao/project/mall-pro/admin-gin/websocket/ws_handle.go:70	websocket: close 1001 (going away)
[go_vue_admin]2024-09-24 13:48:17.942	[31merror[0m	/Users/lihao/project/mall-pro/admin-gin/websocket/ws_handle.go:70	websocket: close 1001 (going away)
[go_vue_admin]2024-09-24 14:03:53.387	[31merror[0m	/Users/lihao/project/mall-pro/admin-gin/websocket/ws_handle.go:70	websocket: close 1001 (going away)
[go_vue_admin]2024-09-24 14:05:11.630	[31merror[0m	/Users/lihao/project/mall-pro/admin-gin/websocket/ws_handle.go:70	websocket: close 1001 (going away)
[go_vue_admin]2024-09-24 14:05:44.867	[31merror[0m	/Users/lihao/project/mall-pro/admin-gin/websocket/ws_handle.go:38	close tcp [::1]:8887->[::1]:53486: use of closed network connection
[go_vue_admin]2024-09-24 14:05:44.868	[31merror[0m	/Users/lihao/project/mall-pro/admin-gin/websocket/ws_handle.go:38	close tcp [::1]:8887->[::1]:52147: use of closed network connection
[go_vue_admin]2024-09-24 14:05:44.868	[31merror[0m	/Users/lihao/project/mall-pro/admin-gin/websocket/ws_handle.go:38	close tcp [::1]:8887->[::1]:51885: use of closed network connection
[go_vue_admin]2024-09-24 14:05:44.868	[31merror[0m	/Users/lihao/project/mall-pro/admin-gin/websocket/ws_handle.go:38	close tcp [::1]:8887->[::1]:49600: use of closed network connection
[go_vue_admin]2024-09-24 14:05:44.868	[31merror[0m	/Users/lihao/project/mall-pro/admin-gin/websocket/ws_handle.go:38	close tcp [::1]:8887->[::1]:63328: use of closed network connection
[go_vue_admin]2024-09-24 14:05:44.868	[31merror[0m	/Users/lihao/project/mall-pro/admin-gin/websocket/ws_handle.go:38	close tcp [::1]:8887->[::1]:52096: use of closed network connection
[go_vue_admin]2024-09-24 14:05:44.868	[31merror[0m	/Users/lihao/project/mall-pro/admin-gin/websocket/ws_handle.go:38	close tcp [::1]:8887->[::1]:52877: use of closed network connection
[go_vue_admin]2024-09-24 14:05:44.868	[31merror[0m	/Users/lihao/project/mall-pro/admin-gin/websocket/ws_handle.go:38	close tcp [::1]:8887->[::1]:52221: use of closed network connection
[go_vue_admin]2024-09-24 14:05:44.868	[31merror[0m	/Users/lihao/project/mall-pro/admin-gin/websocket/ws_handle.go:38	close tcp [::1]:8887->[::1]:49974: use of closed network connection
[go_vue_admin]2024-09-24 14:05:44.868	[31merror[0m	/Users/lihao/project/mall-pro/admin-gin/websocket/ws_handle.go:38	close tcp [::1]:8887->[::1]:51228: use of closed network connection
[go_vue_admin]2024-09-24 14:05:44.868	[31merror[0m	/Users/lihao/project/mall-pro/admin-gin/websocket/ws_handle.go:38	close tcp [::1]:8887->[::1]:50660: use of closed network connection
[go_vue_admin]2024-09-24 14:05:44.868	[31merror[0m	/Users/lihao/project/mall-pro/admin-gin/websocket/ws_handle.go:38	close tcp [::1]:8887->[::1]:51508: use of closed network connection
[go_vue_admin]2024-09-24 14:05:44.868	[31merror[0m	/Users/lihao/project/mall-pro/admin-gin/websocket/ws_handle.go:38	close tcp [::1]:8887->[::1]:65145: use of closed network connection
[go_vue_admin]2024-09-24 14:05:44.868	[31merror[0m	/Users/lihao/project/mall-pro/admin-gin/websocket/ws_handle.go:38	close tcp [::1]:8887->[::1]:53063: use of closed network connection
[go_vue_admin]2024-09-24 14:05:44.868	[31merror[0m	/Users/lihao/project/mall-pro/admin-gin/websocket/ws_handle.go:38	close tcp [::1]:8887->[::1]:51603: use of closed network connection
[go_vue_admin]2024-09-24 14:05:44.868	[31merror[0m	/Users/lihao/project/mall-pro/admin-gin/websocket/ws_handle.go:38	close tcp [::1]:8887->[::1]:53095: use of closed network connection
[go_vue_admin]2024-09-24 14:05:44.868	[31merror[0m	/Users/lihao/project/mall-pro/admin-gin/websocket/ws_handle.go:38	close tcp [::1]:8887->[::1]:63870: use of closed network connection
[go_vue_admin]2024-09-24 14:05:44.868	[31merror[0m	/Users/lihao/project/mall-pro/admin-gin/websocket/ws_handle.go:38	close tcp [::1]:8887->[::1]:53419: use of closed network connection
[go_vue_admin]2024-09-24 14:05:44.868	[31merror[0m	/Users/lihao/project/mall-pro/admin-gin/websocket/ws_handle.go:38	close tcp [::1]:8887->[::1]:52159: use of closed network connection
[go_vue_admin]2024-09-24 14:05:44.868	[31merror[0m	/Users/lihao/project/mall-pro/admin-gin/websocket/ws_handle.go:38	close tcp [::1]:8887->[::1]:53685: use of closed network connection
[go_vue_admin]2024-09-24 14:05:44.868	[31merror[0m	/Users/lihao/project/mall-pro/admin-gin/websocket/ws_handle.go:38	close tcp [::1]:8887->[::1]:62501: use of closed network connection
[go_vue_admin]2024-09-24 14:05:44.868	[31merror[0m	/Users/lihao/project/mall-pro/admin-gin/websocket/ws_handle.go:38	close tcp [::1]:8887->[::1]:55356: use of closed network connection
[go_vue_admin]2024-09-24 14:05:44.868	[31merror[0m	/Users/lihao/project/mall-pro/admin-gin/websocket/ws_handle.go:38	close tcp [::1]:8887->[::1]:55209: use of closed network connection
[go_vue_admin]2024-09-24 14:05:44.868	[31merror[0m	/Users/lihao/project/mall-pro/admin-gin/websocket/ws_handle.go:38	close tcp [::1]:8887->[::1]:53079: use of closed network connection
[go_vue_admin]2024-09-24 14:05:44.868	[31merror[0m	/Users/lihao/project/mall-pro/admin-gin/websocket/ws_handle.go:38	close tcp [::1]:8887->[::1]:53308: use of closed network connection
[go_vue_admin]2024-09-24 14:05:44.868	[31merror[0m	/Users/lihao/project/mall-pro/admin-gin/websocket/ws_handle.go:38	close tcp [::1]:8887->[::1]:53021: use of closed network connection
[go_vue_admin]2024-09-24 14:05:44.868	[31merror[0m	/Users/lihao/project/mall-pro/admin-gin/websocket/ws_handle.go:38	close tcp [::1]:8887->[::1]:57911: use of closed network connection
[go_vue_admin]2024-09-24 14:05:44.868	[31merror[0m	/Users/lihao/project/mall-pro/admin-gin/websocket/ws_handle.go:38	close tcp [::1]:8887->[::1]:53566: use of closed network connection
[go_vue_admin]2024-09-24 14:05:44.868	[31merror[0m	/Users/lihao/project/mall-pro/admin-gin/websocket/ws_handle.go:38	close tcp [::1]:8887->[::1]:51829: use of closed network connection
[go_vue_admin]2024-09-24 14:05:44.868	[31merror[0m	/Users/lihao/project/mall-pro/admin-gin/websocket/ws_handle.go:38	close tcp [::1]:8887->[::1]:54742: use of closed network connection
[go_vue_admin]2024-09-24 14:05:44.868	[31merror[0m	/Users/lihao/project/mall-pro/admin-gin/websocket/ws_handle.go:38	close tcp [::1]:8887->[::1]:63467: use of closed network connection
[go_vue_admin]2024-09-24 14:05:44.868	[31merror[0m	/Users/lihao/project/mall-pro/admin-gin/websocket/ws_handle.go:38	close tcp [::1]:8887->[::1]:51023: use of closed network connection
[go_vue_admin]2024-09-24 14:05:44.868	[31merror[0m	/Users/lihao/project/mall-pro/admin-gin/websocket/ws_handle.go:38	close tcp [::1]:8887->[::1]:51401: use of closed network connection
[go_vue_admin]2024-09-24 14:05:44.868	[31merror[0m	/Users/lihao/project/mall-pro/admin-gin/websocket/ws_handle.go:38	close tcp [::1]:8887->[::1]:52642: use of closed network connection
[go_vue_admin]2024-09-24 14:05:44.868	[31merror[0m	/Users/lihao/project/mall-pro/admin-gin/websocket/ws_handle.go:38	close tcp [::1]:8887->[::1]:52752: use of closed network connection
[go_vue_admin]2024-09-24 14:05:44.868	[31merror[0m	/Users/lihao/project/mall-pro/admin-gin/websocket/ws_handle.go:38	close tcp [::1]:8887->[::1]:62394: use of closed network connection
[go_vue_admin]2024-09-24 14:05:44.868	[31merror[0m	/Users/lihao/project/mall-pro/admin-gin/websocket/ws_handle.go:38	close tcp [::1]:8887->[::1]:53452: use of closed network connection
[go_vue_admin]2024-09-24 14:05:44.868	[31merror[0m	/Users/lihao/project/mall-pro/admin-gin/websocket/ws_handle.go:38	close tcp [::1]:8887->[::1]:50579: use of closed network connection
[go_vue_admin]2024-09-24 14:05:44.868	[31merror[0m	/Users/lihao/project/mall-pro/admin-gin/websocket/ws_handle.go:38	close tcp [::1]:8887->[::1]:53238: use of closed network connection
[go_vue_admin]2024-09-24 14:05:44.868	[31merror[0m	/Users/lihao/project/mall-pro/admin-gin/websocket/ws_handle.go:38	close tcp [::1]:8887->[::1]:52683: use of closed network connection
[go_vue_admin]2024-09-24 14:05:44.868	[31merror[0m	/Users/lihao/project/mall-pro/admin-gin/websocket/ws_handle.go:38	close tcp [::1]:8887->[::1]:52922: use of closed network connection
[go_vue_admin]2024-09-24 14:05:44.868	[31merror[0m	/Users/lihao/project/mall-pro/admin-gin/websocket/ws_handle.go:38	close tcp [::1]:8887->[::1]:53619: use of closed network connection
[go_vue_admin]2024-09-24 14:05:44.868	[31merror[0m	/Users/lihao/project/mall-pro/admin-gin/websocket/ws_handle.go:38	close tcp [::1]:8887->[::1]:53047: use of closed network connection
[go_vue_admin]2024-09-24 14:05:44.868	[31merror[0m	/Users/lihao/project/mall-pro/admin-gin/websocket/ws_handle.go:38	close tcp [::1]:8887->[::1]:51821: use of closed network connection
[go_vue_admin]2024-09-24 14:05:44.868	[31merror[0m	/Users/lihao/project/mall-pro/admin-gin/websocket/ws_handle.go:38	close tcp [::1]:8887->[::1]:49893: use of closed network connection
[go_vue_admin]2024-09-24 14:05:44.868	[31merror[0m	/Users/lihao/project/mall-pro/admin-gin/websocket/ws_handle.go:38	close tcp [::1]:8887->[::1]:53511: use of closed network connection
[go_vue_admin]2024-09-24 14:05:44.868	[31merror[0m	/Users/lihao/project/mall-pro/admin-gin/websocket/ws_handle.go:70	read tcp [::1]:8887->[::1]:58273: use of closed network connection
[go_vue_admin]2024-09-24 14:05:44.868	[31merror[0m	/Users/lihao/project/mall-pro/admin-gin/websocket/ws_handle.go:38	close tcp [::1]:8887->[::1]:54588: use of closed network connection
[go_vue_admin]2024-09-24 14:05:44.868	[31merror[0m	/Users/lihao/project/mall-pro/admin-gin/websocket/ws_handle.go:38	close tcp [::1]:8887->[::1]:53594: use of closed network connection
[go_vue_admin]2024-09-24 14:05:44.868	[31merror[0m	/Users/lihao/project/mall-pro/admin-gin/websocket/ws_handle.go:70	read tcp [::1]:8887->[::1]:54011: use of closed network connection
[go_vue_admin]2024-09-24 14:05:44.868	[31merror[0m	/Users/lihao/project/mall-pro/admin-gin/websocket/ws_handle.go:38	close tcp [::1]:8887->[::1]:53323: use of closed network connection
[go_vue_admin]2024-09-24 14:05:44.868	[31merror[0m	/Users/lihao/project/mall-pro/admin-gin/websocket/ws_handle.go:38	close tcp [::1]:8887->[::1]:51798: use of closed network connection
[go_vue_admin]2024-09-24 14:05:44.868	[31merror[0m	/Users/lihao/project/mall-pro/admin-gin/websocket/ws_handle.go:38	close tcp [::1]:8887->[::1]:62430: use of closed network connection
[go_vue_admin]2024-09-24 14:05:44.868	[31merror[0m	/Users/lihao/project/mall-pro/admin-gin/websocket/ws_handle.go:38	close tcp [::1]:8887->[::1]:52250: use of closed network connection
[go_vue_admin]2024-09-24 14:05:44.868	[31merror[0m	/Users/lihao/project/mall-pro/admin-gin/websocket/ws_handle.go:38	close tcp [::1]:8887->[::1]:52377: use of closed network connection
[go_vue_admin]2024-09-24 14:05:44.868	[31merror[0m	/Users/lihao/project/mall-pro/admin-gin/core/server.go:44	accept tcp [::]:8887: use of closed network connection
[go_vue_admin]2024-09-24 14:06:30.683	[31merror[0m	/Users/lihao/project/mall-pro/admin-gin/api/v1/product/pro_goods.go:199	å·²å¤±æ•ˆ
[go_vue_admin]2024-09-24 14:06:35.830	[31merror[0m	/Users/lihao/project/mall-pro/admin-gin/api/v1/product/pro_goods.go:199	å·²å¤±æ•ˆ
[go_vue_admin]2024-09-24 14:28:51.872	[31merror[0m	/Users/lihao/project/mall-pro/admin-gin/websocket/ws_handle.go:70	read tcp [::1]:8887->[::1]:58593: use of closed network connection
[go_vue_admin]2024-09-24 14:28:51.872	[31merror[0m	/Users/lihao/project/mall-pro/admin-gin/core/server.go:44	accept tcp [::]:8887: use of closed network connection
[go_vue_admin]2024-09-24 14:40:53.326	[31merror[0m	/Users/lihao/project/mall-pro/admin-gin/websocket/ws_handle.go:70	websocket: close 1001 (going away)
[go_vue_admin]2024-09-24 14:52:34.891	[31merror[0m	/Users/lihao/project/mall-pro/admin-gin/websocket/ws_handle.go:70	websocket: close 1006 (abnormal closure): unexpected EOF
[go_vue_admin]2024-09-24 14:55:53.290	[31merror[0m	/Users/lihao/project/mall-pro/admin-gin/websocket/ws_handle.go:70	websocket: close 1006 (abnormal closure): unexpected EOF
[go_vue_admin]2024-09-24 14:55:53.292	[31merror[0m	/Users/lihao/project/mall-pro/admin-gin/websocket/ws_handle.go:70	websocket: close 1006 (abnormal closure): unexpected EOF
[go_vue_admin]2024-09-24 15:20:56.194	[31merror[0m	/Users/lihao/project/mall-pro/admin-gin/websocket/ws_handle.go:70	websocket: close 1006 (abnormal closure): unexpected EOF
[go_vue_admin]2024-09-24 15:20:56.196	[31merror[0m	/Users/lihao/project/mall-pro/admin-gin/websocket/ws_handle.go:70	websocket: close 1006 (abnormal closure): unexpected EOF
[go_vue_admin]2024-09-24 16:28:07.287	[31merror[0m	/Users/lihao/project/mall-pro/admin-gin/websocket/ws_handle.go:70	websocket: close 1006 (abnormal closure): unexpected EOF
[go_vue_admin]2024-09-24 16:28:07.289	[31merror[0m	/Users/lihao/project/mall-pro/admin-gin/websocket/ws_handle.go:70	websocket: close 1006 (abnormal closure): unexpected EOF
[go_vue_admin]2024-09-24 16:52:01.893	[31merror[0m	/Users/lihao/project/mall-pro/admin-gin/websocket/ws_handle.go:70	websocket: close 1001 (going away)
[go_vue_admin]2024-09-24 16:54:05.266	[31merror[0m	/Users/lihao/project/mall-pro/admin-gin/websocket/ws_handle.go:70	websocket: close 1001 (going away)
[go_vue_admin]2024-09-24 17:02:53.169	[31merror[0m	/Users/lihao/project/mall-pro/admin-gin/websocket/ws_handle.go:70	websocket: close 1006 (abnormal closure): unexpected EOF
[go_vue_admin]2024-09-24 17:02:53.170	[31merror[0m	/Users/lihao/project/mall-pro/admin-gin/websocket/ws_handle.go:70	websocket: close 1006 (abnormal closure): unexpected EOF
[go_vue_admin]2024-09-24 20:56:44.183	[31merror[0m	/Users/lihao/project/mall-pro/admin-gin/websocket/ws_handle.go:70	websocket: close 1006 (abnormal closure): unexpected EOF
[go_vue_admin]2024-09-24 20:56:44.184	[31merror[0m	/Users/lihao/project/mall-pro/admin-gin/websocket/ws_handle.go:70	websocket: close 1006 (abnormal closure): unexpected EOF
[go_vue_admin]2024-09-24 21:21:15.170	[31merror[0m	/Users/lihao/project/mall-pro/admin-gin/websocket/ws_handle.go:70	websocket: close 1001 (going away)
[go_vue_admin]2024-09-24 21:21:18.645	[31merror[0m	/Users/lihao/project/mall-pro/admin-gin/websocket/ws_handle.go:70	websocket: close 1001 (going away)
[go_vue_admin]2024-09-24 21:23:49.316	[31merror[0m	/Users/lihao/project/mall-pro/admin-gin/websocket/ws_handle.go:38	close tcp [::1]:8887->[::1]:53680: use of closed network connection
[go_vue_admin]2024-09-24 21:23:49.316	[31merror[0m	/Users/lihao/project/mall-pro/admin-gin/websocket/ws_handle.go:38	close tcp [::1]:8887->[::1]:57808: use of closed network connection
[go_vue_admin]2024-09-24 21:23:49.316	[31merror[0m	/Users/lihao/project/mall-pro/admin-gin/websocket/ws_handle.go:38	close tcp [::1]:8887->[::1]:56878: use of closed network connection
[go_vue_admin]2024-09-24 21:23:49.316	[31merror[0m	/Users/lihao/project/mall-pro/admin-gin/websocket/ws_handle.go:38	close tcp [::1]:8887->[::1]:64460: use of closed network connection
[go_vue_admin]2024-09-24 21:23:49.316	[31merror[0m	/Users/lihao/project/mall-pro/admin-gin/websocket/ws_handle.go:38	close tcp [::1]:8887->[::1]:57813: use of closed network connection
[go_vue_admin]2024-09-24 21:23:49.316	[31merror[0m	/Users/lihao/project/mall-pro/admin-gin/websocket/ws_handle.go:38	close tcp [::1]:8887->[::1]:49399: use of closed network connection
[go_vue_admin]2024-09-24 21:23:49.316	[31merror[0m	/Users/lihao/project/mall-pro/admin-gin/websocket/ws_handle.go:38	close tcp [::1]:8887->[::1]:53676: use of closed network connection
[go_vue_admin]2024-09-24 21:23:49.316	[31merror[0m	/Users/lihao/project/mall-pro/admin-gin/websocket/ws_handle.go:38	close tcp [::1]:8887->[::1]:56316: use of closed network connection
[go_vue_admin]2024-09-24 21:23:49.316	[31merror[0m	/Users/lihao/project/mall-pro/admin-gin/websocket/ws_handle.go:38	close tcp [::1]:8887->[::1]:64816: use of closed network connection
[go_vue_admin]2024-09-24 21:23:49.316	[31merror[0m	/Users/lihao/project/mall-pro/admin-gin/websocket/ws_handle.go:38	close tcp [::1]:8887->[::1]:62108: use of closed network connection
[go_vue_admin]2024-09-24 21:23:49.316	[31merror[0m	/Users/lihao/project/mall-pro/admin-gin/websocket/ws_handle.go:38	close tcp [::1]:8887->[::1]:64820: use of closed network connection
[go_vue_admin]2024-09-24 21:23:49.316	[31merror[0m	/Users/lihao/project/mall-pro/admin-gin/websocket/ws_handle.go:38	close tcp [::1]:8887->[::1]:54238: use of closed network connection
[go_vue_admin]2024-09-24 21:23:49.316	[31merror[0m	/Users/lihao/project/mall-pro/admin-gin/websocket/ws_handle.go:38	close tcp [::1]:8887->[::1]:50798: use of closed network connection
[go_vue_admin]2024-09-24 21:23:49.316	[31merror[0m	/Users/lihao/project/mall-pro/admin-gin/websocket/ws_handle.go:38	close tcp [::1]:8887->[::1]:62639: use of closed network connection
[go_vue_admin]2024-09-24 21:23:49.316	[31merror[0m	/Users/lihao/project/mall-pro/admin-gin/websocket/ws_handle.go:38	close tcp [::1]:8887->[::1]:56873: use of closed network connection
[go_vue_admin]2024-09-24 21:23:49.316	[31merror[0m	/Users/lihao/project/mall-pro/admin-gin/websocket/ws_handle.go:38	close tcp [::1]:8887->[::1]:54235: use of closed network connection
[go_vue_admin]2024-09-24 21:23:49.317	[31merror[0m	/Users/lihao/project/mall-pro/admin-gin/websocket/ws_handle.go:70	read tcp [::1]:8887->[::1]:56353: use of closed network connection
[go_vue_admin]2024-09-24 21:23:49.317	[31merror[0m	/Users/lihao/project/mall-pro/admin-gin/core/server.go:44	accept tcp [::]:8887: use of closed network connection
[go_vue_admin]2024-09-24 21:23:49.317	[31merror[0m	/Users/lihao/project/mall-pro/admin-gin/websocket/ws_handle.go:70	read tcp [::1]:8887->[::1]:49406: use of closed network connection
[go_vue_admin]2024-09-24 21:24:40.331	[31merror[0m	/Users/lihao/project/mall-pro/admin-gin/websocket/ws_handle.go:70	websocket: close 1001 (going away)
[go_vue_admin]2024-09-24 21:24:45.788	[31merror[0m	/Users/lihao/project/mall-pro/admin-gin/api/v1/product/pro_goods.go:260	unsupported data type: 0x14007424268: Table not set, please set it like: db.Model(&user) or db.Table("users")
[go_vue_admin]2024-09-24 21:25:27.542	[31merror[0m	/Users/lihao/project/mall-pro/admin-gin/websocket/ws_handle.go:38	close tcp [::1]:8887->[::1]:57060: use of closed network connection
[go_vue_admin]2024-09-24 21:25:27.542	[31merror[0m	/Users/lihao/project/mall-pro/admin-gin/websocket/ws_handle.go:70	read tcp [::1]:8887->[::1]:57282: use of closed network connection
[go_vue_admin]2024-09-24 21:25:27.542	[31merror[0m	/Users/lihao/project/mall-pro/admin-gin/core/server.go:44	accept tcp [::]:8887: use of closed network connection
[go_vue_admin]2024-09-24 21:27:09.618	[31merror[0m	/Users/lihao/project/mall-pro/admin-gin/websocket/ws_handle.go:70	websocket: close 1001 (going away)
[go_vue_admin]2024-09-24 21:29:30.298	[31merror[0m	/Users/lihao/project/mall-pro/admin-gin/websocket/ws_handle.go:70	websocket: close 1001 (going away)
[go_vue_admin]2024-09-24 21:29:54.340	[31merror[0m	/Users/lihao/project/mall-pro/admin-gin/websocket/ws_handle.go:70	websocket: close 1001 (going away)
[go_vue_admin]2024-09-24 21:32:09.315	[31merror[0m	/Users/lihao/project/mall-pro/admin-gin/websocket/ws_handle.go:70	websocket: close 1001 (going away)
[go_vue_admin]2024-09-24 21:32:29.565	[31merror[0m	/Users/lihao/project/mall-pro/admin-gin/websocket/ws_handle.go:70	websocket: close 1001 (going away)
[go_vue_admin]2024-09-24 21:32:45.079	[31merror[0m	/Users/lihao/project/mall-pro/admin-gin/websocket/ws_handle.go:70	websocket: close 1001 (going away)
[go_vue_admin]2024-09-24 21:32:46.526	[31merror[0m	/Users/lihao/project/mall-pro/admin-gin/websocket/ws_handle.go:70	websocket: close 1001 (going away)
[go_vue_admin]2024-09-24 21:33:00.628	[31merror[0m	/Users/lihao/project/mall-pro/admin-gin/websocket/ws_handle.go:70	websocket: close 1001 (going away)
[go_vue_admin]2024-09-24 21:34:11.354	[31merror[0m	/Users/lihao/project/mall-pro/admin-gin/websocket/ws_handle.go:70	websocket: close 1001 (going away)
[go_vue_admin]2024-09-24 21:34:22.612	[31merror[0m	/Users/lihao/project/mall-pro/admin-gin/websocket/ws_handle.go:70	websocket: close 1001 (going away)
[go_vue_admin]2024-09-24 21:34:32.184	[31merror[0m	/Users/lihao/project/mall-pro/admin-gin/websocket/ws_handle.go:70	websocket: close 1001 (going away)
[go_vue_admin]2024-09-24 21:34:39.531	[31merror[0m	/Users/lihao/project/mall-pro/admin-gin/websocket/ws_handle.go:70	websocket: close 1001 (going away)
[go_vue_admin]2024-09-24 21:35:06.786	[31merror[0m	/Users/lihao/project/mall-pro/admin-gin/websocket/ws_handle.go:70	websocket: close 1001 (going away)
[go_vue_admin]2024-09-24 21:35:23.026	[31merror[0m	/Users/lihao/project/mall-pro/admin-gin/websocket/ws_handle.go:70	websocket: close 1001 (going away)
[go_vue_admin]2024-09-24 21:36:22.435	[31merror[0m	/Users/lihao/project/mall-pro/admin-gin/websocket/ws_handle.go:70	websocket: close 1001 (going away)
[go_vue_admin]2024-09-24 21:37:08.688	[31merror[0m	/Users/lihao/project/mall-pro/admin-gin/websocket/ws_handle.go:70	websocket: close 1001 (going away)
[go_vue_admin]2024-09-24 21:37:21.181	[31merror[0m	/Users/lihao/project/mall-pro/admin-gin/websocket/ws_handle.go:70	websocket: close 1001 (going away)
[go_vue_admin]2024-09-24 21:38:04.184	[31merror[0m	/Users/lihao/project/mall-pro/admin-gin/websocket/ws_handle.go:70	websocket: close 1001 (going away)
[go_vue_admin]2024-09-24 21:38:23.490	[31merror[0m	/Users/lihao/project/mall-pro/admin-gin/websocket/ws_handle.go:70	websocket: close 1001 (going away)
[go_vue_admin]2024-09-24 21:38:58.183	[31merror[0m	/Users/lihao/project/mall-pro/admin-gin/websocket/ws_handle.go:70	websocket: close 1001 (going away)
[go_vue_admin]2024-09-24 21:39:06.192	[31merror[0m	/Users/lihao/project/mall-pro/admin-gin/websocket/ws_handle.go:70	websocket: close 1001 (going away)
[go_vue_admin]2024-09-24 21:39:18.317	[31merror[0m	/Users/lihao/project/mall-pro/admin-gin/websocket/ws_handle.go:70	websocket: close 1001 (going away)
[go_vue_admin]2024-09-24 21:41:30.415	[31merror[0m	/Users/lihao/project/mall-pro/admin-gin/websocket/ws_handle.go:38	close tcp [::1]:8887->[::1]:58611: use of closed network connection
[go_vue_admin]2024-09-24 21:41:30.415	[31merror[0m	/Users/lihao/project/mall-pro/admin-gin/websocket/ws_handle.go:38	close tcp [::1]:8887->[::1]:59632: use of closed network connection
[go_vue_admin]2024-09-24 21:41:30.415	[31merror[0m	/Users/lihao/project/mall-pro/admin-gin/websocket/ws_handle.go:38	close tcp [::1]:8887->[::1]:58737: use of closed network connection
[go_vue_admin]2024-09-24 21:41:30.415	[31merror[0m	/Users/lihao/project/mall-pro/admin-gin/websocket/ws_handle.go:38	close tcp [::1]:8887->[::1]:59442: use of closed network connection
[go_vue_admin]2024-09-24 21:41:30.415	[31merror[0m	/Users/lihao/project/mall-pro/admin-gin/websocket/ws_handle.go:38	close tcp [::1]:8887->[::1]:61337: use of closed network connection
[go_vue_admin]2024-09-24 21:41:30.415	[31merror[0m	/Users/lihao/project/mall-pro/admin-gin/websocket/ws_handle.go:38	close tcp [::1]:8887->[::1]:59333: use of closed network connection
[go_vue_admin]2024-09-24 21:41:30.415	[31merror[0m	/Users/lihao/project/mall-pro/admin-gin/websocket/ws_handle.go:38	close tcp [::1]:8887->[::1]:61089: use of closed network connection
[go_vue_admin]2024-09-24 21:41:30.415	[31merror[0m	/Users/lihao/project/mall-pro/admin-gin/websocket/ws_handle.go:38	close tcp [::1]:8887->[::1]:60333: use of closed network connection
[go_vue_admin]2024-09-24 21:41:30.415	[31merror[0m	/Users/lihao/project/mall-pro/admin-gin/websocket/ws_handle.go:38	close tcp [::1]:8887->[::1]:57530: use of closed network connection
[go_vue_admin]2024-09-24 21:41:30.415	[31merror[0m	/Users/lihao/project/mall-pro/admin-gin/websocket/ws_handle.go:38	close tcp [::1]:8887->[::1]:60070: use of closed network connection
[go_vue_admin]2024-09-24 21:41:30.415	[31merror[0m	/Users/lihao/project/mall-pro/admin-gin/websocket/ws_handle.go:38	close tcp [::1]:8887->[::1]:59521: use of closed network connection
[go_vue_admin]2024-09-24 21:41:30.415	[31merror[0m	/Users/lihao/project/mall-pro/admin-gin/websocket/ws_handle.go:38	close tcp [::1]:8887->[::1]:59541: use of closed network connection
[go_vue_admin]2024-09-24 21:41:30.415	[31merror[0m	/Users/lihao/project/mall-pro/admin-gin/websocket/ws_handle.go:38	close tcp [::1]:8887->[::1]:61386: use of closed network connection
[go_vue_admin]2024-09-24 21:41:30.415	[31merror[0m	/Users/lihao/project/mall-pro/admin-gin/websocket/ws_handle.go:38	close tcp [::1]:8887->[::1]:61186: use of closed network connection
[go_vue_admin]2024-09-24 21:41:30.415	[31merror[0m	/Users/lihao/project/mall-pro/admin-gin/websocket/ws_handle.go:38	close tcp [::1]:8887->[::1]:60248: use of closed network connection
[go_vue_admin]2024-09-24 21:41:30.415	[31merror[0m	/Users/lihao/project/mall-pro/admin-gin/websocket/ws_handle.go:38	close tcp [::1]:8887->[::1]:60875: use of closed network connection
[go_vue_admin]2024-09-24 21:41:30.415	[31merror[0m	/Users/lihao/project/mall-pro/admin-gin/websocket/ws_handle.go:70	read tcp [::1]:8887->[::1]:61449: use of closed network connection
[go_vue_admin]2024-09-24 21:41:30.415	[31merror[0m	/Users/lihao/project/mall-pro/admin-gin/websocket/ws_handle.go:38	close tcp [::1]:8887->[::1]:60593: use of closed network connection
[go_vue_admin]2024-09-24 21:41:30.415	[31merror[0m	/Users/lihao/project/mall-pro/admin-gin/websocket/ws_handle.go:38	close tcp [::1]:8887->[::1]:57992: use of closed network connection
[go_vue_admin]2024-09-24 21:41:30.415	[31merror[0m	/Users/lihao/project/mall-pro/admin-gin/websocket/ws_handle.go:38	close tcp [::1]:8887->[::1]:59950: use of closed network connection
[go_vue_admin]2024-09-24 21:41:30.415	[31merror[0m	/Users/lihao/project/mall-pro/admin-gin/websocket/ws_handle.go:38	close tcp [::1]:8887->[::1]:60799: use of closed network connection
[go_vue_admin]2024-09-24 21:41:30.415	[31merror[0m	/Users/lihao/project/mall-pro/admin-gin/websocket/ws_handle.go:38	close tcp [::1]:8887->[::1]:60113: use of closed network connection
[go_vue_admin]2024-09-24 21:41:30.415	[31merror[0m	/Users/lihao/project/mall-pro/admin-gin/websocket/ws_handle.go:38	close tcp [::1]:8887->[::1]:60015: use of closed network connection
[go_vue_admin]2024-09-24 21:41:30.415	[31merror[0m	/Users/lihao/project/mall-pro/admin-gin/core/server.go:44	accept tcp [::]:8887: use of closed network connection
[go_vue_admin]2024-09-24 21:43:19.237	[31merror[0m	/Users/lihao/project/mall-pro/admin-gin/core/server.go:44	accept tcp [::]:8887: use of closed network connection
[go_vue_admin]2024-09-24 21:44:28.093	[31merror[0m	/Users/lihao/project/mall-pro/admin-gin/api/v1/product/pro_goods.go:266	image: unsupported relations for schema Collect
[go_vue_admin]2024-09-24 21:44:56.337	[31merror[0m	/Users/lihao/project/mall-pro/admin-gin/core/server.go:44	accept tcp [::]:8887: use of closed network connection
[go_vue_admin]2024-09-24 21:50:58.899	[31merror[0m	/Users/lihao/project/mall-pro/admin-gin/websocket/ws_handle.go:70	websocket: close 1001 (going away)
[go_vue_admin]2024-09-24 21:51:15.396	[31merror[0m	/Users/lihao/project/mall-pro/admin-gin/websocket/ws_handle.go:70	websocket: close 1001 (going away)
[go_vue_admin]2024-09-24 21:53:10.685	[31merror[0m	/Users/lihao/project/mall-pro/admin-gin/api/v1/product/pro_goods.go:200	å·²å¤±æ•ˆ
[go_vue_admin]2024-09-24 21:53:23.555	[31merror[0m	/Users/lihao/project/mall-pro/admin-gin/websocket/ws_handle.go:70	websocket: close 1001 (going away)
[go_vue_admin]2024-09-24 21:54:52.478	[31merror[0m	/Users/lihao/project/mall-pro/admin-gin/api/v1/product/pro_goods.go:200	å·²å¤±æ•ˆ
[go_vue_admin]2024-09-24 21:54:53.966	[31merror[0m	/Users/lihao/project/mall-pro/admin-gin/api/v1/product/pro_goods.go:200	å·²å¤±æ•ˆ
[go_vue_admin]2024-09-24 21:57:50.068	[31merror[0m	/Users/lihao/project/mall-pro/admin-gin/websocket/ws_handle.go:70	websocket: close 1001 (going away)
[go_vue_admin]2024-09-24 21:58:07.470	[31merror[0m	/Users/lihao/project/mall-pro/admin-gin/websocket/ws_handle.go:70	websocket: close 1001 (going away)
[go_vue_admin]2024-09-24 21:59:24.629	[31merror[0m	/Users/lihao/project/mall-pro/admin-gin/websocket/ws_handle.go:70	websocket: close 1001 (going away)
[go_vue_admin]2024-09-24 22:09:43.348	[31merror[0m	/Users/lihao/project/mall-pro/admin-gin/websocket/ws_handle.go:38	close tcp [::1]:8887->[::1]:65245: use of closed network connection
[go_vue_admin]2024-09-24 22:09:43.348	[31merror[0m	/Users/lihao/project/mall-pro/admin-gin/websocket/ws_handle.go:38	close tcp [::1]:8887->[::1]:63567: use of closed network connection
[go_vue_admin]2024-09-24 22:09:43.348	[31merror[0m	/Users/lihao/project/mall-pro/admin-gin/websocket/ws_handle.go:38	close tcp [::1]:8887->[::1]:50234: use of closed network connection
[go_vue_admin]2024-09-24 22:09:43.348	[31merror[0m	/Users/lihao/project/mall-pro/admin-gin/websocket/ws_handle.go:38	close tcp [::1]:8887->[::1]:50137: use of closed network connection
[go_vue_admin]2024-09-24 22:09:43.348	[31merror[0m	/Users/lihao/project/mall-pro/admin-gin/websocket/ws_handle.go:70	read tcp [::1]:8887->[::1]:50612: use of closed network connection
[go_vue_admin]2024-09-24 22:09:43.348	[31merror[0m	/Users/lihao/project/mall-pro/admin-gin/websocket/ws_handle.go:38	close tcp [::1]:8887->[::1]:64587: use of closed network connection
[go_vue_admin]2024-09-24 22:09:43.348	[31merror[0m	/Users/lihao/project/mall-pro/admin-gin/websocket/ws_handle.go:70	read tcp [::1]:8887->[::1]:62989: use of closed network connection
[go_vue_admin]2024-09-24 22:09:43.348	[31merror[0m	/Users/lihao/project/mall-pro/admin-gin/websocket/ws_handle.go:38	close tcp [::1]:8887->[::1]:64687: use of closed network connection
[go_vue_admin]2024-09-24 22:09:43.348	[31merror[0m	/Users/lihao/project/mall-pro/admin-gin/core/server.go:44	accept tcp [::]:8887: use of closed network connection
[go_vue_admin]2024-09-24 22:09:51.307	[31merror[0m	/Users/lihao/project/mall-pro/admin-gin/service/product/pro_goods.go:654	ERR wrong number of arguments for 'sadd' command
[go_vue_admin]2024-09-24 22:10:18.637	[31merror[0m	/Users/lihao/project/mall-pro/admin-gin/websocket/ws_handle.go:70	websocket: close 1001 (going away)
[go_vue_admin]2024-09-24 22:10:19.011	[31merror[0m	/Users/lihao/project/mall-pro/admin-gin/service/product/pro_goods.go:654	ERR wrong number of arguments for 'sadd' command
[go_vue_admin]2024-09-24 22:11:45.504	[31merror[0m	/Users/lihao/project/mall-pro/admin-gin/websocket/ws_handle.go:38	close tcp [::1]:8887->[::1]:53369: use of closed network connection
[go_vue_admin]2024-09-24 22:11:45.504	[31merror[0m	/Users/lihao/project/mall-pro/admin-gin/websocket/ws_handle.go:70	read tcp [::1]:8887->[::1]:53512: use of closed network connection
[go_vue_admin]2024-09-24 22:11:45.504	[31merror[0m	/Users/lihao/project/mall-pro/admin-gin/core/server.go:44	accept tcp [::]:8887: use of closed network connection
[go_vue_admin]2024-09-24 22:12:20.753	[31merror[0m	/Users/lihao/project/mall-pro/admin-gin/api/v1/product/pro_goods.go:200	å·²å¤±æ•ˆ
[go_vue_admin]2024-09-24 22:19:05.561	[31merror[0m	/Users/lihao/project/mall-pro/admin-gin/websocket/ws_handle.go:70	websocket: close 1001 (going away)
[go_vue_admin]2024-09-24 22:19:08.487	[31merror[0m	/Users/lihao/project/mall-pro/admin-gin/websocket/ws_handle.go:70	websocket: close 1001 (going away)
[go_vue_admin]2024-09-24 22:19:12.837	[31merror[0m	/Users/lihao/project/mall-pro/admin-gin/api/v1/product/pro_goods.go:200	å·²å¤±æ•ˆ
[go_vue_admin]2024-09-24 22:23:23.062	[31merror[0m	/Users/lihao/project/mall-pro/admin-gin/api/v1/product/pro_goods.go:200	å·²å¤±æ•ˆ
[go_vue_admin]2024-09-24 22:23:24.807	[31merror[0m	/Users/lihao/project/mall-pro/admin-gin/api/v1/product/pro_goods.go:200	å·²å¤±æ•ˆ
[go_vue_admin]2024-09-24 22:23:35.558	[31merror[0m	/Users/lihao/project/mall-pro/admin-gin/websocket/ws_handle.go:70	websocket: close 1001 (going away)
[go_vue_admin]2024-09-24 22:35:48.585	[31merror[0m	/Users/lihao/project/mall-pro/admin-gin/websocket/ws_handle.go:70	websocket: close 1001 (going away)
[go_vue_admin]2024-09-24 22:36:10.647	[31merror[0m	/Users/lihao/project/mall-pro/admin-gin/websocket/ws_handle.go:70	websocket: close 1001 (going away)
[go_vue_admin]2024-09-24 22:36:15.975	[31merror[0m	/Users/lihao/project/mall-pro/admin-gin/websocket/ws_handle.go:38	close tcp [::1]:8887->[::1]:55912: use of closed network connection
[go_vue_admin]2024-09-24 22:36:15.975	[31merror[0m	/Users/lihao/project/mall-pro/admin-gin/websocket/ws_handle.go:38	close tcp [::1]:8887->[::1]:55873: use of closed network connection
[go_vue_admin]2024-09-24 22:36:15.975	[31merror[0m	/Users/lihao/project/mall-pro/admin-gin/websocket/ws_handle.go:38	close tcp [::1]:8887->[::1]:57051: use of closed network connection
[go_vue_admin]2024-09-24 22:36:15.975	[31merror[0m	/Users/lihao/project/mall-pro/admin-gin/websocket/ws_handle.go:38	close tcp [::1]:8887->[::1]:60329: use of closed network connection
[go_vue_admin]2024-09-24 22:36:15.975	[31merror[0m	/Users/lihao/project/mall-pro/admin-gin/core/server.go:44	accept tcp [::]:8887: use of closed network connection
[go_vue_admin]2024-09-24 22:36:15.975	[31merror[0m	/Users/lihao/project/mall-pro/admin-gin/websocket/ws_handle.go:70	read tcp [::1]:8887->[::1]:60451: use of closed network connection
[go_vue_admin]2024-09-24 22:37:42.596	[31merror[0m	/Users/lihao/project/mall-pro/admin-gin/websocket/ws_handle.go:70	read tcp [::1]:8887->[::1]:60559: use of closed network connection
[go_vue_admin]2024-09-24 22:37:42.597	[31merror[0m	/Users/lihao/project/mall-pro/admin-gin/core/server.go:44	accept tcp [::]:8887: use of closed network connection
[go_vue_admin]2024-09-24 22:42:37.470	[31merror[0m	/Users/lihao/project/mall-pro/admin-gin/websocket/ws_handle.go:70	websocket: close 1001 (going away)
[go_vue_admin]2024-09-24 22:42:40.319	[31merror[0m	/Users/lihao/project/mall-pro/admin-gin/websocket/ws_handle.go:70	websocket: close 1001 (going away)
[go_vue_admin]2024-09-24 22:42:51.599	[31merror[0m	/Users/lihao/project/mall-pro/admin-gin/websocket/ws_handle.go:70	websocket: close 1001 (going away)
[go_vue_admin]2024-09-24 23:07:31.694	[31merror[0m	/Users/lihao/project/mall-pro/admin-gin/websocket/ws_handle.go:70	websocket: close 1001 (going away)
[go_vue_admin]2024-09-24 23:07:43.662	[31merror[0m	/Users/lihao/project/mall-pro/admin-gin/websocket/ws_handle.go:70	websocket: close 1001 (going away)
[go_vue_admin]2024-09-24 23:14:46.790	[31merror[0m	/Users/lihao/project/mall-pro/admin-gin/websocket/ws_handle.go:70	websocket: close 1001 (going away)
[go_vue_admin]2024-09-24 23:16:26.309	[31merror[0m	/Users/lihao/project/mall-pro/admin-gin/websocket/ws_handle.go:38	close tcp [::1]:8887->[::1]:52613: use of closed network connection
[go_vue_admin]2024-09-24 23:16:26.309	[31merror[0m	/Users/lihao/project/mall-pro/admin-gin/websocket/ws_handle.go:38	close tcp [::1]:8887->[::1]:62347: use of closed network connection
[go_vue_admin]2024-09-24 23:16:26.309	[31merror[0m	/Users/lihao/project/mall-pro/admin-gin/websocket/ws_handle.go:38	close tcp [::1]:8887->[::1]:52698: use of closed network connection
[go_vue_admin]2024-09-24 23:16:26.309	[31merror[0m	/Users/lihao/project/mall-pro/admin-gin/websocket/ws_handle.go:38	close tcp [::1]:8887->[::1]:61126: use of closed network connection
[go_vue_admin]2024-09-24 23:16:26.309	[31merror[0m	/Users/lihao/project/mall-pro/admin-gin/websocket/ws_handle.go:38	close tcp [::1]:8887->[::1]:62285: use of closed network connection
[go_vue_admin]2024-09-24 23:16:26.309	[31merror[0m	/Users/lihao/project/mall-pro/admin-gin/websocket/ws_handle.go:70	read tcp [::1]:8887->[::1]:54594: use of closed network connection
[go_vue_admin]2024-09-24 23:16:26.309	[31merror[0m	/Users/lihao/project/mall-pro/admin-gin/websocket/ws_handle.go:38	close tcp [::1]:8887->[::1]:62251: use of closed network connection
[go_vue_admin]2024-09-24 23:16:26.309	[31merror[0m	/Users/lihao/project/mall-pro/admin-gin/core/server.go:44	accept tcp [::]:8887: use of closed network connection
[go_vue_admin]2024-09-24 23:17:38.004	[31merror[0m	/Users/lihao/project/mall-pro/admin-gin/websocket/ws_handle.go:70	read tcp [::1]:8887->[::1]:55071: use of closed network connection
[go_vue_admin]2024-09-24 23:17:38.005	[31merror[0m	/Users/lihao/project/mall-pro/admin-gin/core/server.go:44	accept tcp [::]:8887: use of closed network connection
[go_vue_admin]2024-09-24 23:17:44.839	[31merror[0m	/Users/lihao/project/mall-pro/admin-gin/websocket/ws_handle.go:70	websocket: close 1001 (going away)
[go_vue_admin]2024-09-24 23:20:06.520	[31merror[0m	/Users/lihao/project/mall-pro/admin-gin/websocket/ws_handle.go:70	websocket: close 1001 (going away)
[go_vue_admin]2024-09-24 23:20:32.593	[31merror[0m	/Users/lihao/project/mall-pro/admin-gin/websocket/ws_handle.go:70	websocket: close 1001 (going away)
[go_vue_admin]2024-09-24 23:26:16.270	[31merror[0m	/Users/lihao/project/mall-pro/admin-gin/websocket/ws_handle.go:70	websocket: close 1001 (going away)
[go_vue_admin]2024-09-24 23:30:06.391	[31merror[0m	/Users/lihao/project/mall-pro/admin-gin/websocket/ws_handle.go:70	websocket: close 1001 (going away)
[go_vue_admin]2024-09-24 23:43:22.331	[31merror[0m	/Users/lihao/project/mall-pro/admin-gin/websocket/ws_handle.go:70	websocket: close 1001 (going away)
[go_vue_admin]2024-09-24 23:43:26.103	[31merror[0m	/Users/lihao/project/mall-pro/admin-gin/websocket/ws_handle.go:70	websocket: close 1001 (going away)
[go_vue_admin]2024-09-24 23:46:31.704	[31merror[0m	/Users/lihao/project/mall-pro/admin-gin/websocket/ws_handle.go:70	websocket: close 1001 (going away)
[go_vue_admin]2024-09-24 23:47:39.718	[31merror[0m	/Users/lihao/project/mall-pro/admin-gin/websocket/ws_handle.go:70	websocket: close 1001 (going away)
[go_vue_admin]2024-09-24 23:51:01.942	[31merror[0m	/Users/lihao/project/mall-pro/admin-gin/websocket/ws_handle.go:70	websocket: close 1001 (going away)
[go_vue_admin]2024-09-24 23:51:04.115	[31merror[0m	/Users/lihao/project/mall-pro/admin-gin/websocket/ws_handle.go:70	websocket: close 1001 (going away)
[go_vue_admin]2024-09-24 23:51:07.905	[31merror[0m	/Users/lihao/project/mall-pro/admin-gin/websocket/ws_handle.go:70	websocket: close 1001 (going away)
[go_vue_admin]2024-09-24 23:51:34.481	[31merror[0m	/Users/lihao/project/mall-pro/admin-gin/websocket/ws_handle.go:70	websocket: close 1001 (going away)
[go_vue_admin]2024-09-24 23:53:10.981	[31merror[0m	/Users/lihao/project/mall-pro/admin-gin/websocket/ws_handle.go:70	websocket: close 1001 (going away)
[go_vue_admin]2024-09-24 23:56:08.237	[31merror[0m	/Users/lihao/project/mall-pro/admin-gin/websocket/ws_handle.go:70	websocket: close 1001 (going away)
[go_vue_admin]2024-09-24 23:57:41.951	[31merror[0m	/Users/lihao/project/mall-pro/admin-gin/websocket/ws_handle.go:70	websocket: close 1001 (going away)
[go_vue_admin]2024-09-24 23:57:47.459	[31merror[0m	/Users/lihao/project/mall-pro/admin-gin/websocket/ws_handle.go:38	close tcp [::1]:8887->[::1]:55449: use of closed network connection
[go_vue_admin]2024-09-24 23:57:47.459	[31merror[0m	/Users/lihao/project/mall-pro/admin-gin/websocket/ws_handle.go:38	close tcp [::1]:8887->[::1]:62319: use of closed network connection
[go_vue_admin]2024-09-24 23:57:47.459	[31merror[0m	/Users/lihao/project/mall-pro/admin-gin/websocket/ws_handle.go:38	close tcp [::1]:8887->[::1]:49537: use of closed network connection
[go_vue_admin]2024-09-24 23:57:47.459	[31merror[0m	/Users/lihao/project/mall-pro/admin-gin/websocket/ws_handle.go:38	close tcp [::1]:8887->[::1]:65111: use of closed network connection
[go_vue_admin]2024-09-24 23:57:47.459	[31merror[0m	/Users/lihao/project/mall-pro/admin-gin/websocket/ws_handle.go:38	close tcp [::1]:8887->[::1]:57734: use of closed network connection
[go_vue_admin]2024-09-24 23:57:47.459	[31merror[0m	/Users/lihao/project/mall-pro/admin-gin/websocket/ws_handle.go:38	close tcp [::1]:8887->[::1]:64517: use of closed network connection
[go_vue_admin]2024-09-24 23:57:47.460	[31merror[0m	/Users/lihao/project/mall-pro/admin-gin/websocket/ws_handle.go:38	close tcp [::1]:8887->[::1]:58850: use of closed network connection
[go_vue_admin]2024-09-24 23:57:47.460	[31merror[0m	/Users/lihao/project/mall-pro/admin-gin/websocket/ws_handle.go:38	close tcp [::1]:8887->[::1]:56097: use of closed network connection
[go_vue_admin]2024-09-24 23:57:47.459	[31merror[0m	/Users/lihao/project/mall-pro/admin-gin/websocket/ws_handle.go:38	close tcp [::1]:8887->[::1]:56240: use of closed network connection
[go_vue_admin]2024-09-24 23:57:47.460	[31merror[0m	/Users/lihao/project/mall-pro/admin-gin/websocket/ws_handle.go:38	close tcp [::1]:8887->[::1]:62359: use of closed network connection
[go_vue_admin]2024-09-24 23:57:47.460	[31merror[0m	/Users/lihao/project/mall-pro/admin-gin/websocket/ws_handle.go:38	close tcp [::1]:8887->[::1]:63161: use of closed network connection
[go_vue_admin]2024-09-24 23:57:47.459	[31merror[0m	/Users/lihao/project/mall-pro/admin-gin/websocket/ws_handle.go:38	close tcp [::1]:8887->[::1]:55435: use of closed network connection
[go_vue_admin]2024-09-24 23:57:47.460	[31merror[0m	/Users/lihao/project/mall-pro/admin-gin/websocket/ws_handle.go:38	close tcp [::1]:8887->[::1]:63490: use of closed network connection
[go_vue_admin]2024-09-24 23:57:47.460	[31merror[0m	/Users/lihao/project/mall-pro/admin-gin/websocket/ws_handle.go:38	close tcp [::1]:8887->[::1]:64549: use of closed network connection
[go_vue_admin]2024-09-24 23:57:47.460	[31merror[0m	/Users/lihao/project/mall-pro/admin-gin/websocket/ws_handle.go:38	close tcp [::1]:8887->[::1]:64487: use of closed network connection
[go_vue_admin]2024-09-24 23:57:47.460	[31merror[0m	/Users/lihao/project/mall-pro/admin-gin/websocket/ws_handle.go:38	close tcp [::1]:8887->[::1]:64685: use of closed network connection
[go_vue_admin]2024-09-24 23:57:47.461	[31merror[0m	/Users/lihao/project/mall-pro/admin-gin/core/server.go:44	accept tcp [::]:8887: use of closed network connection
