[go_vue_admin]2024-08-02 12:06:32.702	[31merror[0m	/Users/lihao/project/mall-pro/admin-gin/websocket/ws_handle.go:70	websocket: close 1001 (going away)
[go_vue_admin]2024-08-02 12:06:33.609	[31merror[0m	/Users/lihao/project/mall-pro/admin-gin/websocket/ws_handle.go:70	websocket: close 1001 (going away)
[go_vue_admin]2024-08-02 12:06:49.149	[31merror[0m	/Users/lihao/project/mall-pro/admin-gin/websocket/ws_handle.go:70	websocket: close 1001 (going away)
[go_vue_admin]2024-08-02 12:07:50.679	[31merror[0m	/Users/lihao/project/mall-pro/admin-gin/websocket/ws_handle.go:38	close tcp [::1]:8887->[::1]:58414: use of closed network connection
[go_vue_admin]2024-08-02 12:07:50.679	[31merror[0m	/Users/lihao/project/mall-pro/admin-gin/websocket/ws_handle.go:38	close tcp [::1]:8887->[::1]:58464: use of closed network connection
[go_vue_admin]2024-08-02 12:07:50.679	[31merror[0m	/Users/lihao/project/mall-pro/admin-gin/websocket/ws_handle.go:70	read tcp [::1]:8887->[::1]:58501: use of closed network connection
[go_vue_admin]2024-08-02 12:07:50.679	[31merror[0m	/Users/lihao/project/mall-pro/admin-gin/websocket/ws_handle.go:38	close tcp [::1]:8887->[::1]:58476: use of closed network connection
[go_vue_admin]2024-08-02 12:07:50.680	[31merror[0m	/Users/lihao/project/mall-pro/admin-gin/core/server.go:44	accept tcp [::]:8887: use of closed network connection
[go_vue_admin]2024-08-02 12:17:35.328	[31merror[0m	/Users/lihao/project/mall-pro/admin-gin/core/server.go:44	accept tcp [::]:8887: use of closed network connection
[go_vue_admin]2024-08-02 12:17:35.328	[31merror[0m	/Users/lihao/project/mall-pro/admin-gin/websocket/ws_handle.go:70	read tcp [::1]:8887->[::1]:58534: use of closed network connection
[go_vue_admin]2024-08-02 12:22:18.514	[31merror[0m	/Users/lihao/project/mall-pro/admin-gin/websocket/ws_handle.go:70	websocket: close 1001 (going away)
[go_vue_admin]2024-08-02 12:24:17.558	[31merror[0m	/Users/lihao/project/mall-pro/admin-gin/websocket/ws_handle.go:38	close tcp [::1]:8887->[::1]:61955: use of closed network connection
[go_vue_admin]2024-08-02 12:24:17.558	[31merror[0m	/Users/lihao/project/mall-pro/admin-gin/core/server.go:44	accept tcp [::]:8887: use of closed network connection
[go_vue_admin]2024-08-02 12:24:17.558	[31merror[0m	/Users/lihao/project/mall-pro/admin-gin/websocket/ws_handle.go:70	read tcp [::1]:8887->[::1]:62126: use of closed network connection
[go_vue_admin]2024-08-02 12:26:41.384	[31merror[0m	/Users/lihao/project/mall-pro/admin-gin/websocket/ws_handle.go:70	read tcp [::1]:8887->[::1]:62715: use of closed network connection
[go_vue_admin]2024-08-02 12:26:41.384	[31merror[0m	/Users/lihao/project/mall-pro/admin-gin/core/server.go:44	accept tcp [::]:8887: use of closed network connection
[go_vue_admin]2024-08-02 12:33:33.965	[31merror[0m	/Users/lihao/project/mall-pro/admin-gin/websocket/ws_handle.go:70	read tcp [::1]:8887->[::1]:63354: use of closed network connection
[go_vue_admin]2024-08-02 12:33:33.965	[31merror[0m	/Users/lihao/project/mall-pro/admin-gin/core/server.go:44	accept tcp [::]:8887: use of closed network connection
[go_vue_admin]2024-08-02 12:40:35.513	[31merror[0m	/Users/lihao/project/mall-pro/admin-gin/websocket/ws_handle.go:70	read tcp [::1]:8887->[::1]:65095: use of closed network connection
[go_vue_admin]2024-08-02 12:40:35.513	[31merror[0m	/Users/lihao/project/mall-pro/admin-gin/core/server.go:44	accept tcp [::]:8887: use of closed network connection
[go_vue_admin]2024-08-02 12:41:34.667	[31merror[0m	/Users/lihao/project/mall-pro/admin-gin/websocket/ws_handle.go:70	read tcp [::1]:8887->[::1]:50539: use of closed network connection
[go_vue_admin]2024-08-02 12:41:34.668	[31merror[0m	/Users/lihao/project/mall-pro/admin-gin/core/server.go:44	accept tcp [::]:8887: use of closed network connection
[go_vue_admin]2024-08-02 12:48:03.619	[31merror[0m	/Users/lihao/project/mall-pro/admin-gin/process/goods2mysql.go:40	Error 1213 (40001): Deadlock found when trying to get lock; try restarting transaction; Error 1213 (40001): Deadlock found when trying to get lock; try restarting transaction
[go_vue_admin]2024-08-02 12:48:46.282	[31merror[0m	/Users/lihao/project/mall-pro/admin-gin/websocket/ws_handle.go:70	read tcp [::1]:8887->[::1]:50822: use of closed network connection
[go_vue_admin]2024-08-02 12:48:46.283	[31merror[0m	/Users/lihao/project/mall-pro/admin-gin/core/server.go:44	accept tcp [::]:8887: use of closed network connection
[go_vue_admin]2024-08-02 12:49:56.229	[31merror[0m	/Users/lihao/project/mall-pro/admin-gin/core/server.go:44	accept tcp [::]:8887: use of closed network connection
[go_vue_admin]2024-08-02 12:50:12.356	[31merror[0m	/Users/lihao/project/mall-pro/admin-gin/process/goods2mysql.go:40	Error 1213 (40001): Deadlock found when trying to get lock; try restarting transaction; Error 1213 (40001): Deadlock found when trying to get lock; try restarting transaction
[go_vue_admin]2024-08-02 12:50:12.457	[31merror[0m	/Users/lihao/project/mall-pro/admin-gin/process/goods2mysql.go:40	Error 1213 (40001): Deadlock found when trying to get lock; try restarting transaction; Error 1213 (40001): Deadlock found when trying to get lock; try restarting transaction
[go_vue_admin]2024-08-02 12:50:13.161	[31merror[0m	/Users/lihao/project/mall-pro/admin-gin/process/goods2mysql.go:40	Error 1213 (40001): Deadlock found when trying to get lock; try restarting transaction; Error 1213 (40001): Deadlock found when trying to get lock; try restarting transaction
[go_vue_admin]2024-08-02 12:50:15.047	[31merror[0m	/Users/lihao/project/mall-pro/admin-gin/process/goods2mysql.go:40	Error 1213 (40001): Deadlock found when trying to get lock; try restarting transaction; Error 1213 (40001): Deadlock found when trying to get lock; try restarting transaction
[go_vue_admin]2024-08-02 12:50:19.215	[31merror[0m	/Users/lihao/project/mall-pro/admin-gin/process/goods2mysql.go:40	Error 1213 (40001): Deadlock found when trying to get lock; try restarting transaction; Error 1213 (40001): Deadlock found when trying to get lock; try restarting transaction
[go_vue_admin]2024-08-02 12:50:24.576	[31merror[0m	/Users/lihao/project/mall-pro/admin-gin/process/goods2mysql.go:40	Error 1213 (40001): Deadlock found when trying to get lock; try restarting transaction; Error 1213 (40001): Deadlock found when trying to get lock; try restarting transaction
[go_vue_admin]2024-08-02 12:50:24.944	[31merror[0m	/Users/lihao/project/mall-pro/admin-gin/process/goods2mysql.go:40	Error 1213 (40001): Deadlock found when trying to get lock; try restarting transaction; Error 1213 (40001): Deadlock found when trying to get lock; try restarting transaction
[go_vue_admin]2024-08-02 12:50:25.526	[31merror[0m	/Users/lihao/project/mall-pro/admin-gin/process/goods2mysql.go:40	Error 1213 (40001): Deadlock found when trying to get lock; try restarting transaction; Error 1213 (40001): Deadlock found when trying to get lock; try restarting transaction
[go_vue_admin]2024-08-02 12:50:27.596	[31merror[0m	/Users/lihao/project/mall-pro/admin-gin/process/goods2mysql.go:40	Error 1213 (40001): Deadlock found when trying to get lock; try restarting transaction; Error 1213 (40001): Deadlock found when trying to get lock; try restarting transaction
[go_vue_admin]2024-08-02 12:50:30.552	[31merror[0m	/Users/lihao/project/mall-pro/admin-gin/process/goods2mysql.go:40	Error 1213 (40001): Deadlock found when trying to get lock; try restarting transaction; Error 1213 (40001): Deadlock found when trying to get lock; try restarting transaction
[go_vue_admin]2024-08-02 12:50:33.445	[31merror[0m	/Users/lihao/project/mall-pro/admin-gin/process/goods2mysql.go:40	Error 1213 (40001): Deadlock found when trying to get lock; try restarting transaction; Error 1213 (40001): Deadlock found when trying to get lock; try restarting transaction
[go_vue_admin]2024-08-02 12:50:34.407	[31merror[0m	/Users/lihao/project/mall-pro/admin-gin/process/goods2mysql.go:40	Error 1213 (40001): Deadlock found when trying to get lock; try restarting transaction; Error 1213 (40001): Deadlock found when trying to get lock; try restarting transaction
[go_vue_admin]2024-08-02 12:50:36.982	[31merror[0m	/Users/lihao/project/mall-pro/admin-gin/process/goods2mysql.go:40	Error 1213 (40001): Deadlock found when trying to get lock; try restarting transaction; Error 1213 (40001): Deadlock found when trying to get lock; try restarting transaction
[go_vue_admin]2024-08-02 12:50:38.222	[31merror[0m	/Users/lihao/project/mall-pro/admin-gin/process/goods2mysql.go:40	Error 1213 (40001): Deadlock found when trying to get lock; try restarting transaction; Error 1213 (40001): Deadlock found when trying to get lock; try restarting transaction
[go_vue_admin]2024-08-02 12:50:38.479	[31merror[0m	/Users/lihao/project/mall-pro/admin-gin/process/goods2mysql.go:40	Error 1213 (40001): Deadlock found when trying to get lock; try restarting transaction; Error 1213 (40001): Deadlock found when trying to get lock; try restarting transaction
[go_vue_admin]2024-08-02 12:50:38.659	[31merror[0m	/Users/lihao/project/mall-pro/admin-gin/process/goods2mysql.go:40	Error 1213 (40001): Deadlock found when trying to get lock; try restarting transaction; Error 1213 (40001): Deadlock found when trying to get lock; try restarting transaction
[go_vue_admin]2024-08-02 12:50:39.393	[31merror[0m	/Users/lihao/project/mall-pro/admin-gin/process/goods2mysql.go:40	Error 1213 (40001): Deadlock found when trying to get lock; try restarting transaction; Error 1213 (40001): Deadlock found when trying to get lock; try restarting transaction
[go_vue_admin]2024-08-02 12:50:39.501	[31merror[0m	/Users/lihao/project/mall-pro/admin-gin/process/goods2mysql.go:40	Error 1213 (40001): Deadlock found when trying to get lock; try restarting transaction; Error 1213 (40001): Deadlock found when trying to get lock; try restarting transaction
[go_vue_admin]2024-08-02 12:50:39.771	[31merror[0m	/Users/lihao/project/mall-pro/admin-gin/process/goods2mysql.go:40	Error 1213 (40001): Deadlock found when trying to get lock; try restarting transaction; Error 1213 (40001): Deadlock found when trying to get lock; try restarting transaction
[go_vue_admin]2024-08-02 12:50:44.422	[31merror[0m	/Users/lihao/project/mall-pro/admin-gin/process/goods2mysql.go:40	Error 1213 (40001): Deadlock found when trying to get lock; try restarting transaction; Error 1213 (40001): Deadlock found when trying to get lock; try restarting transaction
[go_vue_admin]2024-08-02 12:50:47.468	[31merror[0m	/Users/lihao/project/mall-pro/admin-gin/process/goods2mysql.go:40	Error 1213 (40001): Deadlock found when trying to get lock; try restarting transaction; Error 1213 (40001): Deadlock found when trying to get lock; try restarting transaction
[go_vue_admin]2024-08-02 12:50:49.612	[31merror[0m	/Users/lihao/project/mall-pro/admin-gin/process/goods2mysql.go:40	Error 1213 (40001): Deadlock found when trying to get lock; try restarting transaction; Error 1213 (40001): Deadlock found when trying to get lock; try restarting transaction
[go_vue_admin]2024-08-02 12:50:49.667	[31merror[0m	/Users/lihao/project/mall-pro/admin-gin/process/goods2mysql.go:40	Error 1213 (40001): Deadlock found when trying to get lock; try restarting transaction; Error 1213 (40001): Deadlock found when trying to get lock; try restarting transaction
[go_vue_admin]2024-08-02 12:50:50.386	[31merror[0m	/Users/lihao/project/mall-pro/admin-gin/process/goods2mysql.go:40	Error 1213 (40001): Deadlock found when trying to get lock; try restarting transaction; Error 1213 (40001): Deadlock found when trying to get lock; try restarting transaction
[go_vue_admin]2024-08-02 12:50:52.836	[31merror[0m	/Users/lihao/project/mall-pro/admin-gin/process/goods2mysql.go:40	Error 1213 (40001): Deadlock found when trying to get lock; try restarting transaction; Error 1213 (40001): Deadlock found when trying to get lock; try restarting transaction
[go_vue_admin]2024-08-02 12:50:55.103	[31merror[0m	/Users/lihao/project/mall-pro/admin-gin/process/goods2mysql.go:40	Error 1213 (40001): Deadlock found when trying to get lock; try restarting transaction; Error 1213 (40001): Deadlock found when trying to get lock; try restarting transaction
[go_vue_admin]2024-08-02 12:50:56.833	[31merror[0m	/Users/lihao/project/mall-pro/admin-gin/process/goods2mysql.go:40	Error 1213 (40001): Deadlock found when trying to get lock; try restarting transaction; Error 1213 (40001): Deadlock found when trying to get lock; try restarting transaction
[go_vue_admin]2024-08-02 12:51:04.047	[31merror[0m	/Users/lihao/project/mall-pro/admin-gin/process/goods2mysql.go:40	Error 1213 (40001): Deadlock found when trying to get lock; try restarting transaction; Error 1213 (40001): Deadlock found when trying to get lock; try restarting transaction
[go_vue_admin]2024-08-02 12:51:14.457	[31merror[0m	/Users/lihao/project/mall-pro/admin-gin/process/goods2mysql.go:40	Error 1213 (40001): Deadlock found when trying to get lock; try restarting transaction; Error 1213 (40001): Deadlock found when trying to get lock; try restarting transaction
[go_vue_admin]2024-08-02 12:51:14.979	[31merror[0m	/Users/lihao/project/mall-pro/admin-gin/process/goods2mysql.go:40	Error 1213 (40001): Deadlock found when trying to get lock; try restarting transaction; Error 1213 (40001): Deadlock found when trying to get lock; try restarting transaction
[go_vue_admin]2024-08-02 12:51:15.756	[31merror[0m	/Users/lihao/project/mall-pro/admin-gin/process/goods2mysql.go:40	Error 1213 (40001): Deadlock found when trying to get lock; try restarting transaction; Error 1213 (40001): Deadlock found when trying to get lock; try restarting transaction
[go_vue_admin]2024-08-02 12:51:17.383	[31merror[0m	/Users/lihao/project/mall-pro/admin-gin/process/goods2mysql.go:40	Error 1213 (40001): Deadlock found when trying to get lock; try restarting transaction; Error 1213 (40001): Deadlock found when trying to get lock; try restarting transaction
[go_vue_admin]2024-08-02 12:51:19.734	[31merror[0m	/Users/lihao/project/mall-pro/admin-gin/process/goods2mysql.go:40	Error 1213 (40001): Deadlock found when trying to get lock; try restarting transaction; Error 1213 (40001): Deadlock found when trying to get lock; try restarting transaction
[go_vue_admin]2024-08-02 12:51:19.854	[31merror[0m	/Users/lihao/project/mall-pro/admin-gin/process/goods2mysql.go:40	Error 1213 (40001): Deadlock found when trying to get lock; try restarting transaction; Error 1213 (40001): Deadlock found when trying to get lock; try restarting transaction
[go_vue_admin]2024-08-02 12:51:21.078	[31merror[0m	/Users/lihao/project/mall-pro/admin-gin/process/goods2mysql.go:40	Error 1213 (40001): Deadlock found when trying to get lock; try restarting transaction; Error 1213 (40001): Deadlock found when trying to get lock; try restarting transaction
[go_vue_admin]2024-08-02 12:51:24.200	[31merror[0m	/Users/lihao/project/mall-pro/admin-gin/process/goods2mysql.go:40	Error 1213 (40001): Deadlock found when trying to get lock; try restarting transaction; Error 1213 (40001): Deadlock found when trying to get lock; try restarting transaction
[go_vue_admin]2024-08-02 12:51:24.287	[31merror[0m	/Users/lihao/project/mall-pro/admin-gin/process/goods2mysql.go:40	Error 1213 (40001): Deadlock found when trying to get lock; try restarting transaction; Error 1213 (40001): Deadlock found when trying to get lock; try restarting transaction
[go_vue_admin]2024-08-02 12:51:25.690	[31merror[0m	/Users/lihao/project/mall-pro/admin-gin/process/goods2mysql.go:40	Error 1213 (40001): Deadlock found when trying to get lock; try restarting transaction; Error 1213 (40001): Deadlock found when trying to get lock; try restarting transaction
[go_vue_admin]2024-08-02 12:51:25.811	[31merror[0m	/Users/lihao/project/mall-pro/admin-gin/process/goods2mysql.go:40	Error 1213 (40001): Deadlock found when trying to get lock; try restarting transaction; Error 1213 (40001): Deadlock found when trying to get lock; try restarting transaction
[go_vue_admin]2024-08-02 12:51:26.162	[31merror[0m	/Users/lihao/project/mall-pro/admin-gin/process/goods2mysql.go:40	Error 1213 (40001): Deadlock found when trying to get lock; try restarting transaction; Error 1213 (40001): Deadlock found when trying to get lock; try restarting transaction
[go_vue_admin]2024-08-02 12:51:26.276	[31merror[0m	/Users/lihao/project/mall-pro/admin-gin/process/goods2mysql.go:40	Error 1213 (40001): Deadlock found when trying to get lock; try restarting transaction; Error 1213 (40001): Deadlock found when trying to get lock; try restarting transaction
[go_vue_admin]2024-08-02 12:51:27.509	[31merror[0m	/Users/lihao/project/mall-pro/admin-gin/process/goods2mysql.go:40	Error 1213 (40001): Deadlock found when trying to get lock; try restarting transaction; Error 1213 (40001): Deadlock found when trying to get lock; try restarting transaction
[go_vue_admin]2024-08-02 12:51:28.669	[31merror[0m	/Users/lihao/project/mall-pro/admin-gin/process/goods2mysql.go:40	Error 1213 (40001): Deadlock found when trying to get lock; try restarting transaction; Error 1213 (40001): Deadlock found when trying to get lock; try restarting transaction
[go_vue_admin]2024-08-02 12:51:28.753	[31merror[0m	/Users/lihao/project/mall-pro/admin-gin/process/goods2mysql.go:40	Error 1213 (40001): Deadlock found when trying to get lock; try restarting transaction; Error 1213 (40001): Deadlock found when trying to get lock; try restarting transaction
[go_vue_admin]2024-08-02 12:51:28.857	[31merror[0m	/Users/lihao/project/mall-pro/admin-gin/process/goods2mysql.go:40	Error 1213 (40001): Deadlock found when trying to get lock; try restarting transaction; Error 1213 (40001): Deadlock found when trying to get lock; try restarting transaction
[go_vue_admin]2024-08-02 12:51:33.717	[31merror[0m	/Users/lihao/project/mall-pro/admin-gin/process/goods2mysql.go:40	Error 1213 (40001): Deadlock found when trying to get lock; try restarting transaction; Error 1213 (40001): Deadlock found when trying to get lock; try restarting transaction
[go_vue_admin]2024-08-02 12:51:35.215	[31merror[0m	/Users/lihao/project/mall-pro/admin-gin/process/goods2mysql.go:40	Error 1213 (40001): Deadlock found when trying to get lock; try restarting transaction; Error 1213 (40001): Deadlock found when trying to get lock; try restarting transaction
[go_vue_admin]2024-08-02 12:51:36.495	[31merror[0m	/Users/lihao/project/mall-pro/admin-gin/process/goods2mysql.go:40	Error 1213 (40001): Deadlock found when trying to get lock; try restarting transaction; Error 1213 (40001): Deadlock found when trying to get lock; try restarting transaction
[go_vue_admin]2024-08-02 12:51:39.185	[31merror[0m	/Users/lihao/project/mall-pro/admin-gin/process/goods2mysql.go:40	Error 1213 (40001): Deadlock found when trying to get lock; try restarting transaction; Error 1213 (40001): Deadlock found when trying to get lock; try restarting transaction
[go_vue_admin]2024-08-02 12:51:39.281	[31merror[0m	/Users/lihao/project/mall-pro/admin-gin/process/goods2mysql.go:40	Error 1213 (40001): Deadlock found when trying to get lock; try restarting transaction; Error 1213 (40001): Deadlock found when trying to get lock; try restarting transaction
[go_vue_admin]2024-08-02 12:51:49.278	[31merror[0m	/Users/lihao/project/mall-pro/admin-gin/process/goods2mysql.go:40	Error 1213 (40001): Deadlock found when trying to get lock; try restarting transaction; Error 1213 (40001): Deadlock found when trying to get lock; try restarting transaction
[go_vue_admin]2024-08-02 12:51:51.442	[31merror[0m	/Users/lihao/project/mall-pro/admin-gin/process/goods2mysql.go:40	Error 1213 (40001): Deadlock found when trying to get lock; try restarting transaction; Error 1213 (40001): Deadlock found when trying to get lock; try restarting transaction
[go_vue_admin]2024-08-02 12:51:59.381	[31merror[0m	/Users/lihao/project/mall-pro/admin-gin/process/goods2mysql.go:40	Error 1213 (40001): Deadlock found when trying to get lock; try restarting transaction; Error 1213 (40001): Deadlock found when trying to get lock; try restarting transaction
[go_vue_admin]2024-08-02 12:52:04.020	[31merror[0m	/Users/lihao/project/mall-pro/admin-gin/process/goods2mysql.go:40	Error 1213 (40001): Deadlock found when trying to get lock; try restarting transaction; Error 1213 (40001): Deadlock found when trying to get lock; try restarting transaction
[go_vue_admin]2024-08-02 12:52:05.021	[31merror[0m	/Users/lihao/project/mall-pro/admin-gin/process/goods2mysql.go:40	Error 1213 (40001): Deadlock found when trying to get lock; try restarting transaction; Error 1213 (40001): Deadlock found when trying to get lock; try restarting transaction
[go_vue_admin]2024-08-02 12:52:07.941	[31merror[0m	/Users/lihao/project/mall-pro/admin-gin/process/goods2mysql.go:40	Error 1213 (40001): Deadlock found when trying to get lock; try restarting transaction; Error 1213 (40001): Deadlock found when trying to get lock; try restarting transaction
[go_vue_admin]2024-08-02 12:52:13.099	[31merror[0m	/Users/lihao/project/mall-pro/admin-gin/process/goods2mysql.go:40	Error 1213 (40001): Deadlock found when trying to get lock; try restarting transaction; Error 1213 (40001): Deadlock found when trying to get lock; try restarting transaction
[go_vue_admin]2024-08-02 12:52:15.338	[31merror[0m	/Users/lihao/project/mall-pro/admin-gin/process/goods2mysql.go:40	Error 1213 (40001): Deadlock found when trying to get lock; try restarting transaction; Error 1213 (40001): Deadlock found when trying to get lock; try restarting transaction
[go_vue_admin]2024-08-02 12:52:16.115	[31merror[0m	/Users/lihao/project/mall-pro/admin-gin/process/goods2mysql.go:40	Error 1213 (40001): Deadlock found when trying to get lock; try restarting transaction; Error 1213 (40001): Deadlock found when trying to get lock; try restarting transaction
[go_vue_admin]2024-08-02 12:52:16.239	[31merror[0m	/Users/lihao/project/mall-pro/admin-gin/process/goods2mysql.go:40	Error 1213 (40001): Deadlock found when trying to get lock; try restarting transaction; Error 1213 (40001): Deadlock found when trying to get lock; try restarting transaction
[go_vue_admin]2024-08-02 12:52:21.644	[31merror[0m	/Users/lihao/project/mall-pro/admin-gin/process/goods2mysql.go:40	Error 1213 (40001): Deadlock found when trying to get lock; try restarting transaction; Error 1213 (40001): Deadlock found when trying to get lock; try restarting transaction
[go_vue_admin]2024-08-02 12:52:22.558	[31merror[0m	/Users/lihao/project/mall-pro/admin-gin/process/goods2mysql.go:40	Error 1213 (40001): Deadlock found when trying to get lock; try restarting transaction; Error 1213 (40001): Deadlock found when trying to get lock; try restarting transaction
[go_vue_admin]2024-08-02 12:52:23.209	[31merror[0m	/Users/lihao/project/mall-pro/admin-gin/process/goods2mysql.go:40	Error 1213 (40001): Deadlock found when trying to get lock; try restarting transaction; Error 1213 (40001): Deadlock found when trying to get lock; try restarting transaction
[go_vue_admin]2024-08-02 12:52:28.916	[31merror[0m	/Users/lihao/project/mall-pro/admin-gin/process/goods2mysql.go:40	Error 1213 (40001): Deadlock found when trying to get lock; try restarting transaction; Error 1213 (40001): Deadlock found when trying to get lock; try restarting transaction
[go_vue_admin]2024-08-02 12:52:30.018	[31merror[0m	/Users/lihao/project/mall-pro/admin-gin/process/goods2mysql.go:40	Error 1213 (40001): Deadlock found when trying to get lock; try restarting transaction; Error 1213 (40001): Deadlock found when trying to get lock; try restarting transaction
[go_vue_admin]2024-08-02 12:52:31.207	[31merror[0m	/Users/lihao/project/mall-pro/admin-gin/process/goods2mysql.go:40	Error 1213 (40001): Deadlock found when trying to get lock; try restarting transaction; Error 1213 (40001): Deadlock found when trying to get lock; try restarting transaction
[go_vue_admin]2024-08-02 12:52:39.460	[31merror[0m	/Users/lihao/project/mall-pro/admin-gin/process/goods2mysql.go:40	Error 1213 (40001): Deadlock found when trying to get lock; try restarting transaction; Error 1213 (40001): Deadlock found when trying to get lock; try restarting transaction
[go_vue_admin]2024-08-02 12:52:40.076	[31merror[0m	/Users/lihao/project/mall-pro/admin-gin/process/goods2mysql.go:40	Error 1213 (40001): Deadlock found when trying to get lock; try restarting transaction; Error 1213 (40001): Deadlock found when trying to get lock; try restarting transaction
[go_vue_admin]2024-08-02 12:52:40.705	[31merror[0m	/Users/lihao/project/mall-pro/admin-gin/process/goods2mysql.go:40	Error 1213 (40001): Deadlock found when trying to get lock; try restarting transaction; Error 1213 (40001): Deadlock found when trying to get lock; try restarting transaction
[go_vue_admin]2024-08-02 12:52:41.456	[31merror[0m	/Users/lihao/project/mall-pro/admin-gin/process/goods2mysql.go:40	Error 1213 (40001): Deadlock found when trying to get lock; try restarting transaction; Error 1213 (40001): Deadlock found when trying to get lock; try restarting transaction
[go_vue_admin]2024-08-02 12:52:41.648	[31merror[0m	/Users/lihao/project/mall-pro/admin-gin/process/goods2mysql.go:40	Error 1213 (40001): Deadlock found when trying to get lock; try restarting transaction; Error 1213 (40001): Deadlock found when trying to get lock; try restarting transaction
[go_vue_admin]2024-08-02 12:52:42.086	[31merror[0m	/Users/lihao/project/mall-pro/admin-gin/process/goods2mysql.go:40	Error 1213 (40001): Deadlock found when trying to get lock; try restarting transaction; Error 1213 (40001): Deadlock found when trying to get lock; try restarting transaction
[go_vue_admin]2024-08-02 12:52:46.920	[31merror[0m	/Users/lihao/project/mall-pro/admin-gin/process/goods2mysql.go:40	Error 1213 (40001): Deadlock found when trying to get lock; try restarting transaction; Error 1213 (40001): Deadlock found when trying to get lock; try restarting transaction
[go_vue_admin]2024-08-02 12:52:46.981	[31merror[0m	/Users/lihao/project/mall-pro/admin-gin/process/goods2mysql.go:40	Error 1213 (40001): Deadlock found when trying to get lock; try restarting transaction; Error 1213 (40001): Deadlock found when trying to get lock; try restarting transaction
[go_vue_admin]2024-08-02 12:52:47.660	[31merror[0m	/Users/lihao/project/mall-pro/admin-gin/process/goods2mysql.go:40	Error 1213 (40001): Deadlock found when trying to get lock; try restarting transaction; Error 1213 (40001): Deadlock found when trying to get lock; try restarting transaction
[go_vue_admin]2024-08-02 12:52:47.721	[31merror[0m	/Users/lihao/project/mall-pro/admin-gin/process/goods2mysql.go:40	Error 1213 (40001): Deadlock found when trying to get lock; try restarting transaction; Error 1213 (40001): Deadlock found when trying to get lock; try restarting transaction
[go_vue_admin]2024-08-02 12:52:50.784	[31merror[0m	/Users/lihao/project/mall-pro/admin-gin/process/goods2mysql.go:40	Error 1213 (40001): Deadlock found when trying to get lock; try restarting transaction; Error 1213 (40001): Deadlock found when trying to get lock; try restarting transaction
[go_vue_admin]2024-08-02 12:52:51.824	[31merror[0m	/Users/lihao/project/mall-pro/admin-gin/process/goods2mysql.go:40	Error 1213 (40001): Deadlock found when trying to get lock; try restarting transaction; Error 1213 (40001): Deadlock found when trying to get lock; try restarting transaction
[go_vue_admin]2024-08-02 12:52:55.329	[31merror[0m	/Users/lihao/project/mall-pro/admin-gin/process/goods2mysql.go:40	Error 1213 (40001): Deadlock found when trying to get lock; try restarting transaction; Error 1213 (40001): Deadlock found when trying to get lock; try restarting transaction
[go_vue_admin]2024-08-02 12:53:03.934	[31merror[0m	/Users/lihao/project/mall-pro/admin-gin/process/goods2mysql.go:40	Error 1213 (40001): Deadlock found when trying to get lock; try restarting transaction; Error 1213 (40001): Deadlock found when trying to get lock; try restarting transaction
[go_vue_admin]2024-08-02 12:53:04.150	[31merror[0m	/Users/lihao/project/mall-pro/admin-gin/process/goods2mysql.go:40	Error 1213 (40001): Deadlock found when trying to get lock; try restarting transaction; Error 1213 (40001): Deadlock found when trying to get lock; try restarting transaction
[go_vue_admin]2024-08-02 12:53:04.676	[31merror[0m	/Users/lihao/project/mall-pro/admin-gin/process/goods2mysql.go:40	Error 1213 (40001): Deadlock found when trying to get lock; try restarting transaction; Error 1213 (40001): Deadlock found when trying to get lock; try restarting transaction
[go_vue_admin]2024-08-02 12:53:04.821	[31merror[0m	/Users/lihao/project/mall-pro/admin-gin/process/goods2mysql.go:40	Error 1213 (40001): Deadlock found when trying to get lock; try restarting transaction; Error 1213 (40001): Deadlock found when trying to get lock; try restarting transaction
[go_vue_admin]2024-08-02 12:53:06.107	[31merror[0m	/Users/lihao/project/mall-pro/admin-gin/process/goods2mysql.go:40	Error 1213 (40001): Deadlock found when trying to get lock; try restarting transaction; Error 1213 (40001): Deadlock found when trying to get lock; try restarting transaction
[go_vue_admin]2024-08-02 12:53:08.271	[31merror[0m	/Users/lihao/project/mall-pro/admin-gin/websocket/ws_handle.go:70	read tcp [::1]:8887->[::1]:53027: use of closed network connection
[go_vue_admin]2024-08-02 12:53:08.271	[31merror[0m	/Users/lihao/project/mall-pro/admin-gin/core/server.go:44	accept tcp [::]:8887: use of closed network connection
[go_vue_admin]2024-08-02 12:53:47.618	[31merror[0m	/Users/lihao/project/mall-pro/admin-gin/process/goods2mysql.go:40	Error 1213 (40001): Deadlock found when trying to get lock; try restarting transaction; Error 1213 (40001): Deadlock found when trying to get lock; try restarting transaction
[go_vue_admin]2024-08-02 12:55:05.221	[31merror[0m	/Users/lihao/project/mall-pro/admin-gin/websocket/ws_handle.go:70	read tcp [::1]:8887->[::1]:53923: use of closed network connection
[go_vue_admin]2024-08-02 12:55:05.222	[31merror[0m	/Users/lihao/project/mall-pro/admin-gin/core/server.go:44	accept tcp [::]:8887: use of closed network connection
[go_vue_admin]2024-08-02 13:01:33.660	[31merror[0m	/Users/lihao/project/mall-pro/admin-gin/websocket/ws_handle.go:70	read tcp [::1]:8887->[::1]:54474: use of closed network connection
[go_vue_admin]2024-08-02 13:01:33.661	[31merror[0m	/Users/lihao/project/mall-pro/admin-gin/core/server.go:44	accept tcp [::]:8887: use of closed network connection
[go_vue_admin]2024-08-02 13:50:57.544	[31merror[0m	/Users/lihao/project/mall-pro/admin-gin/process/goods2mysql.go:40	Error 1213 (40001): Deadlock found when trying to get lock; try restarting transaction; Error 1213 (40001): Deadlock found when trying to get lock; try restarting transaction
[go_vue_admin]2024-08-02 13:54:35.770	[31merror[0m	/Users/lihao/project/mall-pro/admin-gin/process/goods2mysql.go:40	Error 1213 (40001): Deadlock found when trying to get lock; try restarting transaction; Error 1213 (40001): Deadlock found when trying to get lock; try restarting transaction
[go_vue_admin]2024-08-02 14:19:48.084	[31merror[0m	/Users/lihao/project/mall-pro/admin-gin/process/goods2mysql.go:40	Error 1213 (40001): Deadlock found when trying to get lock; try restarting transaction; Error 1213 (40001): Deadlock found when trying to get lock; try restarting transaction
[go_vue_admin]2024-08-02 14:31:01.239	[31merror[0m	/Users/lihao/project/mall-pro/admin-gin/process/goods2mysql.go:40	Error 1213 (40001): Deadlock found when trying to get lock; try restarting transaction; Error 1213 (40001): Deadlock found when trying to get lock; try restarting transaction
[go_vue_admin]2024-08-02 14:32:23.164	[31merror[0m	/Users/lihao/project/mall-pro/admin-gin/process/goods2mysql.go:40	Error 1213 (40001): Deadlock found when trying to get lock; try restarting transaction; Error 1213 (40001): Deadlock found when trying to get lock; try restarting transaction
[go_vue_admin]2024-08-02 14:42:26.079	[31merror[0m	/Users/lihao/project/mall-pro/admin-gin/process/goods2mysql.go:40	Error 1213 (40001): Deadlock found when trying to get lock; try restarting transaction; Error 1213 (40001): Deadlock found when trying to get lock; try restarting transaction
[go_vue_admin]2024-08-02 14:50:45.587	[31merror[0m	/Users/lihao/project/mall-pro/admin-gin/websocket/ws_handle.go:70	websocket: close 1001 (going away)
[go_vue_admin]2024-08-02 15:01:41.091	[31merror[0m	/Users/lihao/project/mall-pro/admin-gin/websocket/ws_handle.go:38	close tcp [::1]:8887->[::1]:49406: use of closed network connection
[go_vue_admin]2024-08-02 15:01:41.091	[31merror[0m	/Users/lihao/project/mall-pro/admin-gin/websocket/ws_handle.go:70	read tcp [::1]:8887->[::1]:63771: use of closed network connection
[go_vue_admin]2024-08-02 15:01:41.091	[31merror[0m	/Users/lihao/project/mall-pro/admin-gin/core/server.go:44	accept tcp [::]:8887: use of closed network connection
[go_vue_admin]2024-08-02 15:18:32.619	[31merror[0m	/Users/lihao/project/mall-pro/admin-gin/websocket/ws_handle.go:70	websocket: close 1001 (going away)
[go_vue_admin]2024-08-02 15:18:41.969	[31merror[0m	/Users/lihao/project/mall-pro/admin-gin/websocket/ws_handle.go:70	read tcp [::1]:8887->[::1]:64247: use of closed network connection
[go_vue_admin]2024-08-02 15:18:41.970	[31merror[0m	/Users/lihao/project/mall-pro/admin-gin/core/server.go:44	accept tcp [::]:8887: use of closed network connection
[go_vue_admin]2024-08-02 15:18:41.969	[31merror[0m	/Users/lihao/project/mall-pro/admin-gin/websocket/ws_handle.go:38	close tcp [::1]:8887->[::1]:63994: use of closed network connection
[go_vue_admin]2024-08-02 15:25:40.065	[31merror[0m	/Users/lihao/project/mall-pro/admin-gin/core/server.go:44	accept tcp [::]:8887: use of closed network connection
[go_vue_admin]2024-08-02 15:25:40.065	[31merror[0m	/Users/lihao/project/mall-pro/admin-gin/websocket/ws_handle.go:70	read tcp [::1]:8887->[::1]:64275: use of closed network connection
[go_vue_admin]2024-08-02 15:31:48.388	[31merror[0m	/Users/lihao/project/mall-pro/admin-gin/websocket/ws_handle.go:70	read tcp [::1]:8887->[::1]:64486: use of closed network connection
[go_vue_admin]2024-08-02 15:31:48.389	[31merror[0m	/Users/lihao/project/mall-pro/admin-gin/core/server.go:44	accept tcp [::]:8887: use of closed network connection
[go_vue_admin]2024-08-02 15:55:58.380	[31merror[0m	/Users/lihao/project/mall-pro/admin-gin/core/server.go:44	accept tcp [::]:8887: use of closed network connection
[go_vue_admin]2024-08-02 15:55:58.380	[31merror[0m	/Users/lihao/project/mall-pro/admin-gin/websocket/ws_handle.go:70	read tcp [::1]:8887->[::1]:64549: use of closed network connection
[go_vue_admin]2024-08-02 15:58:04.408	[31merror[0m	/Users/lihao/project/mall-pro/admin-gin/core/server.go:44	accept tcp [::]:8887: use of closed network connection
[go_vue_admin]2024-08-02 15:58:04.407	[31merror[0m	/Users/lihao/project/mall-pro/admin-gin/websocket/ws_handle.go:70	read tcp [::1]:8887->[::1]:64898: use of closed network connection
[go_vue_admin]2024-08-02 15:58:11.906	[31merror[0m	/Users/lihao/project/mall-pro/admin-gin/service/product/pro_goods.go:314	Error 1052 (23000): Column 'id' in field list is ambiguous
[go_vue_admin]2024-08-02 15:58:28.113	[31merror[0m	/Users/lihao/project/mall-pro/admin-gin/websocket/ws_handle.go:70	read tcp [::1]:8887->[::1]:64972: use of closed network connection
[go_vue_admin]2024-08-02 15:58:28.114	[31merror[0m	/Users/lihao/project/mall-pro/admin-gin/core/server.go:44	accept tcp [::]:8887: use of closed network connection
[go_vue_admin]2024-08-02 15:59:58.227	[31merror[0m	/Users/lihao/project/mall-pro/admin-gin/websocket/ws_handle.go:70	read tcp [::1]:8887->[::1]:64997: use of closed network connection
[go_vue_admin]2024-08-02 15:59:58.228	[31merror[0m	/Users/lihao/project/mall-pro/admin-gin/core/server.go:44	accept tcp [::]:8887: use of closed network connection
[go_vue_admin]2024-08-02 16:00:26.090	[31merror[0m	/Users/lihao/project/mall-pro/admin-gin/websocket/ws_handle.go:70	websocket: close 1001 (going away)
[go_vue_admin]2024-08-02 16:02:34.603	[31merror[0m	/Users/lihao/project/mall-pro/admin-gin/websocket/ws_handle.go:38	close tcp [::1]:8887->[::1]:65059: use of closed network connection
[go_vue_admin]2024-08-02 16:02:34.603	[31merror[0m	/Users/lihao/project/mall-pro/admin-gin/websocket/ws_handle.go:70	read tcp [::1]:8887->[::1]:65083: use of closed network connection
[go_vue_admin]2024-08-02 16:02:34.604	[31merror[0m	/Users/lihao/project/mall-pro/admin-gin/core/server.go:44	accept tcp [::]:8887: use of closed network connection
[go_vue_admin]2024-08-02 16:03:39.840	[31merror[0m	/Users/lihao/project/mall-pro/admin-gin/websocket/ws_handle.go:70	websocket: close 1001 (going away)
[go_vue_admin]2024-08-02 16:05:25.075	[31merror[0m	/Users/lihao/project/mall-pro/admin-gin/service/product/pro_goods.go:314	Error 1055 (42000): Expression #41 of SELECT list is not in GROUP BY clause and contains nonaggregated column 'xtaoke.gt.tag_id' which is not functionally dependent on columns in GROUP BY clause; this is incompatible with sql_mode=only_full_group_by
[go_vue_admin]2024-08-02 16:05:37.340	[31merror[0m	/Users/lihao/project/mall-pro/admin-gin/service/product/pro_goods.go:314	Error 1055 (42000): Expression #41 of SELECT list is not in GROUP BY clause and contains nonaggregated column 'xtaoke.gt.tag_id' which is not functionally dependent on columns in GROUP BY clause; this is incompatible with sql_mode=only_full_group_by
[go_vue_admin]2024-08-02 16:06:16.497	[31merror[0m	/Users/lihao/project/mall-pro/admin-gin/service/product/pro_goods.go:314	Error 1055 (42000): Expression #41 of SELECT list is not in GROUP BY clause and contains nonaggregated column 'xtaoke.gt.tag_id' which is not functionally dependent on columns in GROUP BY clause; this is incompatible with sql_mode=only_full_group_by
[go_vue_admin]2024-08-02 16:06:27.491	[31merror[0m	/Users/lihao/project/mall-pro/admin-gin/websocket/ws_handle.go:70	websocket: close 1001 (going away)
[go_vue_admin]2024-08-02 16:08:54.617	[31merror[0m	/Users/lihao/project/mall-pro/admin-gin/websocket/ws_handle.go:38	close tcp [::1]:8887->[::1]:65185: use of closed network connection
[go_vue_admin]2024-08-02 16:08:54.620	[31merror[0m	/Users/lihao/project/mall-pro/admin-gin/websocket/ws_handle.go:38	close tcp [::1]:8887->[::1]:65212: use of closed network connection
[go_vue_admin]2024-08-02 16:08:54.620	[31merror[0m	/Users/lihao/project/mall-pro/admin-gin/websocket/ws_handle.go:70	read tcp [::1]:8887->[::1]:65270: use of closed network connection
[go_vue_admin]2024-08-02 16:08:54.620	[31merror[0m	/Users/lihao/project/mall-pro/admin-gin/core/server.go:44	accept tcp [::]:8887: use of closed network connection
[go_vue_admin]2024-08-02 16:09:56.595	[31merror[0m	/Users/lihao/project/mall-pro/admin-gin/service/product/pro_goods.go:320	Error 1055 (42000): Expression #41 of SELECT list is not in GROUP BY clause and contains nonaggregated column 'xtaoke.gt.tag_id' which is not functionally dependent on columns in GROUP BY clause; this is incompatible with sql_mode=only_full_group_by
[go_vue_admin]2024-08-02 16:10:44.890	[31merror[0m	/Users/lihao/project/mall-pro/admin-gin/websocket/ws_handle.go:70	read tcp [::1]:8887->[::1]:65317: use of closed network connection
[go_vue_admin]2024-08-02 16:10:44.891	[31merror[0m	/Users/lihao/project/mall-pro/admin-gin/core/server.go:44	accept tcp [::]:8887: use of closed network connection
[go_vue_admin]2024-08-02 16:12:16.636	[31merror[0m	/Users/lihao/project/mall-pro/admin-gin/websocket/ws_handle.go:70	websocket: close 1001 (going away)
[go_vue_admin]2024-08-02 16:12:18.120	[31merror[0m	/Users/lihao/project/mall-pro/admin-gin/websocket/ws_handle.go:70	websocket: close 1001 (going away)
[go_vue_admin]2024-08-02 16:12:20.163	[31merror[0m	/Users/lihao/project/mall-pro/admin-gin/websocket/ws_handle.go:70	websocket: close 1001 (going away)
[go_vue_admin]2024-08-02 16:12:32.469	[31merror[0m	/Users/lihao/project/mall-pro/admin-gin/websocket/ws_handle.go:70	websocket: close 1001 (going away)
[go_vue_admin]2024-08-02 16:12:33.517	[31merror[0m	/Users/lihao/project/mall-pro/admin-gin/websocket/ws_handle.go:70	websocket: close 1001 (going away)
[go_vue_admin]2024-08-02 16:12:39.035	[31merror[0m	/Users/lihao/project/mall-pro/admin-gin/websocket/ws_handle.go:70	websocket: close 1001 (going away)
[go_vue_admin]2024-08-02 16:14:04.758	[31merror[0m	/Users/lihao/project/mall-pro/admin-gin/websocket/ws_handle.go:70	websocket: close 1001 (going away)
[go_vue_admin]2024-08-02 16:14:08.858	[31merror[0m	/Users/lihao/project/mall-pro/admin-gin/websocket/ws_handle.go:70	websocket: close 1001 (going away)
[go_vue_admin]2024-08-02 16:15:17.899	[31merror[0m	/Users/lihao/project/mall-pro/admin-gin/websocket/ws_handle.go:70	websocket: close 1001 (going away)
[go_vue_admin]2024-08-02 16:19:51.990	[31merror[0m	/Users/lihao/project/mall-pro/admin-gin/websocket/ws_handle.go:70	websocket: close 1001 (going away)
[go_vue_admin]2024-08-02 16:20:03.854	[31merror[0m	/Users/lihao/project/mall-pro/admin-gin/websocket/ws_handle.go:70	websocket: close 1001 (going away)
[go_vue_admin]2024-08-02 16:20:43.611	[31merror[0m	/Users/lihao/project/mall-pro/admin-gin/websocket/ws_handle.go:38	close tcp [::1]:8887->[::1]:65417: use of closed network connection
[go_vue_admin]2024-08-02 16:20:43.612	[31merror[0m	/Users/lihao/project/mall-pro/admin-gin/websocket/ws_handle.go:38	close tcp [::1]:8887->[::1]:49273: use of closed network connection
[go_vue_admin]2024-08-02 16:20:43.611	[31merror[0m	/Users/lihao/project/mall-pro/admin-gin/websocket/ws_handle.go:38	close tcp [::1]:8887->[::1]:65441: use of closed network connection
[go_vue_admin]2024-08-02 16:20:43.611	[31merror[0m	/Users/lihao/project/mall-pro/admin-gin/websocket/ws_handle.go:38	close tcp [::1]:8887->[::1]:65431: use of closed network connection
[go_vue_admin]2024-08-02 16:20:43.611	[31merror[0m	/Users/lihao/project/mall-pro/admin-gin/websocket/ws_handle.go:38	close tcp [::1]:8887->[::1]:65363: use of closed network connection
[go_vue_admin]2024-08-02 16:20:43.611	[31merror[0m	/Users/lihao/project/mall-pro/admin-gin/websocket/ws_handle.go:38	close tcp [::1]:8887->[::1]:49205: use of closed network connection
[go_vue_admin]2024-08-02 16:20:43.611	[31merror[0m	/Users/lihao/project/mall-pro/admin-gin/websocket/ws_handle.go:38	close tcp [::1]:8887->[::1]:65489: use of closed network connection
[go_vue_admin]2024-08-02 16:20:43.612	[31merror[0m	/Users/lihao/project/mall-pro/admin-gin/websocket/ws_handle.go:38	close tcp [::1]:8887->[::1]:65457: use of closed network connection
[go_vue_admin]2024-08-02 16:20:43.612	[31merror[0m	/Users/lihao/project/mall-pro/admin-gin/websocket/ws_handle.go:38	close tcp [::1]:8887->[::1]:49381: use of closed network connection
[go_vue_admin]2024-08-02 16:20:43.612	[31merror[0m	/Users/lihao/project/mall-pro/admin-gin/websocket/ws_handle.go:38	close tcp [::1]:8887->[::1]:49225: use of closed network connection
[go_vue_admin]2024-08-02 16:20:43.612	[31merror[0m	/Users/lihao/project/mall-pro/admin-gin/websocket/ws_handle.go:70	read tcp [::1]:8887->[::1]:49409: use of closed network connection
[go_vue_admin]2024-08-02 16:20:43.611	[31merror[0m	/Users/lihao/project/mall-pro/admin-gin/websocket/ws_handle.go:38	close tcp [::1]:8887->[::1]:65471: use of closed network connection
[go_vue_admin]2024-08-02 16:20:43.612	[31merror[0m	/Users/lihao/project/mall-pro/admin-gin/core/server.go:44	accept tcp [::]:8887: use of closed network connection
[go_vue_admin]2024-08-02 16:20:53.224	[31merror[0m	/Users/lihao/project/mall-pro/admin-gin/websocket/ws_handle.go:70	websocket: close 1001 (going away)
[go_vue_admin]2024-08-02 16:21:32.724	[31merror[0m	/Users/lihao/project/mall-pro/admin-gin/websocket/ws_handle.go:38	close tcp [::1]:8887->[::1]:49475: use of closed network connection
[go_vue_admin]2024-08-02 16:21:32.724	[31merror[0m	/Users/lihao/project/mall-pro/admin-gin/websocket/ws_handle.go:70	read tcp [::1]:8887->[::1]:49490: use of closed network connection
[go_vue_admin]2024-08-02 16:21:32.724	[31merror[0m	/Users/lihao/project/mall-pro/admin-gin/core/server.go:44	accept tcp [::]:8887: use of closed network connection
[go_vue_admin]2024-08-02 16:23:42.216	[31merror[0m	/Users/lihao/project/mall-pro/admin-gin/websocket/ws_handle.go:70	websocket: close 1001 (going away)
[go_vue_admin]2024-08-02 16:24:15.126	[31merror[0m	/Users/lihao/project/mall-pro/admin-gin/websocket/ws_handle.go:70	read tcp [::1]:8887->[::1]:49581: use of closed network connection
[go_vue_admin]2024-08-02 16:24:15.126	[31merror[0m	/Users/lihao/project/mall-pro/admin-gin/websocket/ws_handle.go:38	close tcp [::1]:8887->[::1]:49524: use of closed network connection
[go_vue_admin]2024-08-02 16:24:15.126	[31merror[0m	/Users/lihao/project/mall-pro/admin-gin/core/server.go:44	accept tcp [::]:8887: use of closed network connection
[go_vue_admin]2024-08-02 16:25:17.679	[31merror[0m	/Users/lihao/project/mall-pro/admin-gin/websocket/ws_handle.go:70	read tcp [::1]:8887->[::1]:49609: use of closed network connection
[go_vue_admin]2024-08-02 16:25:17.680	[31merror[0m	/Users/lihao/project/mall-pro/admin-gin/core/server.go:44	accept tcp [::]:8887: use of closed network connection
[go_vue_admin]2024-08-02 16:26:05.276	[31merror[0m	/Users/lihao/project/mall-pro/admin-gin/websocket/ws_handle.go:70	read tcp [::1]:8887->[::1]:49646: use of closed network connection
[go_vue_admin]2024-08-02 16:26:05.277	[31merror[0m	/Users/lihao/project/mall-pro/admin-gin/core/server.go:44	accept tcp [::]:8887: use of closed network connection
[go_vue_admin]2024-08-02 16:27:02.435	[31merror[0m	/Users/lihao/project/mall-pro/admin-gin/websocket/ws_handle.go:70	websocket: close 1001 (going away)
[go_vue_admin]2024-08-02 16:36:55.398	[31merror[0m	/Users/lihao/project/mall-pro/admin-gin/websocket/ws_handle.go:70	read tcp [::1]:8887->[::1]:49710: use of closed network connection
[go_vue_admin]2024-08-02 16:36:55.401	[31merror[0m	/Users/lihao/project/mall-pro/admin-gin/core/server.go:44	accept tcp [::]:8887: use of closed network connection
[go_vue_admin]2024-08-02 16:36:55.401	[31merror[0m	/Users/lihao/project/mall-pro/admin-gin/websocket/ws_handle.go:38	close tcp [::1]:8887->[::1]:49676: use of closed network connection
[go_vue_admin]2024-08-02 16:37:05.573	[31merror[0m	/Users/lihao/project/mall-pro/admin-gin/websocket/ws_handle.go:70	websocket: close 1001 (going away)
[go_vue_admin]2024-08-02 16:37:53.594	[31merror[0m	/Users/lihao/project/mall-pro/admin-gin/websocket/ws_handle.go:70	websocket: close 1001 (going away)
[go_vue_admin]2024-08-02 16:40:29.289	[31merror[0m	/Users/lihao/project/mall-pro/admin-gin/websocket/ws_handle.go:38	close tcp [::1]:8887->[::1]:49927: use of closed network connection
[go_vue_admin]2024-08-02 16:40:29.289	[31merror[0m	/Users/lihao/project/mall-pro/admin-gin/websocket/ws_handle.go:70	read tcp [::1]:8887->[::1]:50003: use of closed network connection
[go_vue_admin]2024-08-02 16:40:29.289	[31merror[0m	/Users/lihao/project/mall-pro/admin-gin/websocket/ws_handle.go:38	close tcp [::1]:8887->[::1]:49946: use of closed network connection
[go_vue_admin]2024-08-02 16:40:29.290	[31merror[0m	/Users/lihao/project/mall-pro/admin-gin/core/server.go:44	accept tcp [::]:8887: use of closed network connection
[go_vue_admin]2024-08-02 16:48:20.240	[31merror[0m	/Users/lihao/project/mall-pro/admin-gin/websocket/ws_handle.go:70	websocket: close 1001 (going away)
[go_vue_admin]2024-08-02 16:55:18.267	[31merror[0m	/Users/lihao/project/mall-pro/admin-gin/websocket/ws_handle.go:70	websocket: close 1001 (going away)
[go_vue_admin]2024-08-02 19:57:43.693	[31merror[0m	/Users/lihao/project/mall-pro/admin-gin/websocket/ws_handle.go:70	websocket: close 1006 (abnormal closure): unexpected EOF
[go_vue_admin]2024-08-02 21:59:37.630	[31merror[0m	/Users/lihao/project/mall-pro/admin-gin/websocket/ws_handle.go:38	close tcp [::1]:8887->[::1]:50309: use of closed network connection
[go_vue_admin]2024-08-02 21:59:37.630	[31merror[0m	/Users/lihao/project/mall-pro/admin-gin/websocket/ws_handle.go:38	close tcp [::1]:8887->[::1]:50067: use of closed network connection
[go_vue_admin]2024-08-02 21:59:37.630	[31merror[0m	/Users/lihao/project/mall-pro/admin-gin/websocket/ws_handle.go:38	close tcp [::1]:8887->[::1]:50418: use of closed network connection
[go_vue_admin]2024-08-02 21:59:37.630	[31merror[0m	/Users/lihao/project/mall-pro/admin-gin/core/server.go:44	accept tcp [::]:8887: use of closed network connection
[go_vue_admin]2024-08-02 21:59:37.630	[31merror[0m	/Users/lihao/project/mall-pro/admin-gin/websocket/ws_handle.go:70	read tcp [::1]:8887->[::1]:57948: use of closed network connection
