[go_vue_admin]2024-08-09 00:05:30.092	[34minfo[0m	/Users/lihao/project/mall-pro/admin-gin/websocket/ws_handle.go:49	websocket è¿æ¥æˆåŠŸ
[go_vue_admin]2024-08-09 00:07:37.261	[34minfo[0m	/Users/lihao/project/mall-pro/admin-gin/websocket/ws_handle.go:49	websocket è¿æ¥æˆåŠŸ
[go_vue_admin]2024-08-09 00:08:59.282	[34minfo[0m	/Users/lihao/project/mall-pro/admin-gin/websocket/ws_handle.go:49	websocket è¿æ¥æˆåŠŸ
[go_vue_admin]2024-08-09 00:11:39.316	[34minfo[0m	/Users/lihao/project/mall-pro/admin-gin/websocket/ws_handle.go:49	websocket è¿æ¥æˆåŠŸ
[go_vue_admin]2024-08-09 00:12:33.124	[34minfo[0m	/Users/lihao/project/mall-pro/admin-gin/websocket/ws_handle.go:49	websocket è¿æ¥æˆåŠŸ
[go_vue_admin]2024-08-09 00:13:08.760	[34minfo[0m	/Users/lihao/project/mall-pro/admin-gin/websocket/ws_handle.go:49	websocket è¿æ¥æˆåŠŸ
[go_vue_admin]2024-08-09 00:13:09.188	[34minfo[0m	/Users/lihao/project/mall-pro/admin-gin/websocket/ws_handle.go:49	websocket è¿æ¥æˆåŠŸ
[go_vue_admin]2024-08-09 00:14:58.770	[34minfo[0m	/Users/lihao/project/mall-pro/admin-gin/websocket/ws_handle.go:49	websocket è¿æ¥æˆåŠŸ
[go_vue_admin]2024-08-09 00:15:10.345	[34minfo[0m	/Users/lihao/project/mall-pro/admin-gin/websocket/ws_handle.go:49	websocket è¿æ¥æˆåŠŸ
[go_vue_admin]2024-08-09 00:16:27.591	[34minfo[0m	/Users/lihao/project/mall-pro/admin-gin/websocket/ws_handle.go:49	websocket è¿æ¥æˆåŠŸ
[go_vue_admin]2024-08-09 00:19:27.117	[34minfo[0m	/Users/lihao/project/mall-pro/admin-gin/websocket/ws_handle.go:49	websocket è¿æ¥æˆåŠŸ
[go_vue_admin]2024-08-09 00:20:21.899	[34minfo[0m	/Users/lihao/project/mall-pro/admin-gin/websocket/ws_handle.go:49	websocket è¿æ¥æˆåŠŸ
[go_vue_admin]2024-08-09 00:21:22.775	[34minfo[0m	/Users/lihao/project/mall-pro/admin-gin/websocket/ws_handle.go:49	websocket è¿æ¥æˆåŠŸ
[go_vue_admin]2024-08-09 00:21:25.361	[34minfo[0m	/Users/lihao/project/mall-pro/admin-gin/websocket/ws_handle.go:49	websocket è¿æ¥æˆåŠŸ
[go_vue_admin]2024-08-09 00:29:21.793	[34minfo[0m	/Users/lihao/project/mall-pro/admin-gin/websocket/ws_handle.go:49	websocket è¿æ¥æˆåŠŸ
[go_vue_admin]2024-08-09 00:29:24.053	[34minfo[0m	/Users/lihao/project/mall-pro/admin-gin/api/v1/product/pro_goods.go:83	10
[go_vue_admin]2024-08-09 00:30:16.546	[34minfo[0m	/Users/lihao/project/mall-pro/admin-gin/websocket/ws_handle.go:49	websocket è¿æ¥æˆåŠŸ
[go_vue_admin]2024-08-09 00:32:28.236	[34minfo[0m	/Users/lihao/project/mall-pro/admin-gin/websocket/ws_handle.go:49	websocket è¿æ¥æˆåŠŸ
[go_vue_admin]2024-08-09 00:33:44.705	[34minfo[0m	/Users/lihao/project/mall-pro/admin-gin/websocket/ws_handle.go:49	websocket è¿æ¥æˆåŠŸ
[go_vue_admin]2024-08-09 00:33:57.284	[34minfo[0m	/Users/lihao/project/mall-pro/admin-gin/websocket/ws_handle.go:49	websocket è¿æ¥æˆåŠŸ
[go_vue_admin]2024-08-09 00:34:31.478	[34minfo[0m	/Users/lihao/project/mall-pro/admin-gin/websocket/ws_handle.go:49	websocket è¿æ¥æˆåŠŸ
[go_vue_admin]2024-08-09 00:34:41.468	[34minfo[0m	/Users/lihao/project/mall-pro/admin-gin/websocket/ws_handle.go:49	websocket è¿æ¥æˆåŠŸ
[go_vue_admin]2024-08-09 00:35:11.340	[34minfo[0m	/Users/lihao/project/mall-pro/admin-gin/websocket/ws_handle.go:49	websocket è¿æ¥æˆåŠŸ
[go_vue_admin]2024-08-09 00:35:29.684	[34minfo[0m	/Users/lihao/project/mall-pro/admin-gin/websocket/ws_handle.go:49	websocket è¿æ¥æˆåŠŸ
[go_vue_admin]2024-08-09 00:35:42.392	[34minfo[0m	/Users/lihao/project/mall-pro/admin-gin/websocket/ws_handle.go:49	websocket è¿æ¥æˆåŠŸ
[go_vue_admin]2024-08-09 00:36:18.061	[34minfo[0m	/Users/lihao/project/mall-pro/admin-gin/websocket/ws_handle.go:49	websocket è¿æ¥æˆåŠŸ
[go_vue_admin]2024-08-09 00:47:11.327	[34minfo[0m	/Users/lihao/project/mall-pro/admin-gin/websocket/ws_handle.go:49	websocket è¿æ¥æˆåŠŸ
[go_vue_admin]2024-08-09 00:48:15.597	[34minfo[0m	/Users/lihao/project/mall-pro/admin-gin/websocket/ws_handle.go:49	websocket è¿æ¥æˆåŠŸ
[go_vue_admin]2024-08-09 00:50:01.270	[34minfo[0m	/Users/lihao/project/mall-pro/admin-gin/websocket/ws_handle.go:49	websocket è¿æ¥æˆåŠŸ
[go_vue_admin]2024-08-09 00:50:59.728	[34minfo[0m	/Users/lihao/project/mall-pro/admin-gin/websocket/ws_handle.go:49	websocket è¿æ¥æˆåŠŸ
[go_vue_admin]2024-08-09 09:59:05.487	[34minfo[0m	/Users/lihao/project/mall-pro/admin-gin/websocket/ws_handle.go:49	websocket è¿æ¥æˆåŠŸ
[go_vue_admin]2024-08-09 10:03:17.851	[34minfo[0m	/Users/lihao/project/mall-pro/admin-gin/websocket/ws_handle.go:49	websocket è¿æ¥æˆåŠŸ
[go_vue_admin]2024-08-09 10:04:04.745	[34minfo[0m	/Users/lihao/project/mall-pro/admin-gin/websocket/ws_handle.go:49	websocket è¿æ¥æˆåŠŸ
[go_vue_admin]2024-08-09 10:04:08.459	[34minfo[0m	/Users/lihao/project/mall-pro/admin-gin/websocket/ws_handle.go:49	websocket è¿æ¥æˆåŠŸ
[go_vue_admin]2024-08-09 10:06:38.262	[34minfo[0m	/Users/lihao/project/mall-pro/admin-gin/websocket/ws_handle.go:49	websocket è¿æ¥æˆåŠŸ
[go_vue_admin]2024-08-09 10:07:26.350	[34minfo[0m	/Users/lihao/project/mall-pro/admin-gin/websocket/ws_handle.go:49	websocket è¿æ¥æˆåŠŸ
[go_vue_admin]2024-08-09 10:07:45.868	[34minfo[0m	/Users/lihao/project/mall-pro/admin-gin/websocket/ws_handle.go:49	websocket è¿æ¥æˆåŠŸ
[go_vue_admin]2024-08-09 10:10:08.946	[34minfo[0m	/Users/lihao/project/mall-pro/admin-gin/websocket/ws_handle.go:49	websocket è¿æ¥æˆåŠŸ
[go_vue_admin]2024-08-09 10:10:26.313	[34minfo[0m	/Users/lihao/project/mall-pro/admin-gin/websocket/ws_handle.go:49	websocket è¿æ¥æˆåŠŸ
[go_vue_admin]2024-08-09 10:10:58.818	[34minfo[0m	/Users/lihao/project/mall-pro/admin-gin/websocket/ws_handle.go:49	websocket è¿æ¥æˆåŠŸ
[go_vue_admin]2024-08-09 10:11:32.283	[34minfo[0m	/Users/lihao/project/mall-pro/admin-gin/websocket/ws_handle.go:49	websocket è¿æ¥æˆåŠŸ
[go_vue_admin]2024-08-09 10:12:56.111	[34minfo[0m	/Users/lihao/project/mall-pro/admin-gin/websocket/ws_handle.go:49	websocket è¿æ¥æˆåŠŸ
[go_vue_admin]2024-08-09 10:49:34.566	[34minfo[0m	/Users/lihao/project/mall-pro/admin-gin/websocket/ws_handle.go:49	websocket è¿æ¥æˆåŠŸ
[go_vue_admin]2024-08-09 10:49:56.400	[34minfo[0m	/Users/lihao/project/mall-pro/admin-gin/websocket/ws_handle.go:49	websocket è¿æ¥æˆåŠŸ
[go_vue_admin]2024-08-09 10:51:14.703	[34minfo[0m	/Users/lihao/project/mall-pro/admin-gin/websocket/ws_handle.go:49	websocket è¿æ¥æˆåŠŸ
[go_vue_admin]2024-08-09 10:53:12.283	[34minfo[0m	/Users/lihao/project/mall-pro/admin-gin/websocket/ws_handle.go:49	websocket è¿æ¥æˆåŠŸ
[go_vue_admin]2024-08-09 10:59:00.072	[34minfo[0m	/Users/lihao/project/mall-pro/admin-gin/websocket/ws_handle.go:49	websocket è¿æ¥æˆåŠŸ
[go_vue_admin]2024-08-09 10:59:19.922	[34minfo[0m	/Users/lihao/project/mall-pro/admin-gin/websocket/ws_handle.go:49	websocket è¿æ¥æˆåŠŸ
[go_vue_admin]2024-08-09 12:47:59.395	[34minfo[0m	/Users/lihao/project/mall-pro/admin-gin/websocket/ws_handle.go:49	websocket è¿æ¥æˆåŠŸ
[go_vue_admin]2024-08-09 12:49:15.809	[34minfo[0m	/Users/lihao/project/mall-pro/admin-gin/websocket/ws_handle.go:49	websocket è¿æ¥æˆåŠŸ
[go_vue_admin]2024-08-09 12:49:19.289	[34minfo[0m	/Users/lihao/project/mall-pro/admin-gin/service/product/goods_grab/pro_goods_grab.go:166	æ£åˆ¶å“é‡‡é›†å®Œæˆï¼
[go_vue_admin]2024-08-09 12:49:31.554	[34minfo[0m	/Users/lihao/project/mall-pro/admin-gin/service/product/simulate/common.go:54	æ¸…ç†æ¨¡æ‹ŸåŒ…åŸºç¡€æ•°æ®
[go_vue_admin]2024-08-09 12:49:38.867	[34minfo[0m	/Users/lihao/project/mall-pro/admin-gin/websocket/ws_handle.go:49	websocket è¿æ¥æˆåŠŸ
[go_vue_admin]2024-08-09 12:50:03.992	[34minfo[0m	/Users/lihao/project/mall-pro/admin-gin/service/product/goods_grab/pro_goods_grab.go:166	æ£åˆ¶å“é‡‡é›†å®Œæˆï¼
[go_vue_admin]2024-08-09 12:50:27.253	[34minfo[0m	/Users/lihao/project/mall-pro/admin-gin/service/product/simulate/common.go:54	æ¸…ç†æ¨¡æ‹ŸåŒ…åŸºç¡€æ•°æ®
[go_vue_admin]2024-08-09 12:51:08.325	[34minfo[0m	/Users/lihao/project/mall-pro/admin-gin/service/product/goods_grab/pro_goods_grab.go:166	çª—å¸˜çª—çº±é‡‡é›†å®Œæˆï¼
[go_vue_admin]2024-08-09 12:51:17.705	[34minfo[0m	/Users/lihao/project/mall-pro/admin-gin/service/product/simulate/common.go:54	æ¸…ç†æ¨¡æ‹ŸåŒ…åŸºç¡€æ•°æ®
[go_vue_admin]2024-08-09 12:53:15.228	[34minfo[0m	/Users/lihao/project/mall-pro/admin-gin/websocket/ws_handle.go:49	websocket è¿æ¥æˆåŠŸ
[go_vue_admin]2024-08-09 12:53:23.891	[34minfo[0m	/Users/lihao/project/mall-pro/admin-gin/service/product/goods_grab/pro_goods_grab.go:166	çª—å¸˜çª—çº±é‡‡é›†å®Œæˆï¼
[go_vue_admin]2024-08-09 12:53:36.803	[34minfo[0m	/Users/lihao/project/mall-pro/admin-gin/service/product/goods_grab/pro_goods_grab.go:166	æ¡Œå¸ƒ/ç½©ä»¶/å¸ƒæ–™é‡‡é›†å®Œæˆï¼
[go_vue_admin]2024-08-09 12:53:38.810	[34minfo[0m	/Users/lihao/project/mall-pro/admin-gin/service/product/goods_grab/pro_goods_grab.go:166	å…¶ä»–é…ä»¶é‡‡é›†å®Œæˆï¼
[go_vue_admin]2024-08-09 12:53:44.096	[34minfo[0m	/Users/lihao/project/mall-pro/admin-gin/service/product/simulate/common.go:54	æ¸…ç†æ¨¡æ‹ŸåŒ…åŸºç¡€æ•°æ®
[go_vue_admin]2024-08-09 12:57:17.764	[34minfo[0m	/Users/lihao/project/mall-pro/admin-gin/websocket/ws_handle.go:49	websocket è¿æ¥æˆåŠŸ
[go_vue_admin]2024-08-09 12:57:43.507	[34minfo[0m	/Users/lihao/project/mall-pro/admin-gin/service/product/goods_grab/pro_goods_grab.go:166	å…¶å®ƒæŠ¤å‘é‡‡é›†å®Œæˆï¼
[go_vue_admin]2024-08-09 12:57:44.893	[34minfo[0m	/Users/lihao/project/mall-pro/admin-gin/service/product/simulate/common.go:54	æ¸…ç†æ¨¡æ‹ŸåŒ…åŸºç¡€æ•°æ®
[go_vue_admin]2024-08-09 13:18:23.879	[34minfo[0m	/Users/lihao/project/mall-pro/admin-gin/websocket/ws_handle.go:49	websocket è¿æ¥æˆåŠŸ
[go_vue_admin]2024-08-09 13:18:29.201	[34minfo[0m	/Users/lihao/project/mall-pro/admin-gin/service/product/goods_grab/pro_goods_grab.go:166	æ£åˆ¶å“é‡‡é›†å®Œæˆï¼
[go_vue_admin]2024-08-09 13:18:40.421	[34minfo[0m	/Users/lihao/project/mall-pro/admin-gin/service/product/simulate/common.go:54	æ¸…ç†æ¨¡æ‹ŸåŒ…åŸºç¡€æ•°æ®
[go_vue_admin]2024-08-09 13:19:15.359	[34minfo[0m	/Users/lihao/project/mall-pro/admin-gin/service/product/goods_grab/pro_goods_grab.go:166	å…¶å®ƒæŠ¤å‘é‡‡é›†å®Œæˆï¼
[go_vue_admin]2024-08-09 13:19:28.259	[34minfo[0m	/Users/lihao/project/mall-pro/admin-gin/service/product/goods_grab/pro_goods_grab.go:166	æ´—æŠ¤å¥—è£…é‡‡é›†å®Œæˆï¼
[go_vue_admin]2024-08-09 13:19:38.275	[34minfo[0m	/Users/lihao/project/mall-pro/admin-gin/service/product/goods_grab/pro_goods_grab.go:166	ç‰™é½¿ç¾ç™½/æŠ¤ç†å‰‚é‡‡é›†å®Œæˆï¼
[go_vue_admin]2024-08-09 13:19:39.309	[34minfo[0m	/Users/lihao/project/mall-pro/admin-gin/service/product/goods_grab/pro_goods_grab.go:166	æŠ¤å‘ç´ /å‘è†œ/ç²¾æ²¹é‡‡é›†å®Œæˆï¼
[go_vue_admin]2024-08-09 13:19:48.325	[34minfo[0m	/Users/lihao/project/mall-pro/admin-gin/service/product/goods_grab/pro_goods_grab.go:166	å£è…”æŠ¤ç†å¥—è£…é‡‡é›†å®Œæˆï¼
[go_vue_admin]2024-08-09 13:19:56.689	[34minfo[0m	/Users/lihao/project/mall-pro/admin-gin/service/product/simulate/common.go:54	æ¸…ç†æ¨¡æ‹ŸåŒ…åŸºç¡€æ•°æ®
[go_vue_admin]2024-08-09 13:20:02.261	[34minfo[0m	/Users/lihao/project/mall-pro/admin-gin/service/product/goods_grab/pro_goods_grab.go:166	ç”µè§†é‡‡é›†å®Œæˆï¼
[go_vue_admin]2024-08-09 13:20:03.377	[34minfo[0m	/Users/lihao/project/mall-pro/admin-gin/service/product/goods_grab/pro_goods_grab.go:166	æ´—è¡£æœºé‡‡é›†å®Œæˆï¼
[go_vue_admin]2024-08-09 13:20:04.275	[34minfo[0m	/Users/lihao/project/mall-pro/admin-gin/service/product/goods_grab/pro_goods_grab.go:166	ç©ºè°ƒé‡‡é›†å®Œæˆï¼
[go_vue_admin]2024-08-09 13:20:05.318	[34minfo[0m	/Users/lihao/project/mall-pro/admin-gin/service/product/goods_grab/pro_goods_grab.go:166	å†°ç®±é‡‡é›†å®Œæˆï¼
[go_vue_admin]2024-08-09 13:20:06.341	[34minfo[0m	/Users/lihao/project/mall-pro/admin-gin/service/product/goods_grab/pro_goods_grab.go:166	æ™ºèƒ½æ‰‹æœºé‡‡é›†å®Œæˆï¼
[go_vue_admin]2024-08-09 13:20:07.286	[34minfo[0m	/Users/lihao/project/mall-pro/admin-gin/service/product/goods_grab/pro_goods_grab.go:166	å¨æˆ¿å¤§å®¶ç”µé‡‡é›†å®Œæˆï¼
[go_vue_admin]2024-08-09 13:20:13.284	[34minfo[0m	/Users/lihao/project/mall-pro/admin-gin/service/product/goods_grab/pro_goods_grab.go:166	çƒ­æ°´å™¨é‡‡é›†å®Œæˆï¼
[go_vue_admin]2024-08-09 13:20:15.265	[34minfo[0m	/Users/lihao/project/mall-pro/admin-gin/service/product/goods_grab/pro_goods_grab.go:166	ç”µè„‘é…ä»¶é‡‡é›†å®Œæˆï¼
[go_vue_admin]2024-08-09 13:20:17.301	[34minfo[0m	/Users/lihao/project/mall-pro/admin-gin/service/product/goods_grab/pro_goods_grab.go:166	è€äººæœºé‡‡é›†å®Œæˆï¼
[go_vue_admin]2024-08-09 13:20:18.323	[34minfo[0m	/Users/lihao/project/mall-pro/admin-gin/service/product/goods_grab/pro_goods_grab.go:166	æ¸¸æˆæ‰‹æœºé‡‡é›†å®Œæˆï¼
[go_vue_admin]2024-08-09 13:20:27.262	[34minfo[0m	/Users/lihao/project/mall-pro/admin-gin/service/product/goods_grab/pro_goods_grab.go:166	æ™ºèƒ½è®¾å¤‡é‡‡é›†å®Œæˆï¼
[go_vue_admin]2024-08-09 13:20:28.284	[34minfo[0m	/Users/lihao/project/mall-pro/admin-gin/service/product/goods_grab/pro_goods_grab.go:166	å°å¼æœºé‡‡é›†å®Œæˆï¼
[go_vue_admin]2024-08-09 13:20:35.326	[34minfo[0m	/Users/lihao/project/mall-pro/admin-gin/service/product/simulate/common.go:54	æ¸…ç†æ¨¡æ‹ŸåŒ…åŸºç¡€æ•°æ®
[go_vue_admin]2024-08-09 13:21:06.601	[34minfo[0m	/Users/lihao/project/mall-pro/admin-gin/service/product/simulate/common.go:54	æ¸…ç†æ¨¡æ‹ŸåŒ…åŸºç¡€æ•°æ®
[go_vue_admin]2024-08-09 13:40:34.255	[34minfo[0m	/Users/lihao/project/mall-pro/admin-gin/service/product/goods_grab/pro_goods_grab.go:166	ç”·å£«å¤–å¥—é‡‡é›†å®Œæˆï¼
[go_vue_admin]2024-08-09 13:40:42.253	[34minfo[0m	/Users/lihao/project/mall-pro/admin-gin/service/product/goods_grab/pro_goods_grab.go:166	çš®å¸¦/æ‰‹è¡¨é‡‡é›†å®Œæˆï¼
[go_vue_admin]2024-08-09 13:40:43.260	[34minfo[0m	/Users/lihao/project/mall-pro/admin-gin/service/product/goods_grab/pro_goods_grab.go:166	ç”·å£«å†…æ­é‡‡é›†å®Œæˆï¼
[go_vue_admin]2024-08-09 13:41:18.297	[34minfo[0m	/Users/lihao/project/mall-pro/admin-gin/service/product/goods_grab/pro_goods_grab.go:166	æ‰“ç«æœº/çœ¼é•œé‡‡é›†å®Œæˆï¼
[go_vue_admin]2024-08-09 13:41:20.243	[34minfo[0m	/Users/lihao/project/mall-pro/admin-gin/service/product/goods_grab/pro_goods_grab.go:166	ç”·å£«è£¤è£…é‡‡é›†å®Œæˆï¼
[go_vue_admin]2024-08-09 13:41:35.491	[34minfo[0m	/Users/lihao/project/mall-pro/admin-gin/service/product/simulate/common.go:54	æ¸…ç†æ¨¡æ‹ŸåŒ…åŸºç¡€æ•°æ®
[go_vue_admin]2024-08-09 13:42:30.959	[34minfo[0m	/Users/lihao/project/mall-pro/admin-gin/service/product/goods_grab/pro_goods_grab.go:166	å·çº¸/å«ç”Ÿçº¸é‡‡é›†å®Œæˆï¼
[go_vue_admin]2024-08-09 13:42:32.043	[34minfo[0m	/Users/lihao/project/mall-pro/admin-gin/service/product/goods_grab/pro_goods_grab.go:166	å¨æˆ¿ç”¨çº¸é‡‡é›†å®Œæˆï¼
[go_vue_admin]2024-08-09 13:42:41.953	[34minfo[0m	/Users/lihao/project/mall-pro/admin-gin/service/product/goods_grab/pro_goods_grab.go:166	ç”²é†›æ¸…é™¤å‰‚/ç”²é†›æµ‹è¯•é‡‡é›†å®Œæˆï¼
[go_vue_admin]2024-08-09 13:42:51.930	[34minfo[0m	/Users/lihao/project/mall-pro/admin-gin/service/product/goods_grab/pro_goods_grab.go:166	å†°ç®±é™¤å‘³å‰‚é‡‡é›†å®Œæˆï¼
[go_vue_admin]2024-08-09 13:43:00.948	[34minfo[0m	/Users/lihao/project/mall-pro/admin-gin/service/product/goods_grab/pro_goods_grab.go:166	ç©ºæ°”æ¸…æ–°/å‡€åŒ–/èŠ³é¦™å‰‚é‡‡é›†å®Œæˆï¼
[go_vue_admin]2024-08-09 13:43:01.938	[34minfo[0m	/Users/lihao/project/mall-pro/admin-gin/service/product/goods_grab/pro_goods_grab.go:166	é™¤è‡­å–·é›¾/å‰‚/é™¤è‡­ç”¨å“é‡‡é›†å®Œæˆï¼
[go_vue_admin]2024-08-09 13:43:10.951	[34minfo[0m	/Users/lihao/project/mall-pro/admin-gin/service/product/goods_grab/pro_goods_grab.go:166	å¹²ç‡¥å‰‚é‡‡é›†å®Œæˆï¼
[go_vue_admin]2024-08-09 13:43:17.202	[34minfo[0m	/Users/lihao/project/mall-pro/admin-gin/service/product/simulate/common.go:54	æ¸…ç†æ¨¡æ‹ŸåŒ…åŸºç¡€æ•°æ®
[go_vue_admin]2024-08-09 13:43:33.649	[34minfo[0m	/Users/lihao/project/mall-pro/admin-gin/websocket/ws_handle.go:49	websocket è¿æ¥æˆåŠŸ
[go_vue_admin]2024-08-09 13:44:21.185	[34minfo[0m	/Users/lihao/project/mall-pro/admin-gin/websocket/ws_handle.go:49	websocket è¿æ¥æˆåŠŸ
[go_vue_admin]2024-08-09 13:46:13.598	[34minfo[0m	/Users/lihao/project/mall-pro/admin-gin/websocket/ws_handle.go:49	websocket è¿æ¥æˆåŠŸ
[go_vue_admin]2024-08-09 13:46:53.727	[34minfo[0m	/Users/lihao/project/mall-pro/admin-gin/websocket/ws_handle.go:49	websocket è¿æ¥æˆåŠŸ
[go_vue_admin]2024-08-09 13:47:55.836	[34minfo[0m	/Users/lihao/project/mall-pro/admin-gin/websocket/ws_handle.go:49	websocket è¿æ¥æˆåŠŸ
[go_vue_admin]2024-08-09 14:21:47.446	[34minfo[0m	/Users/lihao/project/mall-pro/admin-gin/websocket/ws_handle.go:49	websocket è¿æ¥æˆåŠŸ
[go_vue_admin]2024-08-09 14:33:36.817	[34minfo[0m	/Users/lihao/project/mall-pro/admin-gin/websocket/ws_handle.go:49	websocket è¿æ¥æˆåŠŸ
[go_vue_admin]2024-08-09 14:37:02.583	[34minfo[0m	/Users/lihao/project/mall-pro/admin-gin/websocket/ws_handle.go:49	websocket è¿æ¥æˆåŠŸ
[go_vue_admin]2024-08-09 14:37:52.755	[34minfo[0m	/Users/lihao/project/mall-pro/admin-gin/websocket/ws_handle.go:49	websocket è¿æ¥æˆåŠŸ
[go_vue_admin]2024-08-09 14:38:14.737	[34minfo[0m	/Users/lihao/project/mall-pro/admin-gin/websocket/ws_handle.go:49	websocket è¿æ¥æˆåŠŸ
[go_vue_admin]2024-08-09 14:39:30.948	[34minfo[0m	/Users/lihao/project/mall-pro/admin-gin/websocket/ws_handle.go:49	websocket è¿æ¥æˆåŠŸ
[go_vue_admin]2024-08-09 14:40:03.184	[34minfo[0m	/Users/lihao/project/mall-pro/admin-gin/websocket/ws_handle.go:49	websocket è¿æ¥æˆåŠŸ
[go_vue_admin]2024-08-09 14:40:04.600	[34minfo[0m	/Users/lihao/project/mall-pro/admin-gin/websocket/ws_handle.go:49	websocket è¿æ¥æˆåŠŸ
[go_vue_admin]2024-08-09 14:41:30.034	[34minfo[0m	/Users/lihao/project/mall-pro/admin-gin/websocket/ws_handle.go:49	websocket è¿æ¥æˆåŠŸ
[go_vue_admin]2024-08-09 14:41:43.846	[34minfo[0m	/Users/lihao/project/mall-pro/admin-gin/websocket/ws_handle.go:49	websocket è¿æ¥æˆåŠŸ
[go_vue_admin]2024-08-09 15:29:21.992	[34minfo[0m	/Users/lihao/project/mall-pro/admin-gin/websocket/ws_handle.go:49	websocket è¿æ¥æˆåŠŸ
[go_vue_admin]2024-08-09 15:29:22.018	[34minfo[0m	/Users/lihao/project/mall-pro/admin-gin/websocket/ws_handle.go:49	websocket è¿æ¥æˆåŠŸ
[go_vue_admin]2024-08-09 15:34:22.097	[34minfo[0m	/Users/lihao/project/mall-pro/admin-gin/websocket/ws_handle.go:49	websocket è¿æ¥æˆåŠŸ
[go_vue_admin]2024-08-09 15:34:33.771	[34minfo[0m	/Users/lihao/project/mall-pro/admin-gin/websocket/ws_handle.go:49	websocket è¿æ¥æˆåŠŸ
