[go_vue_admin]2024-10-02 09:31:41.202	[34minfo[0m	/Users/lihao/project/mall-pro/admin-gin/initialize/redis.go:34	redis connect ping response:	{"pong": "PONG"}
[go_vue_admin]2024-10-02 10:35:52.221	[34minfo[0m	/Users/lihao/project/mall-pro/admin-gin/initialize/redis.go:34	redis connect ping response:	{"pong": "PONG"}
[go_vue_admin]2024-10-02 10:54:47.367	[34minfo[0m	/Users/lihao/project/mall-pro/admin-gin/initialize/redis.go:34	redis connect ping response:	{"pong": "PONG"}
[go_vue_admin]2024-10-02 11:09:00.613	[34minfo[0m	/Users/lihao/project/mall-pro/admin-gin/initialize/redis.go:34	redis connect ping response:	{"pong": "PONG"}
[go_vue_admin]2024-10-02 11:13:45.937	[34minfo[0m	/Users/lihao/project/mall-pro/admin-gin/initialize/redis.go:34	redis connect ping response:	{"pong": "PONG"}
[go_vue_admin]2024-10-02 11:15:48.377	[34minfo[0m	/Users/lihao/project/mall-pro/admin-gin/initialize/redis.go:34	redis connect ping response:	{"pong": "PONG"}
[go_vue_admin]2024-10-02 14:15:00.839	[34minfo[0m	/Users/lihao/project/mall-pro/admin-gin/initialize/redis.go:34	redis connect ping response:	{"pong": "PONG"}
[go_vue_admin]2024-10-02 14:58:35.126	[34minfo[0m	/Users/lihao/project/mall-pro/admin-gin/initialize/redis.go:34	redis connect ping response:	{"pong": "PONG"}
[go_vue_admin]2024-10-02 14:58:35.144	[34minfo[0m	/Users/lihao/project/mall-pro/admin-gin/initialize/admin_ api_authority.go:15	è¯·ä¿è¯è¶…çº§ç®¡ç†å‘˜çš„AuthorityID(è§’è‰²id) ä¸º1
[go_vue_admin]2024-10-02 15:00:57.233	[34minfo[0m	/Users/lihao/project/mall-pro/admin-gin/initialize/redis.go:34	redis connect ping response:	{"pong": "PONG"}
[go_vue_admin]2024-10-02 15:00:57.246	[34minfo[0m	/Users/lihao/project/mall-pro/admin-gin/initialize/admin_ api_authority.go:14	è¯·ä¿è¯è¶…çº§ç®¡ç†å‘˜çš„AuthorityID(è§’è‰²id) ä¸º1
[go_vue_admin]2024-10-02 15:01:17.585	[34minfo[0m	/Users/lihao/project/mall-pro/admin-gin/initialize/redis.go:34	redis connect ping response:	{"pong": "PONG"}
[go_vue_admin]2024-10-02 15:01:17.602	[34minfo[0m	/Users/lihao/project/mall-pro/admin-gin/initialize/admin_ api_authority.go:14	è¯·ä¿è¯è¶…çº§ç®¡ç†å‘˜çš„AuthorityID(è§’è‰²id) ä¸º1
[go_vue_admin]2024-10-02 15:01:33.537	[34minfo[0m	/Users/lihao/project/mall-pro/admin-gin/initialize/redis.go:34	redis connect ping response:	{"pong": "PONG"}
[go_vue_admin]2024-10-02 15:01:33.551	[34minfo[0m	/Users/lihao/project/mall-pro/admin-gin/initialize/admin_ api_authority.go:15	è¯·ä¿è¯è¶…çº§ç®¡ç†å‘˜çš„AuthorityID(è§’è‰²id) ä¸º1
[go_vue_admin]2024-10-02 15:04:46.035	[34minfo[0m	/Users/lihao/project/mall-pro/admin-gin/initialize/redis.go:34	redis connect ping response:	{"pong": "PONG"}
[go_vue_admin]2024-10-02 15:04:46.052	[34minfo[0m	/Users/lihao/project/mall-pro/admin-gin/initialize/admin_ api_authority.go:15	è¯·ä¿è¯è¶…çº§ç®¡ç†å‘˜çš„AuthorityID(è§’è‰²id) ä¸º1
[go_vue_admin]2024-10-02 15:19:06.115	[34minfo[0m	/Users/lihao/project/mall-pro/admin-gin/initialize/redis.go:34	redis connect ping response:	{"pong": "PONG"}
[go_vue_admin]2024-10-02 15:19:06.127	[34minfo[0m	/Users/lihao/project/mall-pro/admin-gin/initialize/admin_ api_authority.go:15	è¯·ä¿è¯è¶…çº§ç®¡ç†å‘˜çš„AuthorityID(è§’è‰²id) ä¸º1
[go_vue_admin]2024-10-02 15:20:49.018	[34minfo[0m	/Users/lihao/project/mall-pro/admin-gin/initialize/redis.go:34	redis connect ping response:	{"pong": "PONG"}
[go_vue_admin]2024-10-02 15:20:49.036	[34minfo[0m	/Users/lihao/project/mall-pro/admin-gin/initialize/admin_ api_authority.go:16	è¯·ä¿è¯è¶…çº§ç®¡ç†å‘˜çš„AuthorityID(è§’è‰²id) ä¸º1
[go_vue_admin]2024-10-02 15:21:51.695	[34minfo[0m	/Users/lihao/project/mall-pro/admin-gin/initialize/redis.go:34	redis connect ping response:	{"pong": "PONG"}
[go_vue_admin]2024-10-02 15:21:51.714	[34minfo[0m	/Users/lihao/project/mall-pro/admin-gin/initialize/admin_ api_authority.go:16	è¯·ä¿è¯è¶…çº§ç®¡ç†å‘˜çš„AuthorityID(è§’è‰²id) ä¸º1
[go_vue_admin]2024-10-02 15:24:16.382	[34minfo[0m	/Users/lihao/project/mall-pro/admin-gin/initialize/redis.go:34	redis connect ping response:	{"pong": "PONG"}
[go_vue_admin]2024-10-02 15:24:16.401	[34minfo[0m	/Users/lihao/project/mall-pro/admin-gin/initialize/admin_ api_authority.go:13	è¯·ä¿è¯è¶…çº§ç®¡ç†å‘˜çš„AuthorityID(è§’è‰²id) ä¸º1
[go_vue_admin]2024-10-02 15:30:49.570	[34minfo[0m	/Users/lihao/project/mall-pro/admin-gin/initialize/redis.go:34	redis connect ping response:	{"pong": "PONG"}
[go_vue_admin]2024-10-02 15:30:49.592	[34minfo[0m	/Users/lihao/project/mall-pro/admin-gin/initialize/admin_ api_authority.go:13	è¯·ä¿è¯è¶…çº§ç®¡ç†å‘˜çš„AuthorityID(è§’è‰²id) ä¸º1
[go_vue_admin]2024-10-02 15:32:32.762	[34minfo[0m	/Users/lihao/project/mall-pro/admin-gin/initialize/redis.go:34	redis connect ping response:	{"pong": "PONG"}
[go_vue_admin]2024-10-02 15:32:32.784	[34minfo[0m	/Users/lihao/project/mall-pro/admin-gin/initialize/admin_ api_authority.go:16	è¯·ä¿è¯è¶…çº§ç®¡ç†å‘˜çš„AuthorityID(è§’è‰²id) ä¸º1
[go_vue_admin]2024-10-02 15:38:44.149	[34minfo[0m	/Users/lihao/project/mall-pro/admin-gin/initialize/redis.go:34	redis connect ping response:	{"pong": "PONG"}
[go_vue_admin]2024-10-02 15:38:44.163	[34minfo[0m	/Users/lihao/project/mall-pro/admin-gin/initialize/admin_ api_authority.go:16	è¯·ä¿è¯è¶…çº§ç®¡ç†å‘˜çš„AuthorityID(è§’è‰²id) ä¸º1
[go_vue_admin]2024-10-02 15:42:26.623	[34minfo[0m	/Users/lihao/project/mall-pro/admin-gin/initialize/redis.go:34	redis connect ping response:	{"pong": "PONG"}
[go_vue_admin]2024-10-02 15:42:26.640	[34minfo[0m	/Users/lihao/project/mall-pro/admin-gin/initialize/admin_ api_authority.go:16	è¯·ä¿è¯è¶…çº§ç®¡ç†å‘˜çš„AuthorityID(è§’è‰²id) ä¸º1
[go_vue_admin]2024-10-02 15:55:15.202	[34minfo[0m	/Users/lihao/project/mall-pro/admin-gin/websocket/ws_handle.go:49	websocket è¿æ¥æˆåŠŸ
[go_vue_admin]2024-10-02 15:55:21.176	[34minfo[0m	/Users/lihao/project/mall-pro/admin-gin/websocket/ws_handle.go:49	websocket è¿æ¥æˆåŠŸ
[go_vue_admin]2024-10-02 15:55:46.416	[34minfo[0m	/Users/lihao/project/mall-pro/admin-gin/websocket/ws_handle.go:49	websocket è¿æ¥æˆåŠŸ
[go_vue_admin]2024-10-02 15:55:51.729	[34minfo[0m	/Users/lihao/project/mall-pro/admin-gin/websocket/ws_handle.go:49	websocket è¿æ¥æˆåŠŸ
[go_vue_admin]2024-10-02 15:59:11.052	[34minfo[0m	/Users/lihao/project/mall-pro/admin-gin/websocket/ws_handle.go:49	websocket è¿æ¥æˆåŠŸ
[go_vue_admin]2024-10-02 15:59:23.142	[34minfo[0m	/Users/lihao/project/mall-pro/admin-gin/websocket/ws_handle.go:49	websocket è¿æ¥æˆåŠŸ
[go_vue_admin]2024-10-02 16:06:02.118	[34minfo[0m	/Users/lihao/project/mall-pro/admin-gin/websocket/ws_handle.go:49	websocket è¿æ¥æˆåŠŸ
[go_vue_admin]2024-10-02 16:08:31.974	[34minfo[0m	/Users/lihao/project/mall-pro/admin-gin/websocket/ws_handle.go:49	websocket è¿æ¥æˆåŠŸ
[go_vue_admin]2024-10-02 16:09:32.580	[34minfo[0m	/Users/lihao/project/mall-pro/admin-gin/websocket/ws_handle.go:49	websocket è¿æ¥æˆåŠŸ
[go_vue_admin]2024-10-02 16:09:34.746	[34minfo[0m	/Users/lihao/project/mall-pro/admin-gin/websocket/ws_handle.go:49	websocket è¿æ¥æˆåŠŸ
[go_vue_admin]2024-10-02 16:09:45.480	[34minfo[0m	/Users/lihao/project/mall-pro/admin-gin/websocket/ws_handle.go:49	websocket è¿æ¥æˆåŠŸ
[go_vue_admin]2024-10-02 16:10:36.783	[34minfo[0m	/Users/lihao/project/mall-pro/admin-gin/websocket/ws_handle.go:49	websocket è¿æ¥æˆåŠŸ
[go_vue_admin]2024-10-02 16:10:42.789	[34minfo[0m	/Users/lihao/project/mall-pro/admin-gin/websocket/ws_handle.go:49	websocket è¿æ¥æˆåŠŸ
[go_vue_admin]2024-10-02 16:10:45.096	[34minfo[0m	/Users/lihao/project/mall-pro/admin-gin/websocket/ws_handle.go:49	websocket è¿æ¥æˆåŠŸ
[go_vue_admin]2024-10-02 16:10:46.984	[34minfo[0m	/Users/lihao/project/mall-pro/admin-gin/websocket/ws_handle.go:49	websocket è¿æ¥æˆåŠŸ
[go_vue_admin]2024-10-02 16:10:49.761	[34minfo[0m	/Users/lihao/project/mall-pro/admin-gin/websocket/ws_handle.go:49	websocket è¿æ¥æˆåŠŸ
[go_vue_admin]2024-10-02 16:11:07.659	[34minfo[0m	/Users/lihao/project/mall-pro/admin-gin/websocket/ws_handle.go:49	websocket è¿æ¥æˆåŠŸ
[go_vue_admin]2024-10-02 16:11:19.597	[34minfo[0m	/Users/lihao/project/mall-pro/admin-gin/websocket/ws_handle.go:49	websocket è¿æ¥æˆåŠŸ
[go_vue_admin]2024-10-02 16:12:45.546	[34minfo[0m	/Users/lihao/project/mall-pro/admin-gin/initialize/redis.go:34	redis connect ping response:	{"pong": "PONG"}
[go_vue_admin]2024-10-02 16:12:45.564	[34minfo[0m	/Users/lihao/project/mall-pro/admin-gin/initialize/admin_ api_authority.go:16	è¯·ä¿è¯è¶…çº§ç®¡ç†å‘˜çš„AuthorityID(è§’è‰²id) ä¸º1
[go_vue_admin]2024-10-02 16:12:48.565	[34minfo[0m	/Users/lihao/project/mall-pro/admin-gin/websocket/ws_handle.go:49	websocket è¿æ¥æˆåŠŸ
[go_vue_admin]2024-10-02 16:15:41.093	[34minfo[0m	/Users/lihao/project/mall-pro/admin-gin/websocket/ws_handle.go:49	websocket è¿æ¥æˆåŠŸ
[go_vue_admin]2024-10-02 16:54:07.591	[34minfo[0m	/Users/lihao/project/mall-pro/admin-gin/websocket/ws_handle.go:49	websocket è¿æ¥æˆåŠŸ
[go_vue_admin]2024-10-02 16:54:45.822	[34minfo[0m	/Users/lihao/project/mall-pro/admin-gin/websocket/ws_handle.go:49	websocket è¿æ¥æˆåŠŸ
[go_vue_admin]2024-10-02 19:49:05.473	[34minfo[0m	/Users/lihao/project/mall-pro/admin-gin/websocket/ws_handle.go:49	websocket è¿æ¥æˆåŠŸ
[go_vue_admin]2024-10-02 19:49:08.333	[34minfo[0m	/Users/lihao/project/mall-pro/admin-gin/websocket/ws_handle.go:49	websocket è¿æ¥æˆåŠŸ
[go_vue_admin]2024-10-02 19:49:15.310	[34minfo[0m	/Users/lihao/project/mall-pro/admin-gin/websocket/ws_handle.go:49	websocket è¿æ¥æˆåŠŸ
[go_vue_admin]2024-10-02 19:49:21.632	[34minfo[0m	/Users/lihao/project/mall-pro/admin-gin/websocket/ws_handle.go:49	websocket è¿æ¥æˆåŠŸ
[go_vue_admin]2024-10-02 19:49:44.571	[34minfo[0m	/Users/lihao/project/mall-pro/admin-gin/websocket/ws_handle.go:49	websocket è¿æ¥æˆåŠŸ
[go_vue_admin]2024-10-02 19:49:50.920	[34minfo[0m	/Users/lihao/project/mall-pro/admin-gin/websocket/ws_handle.go:49	websocket è¿æ¥æˆåŠŸ
[go_vue_admin]2024-10-02 20:58:19.932	[34minfo[0m	/Users/lihao/project/mall-pro/admin-gin/initialize/redis.go:34	redis connect ping response:	{"pong": "PONG"}
[go_vue_admin]2024-10-02 20:58:19.944	[34minfo[0m	/Users/lihao/project/mall-pro/admin-gin/initialize/admin_ api_authority.go:16	è¯·ä¿è¯è¶…çº§ç®¡ç†å‘˜çš„AuthorityID(è§’è‰²id) ä¸º1
[go_vue_admin]2024-10-02 20:59:01.690	[34minfo[0m	/Users/lihao/project/mall-pro/admin-gin/websocket/ws_handle.go:49	websocket è¿æ¥æˆåŠŸ
[go_vue_admin]2024-10-02 20:59:45.926	[34minfo[0m	/Users/lihao/project/mall-pro/admin-gin/websocket/ws_handle.go:49	websocket è¿æ¥æˆåŠŸ
[go_vue_admin]2024-10-02 20:59:59.315	[34minfo[0m	/Users/lihao/project/mall-pro/admin-gin/websocket/ws_handle.go:49	websocket è¿æ¥æˆåŠŸ
[go_vue_admin]2024-10-02 21:00:11.123	[34minfo[0m	/Users/lihao/project/mall-pro/admin-gin/websocket/ws_handle.go:49	websocket è¿æ¥æˆåŠŸ
[go_vue_admin]2024-10-02 21:03:58.306	[34minfo[0m	/Users/lihao/project/mall-pro/admin-gin/websocket/ws_handle.go:49	websocket è¿æ¥æˆåŠŸ
[go_vue_admin]2024-10-02 21:04:13.155	[34minfo[0m	/Users/lihao/project/mall-pro/admin-gin/websocket/ws_handle.go:49	websocket è¿æ¥æˆåŠŸ
[go_vue_admin]2024-10-02 21:04:22.400	[34minfo[0m	/Users/lihao/project/mall-pro/admin-gin/websocket/ws_handle.go:49	websocket è¿æ¥æˆåŠŸ
[go_vue_admin]2024-10-02 21:04:55.773	[34minfo[0m	/Users/lihao/project/mall-pro/admin-gin/websocket/ws_handle.go:49	websocket è¿æ¥æˆåŠŸ
[go_vue_admin]2024-10-02 21:05:23.818	[34minfo[0m	/Users/lihao/project/mall-pro/admin-gin/websocket/ws_handle.go:49	websocket è¿æ¥æˆåŠŸ
[go_vue_admin]2024-10-02 21:05:31.813	[34minfo[0m	/Users/lihao/project/mall-pro/admin-gin/websocket/ws_handle.go:49	websocket è¿æ¥æˆåŠŸ
[go_vue_admin]2024-10-02 21:05:33.045	[34minfo[0m	/Users/lihao/project/mall-pro/admin-gin/websocket/ws_handle.go:49	websocket è¿æ¥æˆåŠŸ
[go_vue_admin]2024-10-02 21:05:34.203	[34minfo[0m	/Users/lihao/project/mall-pro/admin-gin/websocket/ws_handle.go:49	websocket è¿æ¥æˆåŠŸ
[go_vue_admin]2024-10-02 21:09:07.499	[34minfo[0m	/Users/lihao/project/mall-pro/admin-gin/websocket/ws_handle.go:49	websocket è¿æ¥æˆåŠŸ
[go_vue_admin]2024-10-02 21:09:15.266	[34minfo[0m	/Users/lihao/project/mall-pro/admin-gin/websocket/ws_handle.go:49	websocket è¿æ¥æˆåŠŸ
[go_vue_admin]2024-10-02 21:16:25.998	[34minfo[0m	/Users/lihao/project/mall-pro/admin-gin/initialize/redis.go:34	redis connect ping response:	{"pong": "PONG"}
[go_vue_admin]2024-10-02 21:16:26.020	[34minfo[0m	/Users/lihao/project/mall-pro/admin-gin/initialize/admin_ api_authority.go:16	è¯·ä¿è¯è¶…çº§ç®¡ç†å‘˜çš„AuthorityID(è§’è‰²id) ä¸º1
[go_vue_admin]2024-10-02 21:16:35.258	[34minfo[0m	/Users/lihao/project/mall-pro/admin-gin/websocket/ws_handle.go:49	websocket è¿æ¥æˆåŠŸ
[go_vue_admin]2024-10-02 21:19:39.051	[34minfo[0m	/Users/lihao/project/mall-pro/admin-gin/initialize/redis.go:34	redis connect ping response:	{"pong": "PONG"}
[go_vue_admin]2024-10-02 21:19:39.062	[34minfo[0m	/Users/lihao/project/mall-pro/admin-gin/initialize/admin_ api_authority.go:16	è¯·ä¿è¯è¶…çº§ç®¡ç†å‘˜çš„AuthorityID(è§’è‰²id) ä¸º1
[go_vue_admin]2024-10-02 21:21:06.678	[34minfo[0m	/Users/lihao/project/mall-pro/admin-gin/initialize/redis.go:34	redis connect ping response:	{"pong": "PONG"}
[go_vue_admin]2024-10-02 21:21:06.693	[34minfo[0m	/Users/lihao/project/mall-pro/admin-gin/initialize/admin_ api_authority.go:16	è¯·ä¿è¯è¶…çº§ç®¡ç†å‘˜çš„AuthorityID(è§’è‰²id) ä¸º1
[go_vue_admin]2024-10-02 21:22:30.345	[34minfo[0m	/Users/lihao/project/mall-pro/admin-gin/initialize/redis.go:34	redis connect ping response:	{"pong": "PONG"}
[go_vue_admin]2024-10-02 21:22:30.363	[34minfo[0m	/Users/lihao/project/mall-pro/admin-gin/initialize/admin_ api_authority.go:15	è¯·ä¿è¯è¶…çº§ç®¡ç†å‘˜çš„AuthorityID(è§’è‰²id) ä¸º1
[go_vue_admin]2024-10-02 21:22:31.044	[34minfo[0m	/Users/lihao/project/mall-pro/admin-gin/websocket/ws_handle.go:49	websocket è¿æ¥æˆåŠŸ
[go_vue_admin]2024-10-02 21:22:41.697	[34minfo[0m	/Users/lihao/project/mall-pro/admin-gin/websocket/ws_handle.go:49	websocket è¿æ¥æˆåŠŸ
[go_vue_admin]2024-10-02 21:22:53.869	[34minfo[0m	/Users/lihao/project/mall-pro/admin-gin/websocket/ws_handle.go:49	websocket è¿æ¥æˆåŠŸ
[go_vue_admin]2024-10-02 21:33:29.855	[34minfo[0m	/Users/lihao/project/mall-pro/admin-gin/websocket/ws_handle.go:49	websocket è¿æ¥æˆåŠŸ
[go_vue_admin]2024-10-02 21:33:46.108	[34minfo[0m	/Users/lihao/project/mall-pro/admin-gin/service/product/simulate/common.go:54	æ¸…ç†æ¨¡æ‹ŸåŒ…åŸºç¡€æ•°æ®
[go_vue_admin]2024-10-02 21:34:00.688	[34minfo[0m	/Users/lihao/project/mall-pro/admin-gin/service/product/simulate/common.go:54	æ¸…ç†æ¨¡æ‹ŸåŒ…åŸºç¡€æ•°æ®
[go_vue_admin]2024-10-02 21:34:18.151	[34minfo[0m	/Users/lihao/project/mall-pro/admin-gin/service/product/simulate/common.go:54	æ¸…ç†æ¨¡æ‹ŸåŒ…åŸºç¡€æ•°æ®
[go_vue_admin]2024-10-02 21:34:31.912	[34minfo[0m	/Users/lihao/project/mall-pro/admin-gin/service/product/simulate/common.go:54	æ¸…ç†æ¨¡æ‹ŸåŒ…åŸºç¡€æ•°æ®
[go_vue_admin]2024-10-02 21:34:43.324	[34minfo[0m	/Users/lihao/project/mall-pro/admin-gin/service/product/simulate/common.go:54	æ¸…ç†æ¨¡æ‹ŸåŒ…åŸºç¡€æ•°æ®
[go_vue_admin]2024-10-02 21:35:25.784	[34minfo[0m	/Users/lihao/project/mall-pro/admin-gin/service/product/simulate/common.go:54	æ¸…ç†æ¨¡æ‹ŸåŒ…åŸºç¡€æ•°æ®
[go_vue_admin]2024-10-02 21:44:12.946	[34minfo[0m	/Users/lihao/project/mall-pro/admin-gin/initialize/redis.go:34	redis connect ping response:	{"pong": "PONG"}
[go_vue_admin]2024-10-02 21:44:12.965	[34minfo[0m	/Users/lihao/project/mall-pro/admin-gin/initialize/admin_ api_authority.go:15	è¯·ä¿è¯è¶…çº§ç®¡ç†å‘˜çš„AuthorityID(è§’è‰²id) ä¸º1
[go_vue_admin]2024-10-02 21:44:16.331	[34minfo[0m	/Users/lihao/project/mall-pro/admin-gin/websocket/ws_handle.go:49	websocket è¿æ¥æˆåŠŸ
[go_vue_admin]2024-10-02 21:44:34.471	[34minfo[0m	/Users/lihao/project/mall-pro/admin-gin/service/product/simulate/common.go:54	æ¸…ç†æ¨¡æ‹ŸåŒ…åŸºç¡€æ•°æ®
[go_vue_admin]2024-10-02 21:51:58.682	[34minfo[0m	/Users/lihao/project/mall-pro/admin-gin/service/product/goods_grab/pro_goods_grab.go:166	æ£åˆ¶å“é‡‡é›†å®Œæˆï¼
[go_vue_admin]2024-10-02 21:52:38.658	[34minfo[0m	/Users/lihao/project/mall-pro/admin-gin/initialize/redis.go:34	redis connect ping response:	{"pong": "PONG"}
[go_vue_admin]2024-10-02 21:52:38.670	[34minfo[0m	/Users/lihao/project/mall-pro/admin-gin/initialize/admin_ api_authority.go:15	è¯·ä¿è¯è¶…çº§ç®¡ç†å‘˜çš„AuthorityID(è§’è‰²id) ä¸º1
[go_vue_admin]2024-10-02 21:52:39.531	[34minfo[0m	/Users/lihao/project/mall-pro/admin-gin/websocket/ws_handle.go:49	websocket è¿æ¥æˆåŠŸ
[go_vue_admin]2024-10-02 21:52:51.905	[34minfo[0m	/Users/lihao/project/mall-pro/admin-gin/websocket/ws_handle.go:49	websocket è¿æ¥æˆåŠŸ
[go_vue_admin]2024-10-02 21:53:12.945	[34minfo[0m	/Users/lihao/project/mall-pro/admin-gin/websocket/ws_handle.go:49	websocket è¿æ¥æˆåŠŸ
[go_vue_admin]2024-10-02 21:57:07.178	[34minfo[0m	/Users/lihao/project/mall-pro/admin-gin/websocket/ws_handle.go:49	websocket è¿æ¥æˆåŠŸ
[go_vue_admin]2024-10-02 21:57:52.368	[34minfo[0m	/Users/lihao/project/mall-pro/admin-gin/websocket/ws_handle.go:49	websocket è¿æ¥æˆåŠŸ
[go_vue_admin]2024-10-02 21:59:55.427	[34minfo[0m	/Users/lihao/project/mall-pro/admin-gin/service/product/simulate/simulate_coupon.go:58	æ¨¡æ‹Ÿä¼˜æƒ åˆ¸å®Œæˆ, å…±è®¡ç”Ÿæˆ100ä¸ªæ•°æ®
[go_vue_admin]2024-10-02 22:01:11.889	[34minfo[0m	/Users/lihao/project/mall-pro/admin-gin/service/product/simulate/common.go:54	æ¸…ç†æ¨¡æ‹ŸåŒ…åŸºç¡€æ•°æ®
[go_vue_admin]2024-10-02 22:01:11.891	[34minfo[0m	/Users/lihao/project/mall-pro/admin-gin/service/product/simulate/goods_bind_coupon.go:30	ä¸º1000æ¡å•†å“æˆåŠŸæ·»åŠ äº†ä¼˜æƒ åˆ¸
[go_vue_admin]2024-10-02 22:25:26.078	[34minfo[0m	/Users/lihao/project/mall-pro/admin-gin/websocket/ws_handle.go:49	websocket è¿æ¥æˆåŠŸ
[go_vue_admin]2024-10-02 22:26:21.028	[34minfo[0m	/Users/lihao/project/mall-pro/admin-gin/websocket/ws_handle.go:49	websocket è¿æ¥æˆåŠŸ
[go_vue_admin]2024-10-02 22:26:34.782	[34minfo[0m	/Users/lihao/project/mall-pro/admin-gin/websocket/internal/action/goods_add_tags.go:33	task_lock is exist
[go_vue_admin]2024-10-02 22:29:04.811	[34minfo[0m	/Users/lihao/project/mall-pro/admin-gin/service/product/simulate/common.go:54	æ¸…ç†æ¨¡æ‹ŸåŒ…åŸºç¡€æ•°æ®
[go_vue_admin]2024-10-02 22:34:15.109	[34minfo[0m	/Users/lihao/project/mall-pro/admin-gin/initialize/redis.go:34	redis connect ping response:	{"pong": "PONG"}
[go_vue_admin]2024-10-02 22:34:15.122	[34minfo[0m	/Users/lihao/project/mall-pro/admin-gin/initialize/admin_ api_authority.go:15	è¯·ä¿è¯è¶…çº§ç®¡ç†å‘˜çš„AuthorityID(è§’è‰²id) ä¸º1
[go_vue_admin]2024-10-02 22:34:19.553	[34minfo[0m	/Users/lihao/project/mall-pro/admin-gin/websocket/ws_handle.go:49	websocket è¿æ¥æˆåŠŸ
[go_vue_admin]2024-10-02 22:35:16.649	[34minfo[0m	/Users/lihao/project/mall-pro/admin-gin/websocket/ws_handle.go:49	websocket è¿æ¥æˆåŠŸ
[go_vue_admin]2024-10-02 22:51:39.899	[34minfo[0m	/Users/lihao/project/mall-pro/admin-gin/websocket/ws_handle.go:49	websocket è¿æ¥æˆåŠŸ
