[go_vue_admin]2024-06-30 21:38:35.155	[34minfo[0m	/Users/lihao/project/gin-vue-admin/server/initialize/gorm.go:67	register table success
[go_vue_admin]2024-06-30 21:38:35.163	[34minfo[0m	/Users/lihao/project/gin-vue-admin/server/initialize/router.go:61	register swagger handler
[go_vue_admin]2024-06-30 21:38:35.174	[34minfo[0m	/Users/lihao/project/gin-vue-admin/server/initialize/router.go:110	router register success
[go_vue_admin]2024-06-30 21:38:35.174	[34minfo[0m	/Users/lihao/project/gin-vue-admin/server/core/server.go:37	server run success on 	{"address": ":8888"}
[go_vue_admin]2024-06-30 21:38:59.252	[34minfo[0m	/Users/lihao/project/gin-vue-admin/server/api/v1/system/sys_initdb.go:62	æ•°æ®åº“æ— éœ€åˆå§‹åŒ–
[go_vue_admin]2024-06-30 21:39:01.046	[34minfo[0m	/Users/lihao/project/gin-vue-admin/server/api/v1/system/sys_initdb.go:62	æ•°æ®åº“æ— éœ€åˆå§‹åŒ–
[go_vue_admin]2024-06-30 21:39:35.720	[34minfo[0m	/Users/lihao/project/gin-vue-admin/server/api/v1/system/sys_initdb.go:62	æ•°æ®åº“æ— éœ€åˆå§‹åŒ–
[go_vue_admin]2024-06-30 21:39:55.163	[34minfo[0m	/Users/lihao/project/gin-vue-admin/server/api/v1/system/sys_initdb.go:62	æ•°æ®åº“æ— éœ€åˆå§‹åŒ–
[go_vue_admin]2024-06-30 21:40:48.283	[34minfo[0m	/Users/lihao/project/gin-vue-admin/server/api/v1/system/sys_initdb.go:62	æ•°æ®åº“æ— éœ€åˆå§‹åŒ–
[go_vue_admin]2024-06-30 21:41:07.914	[34minfo[0m	/Users/lihao/project/gin-vue-admin/server/initialize/gorm.go:67	register table success
[go_vue_admin]2024-06-30 21:41:07.921	[34minfo[0m	/Users/lihao/project/gin-vue-admin/server/initialize/router.go:61	register swagger handler
[go_vue_admin]2024-06-30 21:41:07.930	[34minfo[0m	/Users/lihao/project/gin-vue-admin/server/initialize/router.go:110	router register success
[go_vue_admin]2024-06-30 21:41:07.931	[34minfo[0m	/Users/lihao/project/gin-vue-admin/server/core/server.go:37	server run success on 	{"address": ":8888"}
[go_vue_admin]2024-06-30 21:41:09.086	[34minfo[0m	/Users/lihao/project/gin-vue-admin/server/api/v1/system/sys_initdb.go:62	æ•°æ®åº“æ— éœ€åˆå§‹åŒ–
[go_vue_admin]2024-06-30 21:42:38.185	[34minfo[0m	/Users/lihao/project/gin-vue-admin/server/initialize/gorm.go:67	register table success
[go_vue_admin]2024-06-30 21:42:38.194	[34minfo[0m	/Users/lihao/project/gin-vue-admin/server/initialize/router.go:61	register swagger handler
[go_vue_admin]2024-06-30 21:42:38.200	[34minfo[0m	/Users/lihao/project/gin-vue-admin/server/initialize/router.go:110	router register success
[go_vue_admin]2024-06-30 21:42:38.200	[34minfo[0m	/Users/lihao/project/gin-vue-admin/server/core/server.go:37	server run success on 	{"address": ":8888"}
[go_vue_admin]2024-06-30 21:43:28.193	[34minfo[0m	/Users/lihao/project/gin-vue-admin/server/initialize/gorm.go:67	register table success
[go_vue_admin]2024-06-30 21:43:28.200	[34minfo[0m	/Users/lihao/project/gin-vue-admin/server/initialize/router.go:61	register swagger handler
[go_vue_admin]2024-06-30 21:43:28.206	[34minfo[0m	/Users/lihao/project/gin-vue-admin/server/initialize/router.go:110	router register success
[go_vue_admin]2024-06-30 21:43:28.206	[34minfo[0m	/Users/lihao/project/gin-vue-admin/server/core/server.go:37	server run success on 	{"address": ":8888"}
[go_vue_admin]2024-06-30 21:44:30.526	[34minfo[0m	/Users/lihao/project/gin-vue-admin/server/initialize/gorm.go:67	register table success
[go_vue_admin]2024-06-30 21:44:30.533	[34minfo[0m	/Users/lihao/project/gin-vue-admin/server/initialize/router.go:61	register swagger handler
[go_vue_admin]2024-06-30 21:44:30.539	[34minfo[0m	/Users/lihao/project/gin-vue-admin/server/initialize/router.go:110	router register success
[go_vue_admin]2024-06-30 21:44:30.539	[34minfo[0m	/Users/lihao/project/gin-vue-admin/server/core/server.go:37	server run success on 	{"address": ":8888"}
[go_vue_admin]2024-06-30 22:24:42.192	[34minfo[0m	/Users/lihao/project/gin-vue-admin/server/initialize/gorm.go:67	register table success
[go_vue_admin]2024-06-30 22:24:42.198	[34minfo[0m	/Users/lihao/project/gin-vue-admin/server/initialize/router.go:61	register swagger handler
[go_vue_admin]2024-06-30 22:24:42.202	[34minfo[0m	/Users/lihao/project/gin-vue-admin/server/initialize/router.go:110	router register success
[go_vue_admin]2024-06-30 22:24:42.202	[34minfo[0m	/Users/lihao/project/gin-vue-admin/server/core/server.go:37	server run success on 	{"address": ":8888"}
[go_vue_admin]2024-06-30 23:48:54.845	[34minfo[0m	/Users/lihao/project/gin-vue-admin/server/initialize/gorm.go:67	register table success
[go_vue_admin]2024-06-30 23:48:54.851	[34minfo[0m	/Users/lihao/project/gin-vue-admin/server/initialize/router.go:61	register swagger handler
[go_vue_admin]2024-06-30 23:48:54.862	[34minfo[0m	/Users/lihao/project/gin-vue-admin/server/initialize/router.go:110	router register success
[go_vue_admin]2024-06-30 23:48:54.865	[34minfo[0m	/Users/lihao/project/gin-vue-admin/server/core/server.go:37	server run success on 	{"address": ":8888"}
