[go_vue_admin]2024-09-03 10:39:49.819	[31merror[0m	/Users/lihao/project/mall-pro/admin-gin/websocket/ws_handle.go:70	websocket: close 1001 (going away)
[go_vue_admin]2024-09-03 10:40:42.346	[31merror[0m	/Users/lihao/project/mall-pro/admin-gin/api/v1/product/pro_goods.go:167	Error 1054 (42S22): Unknown column 'tags' in 'field list'
[go_vue_admin]2024-09-03 10:40:59.220	[31merror[0m	/Users/lihao/project/mall-pro/admin-gin/api/v1/product/pro_goods.go:167	Error 1054 (42S22): Unknown column 'tags' in 'field list'
[go_vue_admin]2024-09-03 11:08:16.190	[31merror[0m	/Users/lihao/project/mall-pro/admin-gin/websocket/ws_handle.go:70	read tcp [::1]:8887->[::1]:64319: use of closed network connection
[go_vue_admin]2024-09-03 11:08:16.191	[31merror[0m	/Users/lihao/project/mall-pro/admin-gin/websocket/ws_handle.go:38	close tcp [::1]:8887->[::1]:64206: use of closed network connection
[go_vue_admin]2024-09-03 11:08:16.191	[31merror[0m	/Users/lihao/project/mall-pro/admin-gin/core/server.go:44	accept tcp [::]:8887: use of closed network connection
[go_vue_admin]2024-09-03 11:08:36.176	[31merror[0m	/Users/lihao/project/mall-pro/admin-gin/api/v1/product/pro_goods.go:167	Error 1054 (42S22): Unknown column 'tags' in 'field list'
[go_vue_admin]2024-09-03 11:08:42.817	[31merror[0m	/Users/lihao/project/mall-pro/admin-gin/websocket/ws_handle.go:70	websocket: close 1001 (going away)
[go_vue_admin]2024-09-03 11:08:58.486	[31merror[0m	/Users/lihao/project/mall-pro/admin-gin/websocket/ws_handle.go:38	close tcp [::1]:8887->[::1]:64644: use of closed network connection
[go_vue_admin]2024-09-03 11:08:58.486	[31merror[0m	/Users/lihao/project/mall-pro/admin-gin/core/server.go:44	accept tcp [::]:8887: use of closed network connection
[go_vue_admin]2024-09-03 11:08:58.486	[31merror[0m	/Users/lihao/project/mall-pro/admin-gin/websocket/ws_handle.go:70	read tcp [::1]:8887->[::1]:64664: use of closed network connection
[go_vue_admin]2024-09-03 11:09:14.403	[31merror[0m	/Users/lihao/project/mall-pro/admin-gin/api/v1/product/pro_goods.go:167	Error 1054 (42S22): Unknown column 'tags' in 'field list'
[go_vue_admin]2024-09-03 11:09:52.479	[31merror[0m	/Users/lihao/project/mall-pro/admin-gin/api/v1/product/pro_goods.go:167	Error 1054 (42S22): Unknown column 'tags' in 'field list'
[go_vue_admin]2024-09-03 11:10:31.042	[31merror[0m	/Users/lihao/project/mall-pro/admin-gin/api/v1/product/pro_goods.go:167	Error 1054 (42S22): Unknown column 'tags' in 'field list'
[go_vue_admin]2024-09-03 11:12:22.090	[31merror[0m	/Users/lihao/project/mall-pro/admin-gin/api/v1/product/pro_goods.go:167	Error 1054 (42S22): Unknown column 'tags' in 'field list'
[go_vue_admin]2024-09-03 11:12:52.542	[31merror[0m	/Users/lihao/project/mall-pro/admin-gin/websocket/ws_handle.go:70	read tcp [::1]:8887->[::1]:64687: use of closed network connection
[go_vue_admin]2024-09-03 11:12:52.544	[31merror[0m	/Users/lihao/project/mall-pro/admin-gin/core/server.go:44	accept tcp [::]:8887: use of closed network connection
[go_vue_admin]2024-09-03 11:13:08.937	[31merror[0m	/Users/lihao/project/mall-pro/admin-gin/api/v1/product/pro_goods.go:167	unsupported relations: tags
[go_vue_admin]2024-09-03 11:13:44.150	[31merror[0m	/Users/lihao/project/mall-pro/admin-gin/websocket/ws_handle.go:70	read tcp [::1]:8887->[::1]:49169: use of closed network connection
[go_vue_admin]2024-09-03 11:13:44.150	[31merror[0m	/Users/lihao/project/mall-pro/admin-gin/core/server.go:44	accept tcp [::]:8887: use of closed network connection
[go_vue_admin]2024-09-03 11:14:45.642	[31merror[0m	/Users/lihao/project/mall-pro/admin-gin/websocket/ws_handle.go:70	read tcp [::1]:8887->[::1]:49439: use of closed network connection
[go_vue_admin]2024-09-03 11:14:45.643	[31merror[0m	/Users/lihao/project/mall-pro/admin-gin/core/server.go:44	accept tcp [::]:8887: use of closed network connection
[go_vue_admin]2024-09-03 11:16:04.222	[31merror[0m	/Users/lihao/project/mall-pro/admin-gin/websocket/ws_handle.go:70	read tcp [::1]:8887->[::1]:49736: use of closed network connection
[go_vue_admin]2024-09-03 11:16:04.222	[31merror[0m	/Users/lihao/project/mall-pro/admin-gin/core/server.go:44	accept tcp [::]:8887: use of closed network connection
[go_vue_admin]2024-09-03 11:18:34.506	[31merror[0m	/Users/lihao/project/mall-pro/admin-gin/websocket/ws_handle.go:70	read tcp [::1]:8887->[::1]:50102: use of closed network connection
[go_vue_admin]2024-09-03 11:18:34.506	[31merror[0m	/Users/lihao/project/mall-pro/admin-gin/core/server.go:44	accept tcp [::]:8887: use of closed network connection
[go_vue_admin]2024-09-03 11:19:13.527	[31merror[0m	/Users/lihao/project/mall-pro/admin-gin/websocket/ws_handle.go:70	read tcp [::1]:8887->[::1]:50774: use of closed network connection
[go_vue_admin]2024-09-03 11:19:13.527	[31merror[0m	/Users/lihao/project/mall-pro/admin-gin/core/server.go:44	accept tcp [::]:8887: use of closed network connection
[go_vue_admin]2024-09-03 11:26:49.347	[31merror[0m	/Users/lihao/project/mall-pro/admin-gin/websocket/ws_handle.go:70	read tcp [::1]:8887->[::1]:50986: use of closed network connection
[go_vue_admin]2024-09-03 11:26:49.348	[31merror[0m	/Users/lihao/project/mall-pro/admin-gin/core/server.go:44	accept tcp [::]:8887: use of closed network connection
[go_vue_admin]2024-09-03 11:30:20.787	[31merror[0m	/Users/lihao/project/mall-pro/admin-gin/websocket/ws_handle.go:70	websocket: close 1006 (abnormal closure): unexpected EOF
[go_vue_admin]2024-09-03 14:07:53.211	[31merror[0m	/Users/lihao/project/mall-pro/admin-gin/websocket/ws_handle.go:38	close tcp [::1]:8887->[::1]:52978: use of closed network connection
[go_vue_admin]2024-09-03 14:07:53.212	[31merror[0m	/Users/lihao/project/mall-pro/admin-gin/core/server.go:44	accept tcp [::]:8887: use of closed network connection
[go_vue_admin]2024-09-03 14:07:53.212	[31merror[0m	/Users/lihao/project/mall-pro/admin-gin/websocket/ws_handle.go:70	read tcp [::1]:8887->[::1]:53781: use of closed network connection
[go_vue_admin]2024-09-03 14:08:31.744	[31merror[0m	/Users/lihao/project/mall-pro/admin-gin/websocket/ws_handle.go:70	websocket: close 1001 (going away)
[go_vue_admin]2024-09-03 14:08:55.881	[31merror[0m	/Users/lihao/project/mall-pro/admin-gin/websocket/ws_handle.go:70	websocket: close 1001 (going away)
[go_vue_admin]2024-09-03 14:09:11.615	[31merror[0m	/Users/lihao/project/mall-pro/admin-gin/websocket/ws_handle.go:70	websocket: close 1001 (going away)
[go_vue_admin]2024-09-03 14:10:18.607	[31merror[0m	/Users/lihao/project/mall-pro/admin-gin/websocket/ws_handle.go:38	close tcp [::1]:8887->[::1]:62308: use of closed network connection
[go_vue_admin]2024-09-03 14:10:18.608	[31merror[0m	/Users/lihao/project/mall-pro/admin-gin/websocket/ws_handle.go:38	close tcp [::1]:8887->[::1]:62433: use of closed network connection
[go_vue_admin]2024-09-03 14:10:18.607	[31merror[0m	/Users/lihao/project/mall-pro/admin-gin/websocket/ws_handle.go:38	close tcp [::1]:8887->[::1]:62212: use of closed network connection
[go_vue_admin]2024-09-03 14:10:18.608	[31merror[0m	/Users/lihao/project/mall-pro/admin-gin/websocket/ws_handle.go:70	read tcp [::1]:8887->[::1]:62518: use of closed network connection
[go_vue_admin]2024-09-03 14:10:18.609	[31merror[0m	/Users/lihao/project/mall-pro/admin-gin/core/server.go:44	accept tcp [::]:8887: use of closed network connection
[go_vue_admin]2024-09-03 14:10:40.483	[31merror[0m	/Users/lihao/project/mall-pro/admin-gin/websocket/ws_handle.go:70	websocket: close 1001 (going away)
[go_vue_admin]2024-09-03 14:11:34.249	[31merror[0m	/Users/lihao/project/mall-pro/admin-gin/websocket/ws_handle.go:70	read tcp [::1]:8887->[::1]:62949: use of closed network connection
[go_vue_admin]2024-09-03 14:11:34.250	[31merror[0m	/Users/lihao/project/mall-pro/admin-gin/websocket/ws_handle.go:38	close tcp [::1]:8887->[::1]:62881: use of closed network connection
[go_vue_admin]2024-09-03 14:11:34.250	[31merror[0m	/Users/lihao/project/mall-pro/admin-gin/core/server.go:44	accept tcp [::]:8887: use of closed network connection
[go_vue_admin]2024-09-03 14:12:17.356	[31merror[0m	/Users/lihao/project/mall-pro/admin-gin/websocket/ws_handle.go:70	read tcp [::1]:8887->[::1]:63225: use of closed network connection
[go_vue_admin]2024-09-03 14:12:17.357	[31merror[0m	/Users/lihao/project/mall-pro/admin-gin/core/server.go:44	accept tcp [::]:8887: use of closed network connection
[go_vue_admin]2024-09-03 14:13:34.466	[31merror[0m	/Users/lihao/project/mall-pro/admin-gin/api/v1/product/pro_goods.go:167	Error 1054 (42S22): Unknown column 'id' in 'where clause'
[go_vue_admin]2024-09-03 14:16:27.420	[31merror[0m	/Users/lihao/project/mall-pro/admin-gin/websocket/ws_handle.go:70	read tcp [::1]:8887->[::1]:63698: use of closed network connection
[go_vue_admin]2024-09-03 14:16:27.422	[31merror[0m	/Users/lihao/project/mall-pro/admin-gin/core/server.go:44	accept tcp [::]:8887: use of closed network connection
[go_vue_admin]2024-09-03 14:17:38.546	[31merror[0m	/Users/lihao/project/mall-pro/admin-gin/core/server.go:44	accept tcp [::]:8887: use of closed network connection
[go_vue_admin]2024-09-03 14:17:38.546	[31merror[0m	/Users/lihao/project/mall-pro/admin-gin/websocket/ws_handle.go:70	read tcp [::1]:8887->[::1]:64546: use of closed network connection
[go_vue_admin]2024-09-03 14:17:45.381	[31merror[0m	/Users/lihao/project/mall-pro/admin-gin/websocket/ws_handle.go:70	websocket: close 1001 (going away)
[go_vue_admin]2024-09-03 14:18:04.007	[31merror[0m	/Users/lihao/project/mall-pro/admin-gin/websocket/ws_handle.go:70	websocket: close 1001 (going away)
[go_vue_admin]2024-09-03 14:18:18.789	[31merror[0m	/Users/lihao/project/mall-pro/admin-gin/websocket/ws_handle.go:70	websocket: close 1001 (going away)
[go_vue_admin]2024-09-03 14:18:57.741	[31merror[0m	/Users/lihao/project/mall-pro/admin-gin/websocket/ws_handle.go:70	websocket: close 1001 (going away)
[go_vue_admin]2024-09-03 14:20:10.567	[31merror[0m	/Users/lihao/project/mall-pro/admin-gin/websocket/ws_handle.go:70	websocket: close 1001 (going away)
[go_vue_admin]2024-09-03 14:22:00.285	[31merror[0m	/Users/lihao/project/mall-pro/admin-gin/websocket/ws_handle.go:70	websocket: close 1001 (going away)
[go_vue_admin]2024-09-03 14:22:24.433	[31merror[0m	/Users/lihao/project/mall-pro/admin-gin/websocket/ws_handle.go:70	websocket: close 1001 (going away)
[go_vue_admin]2024-09-03 14:34:00.342	[31merror[0m	/Users/lihao/project/mall-pro/admin-gin/api/v1/product/pro_goods.go:155	json: cannot unmarshal string into Go struct field UpdateGoodsBaseInfo.commission_rate of type int32
[go_vue_admin]2024-09-03 14:34:30.953	[31merror[0m	/Users/lihao/project/mall-pro/admin-gin/websocket/ws_handle.go:70	websocket: close 1001 (going away)
[go_vue_admin]2024-09-03 14:34:43.854	[31merror[0m	/Users/lihao/project/mall-pro/admin-gin/api/v1/product/pro_goods.go:155	json: cannot unmarshal string into Go struct field UpdateGoodsBaseInfo.commission_rate of type int32
[go_vue_admin]2024-09-03 14:38:49.760	[31merror[0m	/Users/lihao/project/mall-pro/admin-gin/websocket/ws_handle.go:70	websocket: close 1001 (going away)
[go_vue_admin]2024-09-03 14:39:34.346	[31merror[0m	/Users/lihao/project/mall-pro/admin-gin/websocket/ws_handle.go:70	websocket: close 1001 (going away)
[go_vue_admin]2024-09-03 14:40:34.301	[31merror[0m	/Users/lihao/project/mall-pro/admin-gin/websocket/ws_handle.go:70	websocket: close 1001 (going away)
[go_vue_admin]2024-09-03 14:41:24.086	[31merror[0m	/Users/lihao/project/mall-pro/admin-gin/websocket/ws_handle.go:70	websocket: close 1001 (going away)
[go_vue_admin]2024-09-03 14:56:54.283	[31merror[0m	/Users/lihao/project/mall-pro/admin-gin/websocket/ws_handle.go:38	close tcp [::1]:8887->[::1]:64904: use of closed network connection
[go_vue_admin]2024-09-03 14:56:54.283	[31merror[0m	/Users/lihao/project/mall-pro/admin-gin/websocket/ws_handle.go:38	close tcp [::1]:8887->[::1]:50630: use of closed network connection
[go_vue_admin]2024-09-03 14:56:54.283	[31merror[0m	/Users/lihao/project/mall-pro/admin-gin/websocket/ws_handle.go:38	close tcp [::1]:8887->[::1]:49458: use of closed network connection
[go_vue_admin]2024-09-03 14:56:54.283	[31merror[0m	/Users/lihao/project/mall-pro/admin-gin/websocket/ws_handle.go:38	close tcp [::1]:8887->[::1]:65275: use of closed network connection
[go_vue_admin]2024-09-03 14:56:54.283	[31merror[0m	/Users/lihao/project/mall-pro/admin-gin/websocket/ws_handle.go:38	close tcp [::1]:8887->[::1]:49216: use of closed network connection
[go_vue_admin]2024-09-03 14:56:54.283	[31merror[0m	/Users/lihao/project/mall-pro/admin-gin/websocket/ws_handle.go:38	close tcp [::1]:8887->[::1]:51800: use of closed network connection
[go_vue_admin]2024-09-03 14:56:54.283	[31merror[0m	/Users/lihao/project/mall-pro/admin-gin/websocket/ws_handle.go:38	close tcp [::1]:8887->[::1]:65002: use of closed network connection
[go_vue_admin]2024-09-03 14:56:54.283	[31merror[0m	/Users/lihao/project/mall-pro/admin-gin/websocket/ws_handle.go:38	close tcp [::1]:8887->[::1]:51995: use of closed network connection
[go_vue_admin]2024-09-03 14:56:54.283	[31merror[0m	/Users/lihao/project/mall-pro/admin-gin/websocket/ws_handle.go:38	close tcp [::1]:8887->[::1]:52045: use of closed network connection
[go_vue_admin]2024-09-03 14:56:54.283	[31merror[0m	/Users/lihao/project/mall-pro/admin-gin/websocket/ws_handle.go:38	close tcp [::1]:8887->[::1]:65082: use of closed network connection
[go_vue_admin]2024-09-03 14:56:54.283	[31merror[0m	/Users/lihao/project/mall-pro/admin-gin/websocket/ws_handle.go:38	close tcp [::1]:8887->[::1]:64894: use of closed network connection
[go_vue_admin]2024-09-03 14:56:54.283	[31merror[0m	/Users/lihao/project/mall-pro/admin-gin/websocket/ws_handle.go:38	close tcp [::1]:8887->[::1]:49502: use of closed network connection
[go_vue_admin]2024-09-03 14:56:54.283	[31merror[0m	/Users/lihao/project/mall-pro/admin-gin/websocket/ws_handle.go:70	read tcp [::1]:8887->[::1]:52123: use of closed network connection
[go_vue_admin]2024-09-03 14:56:54.284	[31merror[0m	/Users/lihao/project/mall-pro/admin-gin/core/server.go:44	accept tcp [::]:8887: use of closed network connection
[go_vue_admin]2024-09-03 14:57:45.191	[31merror[0m	/Users/lihao/project/mall-pro/admin-gin/websocket/ws_handle.go:70	websocket: close 1001 (going away)
[go_vue_admin]2024-09-03 15:03:02.890	[31merror[0m	/Users/lihao/project/mall-pro/admin-gin/websocket/ws_handle.go:38	close tcp [::1]:8887->[::1]:56339: use of closed network connection
[go_vue_admin]2024-09-03 15:03:02.890	[31merror[0m	/Users/lihao/project/mall-pro/admin-gin/websocket/ws_handle.go:70	read tcp [::1]:8887->[::1]:56456: use of closed network connection
[go_vue_admin]2024-09-03 15:03:02.890	[31merror[0m	/Users/lihao/project/mall-pro/admin-gin/core/server.go:44	accept tcp [::]:8887: use of closed network connection
[go_vue_admin]2024-09-03 15:04:34.505	[31merror[0m	/Users/lihao/project/mall-pro/admin-gin/api/v1/product/pro_goods.go:167	failed to assign association &product.Coupon{GVA_MODEL:global.GVA_MODEL{ID:0x0, CreatedAt:time.Date(1, time.January, 1, 0, 0, 0, 0, time.UTC), UpdatedAt:time.Date(1, time.January, 1, 0, 0, 0, 0, time.UTC), DeletedAt:gorm.DeletedAt{Time:time.Date(1, time.January, 1, 0, 0, 0, 0, time.UTC), Valid:false}}, Title:"", Amount:5.6, MinAmount:0, StartTime:time.Date(1, time.January, 1, 0, 0, 0, 0, time.UTC), EndTime:time.Date(1, time.January, 1, 0, 0, 0, 0, time.UTC), CouponTotal:0, CouponCover:0, Status:0x0}, make sure foreign fields exists
[go_vue_admin]2024-09-03 15:05:36.186	[31merror[0m	/Users/lihao/project/mall-pro/admin-gin/websocket/ws_handle.go:70	read tcp [::1]:8887->[::1]:56604: use of closed network connection
[go_vue_admin]2024-09-03 15:05:36.187	[31merror[0m	/Users/lihao/project/mall-pro/admin-gin/core/server.go:44	accept tcp [::]:8887: use of closed network connection
[go_vue_admin]2024-09-03 15:05:57.173	[31merror[0m	/Users/lihao/project/mall-pro/admin-gin/api/v1/product/pro_goods.go:167	Error 1292 (22007): Incorrect datetime value: '0000-00-00' for column 'start_time' at row 1
[go_vue_admin]2024-09-03 15:10:04.549	[31merror[0m	/Users/lihao/project/mall-pro/admin-gin/websocket/ws_handle.go:70	read tcp [::1]:8887->[::1]:56762: use of closed network connection
[go_vue_admin]2024-09-03 15:10:04.550	[31merror[0m	/Users/lihao/project/mall-pro/admin-gin/core/server.go:44	accept tcp [::]:8887: use of closed network connection
[go_vue_admin]2024-09-03 15:10:40.318	[31merror[0m	/Users/lihao/project/mall-pro/admin-gin/websocket/ws_handle.go:70	websocket: close 1001 (going away)
[go_vue_admin]2024-09-03 15:11:33.475	[31merror[0m	/Users/lihao/project/mall-pro/admin-gin/websocket/ws_handle.go:70	websocket: close 1001 (going away)
[go_vue_admin]2024-09-03 15:16:06.914	[31merror[0m	/Users/lihao/project/mall-pro/admin-gin/websocket/ws_handle.go:70	websocket: close 1001 (going away)
[go_vue_admin]2024-09-03 15:16:59.564	[31merror[0m	/Users/lihao/project/mall-pro/admin-gin/websocket/ws_handle.go:70	websocket: close 1001 (going away)
[go_vue_admin]2024-09-03 15:22:15.469	[31merror[0m	/Users/lihao/project/mall-pro/admin-gin/websocket/ws_handle.go:70	websocket: close 1001 (going away)
[go_vue_admin]2024-09-03 15:25:31.735	[31merror[0m	/Users/lihao/project/mall-pro/admin-gin/websocket/ws_handle.go:38	close tcp [::1]:8887->[::1]:56935: use of closed network connection
[go_vue_admin]2024-09-03 15:25:31.737	[31merror[0m	/Users/lihao/project/mall-pro/admin-gin/websocket/ws_handle.go:70	read tcp [::1]:8887->[::1]:58515: use of closed network connection
[go_vue_admin]2024-09-03 15:25:31.737	[31merror[0m	/Users/lihao/project/mall-pro/admin-gin/websocket/ws_handle.go:38	close tcp [::1]:8887->[::1]:57077: use of closed network connection
[go_vue_admin]2024-09-03 15:25:31.737	[31merror[0m	/Users/lihao/project/mall-pro/admin-gin/websocket/ws_handle.go:38	close tcp [::1]:8887->[::1]:57322: use of closed network connection
[go_vue_admin]2024-09-03 15:25:31.737	[31merror[0m	/Users/lihao/project/mall-pro/admin-gin/websocket/ws_handle.go:38	close tcp [::1]:8887->[::1]:56867: use of closed network connection
[go_vue_admin]2024-09-03 15:25:31.737	[31merror[0m	/Users/lihao/project/mall-pro/admin-gin/websocket/ws_handle.go:38	close tcp [::1]:8887->[::1]:56893: use of closed network connection
[go_vue_admin]2024-09-03 15:25:31.739	[31merror[0m	/Users/lihao/project/mall-pro/admin-gin/core/server.go:44	accept tcp [::]:8887: use of closed network connection
[go_vue_admin]2024-09-03 15:36:30.183	[31merror[0m	/Users/lihao/project/mall-pro/admin-gin/api/v1/product/pro_goods.go:177	json: cannot unmarshal string into Go struct field UpdateGoodsCouponInfo.amount of type float64
[go_vue_admin]2024-09-03 15:40:09.951	[31merror[0m	/Users/lihao/project/mall-pro/admin-gin/api/v1/product/pro_goods.go:189	sql: expected 25 destination arguments in Scan, not 1
[go_vue_admin]2024-09-03 15:49:11.090	[31merror[0m	/Users/lihao/project/mall-pro/admin-gin/core/server.go:44	accept tcp [::]:8887: use of closed network connection
[go_vue_admin]2024-09-03 15:49:55.808	[31merror[0m	/Users/lihao/project/mall-pro/admin-gin/websocket/ws_handle.go:70	websocket: close 1001 (going away)
[go_vue_admin]2024-09-03 15:50:26.511	[31merror[0m	/Users/lihao/project/mall-pro/admin-gin/websocket/ws_handle.go:70	websocket: close 1001 (going away)
[go_vue_admin]2024-09-03 15:53:59.837	[31merror[0m	/Users/lihao/project/mall-pro/admin-gin/websocket/ws_handle.go:38	close tcp [::1]:8887->[::1]:49381: use of closed network connection
[go_vue_admin]2024-09-03 15:53:59.837	[31merror[0m	/Users/lihao/project/mall-pro/admin-gin/websocket/ws_handle.go:38	close tcp [::1]:8887->[::1]:49542: use of closed network connection
[go_vue_admin]2024-09-03 15:53:59.837	[31merror[0m	/Users/lihao/project/mall-pro/admin-gin/core/server.go:44	accept tcp [::]:8887: use of closed network connection
[go_vue_admin]2024-09-03 15:53:59.838	[31merror[0m	/Users/lihao/project/mall-pro/admin-gin/websocket/ws_handle.go:70	read tcp [::1]:8887->[::1]:49697: use of closed network connection
[go_vue_admin]2024-09-03 15:54:25.665	[31merror[0m	/Users/lihao/project/mall-pro/admin-gin/websocket/ws_handle.go:70	websocket: close 1001 (going away)
[go_vue_admin]2024-09-03 16:45:37.236	[31merror[0m	/Users/lihao/project/mall-pro/admin-gin/websocket/ws_handle.go:70	websocket: close 1006 (abnormal closure): unexpected EOF
[go_vue_admin]2024-09-03 16:45:37.236	[31merror[0m	/Users/lihao/project/mall-pro/admin-gin/websocket/ws_handle.go:70	websocket: close 1006 (abnormal closure): unexpected EOF
[go_vue_admin]2024-09-03 16:45:37.236	[31merror[0m	/Users/lihao/project/mall-pro/admin-gin/websocket/ws_handle.go:70	websocket: close 1006 (abnormal closure): unexpected EOF
[go_vue_admin]2024-09-03 16:50:01.599	[31merror[0m	/Users/lihao/project/mall-pro/admin-gin/websocket/ws_handle.go:70	websocket: close 1001 (going away)
[go_vue_admin]2024-09-03 16:53:08.838	[31merror[0m	/Users/lihao/project/mall-pro/admin-gin/websocket/ws_handle.go:70	websocket: close 1001 (going away)
[go_vue_admin]2024-09-03 16:53:27.451	[31merror[0m	/Users/lihao/project/mall-pro/admin-gin/websocket/ws_handle.go:70	websocket: close 1001 (going away)
[go_vue_admin]2024-09-03 16:55:34.879	[31merror[0m	/Users/lihao/project/mall-pro/admin-gin/websocket/ws_handle.go:70	websocket: close 1001 (going away)
[go_vue_admin]2024-09-03 16:56:10.558	[31merror[0m	/Users/lihao/project/mall-pro/admin-gin/websocket/ws_handle.go:70	websocket: close 1001 (going away)
[go_vue_admin]2024-09-03 16:57:19.938	[31merror[0m	/Users/lihao/project/mall-pro/admin-gin/websocket/ws_handle.go:70	websocket: close 1001 (going away)
[go_vue_admin]2024-09-03 16:59:48.168	[31merror[0m	/Users/lihao/project/mall-pro/admin-gin/websocket/ws_handle.go:38	close tcp [::1]:8887->[::1]:50968: use of closed network connection
[go_vue_admin]2024-09-03 16:59:48.172	[31merror[0m	/Users/lihao/project/mall-pro/admin-gin/websocket/ws_handle.go:70	read tcp [::1]:8887->[::1]:50326: use of closed network connection
[go_vue_admin]2024-09-03 16:59:48.172	[31merror[0m	/Users/lihao/project/mall-pro/admin-gin/websocket/ws_handle.go:38	close tcp [::1]:8887->[::1]:50230: use of closed network connection
[go_vue_admin]2024-09-03 16:59:48.165	[31merror[0m	/Users/lihao/project/mall-pro/admin-gin/websocket/ws_handle.go:38	close tcp [::1]:8887->[::1]:50801: use of closed network connection
[go_vue_admin]2024-09-03 16:59:48.166	[31merror[0m	/Users/lihao/project/mall-pro/admin-gin/websocket/ws_handle.go:38	close tcp [::1]:8887->[::1]:64579: use of closed network connection
[go_vue_admin]2024-09-03 16:59:48.167	[31merror[0m	/Users/lihao/project/mall-pro/admin-gin/websocket/ws_handle.go:38	close tcp [::1]:8887->[::1]:49351: use of closed network connection
[go_vue_admin]2024-09-03 16:59:48.174	[31merror[0m	/Users/lihao/project/mall-pro/admin-gin/core/server.go:44	accept tcp [::]:8887: use of closed network connection
[go_vue_admin]2024-09-03 16:59:48.172	[31merror[0m	/Users/lihao/project/mall-pro/admin-gin/websocket/ws_handle.go:70	read tcp [::1]:8887->[::1]:51482: use of closed network connection
[go_vue_admin]2024-09-03 16:59:48.166	[31merror[0m	/Users/lihao/project/mall-pro/admin-gin/websocket/ws_handle.go:38	close tcp [::1]:8887->[::1]:64574: use of closed network connection
[go_vue_admin]2024-09-03 16:59:48.168	[31merror[0m	/Users/lihao/project/mall-pro/admin-gin/websocket/ws_handle.go:38	close tcp [::1]:8887->[::1]:60872: use of closed network connection
[go_vue_admin]2024-09-03 16:59:48.165	[31merror[0m	/Users/lihao/project/mall-pro/admin-gin/websocket/ws_handle.go:38	close tcp [::1]:8887->[::1]:51157: use of closed network connection
[go_vue_admin]2024-09-03 16:59:48.167	[31merror[0m	/Users/lihao/project/mall-pro/admin-gin/websocket/ws_handle.go:70	read tcp [::1]:8887->[::1]:64578: use of closed network connection
[go_vue_admin]2024-09-03 16:59:48.166	[31merror[0m	/Users/lihao/project/mall-pro/admin-gin/websocket/ws_handle.go:38	close tcp [::1]:8887->[::1]:61118: use of closed network connection
[go_vue_admin]2024-09-03 16:59:48.167	[31merror[0m	/Users/lihao/project/mall-pro/admin-gin/websocket/ws_handle.go:38	close tcp [::1]:8887->[::1]:50715: use of closed network connection
[go_vue_admin]2024-09-03 17:03:28.884	[31merror[0m	/Users/lihao/project/mall-pro/admin-gin/websocket/ws_handle.go:70	websocket: close 1001 (going away)
[go_vue_admin]2024-09-03 17:16:57.890	[31merror[0m	/Users/lihao/project/mall-pro/admin-gin/websocket/ws_handle.go:70	websocket: close 1001 (going away)
[go_vue_admin]2024-09-03 17:17:29.290	[31merror[0m	/Users/lihao/project/mall-pro/admin-gin/websocket/ws_handle.go:70	websocket: close 1001 (going away)
[go_vue_admin]2024-09-03 17:18:29.496	[31merror[0m	/Users/lihao/project/mall-pro/admin-gin/websocket/ws_handle.go:70	read tcp [::1]:8887->[::1]:54770: use of closed network connection
[go_vue_admin]2024-09-03 17:18:29.498	[31merror[0m	/Users/lihao/project/mall-pro/admin-gin/websocket/ws_handle.go:38	close tcp [::1]:8887->[::1]:52909: use of closed network connection
[go_vue_admin]2024-09-03 17:18:29.498	[31merror[0m	/Users/lihao/project/mall-pro/admin-gin/websocket/ws_handle.go:38	close tcp [::1]:8887->[::1]:56803: use of closed network connection
[go_vue_admin]2024-09-03 17:18:29.498	[31merror[0m	/Users/lihao/project/mall-pro/admin-gin/core/server.go:44	accept tcp [::]:8887: use of closed network connection
[go_vue_admin]2024-09-03 17:18:29.496	[31merror[0m	/Users/lihao/project/mall-pro/admin-gin/websocket/ws_handle.go:38	close tcp [::1]:8887->[::1]:53182: use of closed network connection
[go_vue_admin]2024-09-03 17:18:29.496	[31merror[0m	/Users/lihao/project/mall-pro/admin-gin/websocket/ws_handle.go:70	read tcp [::1]:8887->[::1]:56953: use of closed network connection
[go_vue_admin]2024-09-03 17:20:11.299	[31merror[0m	/Users/lihao/project/mall-pro/admin-gin/core/server.go:44	accept tcp [::]:8887: use of closed network connection
[go_vue_admin]2024-09-03 17:43:26.808	[31merror[0m	/Users/lihao/project/mall-pro/admin-gin/core/server.go:44	accept tcp [::]:8887: use of closed network connection
[go_vue_admin]2024-09-03 17:46:20.653	[31merror[0m	/Users/lihao/project/mall-pro/admin-gin/api/v1/product/pro_goods.go:177	json: cannot unmarshal string into Go struct field UpdateGoodsCouponInfo.coupon_total of type int
[go_vue_admin]2024-09-03 17:47:59.471	[31merror[0m	/Users/lihao/project/mall-pro/admin-gin/websocket/ws_handle.go:70	websocket: close 1001 (going away)
[go_vue_admin]2024-09-03 17:59:00.526	[31merror[0m	/Users/lihao/project/mall-pro/admin-gin/websocket/ws_handle.go:70	read tcp [::1]:8887->[::1]:64962: use of closed network connection
[go_vue_admin]2024-09-03 17:59:00.527	[31merror[0m	/Users/lihao/project/mall-pro/admin-gin/websocket/ws_handle.go:38	close tcp [::1]:8887->[::1]:63998: use of closed network connection
[go_vue_admin]2024-09-03 17:59:00.529	[31merror[0m	/Users/lihao/project/mall-pro/admin-gin/websocket/ws_handle.go:70	read tcp [::1]:8887->[::1]:65297: use of closed network connection
[go_vue_admin]2024-09-03 17:59:00.529	[31merror[0m	/Users/lihao/project/mall-pro/admin-gin/core/server.go:44	accept tcp [::]:8887: use of closed network connection
[go_vue_admin]2024-09-03 18:14:00.978	[31merror[0m	/Users/lihao/project/mall-pro/admin-gin/websocket/ws_handle.go:70	websocket: close 1001 (going away)
[go_vue_admin]2024-09-03 18:18:26.620	[31merror[0m	/Users/lihao/project/mall-pro/admin-gin/websocket/ws_handle.go:38	close tcp [::1]:8887->[::1]:49508: use of closed network connection
[go_vue_admin]2024-09-03 18:18:26.621	[31merror[0m	/Users/lihao/project/mall-pro/admin-gin/websocket/ws_handle.go:70	read tcp [::1]:8887->[::1]:51867: use of closed network connection
[go_vue_admin]2024-09-03 18:18:26.621	[31merror[0m	/Users/lihao/project/mall-pro/admin-gin/core/server.go:44	accept tcp [::]:8887: use of closed network connection
[go_vue_admin]2024-09-03 18:59:34.034	[31merror[0m	/Users/lihao/project/mall-pro/admin-gin/websocket/ws_handle.go:70	websocket: close 1006 (abnormal closure): unexpected EOF
[go_vue_admin]2024-09-03 19:31:15.182	[31merror[0m	/Users/lihao/project/mall-pro/admin-gin/websocket/ws_handle.go:70	websocket: close 1006 (abnormal closure): unexpected EOF
[go_vue_admin]2024-09-03 19:31:15.187	[31merror[0m	/Users/lihao/project/mall-pro/admin-gin/websocket/ws_handle.go:70	websocket: close 1006 (abnormal closure): unexpected EOF
[go_vue_admin]2024-09-03 19:31:15.187	[31merror[0m	/Users/lihao/project/mall-pro/admin-gin/websocket/ws_handle.go:70	websocket: close 1006 (abnormal closure): unexpected EOF
[go_vue_admin]2024-09-03 19:46:49.714	[31merror[0m	/Users/lihao/project/mall-pro/admin-gin/api/v1/system/sys_menu.go:29	èŽ·å–å¤±è´¥!	{"error": "invalid connection"}
[go_vue_admin]2024-09-03 19:46:51.415	[31merror[0m	/Users/lihao/project/mall-pro/admin-gin/api/v1/system/sys_menu.go:29	èŽ·å–å¤±è´¥!	{"error": "invalid connection"}
[go_vue_admin]2024-09-03 19:46:52.473	[31merror[0m	/Users/lihao/project/mall-pro/admin-gin/api/v1/system/sys_menu.go:29	èŽ·å–å¤±è´¥!	{"error": "invalid connection"}
[go_vue_admin]2024-09-03 22:05:29.886	[31merror[0m	/Users/lihao/project/mall-pro/admin-gin/websocket/ws_handle.go:70	websocket: close 1001 (going away)
[go_vue_admin]2024-09-03 22:06:05.163	[31merror[0m	/Users/lihao/project/mall-pro/admin-gin/websocket/ws_handle.go:70	websocket: close 1001 (going away)
[go_vue_admin]2024-09-03 22:06:44.566	[31merror[0m	/Users/lihao/project/mall-pro/admin-gin/websocket/ws_handle.go:70	websocket: close 1001 (going away)
[go_vue_admin]2024-09-03 22:06:49.470	[31merror[0m	/Users/lihao/project/mall-pro/admin-gin/websocket/ws_handle.go:70	websocket: close 1001 (going away)
[go_vue_admin]2024-09-03 22:18:12.238	[31merror[0m	/Users/lihao/project/mall-pro/admin-gin/websocket/ws_handle.go:70	websocket: close 1001 (going away)
[go_vue_admin]2024-09-03 22:20:09.517	[31merror[0m	/Users/lihao/project/mall-pro/admin-gin/websocket/ws_handle.go:70	websocket: close 1001 (going away)
[go_vue_admin]2024-09-03 22:22:59.064	[31merror[0m	/Users/lihao/project/mall-pro/admin-gin/websocket/ws_handle.go:70	websocket: close 1001 (going away)
[go_vue_admin]2024-09-03 22:25:02.552	[31merror[0m	/Users/lihao/project/mall-pro/admin-gin/websocket/ws_handle.go:70	websocket: close 1001 (going away)
[go_vue_admin]2024-09-03 22:27:43.394	[31merror[0m	/Users/lihao/project/mall-pro/admin-gin/websocket/ws_handle.go:70	websocket: close 1001 (going away)
[go_vue_admin]2024-09-03 22:27:43.749	[31merror[0m	/Users/lihao/project/mall-pro/admin-gin/websocket/ws_handle.go:70	websocket: close 1001 (going away)
[go_vue_admin]2024-09-03 22:42:35.229	[31merror[0m	/Users/lihao/project/mall-pro/admin-gin/websocket/ws_handle.go:70	websocket: close 1001 (going away)
[go_vue_admin]2024-09-03 22:42:55.670	[31merror[0m	/Users/lihao/project/mall-pro/admin-gin/websocket/ws_handle.go:70	websocket: close 1001 (going away)
[go_vue_admin]2024-09-03 22:44:38.563	[31merror[0m	/Users/lihao/project/mall-pro/admin-gin/websocket/ws_handle.go:70	websocket: close 1001 (going away)
[go_vue_admin]2024-09-03 22:44:47.850	[31merror[0m	/Users/lihao/project/mall-pro/admin-gin/websocket/ws_handle.go:70	websocket: close 1001 (going away)
[go_vue_admin]2024-09-03 22:47:15.943	[31merror[0m	/Users/lihao/project/mall-pro/admin-gin/websocket/ws_handle.go:70	websocket: close 1001 (going away)
[go_vue_admin]2024-09-03 22:50:55.282	[31merror[0m	/Users/lihao/project/mall-pro/admin-gin/websocket/ws_handle.go:70	websocket: close 1001 (going away)
[go_vue_admin]2024-09-03 22:53:55.955	[31merror[0m	/Users/lihao/project/mall-pro/admin-gin/websocket/ws_handle.go:70	websocket: close 1001 (going away)
[go_vue_admin]2024-09-03 23:00:07.567	[31merror[0m	/Users/lihao/project/mall-pro/admin-gin/websocket/ws_handle.go:70	websocket: close 1001 (going away)
[go_vue_admin]2024-09-03 23:01:08.722	[31merror[0m	/Users/lihao/project/mall-pro/admin-gin/websocket/ws_handle.go:70	websocket: close 1001 (going away)
[go_vue_admin]2024-09-03 23:01:52.450	[31merror[0m	/Users/lihao/project/mall-pro/admin-gin/websocket/ws_handle.go:70	websocket: close 1001 (going away)
[go_vue_admin]2024-09-03 23:02:07.322	[31merror[0m	/Users/lihao/project/mall-pro/admin-gin/websocket/ws_handle.go:70	websocket: close 1001 (going away)
[go_vue_admin]2024-09-03 23:05:42.776	[31merror[0m	/Users/lihao/project/mall-pro/admin-gin/websocket/ws_handle.go:70	websocket: close 1001 (going away)
[go_vue_admin]2024-09-03 23:08:02.675	[31merror[0m	/Users/lihao/project/mall-pro/admin-gin/websocket/ws_handle.go:70	websocket: close 1001 (going away)
[go_vue_admin]2024-09-03 23:11:54.414	[31merror[0m	/Users/lihao/project/mall-pro/admin-gin/websocket/ws_handle.go:70	websocket: close 1001 (going away)
[go_vue_admin]2024-09-03 23:13:14.348	[31merror[0m	/Users/lihao/project/mall-pro/admin-gin/websocket/ws_handle.go:70	websocket: close 1001 (going away)
[go_vue_admin]2024-09-03 23:15:55.889	[31merror[0m	/Users/lihao/project/mall-pro/admin-gin/websocket/ws_handle.go:70	websocket: close 1001 (going away)
[go_vue_admin]2024-09-03 23:16:06.684	[31merror[0m	/Users/lihao/project/mall-pro/admin-gin/websocket/ws_handle.go:70	websocket: close 1001 (going away)
[go_vue_admin]2024-09-03 23:28:53.974	[31merror[0m	/Users/lihao/project/mall-pro/admin-gin/websocket/ws_handle.go:38	close tcp [::1]:8887->[::1]:50586: use of closed network connection
[go_vue_admin]2024-09-03 23:28:53.974	[31merror[0m	/Users/lihao/project/mall-pro/admin-gin/websocket/ws_handle.go:38	close tcp [::1]:8887->[::1]:54442: use of closed network connection
[go_vue_admin]2024-09-03 23:28:53.974	[31merror[0m	/Users/lihao/project/mall-pro/admin-gin/websocket/ws_handle.go:38	close tcp [::1]:8887->[::1]:55274: use of closed network connection
[go_vue_admin]2024-09-03 23:28:53.974	[31merror[0m	/Users/lihao/project/mall-pro/admin-gin/websocket/ws_handle.go:38	close tcp [::1]:8887->[::1]:55241: use of closed network connection
[go_vue_admin]2024-09-03 23:28:53.974	[31merror[0m	/Users/lihao/project/mall-pro/admin-gin/websocket/ws_handle.go:38	close tcp [::1]:8887->[::1]:54451: use of closed network connection
[go_vue_admin]2024-09-03 23:28:53.974	[31merror[0m	/Users/lihao/project/mall-pro/admin-gin/websocket/ws_handle.go:38	close tcp [::1]:8887->[::1]:56869: use of closed network connection
[go_vue_admin]2024-09-03 23:28:53.974	[31merror[0m	/Users/lihao/project/mall-pro/admin-gin/websocket/ws_handle.go:38	close tcp [::1]:8887->[::1]:63843: use of closed network connection
[go_vue_admin]2024-09-03 23:28:53.974	[31merror[0m	/Users/lihao/project/mall-pro/admin-gin/websocket/ws_handle.go:38	close tcp [::1]:8887->[::1]:49608: use of closed network connection
[go_vue_admin]2024-09-03 23:28:53.974	[31merror[0m	/Users/lihao/project/mall-pro/admin-gin/websocket/ws_handle.go:70	read tcp [::1]:8887->[::1]:52260: use of closed network connection
[go_vue_admin]2024-09-03 23:28:53.974	[31merror[0m	/Users/lihao/project/mall-pro/admin-gin/websocket/ws_handle.go:38	close tcp [::1]:8887->[::1]:56150: use of closed network connection
[go_vue_admin]2024-09-03 23:28:53.974	[31merror[0m	/Users/lihao/project/mall-pro/admin-gin/websocket/ws_handle.go:38	close tcp [::1]:8887->[::1]:62970: use of closed network connection
[go_vue_admin]2024-09-03 23:28:53.974	[31merror[0m	/Users/lihao/project/mall-pro/admin-gin/websocket/ws_handle.go:38	close tcp [::1]:8887->[::1]:49535: use of closed network connection
[go_vue_admin]2024-09-03 23:28:53.974	[31merror[0m	/Users/lihao/project/mall-pro/admin-gin/websocket/ws_handle.go:38	close tcp [::1]:8887->[::1]:51131: use of closed network connection
[go_vue_admin]2024-09-03 23:28:53.974	[31merror[0m	/Users/lihao/project/mall-pro/admin-gin/websocket/ws_handle.go:38	close tcp [::1]:8887->[::1]:55319: use of closed network connection
[go_vue_admin]2024-09-03 23:28:53.974	[31merror[0m	/Users/lihao/project/mall-pro/admin-gin/websocket/ws_handle.go:38	close tcp [::1]:8887->[::1]:63016: use of closed network connection
[go_vue_admin]2024-09-03 23:28:53.974	[31merror[0m	/Users/lihao/project/mall-pro/admin-gin/websocket/ws_handle.go:38	close tcp [::1]:8887->[::1]:65457: use of closed network connection
[go_vue_admin]2024-09-03 23:28:53.974	[31merror[0m	/Users/lihao/project/mall-pro/admin-gin/websocket/ws_handle.go:38	close tcp [::1]:8887->[::1]:51805: use of closed network connection
[go_vue_admin]2024-09-03 23:28:53.974	[31merror[0m	/Users/lihao/project/mall-pro/admin-gin/websocket/ws_handle.go:38	close tcp [::1]:8887->[::1]:58146: use of closed network connection
[go_vue_admin]2024-09-03 23:28:53.974	[31merror[0m	/Users/lihao/project/mall-pro/admin-gin/websocket/ws_handle.go:38	close tcp [::1]:8887->[::1]:63108: use of closed network connection
[go_vue_admin]2024-09-03 23:28:53.974	[31merror[0m	/Users/lihao/project/mall-pro/admin-gin/websocket/ws_handle.go:38	close tcp [::1]:8887->[::1]:62905: use of closed network connection
[go_vue_admin]2024-09-03 23:28:53.974	[31merror[0m	/Users/lihao/project/mall-pro/admin-gin/websocket/ws_handle.go:70	read tcp [::1]:8887->[::1]:52262: use of closed network connection
[go_vue_admin]2024-09-03 23:28:53.974	[31merror[0m	/Users/lihao/project/mall-pro/admin-gin/websocket/ws_handle.go:38	close tcp [::1]:8887->[::1]:62983: use of closed network connection
[go_vue_admin]2024-09-03 23:28:53.974	[31merror[0m	/Users/lihao/project/mall-pro/admin-gin/websocket/ws_handle.go:38	close tcp [::1]:8887->[::1]:58144: use of closed network connection
[go_vue_admin]2024-09-03 23:28:53.974	[31merror[0m	/Users/lihao/project/mall-pro/admin-gin/websocket/ws_handle.go:38	close tcp [::1]:8887->[::1]:53030: use of closed network connection
[go_vue_admin]2024-09-03 23:28:53.974	[31merror[0m	/Users/lihao/project/mall-pro/admin-gin/websocket/ws_handle.go:38	close tcp [::1]:8887->[::1]:54566: use of closed network connection
[go_vue_admin]2024-09-03 23:28:53.974	[31merror[0m	/Users/lihao/project/mall-pro/admin-gin/websocket/ws_handle.go:38	close tcp [::1]:8887->[::1]:57427: use of closed network connection
[go_vue_admin]2024-09-03 23:28:53.975	[31merror[0m	/Users/lihao/project/mall-pro/admin-gin/websocket/ws_handle.go:38	close tcp [::1]:8887->[::1]:54564: use of closed network connection
[go_vue_admin]2024-09-03 23:28:53.974	[31merror[0m	/Users/lihao/project/mall-pro/admin-gin/websocket/ws_handle.go:38	close tcp [::1]:8887->[::1]:49342: use of closed network connection
[go_vue_admin]2024-09-03 23:28:53.974	[31merror[0m	/Users/lihao/project/mall-pro/admin-gin/websocket/ws_handle.go:38	close tcp [::1]:8887->[::1]:54561: use of closed network connection
[go_vue_admin]2024-09-03 23:28:53.975	[31merror[0m	/Users/lihao/project/mall-pro/admin-gin/websocket/ws_handle.go:38	close tcp [::1]:8887->[::1]:54452: use of closed network connection
[go_vue_admin]2024-09-03 23:28:53.974	[31merror[0m	/Users/lihao/project/mall-pro/admin-gin/websocket/ws_handle.go:38	close tcp [::1]:8887->[::1]:62903: use of closed network connection
[go_vue_admin]2024-09-03 23:28:53.974	[31merror[0m	/Users/lihao/project/mall-pro/admin-gin/websocket/ws_handle.go:38	close tcp [::1]:8887->[::1]:51872: use of closed network connection
[go_vue_admin]2024-09-03 23:28:53.974	[31merror[0m	/Users/lihao/project/mall-pro/admin-gin/websocket/ws_handle.go:38	close tcp [::1]:8887->[::1]:56019: use of closed network connection
[go_vue_admin]2024-09-03 23:28:53.975	[31merror[0m	/Users/lihao/project/mall-pro/admin-gin/core/server.go:44	accept tcp [::]:8887: use of closed network connection
