[go_vue_admin]2024-10-01 15:17:42.406	[31merror[0m	/Users/lihao/project/mall-pro/admin-gin/service/system/jwt_black_list.go:76	åŠ è½½æ•°æ®åº“jwté»‘åå•å¤±è´¥!	{"error": "Error 1146 (42S02): Table 'gin_vue_admin.jwt_blacklists' doesn't exist"}
[go_vue_admin]2024-10-01 15:20:43.474	[31merror[0m	/Users/lihao/project/mall-pro/admin-gin/api/v1/system/sys_user.go:56	ç™»é™†å¤±è´¥! ç”¨æˆ·åä¸å­˜åœ¨æˆ–è€…å¯†ç é”™è¯¯!	{"error": "Error 1146 (42S02): Table 'gin_vue_admin.sys_users' doesn't exist"}
[go_vue_admin]2024-10-01 15:21:29.617	[31merror[0m	/Users/lihao/project/mall-pro/admin-gin/core/server.go:44	accept tcp [::]:8887: use of closed network connection
[go_vue_admin]2024-10-01 15:21:38.883	[31merror[0m	/Users/lihao/project/mall-pro/admin-gin/service/system/jwt_black_list.go:76	åŠ è½½æ•°æ®åº“jwté»‘åå•å¤±è´¥!	{"error": "Error 1146 (42S02): Table 'gin_vue_admin.jwt_blacklists' doesn't exist"}
[go_vue_admin]2024-10-01 15:21:48.788	[31merror[0m	/Users/lihao/project/mall-pro/admin-gin/api/v1/system/sys_user.go:56	ç™»é™†å¤±è´¥! ç”¨æˆ·åä¸å­˜åœ¨æˆ–è€…å¯†ç é”™è¯¯!	{"error": "Error 1146 (42S02): Table 'gin_vue_admin.sys_users' doesn't exist"}
[go_vue_admin]2024-10-01 15:24:07.451	[31merror[0m	/Users/lihao/project/mall-pro/admin-gin/core/server.go:44	accept tcp [::]:8887: use of closed network connection
[go_vue_admin]2024-10-01 15:24:14.973	[31merror[0m	/Users/lihao/project/mall-pro/admin-gin/service/system/jwt_black_list.go:76	åŠ è½½æ•°æ®åº“jwté»‘åå•å¤±è´¥!	{"error": "Error 1146 (42S02): Table 'gin_vue_admin.jwt_blacklists' doesn't exist"}
[go_vue_admin]2024-10-01 15:25:43.102	[31merror[0m	/Users/lihao/project/mall-pro/admin-gin/api/v1/system/sys_initdb.go:23	å·²å­˜åœ¨æ•°æ®åº“é…ç½®!
[go_vue_admin]2024-10-01 15:25:46.502	[31merror[0m	/Users/lihao/project/mall-pro/admin-gin/api/v1/system/sys_initdb.go:23	å·²å­˜åœ¨æ•°æ®åº“é…ç½®!
[go_vue_admin]2024-10-01 15:26:54.489	[31merror[0m	/Users/lihao/project/mall-pro/admin-gin/core/server.go:44	accept tcp [::]:8887: use of closed network connection
[go_vue_admin]2024-10-01 15:27:10.508	[31merror[0m	/Users/lihao/project/mall-pro/admin-gin/api/v1/system/sys_initdb.go:38	è‡ªåŠ¨åˆ›å»ºæ•°æ®åº“å¤±è´¥!	{"error": "dial tcp 127.0.0.1:3306: connect: connection refused"}
[go_vue_admin]2024-10-01 15:27:24.150	[31merror[0m	/Users/lihao/project/mall-pro/admin-gin/api/v1/system/sys_initdb.go:38	è‡ªåŠ¨åˆ›å»ºæ•°æ®åº“å¤±è´¥!	{"error": "dial tcp 127.0.0.1:3307: connect: connection refused"}
[go_vue_admin]2024-10-01 15:28:38.888	[31merror[0m	/Users/lihao/project/mall-pro/admin-gin/api/v1/system/sys_user.go:56	ç™»é™†å¤±è´¥! ç”¨æˆ·åä¸å­˜åœ¨æˆ–è€…å¯†ç é”™è¯¯!	{"error": "record not found"}
[go_vue_admin]2024-10-01 15:28:43.151	[31merror[0m	/Users/lihao/project/mall-pro/admin-gin/api/v1/system/sys_user.go:56	ç™»é™†å¤±è´¥! ç”¨æˆ·åä¸å­˜åœ¨æˆ–è€…å¯†ç é”™è¯¯!	{"error": "record not found"}
[go_vue_admin]2024-10-01 15:28:54.354	[31merror[0m	/Users/lihao/project/mall-pro/admin-gin/api/v1/system/sys_user.go:56	ç™»é™†å¤±è´¥! ç”¨æˆ·åä¸å­˜åœ¨æˆ–è€…å¯†ç é”™è¯¯!	{"error": "record not found"}
[go_vue_admin]2024-10-01 15:29:24.955	[31merror[0m	/Users/lihao/project/mall-pro/admin-gin/core/server.go:44	accept tcp [::]:8887: use of closed network connection
[go_vue_admin]2024-10-01 15:30:58.119	[31merror[0m	/Users/lihao/project/mall-pro/admin-gin/api/v1/system/sys_user.go:56	ç™»é™†å¤±è´¥! ç”¨æˆ·åä¸å­˜åœ¨æˆ–è€…å¯†ç é”™è¯¯!	{"error": "record not found"}
[go_vue_admin]2024-10-01 15:30:59.827	[31merror[0m	/Users/lihao/project/mall-pro/admin-gin/api/v1/system/sys_user.go:56	ç™»é™†å¤±è´¥! ç”¨æˆ·åä¸å­˜åœ¨æˆ–è€…å¯†ç é”™è¯¯!	{"error": "record not found"}
[go_vue_admin]2024-10-01 15:31:01.732	[31merror[0m	/Users/lihao/project/mall-pro/admin-gin/api/v1/system/sys_user.go:56	ç™»é™†å¤±è´¥! ç”¨æˆ·åä¸å­˜åœ¨æˆ–è€…å¯†ç é”™è¯¯!	{"error": "record not found"}
[go_vue_admin]2024-10-01 15:31:12.928	[31merror[0m	/Users/lihao/project/mall-pro/admin-gin/api/v1/system/sys_user.go:56	ç™»é™†å¤±è´¥! ç”¨æˆ·åä¸å­˜åœ¨æˆ–è€…å¯†ç é”™è¯¯!	{"error": "record not found"}
[go_vue_admin]2024-10-01 15:43:02.772	[31merror[0m	/Users/lihao/project/mall-pro/admin-gin/core/server.go:44	accept tcp [::]:8887: use of closed network connection
[go_vue_admin]2024-10-01 15:43:31.276	[31merror[0m	/Users/lihao/project/mall-pro/admin-gin/core/server.go:44	accept tcp [::]:8887: use of closed network connection
[go_vue_admin]2024-10-01 15:59:20.519	[31merror[0m	/Users/lihao/project/mall-pro/admin-gin/core/server.go:44	accept tcp [::]:8887: use of closed network connection
[go_vue_admin]2024-10-01 20:36:38.909	[31merror[0m	/Users/lihao/project/mall-pro/admin-gin/core/server.go:50	accept tcp [::]:8887: use of closed network connection
[go_vue_admin]2024-10-01 20:53:48.286	[31merror[0m	/Users/lihao/project/mall-pro/admin-gin/core/server.go:50	accept tcp [::]:8887: use of closed network connection
[go_vue_admin]2024-10-01 21:01:27.333	[31merror[0m	/Users/lihao/project/mall-pro/admin-gin/core/server.go:50	accept tcp [::]:8887: use of closed network connection
[go_vue_admin]2024-10-01 21:03:01.925	[31merror[0m	/Users/lihao/project/mall-pro/admin-gin/core/server.go:47	accept tcp [::]:8887: use of closed network connection
[go_vue_admin]2024-10-01 21:37:06.323	[31merror[0m	/Users/lihao/project/mall-pro/admin-gin/core/server.go:47	accept tcp [::]:8887: use of closed network connection
[go_vue_admin]2024-10-01 22:03:54.264	[31merror[0m	/Users/lihao/project/mall-pro/admin-gin/core/server.go:45	accept tcp [::]:8887: use of closed network connection
[go_vue_admin]2024-10-01 22:04:33.595	[31merror[0m	/Users/lihao/project/mall-pro/admin-gin/core/server.go:45	accept tcp [::]:8887: use of closed network connection
[go_vue_admin]2024-10-01 22:52:47.881	[31merror[0m	/Users/lihao/project/mall-pro/admin-gin/core/server.go:45	accept tcp [::]:8887: use of closed network connection
[go_vue_admin]2024-10-01 22:54:26.344	[31merror[0m	/Users/lihao/project/mall-pro/admin-gin/core/server.go:45	accept tcp [::]:8887: use of closed network connection
[go_vue_admin]2024-10-01 22:54:57.458	[31merror[0m	/Users/lihao/project/mall-pro/admin-gin/core/server.go:45	accept tcp [::]:8887: use of closed network connection
[go_vue_admin]2024-10-01 22:55:12.611	[31merror[0m	/Users/lihao/project/mall-pro/admin-gin/core/server.go:45	accept tcp [::]:8887: use of closed network connection
