[go_vue_admin]2024-10-03 10:03:39.156	[34minfo[0m	/Users/lihao/project/mall-pro/admin-gin/initialize/redis.go:34	redis connect ping response:	{"pong": "PONG"}
[go_vue_admin]2024-10-03 10:03:39.173	[34minfo[0m	/Users/lihao/project/mall-pro/admin-gin/initialize/admin_ api_authority.go:15	è¯·ä¿è¯è¶…çº§ç®¡ç†å‘˜çš„AuthorityID(è§’è‰²id) ä¸º1
[go_vue_admin]2024-10-03 10:56:04.541	[34minfo[0m	/Users/lihao/project/mall-pro/admin-gin/websocket/ws_handle.go:49	websocket è¿æ¥æˆåŠŸ
[go_vue_admin]2024-10-03 11:10:26.744	[34minfo[0m	/Users/lihao/project/mall-pro/admin-gin/websocket/ws_handle.go:49	websocket è¿æ¥æˆåŠŸ
[go_vue_admin]2024-10-03 11:13:14.807	[34minfo[0m	/Users/lihao/project/mall-pro/admin-gin/service/product/goods_grab/pro_goods_grab.go:166	æ£åˆ¶å“é‡‡é›†å®Œæˆï¼
[go_vue_admin]2024-10-03 11:14:09.157	[34minfo[0m	/Users/lihao/project/mall-pro/admin-gin/service/product/simulate/common.go:54	æ¸…ç†æ¨¡æ‹ŸåŒ…åŸºç¡€æ•°æ®
[go_vue_admin]2024-10-03 11:18:08.515	[34minfo[0m	/Users/lihao/project/mall-pro/admin-gin/websocket/ws_handle.go:49	websocket è¿æ¥æˆåŠŸ
[go_vue_admin]2024-10-03 11:18:20.457	[34minfo[0m	/Users/lihao/project/mall-pro/admin-gin/websocket/ws_handle.go:49	websocket è¿æ¥æˆåŠŸ
[go_vue_admin]2024-10-03 11:22:29.841	[34minfo[0m	/Users/lihao/project/mall-pro/admin-gin/websocket/ws_handle.go:49	websocket è¿æ¥æˆåŠŸ
[go_vue_admin]2024-10-03 21:07:58.617	[34minfo[0m	/Users/lihao/project/mall-pro/admin-gin/initialize/redis.go:34	redis connect ping response:	{"pong": "PONG"}
[go_vue_admin]2024-10-03 21:07:58.630	[34minfo[0m	/Users/lihao/project/mall-pro/admin-gin/initialize/admin_ api_authority.go:15	è¯·ä¿è¯è¶…çº§ç®¡ç†å‘˜çš„AuthorityID(è§’è‰²id) ä¸º1
[go_vue_admin]2024-10-03 21:08:07.593	[34minfo[0m	/Users/lihao/project/mall-pro/admin-gin/websocket/ws_handle.go:49	websocket è¿æ¥æˆåŠŸ
[go_vue_admin]2024-10-03 21:08:28.309	[34minfo[0m	/Users/lihao/project/mall-pro/admin-gin/service/product/goods_grab/pro_goods_grab.go:166	æ£åˆ¶å“é‡‡é›†å®Œæˆï¼
[go_vue_admin]2024-10-03 21:11:07.890	[34minfo[0m	/Users/lihao/project/mall-pro/admin-gin/service/product/goods_grab/pro_goods_grab.go:166	å·§å…‹åŠ›é‡‡é›†å®Œæˆï¼
[go_vue_admin]2024-10-03 21:14:09.853	[34minfo[0m	/Users/lihao/project/mall-pro/admin-gin/service/product/goods_grab/pro_goods_grab.go:166	åšæœé‡‡é›†å®Œæˆï¼
[go_vue_admin]2024-10-03 21:15:42.785	[34minfo[0m	/Users/lihao/project/mall-pro/admin-gin/service/product/goods_grab/pro_goods_grab.go:166	è†¨åŒ–é£Ÿå“é‡‡é›†å®Œæˆï¼
[go_vue_admin]2024-10-03 21:16:07.143	[34minfo[0m	/Users/lihao/project/mall-pro/admin-gin/service/product/goods_grab/pro_goods_grab.go:166	é¥¼å¹²é‡‡é›†å®Œæˆï¼
[go_vue_admin]2024-10-03 21:20:37.011	[34minfo[0m	/Users/lihao/project/mall-pro/admin-gin/service/product/goods_grab/pro_goods_grab.go:166	è±†å¹²é‡‡é›†å®Œæˆï¼
[go_vue_admin]2024-10-03 21:22:29.866	[34minfo[0m	/Users/lihao/project/mall-pro/admin-gin/service/product/goods_grab/pro_goods_grab.go:166	èœœé¥¯/æœå¹²é‡‡é›†å®Œæˆï¼
[go_vue_admin]2024-10-03 21:22:42.788	[34minfo[0m	/Users/lihao/project/mall-pro/admin-gin/service/product/goods_grab/pro_goods_grab.go:166	ç³–æœé‡‡é›†å®Œæˆï¼
[go_vue_admin]2024-10-03 21:22:56.804	[34minfo[0m	/Users/lihao/project/mall-pro/admin-gin/service/product/goods_grab/pro_goods_grab.go:166	æµ·è‹”/å³é£Ÿæµ·äº§é‡‡é›†å®Œæˆï¼
[go_vue_admin]2024-10-03 21:23:33.778	[34minfo[0m	/Users/lihao/project/mall-pro/admin-gin/service/product/goods_grab/pro_goods_grab.go:166	ç³•ç‚¹é‡‡é›†å®Œæˆï¼
[go_vue_admin]2024-10-03 21:26:38.804	[34minfo[0m	/Users/lihao/project/mall-pro/admin-gin/service/product/goods_grab/pro_goods_grab.go:166	è¥å…»è†³è¡¥é‡‡é›†å®Œæˆï¼
[go_vue_admin]2024-10-03 21:27:15.865	[34minfo[0m	/Users/lihao/project/mall-pro/admin-gin/service/product/goods_grab/pro_goods_grab.go:166	è†³é£Ÿä¿å¥é‡‡é›†å®Œæˆï¼
[go_vue_admin]2024-10-03 21:28:43.774	[34minfo[0m	/Users/lihao/project/mall-pro/admin-gin/service/product/goods_grab/pro_goods_grab.go:166	çš®å¸¦/æ‰‹è¡¨é‡‡é›†å®Œæˆï¼
[go_vue_admin]2024-10-03 21:29:18.775	[34minfo[0m	/Users/lihao/project/mall-pro/admin-gin/service/product/goods_grab/pro_goods_grab.go:166	ç”·å£«å¤–å¥—é‡‡é›†å®Œæˆï¼
[go_vue_admin]2024-10-03 21:29:48.770	[34minfo[0m	/Users/lihao/project/mall-pro/admin-gin/service/product/goods_grab/pro_goods_grab.go:166	ç”·å£«å†…æ­é‡‡é›†å®Œæˆï¼
[go_vue_admin]2024-10-03 21:29:52.847	[34minfo[0m	/Users/lihao/project/mall-pro/admin-gin/service/product/goods_grab/pro_goods_grab.go:166	ä¹³åˆ¶å“/å¥¶åˆ¶å“é‡‡é›†å®Œæˆï¼
[go_vue_admin]2024-10-03 21:30:40.776	[34minfo[0m	/Users/lihao/project/mall-pro/admin-gin/service/product/goods_grab/pro_goods_grab.go:166	ç”·å£«è£¤è£…é‡‡é›†å®Œæˆï¼
[go_vue_admin]2024-10-03 21:31:27.894	[34minfo[0m	/Users/lihao/project/mall-pro/admin-gin/service/product/goods_grab/pro_goods_grab.go:166	å†…è£¤é‡‡é›†å®Œæˆï¼
[go_vue_admin]2024-10-03 21:32:06.772	[34minfo[0m	/Users/lihao/project/mall-pro/admin-gin/service/product/goods_grab/pro_goods_grab.go:166	å’–å•¡å†²é¥®é‡‡é›†å®Œæˆï¼
[go_vue_admin]2024-10-03 21:32:33.769	[34minfo[0m	/Users/lihao/project/mall-pro/admin-gin/service/product/goods_grab/pro_goods_grab.go:166	æ–‡èƒ¸å¡‘èº«é‡‡é›†å®Œæˆï¼
[go_vue_admin]2024-10-03 21:32:45.794	[34minfo[0m	/Users/lihao/project/mall-pro/admin-gin/service/product/goods_grab/pro_goods_grab.go:166	å®¶å±…æœé‡‡é›†å®Œæˆï¼
[go_vue_admin]2024-10-03 21:32:47.772	[34minfo[0m	/Users/lihao/project/mall-pro/admin-gin/service/product/goods_grab/pro_goods_grab.go:166	é¢è†œé‡‡é›†å®Œæˆï¼
[go_vue_admin]2024-10-03 21:32:53.887	[34minfo[0m	/Users/lihao/project/mall-pro/admin-gin/service/product/goods_grab/pro_goods_grab.go:166	çœ¼éƒ¨æŠ¤ç†é‡‡é›†å®Œæˆï¼
[go_vue_admin]2024-10-03 21:32:56.853	[34minfo[0m	/Users/lihao/project/mall-pro/admin-gin/service/product/goods_grab/pro_goods_grab.go:166	ç²¾åé‡‡é›†å®Œæˆï¼
[go_vue_admin]2024-10-03 21:33:22.860	[34minfo[0m	/Users/lihao/project/mall-pro/admin-gin/service/product/goods_grab/pro_goods_grab.go:166	æŠ¤è‚¤å¥—è£…é‡‡é›†å®Œæˆï¼
[go_vue_admin]2024-10-03 21:33:38.835	[34minfo[0m	/Users/lihao/project/mall-pro/admin-gin/service/product/goods_grab/pro_goods_grab.go:166	é˜²æ™’é‡‡é›†å®Œæˆï¼
[go_vue_admin]2024-10-03 21:33:45.798	[34minfo[0m	/Users/lihao/project/mall-pro/admin-gin/service/product/goods_grab/pro_goods_grab.go:166	æ´é¢é‡‡é›†å®Œæˆï¼
[go_vue_admin]2024-10-03 21:33:47.846	[34minfo[0m	/Users/lihao/project/mall-pro/admin-gin/service/product/goods_grab/pro_goods_grab.go:166	å¸å¦†é‡‡é›†å®Œæˆï¼
[go_vue_admin]2024-10-03 21:33:51.840	[34minfo[0m	/Users/lihao/project/mall-pro/admin-gin/service/product/goods_grab/pro_goods_grab.go:166	ä¹³æ¶²é¢éœœé‡‡é›†å®Œæˆï¼
[go_vue_admin]2024-10-03 21:34:02.798	[34minfo[0m	/Users/lihao/project/mall-pro/admin-gin/service/product/goods_grab/pro_goods_grab.go:166	éš”ç¦»é‡‡é›†å®Œæˆï¼
[go_vue_admin]2024-10-03 21:34:13.857	[34minfo[0m	/Users/lihao/project/mall-pro/admin-gin/service/product/goods_grab/pro_goods_grab.go:166	é¦™æ°´é¦™è†é‡‡é›†å®Œæˆï¼
[go_vue_admin]2024-10-03 21:34:16.827	[34minfo[0m	/Users/lihao/project/mall-pro/admin-gin/service/product/goods_grab/pro_goods_grab.go:166	çœ‰ç¬”é‡‡é›†å®Œæˆï¼
[go_vue_admin]2024-10-03 21:34:17.849	[34minfo[0m	/Users/lihao/project/mall-pro/admin-gin/service/product/goods_grab/pro_goods_grab.go:166	ç«æ¯›è†é‡‡é›†å®Œæˆï¼
[go_vue_admin]2024-10-03 21:34:21.768	[34minfo[0m	/Users/lihao/project/mall-pro/admin-gin/service/product/goods_grab/pro_goods_grab.go:166	ç”µè§†é‡‡é›†å®Œæˆï¼
[go_vue_admin]2024-10-03 21:34:23.773	[34minfo[0m	/Users/lihao/project/mall-pro/admin-gin/service/product/goods_grab/pro_goods_grab.go:166	æ™ºèƒ½æ‰‹æœºé‡‡é›†å®Œæˆï¼
[go_vue_admin]2024-10-03 21:34:27.783	[34minfo[0m	/Users/lihao/project/mall-pro/admin-gin/service/product/goods_grab/pro_goods_grab.go:166	ç©ºè°ƒé‡‡é›†å®Œæˆï¼
[go_vue_admin]2024-10-03 21:34:28.806	[34minfo[0m	/Users/lihao/project/mall-pro/admin-gin/service/product/goods_grab/pro_goods_grab.go:166	æ´—è¡£æœºé‡‡é›†å®Œæˆï¼
[go_vue_admin]2024-10-03 21:34:31.878	[34minfo[0m	/Users/lihao/project/mall-pro/admin-gin/service/product/goods_grab/pro_goods_grab.go:166	å†°ç®±é‡‡é›†å®Œæˆï¼
[go_vue_admin]2024-10-03 21:34:37.809	[34minfo[0m	/Users/lihao/project/mall-pro/admin-gin/service/product/goods_grab/pro_goods_grab.go:166	å¨æˆ¿å¤§å®¶ç”µé‡‡é›†å®Œæˆï¼
[go_vue_admin]2024-10-03 21:34:38.786	[34minfo[0m	/Users/lihao/project/mall-pro/admin-gin/service/product/goods_grab/pro_goods_grab.go:166	çƒ­æ°´å™¨é‡‡é›†å®Œæˆï¼
[go_vue_admin]2024-10-03 21:34:50.828	[34minfo[0m	/Users/lihao/project/mall-pro/admin-gin/service/product/goods_grab/pro_goods_grab.go:166	å£çº¢é‡‡é›†å®Œæˆï¼
[go_vue_admin]2024-10-03 21:36:42.856	[34minfo[0m	/Users/lihao/project/mall-pro/admin-gin/service/product/goods_grab/pro_goods_grab.go:166	å—åŒ—å¹²è´§é‡‡é›†å®Œæˆï¼
[go_vue_admin]2024-10-03 21:36:57.798	[34minfo[0m	/Users/lihao/project/mall-pro/admin-gin/service/product/goods_grab/pro_goods_grab.go:166	ç”µè„‘é…ä»¶é‡‡é›†å®Œæˆï¼
[go_vue_admin]2024-10-03 21:37:15.816	[34minfo[0m	/Users/lihao/project/mall-pro/admin-gin/service/product/goods_grab/pro_goods_grab.go:166	æ‰‹æœºé…ä»¶é‡‡é›†å®Œæˆï¼
[go_vue_admin]2024-10-03 21:38:00.788	[34minfo[0m	/Users/lihao/project/mall-pro/admin-gin/service/product/goods_grab/pro_goods_grab.go:166	æ‰“ç«æœº/çœ¼é•œé‡‡é›†å®Œæˆï¼
[go_vue_admin]2024-10-03 21:38:04.867	[34minfo[0m	/Users/lihao/project/mall-pro/admin-gin/service/product/goods_grab/pro_goods_grab.go:166	é¥®æ–™é‡‡é›†å®Œæˆï¼
[go_vue_admin]2024-10-03 21:38:27.762	[34minfo[0m	/Users/lihao/project/mall-pro/admin-gin/service/product/goods_grab/pro_goods_grab.go:166	å…¶ä»–æ•°ç é…ä»¶é‡‡é›†å®Œæˆï¼
[go_vue_admin]2024-10-03 21:38:35.792	[34minfo[0m	/Users/lihao/project/mall-pro/admin-gin/service/product/goods_grab/pro_goods_grab.go:166	å¸½å­/å›´å·¾/æ‰‹å¥—é‡‡é›†å®Œæˆï¼
[go_vue_admin]2024-10-03 21:39:05.766	[34minfo[0m	/Users/lihao/project/mall-pro/admin-gin/service/product/goods_grab/pro_goods_grab.go:166	è‘¡è„é…’é‡‡é›†å®Œæˆï¼
[go_vue_admin]2024-10-03 21:39:20.846	[34minfo[0m	/Users/lihao/project/mall-pro/admin-gin/service/product/goods_grab/pro_goods_grab.go:166	æ´‹é…’é‡‡é›†å®Œæˆï¼
[go_vue_admin]2024-10-03 21:39:39.789	[34minfo[0m	/Users/lihao/project/mall-pro/admin-gin/service/product/goods_grab/pro_goods_grab.go:166	å…¶ä»–é…é¥°é‡‡é›†å®Œæˆï¼
[go_vue_admin]2024-10-03 21:39:45.851	[34minfo[0m	/Users/lihao/project/mall-pro/admin-gin/service/product/goods_grab/pro_goods_grab.go:166	é»„é…’/ç±³é…’é‡‡é›†å®Œæˆï¼
[go_vue_admin]2024-10-03 21:40:19.758	[34minfo[0m	/Users/lihao/project/mall-pro/admin-gin/service/product/goods_grab/pro_goods_grab.go:166	é¢„è°ƒé…’/æœé…’é‡‡é›†å®Œæˆï¼
[go_vue_admin]2024-10-03 21:40:45.764	[34minfo[0m	/Users/lihao/project/mall-pro/admin-gin/service/product/goods_grab/pro_goods_grab.go:166	ç»¿èŒ¶é‡‡é›†å®Œæˆï¼
[go_vue_admin]2024-10-03 21:41:14.815	[34minfo[0m	/Users/lihao/project/mall-pro/admin-gin/service/product/goods_grab/pro_goods_grab.go:166	çº¢èŒ¶é‡‡é›†å®Œæˆï¼
[go_vue_admin]2024-10-03 21:41:27.822	[34minfo[0m	/Users/lihao/project/mall-pro/admin-gin/service/product/goods_grab/pro_goods_grab.go:166	ç™½é…’é‡‡é›†å®Œæˆï¼
[go_vue_admin]2024-10-03 21:41:30.762	[34minfo[0m	/Users/lihao/project/mall-pro/admin-gin/service/product/goods_grab/pro_goods_grab.go:166	æ™®æ´±é‡‡é›†å®Œæˆï¼
[go_vue_admin]2024-10-03 21:41:49.763	[34minfo[0m	/Users/lihao/project/mall-pro/admin-gin/service/product/goods_grab/pro_goods_grab.go:166	é»‘èŒ¶/ç™½èŒ¶é‡‡é›†å®Œæˆï¼
[go_vue_admin]2024-10-03 21:41:55.775	[34minfo[0m	/Users/lihao/project/mall-pro/admin-gin/service/product/goods_grab/pro_goods_grab.go:166	èŒ¶åˆ¶å“é‡‡é›†å®Œæˆï¼
[go_vue_admin]2024-10-03 21:43:02.847	[34minfo[0m	/Users/lihao/project/mall-pro/admin-gin/service/product/goods_grab/pro_goods_grab.go:166	èŠ±æœèŒ¶é‡‡é›†å®Œæˆï¼
[go_vue_admin]2024-10-03 21:43:17.798	[34minfo[0m	/Users/lihao/project/mall-pro/admin-gin/service/product/goods_grab/pro_goods_grab.go:166	åŸºç¡€å»ºæé‡‡é›†å®Œæˆï¼
[go_vue_admin]2024-10-03 21:43:21.791	[34minfo[0m	/Users/lihao/project/mall-pro/admin-gin/service/product/goods_grab/pro_goods_grab.go:166	ç²®æ²¹ç±³é¢é‡‡é›†å®Œæˆï¼
[go_vue_admin]2024-10-03 21:43:25.791	[34minfo[0m	/Users/lihao/project/mall-pro/admin-gin/service/product/goods_grab/pro_goods_grab.go:166	ç”µå­ç”µå·¥é‡‡é›†å®Œæˆï¼
[go_vue_admin]2024-10-03 21:43:47.799	[34minfo[0m	/Users/lihao/project/mall-pro/admin-gin/service/product/goods_grab/pro_goods_grab.go:166	äº”é‡‘å·¥å…·é‡‡é›†å®Œæˆï¼
[go_vue_admin]2024-10-03 21:43:55.759	[34minfo[0m	/Users/lihao/project/mall-pro/admin-gin/service/product/goods_grab/pro_goods_grab.go:166	ç¯é¥°ç…§æ˜é‡‡é›†å®Œæˆï¼
[go_vue_admin]2024-10-03 21:44:14.834	[34minfo[0m	/Users/lihao/project/mall-pro/admin-gin/service/product/goods_grab/pro_goods_grab.go:166	è¢œå­é‡‡é›†å®Œæˆï¼
[go_vue_admin]2024-10-03 21:44:20.774	[34minfo[0m	/Users/lihao/project/mall-pro/admin-gin/service/product/goods_grab/pro_goods_grab.go:166	å©´ç«¥å°¿è£¤é‡‡é›†å®Œæˆï¼
[go_vue_admin]2024-10-03 21:44:26.815	[34minfo[0m	/Users/lihao/project/mall-pro/admin-gin/service/product/goods_grab/pro_goods_grab.go:166	å®¶è£…ä¸»æé‡‡é›†å®Œæˆï¼
[go_vue_admin]2024-10-03 21:44:30.774	[34minfo[0m	/Users/lihao/project/mall-pro/admin-gin/service/product/goods_grab/pro_goods_grab.go:166	ç«¥è½¦åº§æ¤…é‡‡é›†å®Œæˆï¼
[go_vue_admin]2024-10-03 21:44:39.762	[34minfo[0m	/Users/lihao/project/mall-pro/admin-gin/service/product/goods_grab/pro_goods_grab.go:166	å„¿ç«¥é¤å…·é‡‡é›†å®Œæˆï¼
[go_vue_admin]2024-10-03 21:44:50.782	[34minfo[0m	/Users/lihao/project/mall-pro/admin-gin/service/product/goods_grab/pro_goods_grab.go:166	å–‚å…»ç”¨å“é‡‡é›†å®Œæˆï¼
[go_vue_admin]2024-10-03 21:45:05.756	[34minfo[0m	/Users/lihao/project/mall-pro/admin-gin/service/product/goods_grab/pro_goods_grab.go:166	å­•å¦‡ä¸ªæŠ¤é‡‡é›†å®Œæˆï¼
[go_vue_admin]2024-10-03 21:45:07.787	[34minfo[0m	/Users/lihao/project/mall-pro/admin-gin/service/product/goods_grab/pro_goods_grab.go:166	å®¶å…·è£…é¥°é‡‡é›†å®Œæˆï¼
[go_vue_admin]2024-10-03 21:45:17.811	[34minfo[0m	/Users/lihao/project/mall-pro/admin-gin/service/product/goods_grab/pro_goods_grab.go:166	å­•å¦‡è¥å…»é‡‡é›†å®Œæˆï¼
[go_vue_admin]2024-10-03 21:45:20.762	[34minfo[0m	/Users/lihao/project/mall-pro/admin-gin/service/product/goods_grab/pro_goods_grab.go:166	å­•å¦‡å®¶å±…é‡‡é›†å®Œæˆï¼
[go_vue_admin]2024-10-03 21:45:24.778	[34minfo[0m	/Users/lihao/project/mall-pro/admin-gin/service/product/goods_grab/pro_goods_grab.go:166	å®å®æŠ¤è‚¤é‡‡é›†å®Œæˆï¼
[go_vue_admin]2024-10-03 21:45:27.844	[34minfo[0m	/Users/lihao/project/mall-pro/admin-gin/service/product/goods_grab/pro_goods_grab.go:166	å­•å¦‡é…ä»¶é‡‡é›†å®Œæˆï¼
[go_vue_admin]2024-10-03 21:45:30.750	[34minfo[0m	/Users/lihao/project/mall-pro/admin-gin/service/product/goods_grab/pro_goods_grab.go:166	éª¨ç›†å¸¦/å¡‘èº«è¡£é‡‡é›†å®Œæˆï¼
[go_vue_admin]2024-10-03 21:45:37.762	[34minfo[0m	/Users/lihao/project/mall-pro/admin-gin/service/product/goods_grab/pro_goods_grab.go:166	äº²å­è£…é‡‡é›†å®Œæˆï¼
[go_vue_admin]2024-10-03 21:46:05.758	[34minfo[0m	/Users/lihao/project/mall-pro/admin-gin/service/product/goods_grab/pro_goods_grab.go:166	å„¿ç«¥ä¸‹è£…é‡‡é›†å®Œæˆï¼
[go_vue_admin]2024-10-03 21:46:11.757	[34minfo[0m	/Users/lihao/project/mall-pro/admin-gin/service/product/goods_grab/pro_goods_grab.go:166	å©´å¹¼ä¸ªæŠ¤é‡‡é›†å®Œæˆï¼
[go_vue_admin]2024-10-03 21:46:22.831	[34minfo[0m	/Users/lihao/project/mall-pro/admin-gin/service/product/goods_grab/pro_goods_grab.go:166	å†…è¡£è£¤è¢œé‡‡é›†å®Œæˆï¼
[go_vue_admin]2024-10-03 21:46:31.841	[34minfo[0m	/Users/lihao/project/mall-pro/admin-gin/service/product/goods_grab/pro_goods_grab.go:166	å„¿ç«¥é…é¥°é‡‡é›†å®Œæˆï¼
[go_vue_admin]2024-10-03 21:46:45.770	[34minfo[0m	/Users/lihao/project/mall-pro/admin-gin/service/product/goods_grab/pro_goods_grab.go:166	å„¿ç«¥å¥—è£…é‡‡é›†å®Œæˆï¼
[go_vue_admin]2024-10-03 21:46:46.793	[34minfo[0m	/Users/lihao/project/mall-pro/admin-gin/service/product/goods_grab/pro_goods_grab.go:166	å©´å„¿è°ƒå‘³é‡‡é›†å®Œæˆï¼
[go_vue_admin]2024-10-03 21:46:47.818	[34minfo[0m	/Users/lihao/project/mall-pro/admin-gin/service/product/goods_grab/pro_goods_grab.go:166	å„¿ç«¥å¤–å¥—é‡‡é›†å®Œæˆï¼
[go_vue_admin]2024-10-03 21:46:53.858	[34minfo[0m	/Users/lihao/project/mall-pro/admin-gin/service/product/goods_grab/pro_goods_grab.go:166	è°ƒå‘³å“é‡‡é›†å®Œæˆï¼
[go_vue_admin]2024-10-03 21:46:57.853	[34minfo[0m	/Users/lihao/project/mall-pro/admin-gin/service/product/goods_grab/pro_goods_grab.go:166	å¥¶ç²‰é‡‡é›†å®Œæˆï¼
[go_vue_admin]2024-10-03 21:47:07.784	[34minfo[0m	/Users/lihao/project/mall-pro/admin-gin/service/product/goods_grab/pro_goods_grab.go:166	å„¿ç«¥å‡‰é‹é‡‡é›†å®Œæˆï¼
[go_vue_admin]2024-10-03 21:47:11.779	[34minfo[0m	/Users/lihao/project/mall-pro/admin-gin/service/product/goods_grab/pro_goods_grab.go:166	å„¿ç«¥è¥å…»é‡‡é›†å®Œæˆï¼
[go_vue_admin]2024-10-03 21:47:17.820	[34minfo[0m	/Users/lihao/project/mall-pro/admin-gin/service/product/goods_grab/pro_goods_grab.go:166	ä¼‘é—²é‹é‡‡é›†å®Œæˆï¼
[go_vue_admin]2024-10-03 21:47:18.754	[34minfo[0m	/Users/lihao/project/mall-pro/admin-gin/service/product/goods_grab/pro_goods_grab.go:166	å„¿ç«¥æ‹–é‹é‡‡é›†å®Œæˆï¼
[go_vue_admin]2024-10-03 21:47:21.813	[34minfo[0m	/Users/lihao/project/mall-pro/admin-gin/service/product/goods_grab/pro_goods_grab.go:166	å­¦æ­¥é‹é‡‡é›†å®Œæˆï¼
[go_vue_admin]2024-10-03 21:47:23.861	[34minfo[0m	/Users/lihao/project/mall-pro/admin-gin/service/product/goods_grab/pro_goods_grab.go:166	å„¿ç«¥çš®é‹é‡‡é›†å®Œæˆï¼
[go_vue_admin]2024-10-03 21:47:25.808	[34minfo[0m	/Users/lihao/project/mall-pro/admin-gin/service/product/goods_grab/pro_goods_grab.go:166	è¾…é£Ÿé›¶é£Ÿé‡‡é›†å®Œæˆï¼
[go_vue_admin]2024-10-03 21:47:27.865	[34minfo[0m	/Users/lihao/project/mall-pro/admin-gin/service/product/goods_grab/pro_goods_grab.go:166	è¿åŠ¨é‹é‡‡é›†å®Œæˆï¼
[go_vue_admin]2024-10-03 21:47:28.777	[34minfo[0m	/Users/lihao/project/mall-pro/admin-gin/service/product/goods_grab/pro_goods_grab.go:166	è€äººæœºé‡‡é›†å®Œæˆï¼
[go_vue_admin]2024-10-03 21:47:30.825	[34minfo[0m	/Users/lihao/project/mall-pro/admin-gin/service/product/goods_grab/pro_goods_grab.go:166	æ¸¸æˆæ‰‹æœºé‡‡é›†å®Œæˆï¼
[go_vue_admin]2024-10-03 21:47:38.762	[34minfo[0m	/Users/lihao/project/mall-pro/admin-gin/service/product/goods_grab/pro_goods_grab.go:166	æ™ºèƒ½è®¾å¤‡é‡‡é›†å®Œæˆï¼
[go_vue_admin]2024-10-03 21:47:45.782	[34minfo[0m	/Users/lihao/project/mall-pro/admin-gin/service/product/goods_grab/pro_goods_grab.go:166	å°å¼æœºé‡‡é›†å®Œæˆï¼
[go_vue_admin]2024-10-03 21:47:46.756	[34minfo[0m	/Users/lihao/project/mall-pro/admin-gin/service/product/goods_grab/pro_goods_grab.go:166	çˆ½è‚¤æ°´é‡‡é›†å®Œæˆï¼
[go_vue_admin]2024-10-03 21:47:48.848	[34minfo[0m	/Users/lihao/project/mall-pro/admin-gin/service/product/goods_grab/pro_goods_grab.go:166	ç¬”è®°æœ¬é‡‡é›†å®Œæˆï¼
[go_vue_admin]2024-10-03 21:47:49.872	[34minfo[0m	/Users/lihao/project/mall-pro/admin-gin/service/product/goods_grab/pro_goods_grab.go:166	å„¿ç«¥ä¸Šè¡£é‡‡é›†å®Œæˆï¼
[go_vue_admin]2024-10-03 21:47:50.791	[34minfo[0m	/Users/lihao/project/mall-pro/admin-gin/service/product/goods_grab/pro_goods_grab.go:166	å¹³æ¿é‡‡é›†å®Œæˆï¼
[go_vue_admin]2024-10-03 21:47:51.816	[34minfo[0m	/Users/lihao/project/mall-pro/admin-gin/service/product/goods_grab/pro_goods_grab.go:166	é”®ç›˜é¼ æ ‡é‡‡é›†å®Œæˆï¼
[go_vue_admin]2024-10-03 21:48:03.818	[34minfo[0m	/Users/lihao/project/mall-pro/admin-gin/service/product/goods_grab/pro_goods_grab.go:166	åŠå…¬è®¾å¤‡é‡‡é›†å®Œæˆï¼
[go_vue_admin]2024-10-03 21:48:16.800	[34minfo[0m	/Users/lihao/project/mall-pro/admin-gin/service/product/goods_grab/pro_goods_grab.go:166	å¨æˆ¿å°ç”µé‡‡é›†å®Œæˆï¼
[go_vue_admin]2024-10-03 21:48:25.814	[34minfo[0m	/Users/lihao/project/mall-pro/admin-gin/service/product/goods_grab/pro_goods_grab.go:166	ç”Ÿæ´»ç”µå™¨é‡‡é›†å®Œæˆï¼
[go_vue_admin]2024-10-03 21:48:44.867	[34minfo[0m	/Users/lihao/project/mall-pro/admin-gin/service/product/goods_grab/pro_goods_grab.go:166	ä¸ªæŠ¤å®¶ç”µé‡‡é›†å®Œæˆï¼
[go_vue_admin]2024-10-03 21:49:11.750	[34minfo[0m	/Users/lihao/project/mall-pro/admin-gin/service/product/goods_grab/pro_goods_grab.go:166	é£Ÿå“æ·»åŠ å‰‚/è¾…æ–™é‡‡é›†å®Œæˆï¼
[go_vue_admin]2024-10-03 21:49:14.866	[34minfo[0m	/Users/lihao/project/mall-pro/admin-gin/service/product/goods_grab/pro_goods_grab.go:166	æ¸æé‡‡é›†å®Œæˆï¼
[go_vue_admin]2024-10-03 21:49:31.860	[34minfo[0m	/Users/lihao/project/mall-pro/admin-gin/service/product/goods_grab/pro_goods_grab.go:166	é˜¿èƒ¶é‡‡é›†å®Œæˆï¼
[go_vue_admin]2024-10-03 21:49:39.849	[34minfo[0m	/Users/lihao/project/mall-pro/admin-gin/service/product/goods_grab/pro_goods_grab.go:166	èœ‚èœœé‡‡é›†å®Œæˆï¼
[go_vue_admin]2024-10-03 21:49:51.860	[34minfo[0m	/Users/lihao/project/mall-pro/admin-gin/service/product/goods_grab/pro_goods_grab.go:166	ç‡•çªé‡‡é›†å®Œæˆï¼
[go_vue_admin]2024-10-03 21:50:09.850	[34minfo[0m	/Users/lihao/project/mall-pro/admin-gin/service/product/goods_grab/pro_goods_grab.go:166	å‚èŒ¸è´µç»†é‡‡é›†å®Œæˆï¼
[go_vue_admin]2024-10-03 21:50:11.796	[34minfo[0m	/Users/lihao/project/mall-pro/admin-gin/service/product/goods_grab/pro_goods_grab.go:166	å…»ç”ŸåŸæ–™é‡‡é›†å®Œæˆï¼
[go_vue_admin]2024-10-03 21:50:22.857	[34minfo[0m	/Users/lihao/project/mall-pro/admin-gin/service/product/goods_grab/pro_goods_grab.go:166	å½±éŸ³å¨±ä¹é‡‡é›†å®Œæˆï¼
[go_vue_admin]2024-10-03 21:50:52.877	[34minfo[0m	/Users/lihao/project/mall-pro/admin-gin/service/product/goods_grab/pro_goods_grab.go:166	çŒªè‚‰ç±»é‡‡é›†å®Œæˆï¼
[go_vue_admin]2024-10-03 21:51:19.791	[34minfo[0m	/Users/lihao/project/mall-pro/admin-gin/service/product/goods_grab/pro_goods_grab.go:166	å…¶ä»–æ»‹è¡¥å“é‡‡é›†å®Œæˆï¼
[go_vue_admin]2024-10-03 21:51:21.835	[34minfo[0m	/Users/lihao/project/mall-pro/admin-gin/service/product/goods_grab/pro_goods_grab.go:166	é£Ÿç–—æ»‹è¡¥é‡‡é›†å®Œæˆï¼
[go_vue_admin]2024-10-03 21:52:31.787	[34minfo[0m	/Users/lihao/project/mall-pro/admin-gin/service/product/goods_grab/pro_goods_grab.go:166	è‚‰åˆ¶å“é‡‡é›†å®Œæˆï¼
[go_vue_admin]2024-10-03 21:52:37.816	[34minfo[0m	/Users/lihao/project/mall-pro/admin-gin/service/product/goods_grab/pro_goods_grab.go:166	ç‰›ç¾Šè‚‰ç±»é‡‡é›†å®Œæˆï¼
[go_vue_admin]2024-10-03 21:52:39.863	[34minfo[0m	/Users/lihao/project/mall-pro/admin-gin/service/product/goods_grab/pro_goods_grab.go:166	é¸¡é¸­è‚‰ç±»é‡‡é›†å®Œæˆï¼
[go_vue_admin]2024-10-03 21:53:09.936	[34minfo[0m	/Users/lihao/project/mall-pro/admin-gin/service/product/goods_grab/pro_goods_grab.go:166	æ°´é¥ºé¦„é¥¨é‡‡é›†å®Œæˆï¼
[go_vue_admin]2024-10-03 21:53:18.022	[34minfo[0m	/Users/lihao/project/mall-pro/admin-gin/service/product/goods_grab/pro_goods_grab.go:166	ç…é¥¼ç±»é‡‡é›†å®Œæˆï¼
[go_vue_admin]2024-10-03 21:53:19.913	[34minfo[0m	/Users/lihao/project/mall-pro/admin-gin/service/product/goods_grab/pro_goods_grab.go:166	å†°æ·‡æ·‹é‡‡é›†å®Œæˆï¼
[go_vue_admin]2024-10-03 21:53:29.930	[34minfo[0m	/Users/lihao/project/mall-pro/admin-gin/service/product/goods_grab/pro_goods_grab.go:166	èŸ¹ç±»é‡‡é›†å®Œæˆï¼
[go_vue_admin]2024-10-03 21:54:09.940	[34minfo[0m	/Users/lihao/project/mall-pro/admin-gin/service/product/goods_grab/pro_goods_grab.go:166	æµ·é²œåˆ¶å“é‡‡é›†å®Œæˆï¼
[go_vue_admin]2024-10-03 21:54:19.916	[34minfo[0m	/Users/lihao/project/mall-pro/admin-gin/service/product/goods_grab/pro_goods_grab.go:166	æµ·å‚é‡‡é›†å®Œæˆï¼
[go_vue_admin]2024-10-03 21:54:35.234	[34minfo[0m	/Users/lihao/project/mall-pro/admin-gin/service/product/goods_grab/pro_goods_grab.go:166	è´ç±»é‡‡é›†å®Œæˆï¼
[go_vue_admin]2024-10-03 21:54:47.026	[34minfo[0m	/Users/lihao/project/mall-pro/admin-gin/service/product/goods_grab/pro_goods_grab.go:166	åŒ…ç‚¹/é¢ç‚¹é‡‡é›†å®Œæˆï¼
[go_vue_admin]2024-10-03 21:54:48.048	[34minfo[0m	/Users/lihao/project/mall-pro/admin-gin/service/product/goods_grab/pro_goods_grab.go:166	å†»åŠæˆå“é‡‡é›†å®Œæˆï¼
[go_vue_admin]2024-10-03 21:54:59.911	[34minfo[0m	/Users/lihao/project/mall-pro/admin-gin/service/product/goods_grab/pro_goods_grab.go:166	è™¾ç±»é‡‡é›†å®Œæˆï¼
[go_vue_admin]2024-10-03 21:55:11.992	[34minfo[0m	/Users/lihao/project/mall-pro/admin-gin/service/product/goods_grab/pro_goods_grab.go:166	é±¼ç±»é‡‡é›†å®Œæˆï¼
[go_vue_admin]2024-10-03 21:55:30.018	[34minfo[0m	/Users/lihao/project/mall-pro/admin-gin/service/product/goods_grab/pro_goods_grab.go:166	å¶èœç±»é‡‡é›†å®Œæˆï¼
[go_vue_admin]2024-10-03 21:55:39.912	[34minfo[0m	/Users/lihao/project/mall-pro/admin-gin/service/product/goods_grab/pro_goods_grab.go:166	é²œèŒè‡é‡‡é›†å®Œæˆï¼
[go_vue_admin]2024-10-03 21:56:02.912	[34minfo[0m	/Users/lihao/project/mall-pro/admin-gin/service/product/goods_grab/pro_goods_grab.go:166	å…¶ä»–æµ·äº§é‡‡é›†å®Œæˆï¼
[go_vue_admin]2024-10-03 21:56:19.913	[34minfo[0m	/Users/lihao/project/mall-pro/admin-gin/service/product/goods_grab/pro_goods_grab.go:166	èŒ„æœç“œç±»é‡‡é›†å®Œæˆï¼
[go_vue_admin]2024-10-03 21:56:22.956	[34minfo[0m	/Users/lihao/project/mall-pro/admin-gin/service/product/goods_grab/pro_goods_grab.go:166	å¿«æ‰‹èœé‡‡é›†å®Œæˆï¼
[go_vue_admin]2024-10-03 21:56:39.932	[34minfo[0m	/Users/lihao/project/mall-pro/admin-gin/service/product/goods_grab/pro_goods_grab.go:166	è‘±å§œè’œæ¤’é‡‡é›†å®Œæˆï¼
[go_vue_admin]2024-10-03 21:57:06.990	[34minfo[0m	/Users/lihao/project/mall-pro/admin-gin/service/product/goods_grab/pro_goods_grab.go:166	æ ¹èŒç±»é‡‡é›†å®Œæˆï¼
[go_vue_admin]2024-10-03 21:57:19.914	[34minfo[0m	/Users/lihao/project/mall-pro/admin-gin/service/product/goods_grab/pro_goods_grab.go:166	æŸ‘æ©˜æ©™æŸšé‡‡é›†å®Œæˆï¼
[go_vue_admin]2024-10-03 21:57:37.912	[34minfo[0m	/Users/lihao/project/mall-pro/admin-gin/service/product/goods_grab/pro_goods_grab.go:166	è›‹å“é‡‡é›†å®Œæˆï¼
[go_vue_admin]2024-10-03 21:57:38.939	[34minfo[0m	/Users/lihao/project/mall-pro/admin-gin/service/product/goods_grab/pro_goods_grab.go:166	è‚‰å¹²è‚‰è„¯/å¤å‘³é‡‡é›†å®Œæˆï¼
[go_vue_admin]2024-10-03 21:57:58.234	[34minfo[0m	/Users/lihao/project/mall-pro/admin-gin/service/product/goods_grab/pro_goods_grab.go:166	æ¡ƒæææ£é‡‡é›†å®Œæˆï¼
[go_vue_admin]2024-10-03 21:58:07.914	[34minfo[0m	/Users/lihao/project/mall-pro/admin-gin/service/product/goods_grab/pro_goods_grab.go:166	è¥¿ç“œ/èœœç“œé‡‡é›†å®Œæˆï¼
[go_vue_admin]2024-10-03 21:58:23.993	[34minfo[0m	/Users/lihao/project/mall-pro/admin-gin/service/product/goods_grab/pro_goods_grab.go:166	çƒ­å¸¦æ°´æœé‡‡é›†å®Œæˆï¼
[go_vue_admin]2024-10-03 21:58:26.917	[34minfo[0m	/Users/lihao/project/mall-pro/admin-gin/service/product/goods_grab/pro_goods_grab.go:166	è‘¡æè“æœé‡‡é›†å®Œæˆï¼
[go_vue_admin]2024-10-03 21:58:29.936	[34minfo[0m	/Users/lihao/project/mall-pro/admin-gin/service/product/goods_grab/pro_goods_grab.go:166	è‹¹æœè•‰æ¢¨é‡‡é›†å®Œæˆï¼
[go_vue_admin]2024-10-03 21:58:39.010	[34minfo[0m	/Users/lihao/project/mall-pro/admin-gin/service/product/goods_grab/pro_goods_grab.go:166	æ°´æœç¤¼ç›’é‡‡é›†å®Œæˆï¼
[go_vue_admin]2024-10-03 21:58:47.136	[34minfo[0m	/Users/lihao/project/mall-pro/admin-gin/service/product/goods_grab/pro_goods_grab.go:166	æ°”å«é‡‡é›†å®Œæˆï¼
[go_vue_admin]2024-10-03 21:58:52.911	[34minfo[0m	/Users/lihao/project/mall-pro/admin-gin/service/product/goods_grab/pro_goods_grab.go:166	çŒ•çŒ´æ¡ƒé‡‡é›†å®Œæˆï¼
[go_vue_admin]2024-10-03 21:58:53.975	[34minfo[0m	/Users/lihao/project/mall-pro/admin-gin/service/product/goods_grab/pro_goods_grab.go:166	æ•£ç²‰é‡‡é›†å®Œæˆï¼
[go_vue_admin]2024-10-03 21:58:56.914	[34minfo[0m	/Users/lihao/project/mall-pro/admin-gin/service/product/goods_grab/pro_goods_grab.go:166	å½©å¦†å¥—è£…é‡‡é›†å®Œæˆï¼
[go_vue_admin]2024-10-03 21:59:07.000	[34minfo[0m	/Users/lihao/project/mall-pro/admin-gin/service/product/goods_grab/pro_goods_grab.go:166	ç¾å®¹ç¾ä½“åŒ»ç–—å™¨æ¢°é‡‡é›†å®Œæˆï¼
[go_vue_admin]2024-10-03 21:59:13.915	[34minfo[0m	/Users/lihao/project/mall-pro/admin-gin/service/product/goods_grab/pro_goods_grab.go:166	è…®çº¢/ä¿®å®¹é‡‡é›†å®Œæˆï¼
[go_vue_admin]2024-10-03 21:59:14.991	[34minfo[0m	/Users/lihao/project/mall-pro/admin-gin/service/product/goods_grab/pro_goods_grab.go:166	ç²‰åº•é®ç‘•é‡‡é›†å®Œæˆï¼
[go_vue_admin]2024-10-03 21:59:18.962	[34minfo[0m	/Users/lihao/project/mall-pro/admin-gin/service/product/goods_grab/pro_goods_grab.go:166	å¥³å£«è„±æ¯›é‡‡é›†å®Œæˆï¼
[go_vue_admin]2024-10-03 21:59:21.955	[34minfo[0m	/Users/lihao/project/mall-pro/admin-gin/service/product/goods_grab/pro_goods_grab.go:166	ç¾å®¹/ä¸ªæŠ¤ä»ªå™¨é‡‡é›†å®Œæˆï¼
[go_vue_admin]2024-10-03 21:59:23.999	[34minfo[0m	/Users/lihao/project/mall-pro/admin-gin/service/product/goods_grab/pro_goods_grab.go:166	è’¸è„¸å™¨é‡‡é›†å®Œæˆï¼
[go_vue_admin]2024-10-03 21:59:25.023	[34minfo[0m	/Users/lihao/project/mall-pro/admin-gin/service/product/goods_grab/pro_goods_grab.go:166	æ´é¢ä»ªé‡‡é›†å®Œæˆï¼
[go_vue_admin]2024-10-03 21:59:26.908	[34minfo[0m	/Users/lihao/project/mall-pro/admin-gin/service/product/goods_grab/pro_goods_grab.go:166	è€å¹´æœºé‡‡é›†å®Œæˆï¼
[go_vue_admin]2024-10-03 21:59:27.993	[34minfo[0m	/Users/lihao/project/mall-pro/admin-gin/service/product/goods_grab/pro_goods_grab.go:166	çœ¼å½±çœ¼çº¿é‡‡é›†å®Œæˆï¼
[go_vue_admin]2024-10-03 22:00:12.948	[34minfo[0m	/Users/lihao/project/mall-pro/admin-gin/service/product/goods_grab/pro_goods_grab.go:166	å¥—è£…é‡‡é›†å®Œæˆï¼
[go_vue_admin]2024-10-03 22:00:23.080	[34minfo[0m	/Users/lihao/project/mall-pro/admin-gin/service/product/goods_grab/pro_goods_grab.go:166	è¡¬è¡«é‡‡é›†å®Œæˆï¼
[go_vue_admin]2024-10-03 22:00:30.972	[34minfo[0m	/Users/lihao/project/mall-pro/admin-gin/service/product/goods_grab/pro_goods_grab.go:166	æ–¹ä¾¿é€Ÿé£Ÿé‡‡é›†å®Œæˆï¼
[go_vue_admin]2024-10-03 22:00:32.929	[34minfo[0m	/Users/lihao/project/mall-pro/admin-gin/service/product/goods_grab/pro_goods_grab.go:166	å¤§ç å¥³è£…é‡‡é›†å®Œæˆï¼
[go_vue_admin]2024-10-03 22:00:50.914	[34minfo[0m	/Users/lihao/project/mall-pro/admin-gin/service/product/goods_grab/pro_goods_grab.go:166	å…¶ä»–è‚‰ç±»é‡‡é›†å®Œæˆï¼
[go_vue_admin]2024-10-03 22:00:52.986	[34minfo[0m	/Users/lihao/project/mall-pro/admin-gin/service/product/goods_grab/pro_goods_grab.go:166	è±†åˆ¶å“é‡‡é›†å®Œæˆï¼
[go_vue_admin]2024-10-03 22:01:07.959	[34minfo[0m	/Users/lihao/project/mall-pro/admin-gin/service/product/goods_grab/pro_goods_grab.go:166	åŠå…¬æ–‡å…·é‡‡é›†å®Œæˆï¼
[go_vue_admin]2024-10-03 22:01:26.918	[34minfo[0m	/Users/lihao/project/mall-pro/admin-gin/service/product/goods_grab/pro_goods_grab.go:166	è£¤å­é‡‡é›†å®Œæˆï¼
[go_vue_admin]2024-10-03 22:01:54.914	[34minfo[0m	/Users/lihao/project/mall-pro/admin-gin/service/product/goods_grab/pro_goods_grab.go:166	å¥³å£«ä¸Šè¡£é‡‡é›†å®Œæˆï¼
[go_vue_admin]2024-10-03 22:02:08.930	[34minfo[0m	/Users/lihao/project/mall-pro/admin-gin/service/product/goods_grab/pro_goods_grab.go:166	è¿è¡£è£™é‡‡é›†å®Œæˆï¼
[go_vue_admin]2024-10-03 22:02:12.957	[34minfo[0m	/Users/lihao/project/mall-pro/admin-gin/service/product/goods_grab/pro_goods_grab.go:166	åˆ›æ„å®¶å±…é‡‡é›†å®Œæˆï¼
[go_vue_admin]2024-10-03 22:02:28.015	[34minfo[0m	/Users/lihao/project/mall-pro/admin-gin/service/product/goods_grab/pro_goods_grab.go:166	ç²¾æ²¹/çº¯éœ²é‡‡é›†å®Œæˆï¼
[go_vue_admin]2024-10-03 22:02:53.154	[34minfo[0m	/Users/lihao/project/mall-pro/admin-gin/service/product/goods_grab/pro_goods_grab.go:166	åŸºç¡€æŠ¤è‚¤é‡‡é›†å®Œæˆï¼
[go_vue_admin]2024-10-03 22:03:51.030	[34minfo[0m	/Users/lihao/project/mall-pro/admin-gin/websocket/ws_handle.go:49	websocket è¿æ¥æˆåŠŸ
[go_vue_admin]2024-10-03 22:03:55.141	[34minfo[0m	/Users/lihao/project/mall-pro/admin-gin/service/product/goods_grab/pro_goods_grab.go:166	çƒ¹é¥ªç”¨å…·é‡‡é›†å®Œæˆï¼
[go_vue_admin]2024-10-03 22:04:04.138	[34minfo[0m	/Users/lihao/project/mall-pro/admin-gin/service/product/goods_grab/pro_goods_grab.go:166	å¨æˆ¿é…ä»¶é‡‡é›†å®Œæˆï¼
[go_vue_admin]2024-10-03 22:04:14.932	[34minfo[0m	/Users/lihao/project/mall-pro/admin-gin/service/product/goods_grab/pro_goods_grab.go:166	å…¶ä»–é‡‡é›†å®Œæˆï¼
[go_vue_admin]2024-10-03 22:04:40.133	[34minfo[0m	/Users/lihao/project/mall-pro/admin-gin/service/product/goods_grab/pro_goods_grab.go:166	æ‰‹å·¥DIYé‡‡é›†å®Œæˆï¼
[go_vue_admin]2024-10-03 22:04:54.936	[34minfo[0m	/Users/lihao/project/mall-pro/admin-gin/service/product/goods_grab/pro_goods_grab.go:166	ç§¯æœ¨/æ¨¡å‹é‡‡é›†å®Œæˆï¼
[go_vue_admin]2024-10-03 22:04:58.146	[34minfo[0m	/Users/lihao/project/mall-pro/admin-gin/service/product/goods_grab/pro_goods_grab.go:166	ç¾å¦†å·¥å…·é‡‡é›†å®Œæˆï¼
[go_vue_admin]2024-10-03 22:05:09.769	[34minfo[0m	/Users/lihao/project/mall-pro/admin-gin/websocket/ws_handle.go:49	websocket è¿æ¥æˆåŠŸ
[go_vue_admin]2024-10-03 22:05:19.924	[34minfo[0m	/Users/lihao/project/mall-pro/admin-gin/service/product/goods_grab/pro_goods_grab.go:166	ç”µåŠ¨ç©å…·é‡‡é›†å®Œæˆï¼
[go_vue_admin]2024-10-03 22:05:23.938	[34minfo[0m	/Users/lihao/project/mall-pro/admin-gin/service/product/goods_grab/pro_goods_grab.go:166	ç›Šæ™ºç©å…·é‡‡é›†å®Œæˆï¼
[go_vue_admin]2024-10-03 22:05:28.034	[34minfo[0m	/Users/lihao/project/mall-pro/admin-gin/service/product/goods_grab/pro_goods_grab.go:166	ç«¥è½¦è¿åŠ¨é‡‡é›†å®Œæˆï¼
[go_vue_admin]2024-10-03 22:05:29.979	[34minfo[0m	/Users/lihao/project/mall-pro/admin-gin/service/product/goods_grab/pro_goods_grab.go:166	å®å®çºªå¿µå“é‡‡é›†å®Œæˆï¼
[go_vue_admin]2024-10-03 22:05:33.973	[34minfo[0m	/Users/lihao/project/mall-pro/admin-gin/service/product/goods_grab/pro_goods_grab.go:166	ç«¥é‹é…ä»¶é‡‡é›†å®Œæˆï¼
[go_vue_admin]2024-10-03 22:05:47.918	[34minfo[0m	/Users/lihao/project/mall-pro/admin-gin/service/product/goods_grab/pro_goods_grab.go:166	å­•å¦‡è£…/å¦ˆå’ªè£…é‡‡é›†å®Œæˆï¼
[go_vue_admin]2024-10-03 22:05:49.071	[34minfo[0m	/Users/lihao/project/mall-pro/admin-gin/service/product/goods_grab/pro_goods_grab.go:166	å®‰å…¨é˜²æŠ¤é‡‡é›†å®Œæˆï¼
[go_vue_admin]2024-10-03 22:05:54.044	[34minfo[0m	/Users/lihao/project/mall-pro/admin-gin/service/product/goods_grab/pro_goods_grab.go:166	ç¾å®¹æœåŠ¡é‡‡é›†å®Œæˆï¼
[go_vue_admin]2024-10-03 22:06:03.984	[34minfo[0m	/Users/lihao/project/mall-pro/admin-gin/service/product/goods_grab/pro_goods_grab.go:166	é»„é‡‘ç å®é‡‡é›†å®Œæˆï¼
[go_vue_admin]2024-10-03 22:06:19.906	[34minfo[0m	/Users/lihao/project/mall-pro/admin-gin/service/product/goods_grab/pro_goods_grab.go:166	æ—¥ç”¨èµ·å±…é‡‡é›†å®Œæˆï¼
[go_vue_admin]2024-10-03 22:06:22.917	[34minfo[0m	/Users/lihao/project/mall-pro/admin-gin/service/product/goods_grab/pro_goods_grab.go:166	ä¹Œé¾™èŒ¶é‡‡é›†å®Œæˆï¼
[go_vue_admin]2024-10-03 22:06:54.378	[34minfo[0m	/Users/lihao/project/mall-pro/admin-gin/service/product/goods_grab/pro_goods_grab.go:166	æ—¶å°šé…é¥°é‡‡é›†å®Œæˆï¼
[go_vue_admin]2024-10-03 22:07:05.008	[34minfo[0m	/Users/lihao/project/mall-pro/admin-gin/service/product/goods_grab/pro_goods_grab.go:166	åŠŸèƒ½ç®±åŒ…é‡‡é›†å®Œæˆï¼
[go_vue_admin]2024-10-03 22:07:08.925	[34minfo[0m	/Users/lihao/project/mall-pro/admin-gin/service/product/goods_grab/pro_goods_grab.go:166	ç”·å£«åŒ…è¢‹é‡‡é›†å®Œæˆï¼
[go_vue_admin]2024-10-03 22:07:09.926	[34minfo[0m	/Users/lihao/project/mall-pro/admin-gin/service/product/goods_grab/pro_goods_grab.go:166	å¡å¥—é‡‡é›†å®Œæˆï¼
[go_vue_admin]2024-10-03 22:07:22.904	[34minfo[0m	/Users/lihao/project/mall-pro/admin-gin/service/product/goods_grab/pro_goods_grab.go:166	å¥³å£«åŒ…è¢‹é‡‡é›†å®Œæˆï¼
[go_vue_admin]2024-10-03 22:07:32.961	[34minfo[0m	/Users/lihao/project/mall-pro/admin-gin/service/product/goods_grab/pro_goods_grab.go:166	çš®é‹é‡‡é›†å®Œæˆï¼
[go_vue_admin]2024-10-03 22:07:43.920	[34minfo[0m	/Users/lihao/project/mall-pro/admin-gin/service/product/goods_grab/pro_goods_grab.go:166	è¿åŠ¨é‹é‡‡é›†å®Œæˆï¼
[go_vue_admin]2024-10-03 22:07:53.955	[34minfo[0m	/Users/lihao/project/mall-pro/admin-gin/service/product/goods_grab/pro_goods_grab.go:166	é«˜è·Ÿé‹é‡‡é›†å®Œæˆï¼
[go_vue_admin]2024-10-03 22:08:16.994	[34minfo[0m	/Users/lihao/project/mall-pro/admin-gin/service/product/goods_grab/pro_goods_grab.go:166	é¤é¥®å…·é‡‡é›†å®Œæˆï¼
[go_vue_admin]2024-10-03 22:08:17.975	[34minfo[0m	/Users/lihao/project/mall-pro/admin-gin/service/product/goods_grab/pro_goods_grab.go:166	é´å­é‡‡é›†å®Œæˆï¼
[go_vue_admin]2024-10-03 22:08:27.952	[34minfo[0m	/Users/lihao/project/mall-pro/admin-gin/service/product/goods_grab/pro_goods_grab.go:166	å…¶ä»–é‡‡é›†å®Œæˆï¼
[go_vue_admin]2024-10-03 22:08:51.913	[34minfo[0m	/Users/lihao/project/mall-pro/admin-gin/service/product/goods_grab/pro_goods_grab.go:166	å‡‰é‹é‡‡é›†å®Œæˆï¼
[go_vue_admin]2024-10-03 22:09:00.003	[34minfo[0m	/Users/lihao/project/mall-pro/admin-gin/service/product/goods_grab/pro_goods_grab.go:166	ä¼‘é—²é‹é‡‡é›†å®Œæˆï¼
[go_vue_admin]2024-10-03 22:09:03.921	[34minfo[0m	/Users/lihao/project/mall-pro/admin-gin/service/product/goods_grab/pro_goods_grab.go:166	æ‹–é‹é‡‡é›†å®Œæˆï¼
[go_vue_admin]2024-10-03 22:09:12.916	[34minfo[0m	/Users/lihao/project/mall-pro/admin-gin/service/product/goods_grab/pro_goods_grab.go:166	å¥—è£…é‡‡é›†å®Œæˆï¼
[go_vue_admin]2024-10-03 22:09:13.919	[34minfo[0m	/Users/lihao/project/mall-pro/admin-gin/service/product/goods_grab/pro_goods_grab.go:166	æ°‘æ—æœè£…é‡‡é›†å®Œæˆï¼
[go_vue_admin]2024-10-03 22:09:14.967	[34minfo[0m	/Users/lihao/project/mall-pro/admin-gin/service/product/goods_grab/pro_goods_grab.go:166	çŸ­è£¤é‡‡é›†å®Œæˆï¼
[go_vue_admin]2024-10-03 22:09:23.915	[34minfo[0m	/Users/lihao/project/mall-pro/admin-gin/service/product/goods_grab/pro_goods_grab.go:166	çŸ­è£™é‡‡é›†å®Œæˆï¼
[go_vue_admin]2024-10-03 22:09:27.959	[34minfo[0m	/Users/lihao/project/mall-pro/admin-gin/service/product/goods_grab/pro_goods_grab.go:166	æ°‘æ—æœè£…é‡‡é›†å®Œæˆï¼
[go_vue_admin]2024-10-03 22:09:28.914	[34minfo[0m	/Users/lihao/project/mall-pro/admin-gin/service/product/goods_grab/pro_goods_grab.go:166	ç¤¼æœé‡‡é›†å®Œæˆï¼
[go_vue_admin]2024-10-03 22:10:00.009	[34minfo[0m	/Users/lihao/project/mall-pro/admin-gin/service/product/goods_grab/pro_goods_grab.go:166	å†…æ­/èƒŒå¿ƒé‡‡é›†å®Œæˆï¼
[go_vue_admin]2024-10-03 22:10:22.027	[34minfo[0m	/Users/lihao/project/mall-pro/admin-gin/service/product/goods_grab/pro_goods_grab.go:166	ç”·å£«ä¸Šè¡£é‡‡é›†å®Œæˆï¼
[go_vue_admin]2024-10-03 22:10:24.145	[34minfo[0m	/Users/lihao/project/mall-pro/admin-gin/service/product/goods_grab/pro_goods_grab.go:166	å® ç‰©é£Ÿå“é‡‡é›†å®Œæˆï¼
[go_vue_admin]2024-10-03 22:10:43.031	[34minfo[0m	/Users/lihao/project/mall-pro/admin-gin/service/product/goods_grab/pro_goods_grab.go:166	ä¿æš–å¥—è£…é‡‡é›†å®Œæˆï¼
[go_vue_admin]2024-10-03 22:10:46.895	[34minfo[0m	/Users/lihao/project/mall-pro/admin-gin/service/product/goods_grab/pro_goods_grab.go:166	æ–‡å­¦å°è¯´ç±»é‡‡é›†å®Œæˆï¼
[go_vue_admin]2024-10-03 22:10:59.917	[34minfo[0m	/Users/lihao/project/mall-pro/admin-gin/service/product/goods_grab/pro_goods_grab.go:166	å® ç‰©ç”¨å“é‡‡é›†å®Œæˆï¼
[go_vue_admin]2024-10-03 22:11:08.005	[34minfo[0m	/Users/lihao/project/mall-pro/admin-gin/service/product/goods_grab/pro_goods_grab.go:166	æ•™æè¾…å¯¼ç±»é‡‡é›†å®Œæˆï¼
[go_vue_admin]2024-10-03 22:11:08.913	[34minfo[0m	/Users/lihao/project/mall-pro/admin-gin/service/product/goods_grab/pro_goods_grab.go:166	å„¿ç«¥è¯»ç‰©ç±»é‡‡é›†å®Œæˆï¼
[go_vue_admin]2024-10-03 22:11:21.927	[34minfo[0m	/Users/lihao/project/mall-pro/admin-gin/service/product/goods_grab/pro_goods_grab.go:166	ä¼‘é—²æ‚å¿—ç±»é‡‡é›†å®Œæˆï¼
[go_vue_admin]2024-10-03 22:11:26.143	[34minfo[0m	/Users/lihao/project/mall-pro/admin-gin/service/product/goods_grab/pro_goods_grab.go:166	ç”Ÿæ´»æ—¥ç”¨é‡‡é›†å®Œæˆï¼
[go_vue_admin]2024-10-03 22:11:34.919	[34minfo[0m	/Users/lihao/project/mall-pro/admin-gin/service/product/goods_grab/pro_goods_grab.go:166	ç¤¾ä¼šç§‘å­¦ç±»é‡‡é›†å®Œæˆï¼
[go_vue_admin]2024-10-03 22:12:05.042	[34minfo[0m	/Users/lihao/project/mall-pro/admin-gin/service/product/goods_grab/pro_goods_grab.go:166	åœ°æ¯¯/åœ°å«é‡‡é›†å®Œæˆï¼
[go_vue_admin]2024-10-03 22:12:22.961	[34minfo[0m	/Users/lihao/project/mall-pro/admin-gin/service/product/goods_grab/pro_goods_grab.go:166	å•¤é…’é‡‡é›†å®Œæˆï¼
[go_vue_admin]2024-10-03 22:12:35.922	[34minfo[0m	/Users/lihao/project/mall-pro/admin-gin/service/product/goods_grab/pro_goods_grab.go:166	çª—å¸˜çª—çº±é‡‡é›†å®Œæˆï¼
[go_vue_admin]2024-10-03 22:12:47.912	[34minfo[0m	/Users/lihao/project/mall-pro/admin-gin/service/product/goods_grab/pro_goods_grab.go:166	æ¡Œå¸ƒ/ç½©ä»¶/å¸ƒæ–™é‡‡é›†å®Œæˆï¼
[go_vue_admin]2024-10-03 22:12:55.243	[34minfo[0m	/Users/lihao/project/mall-pro/admin-gin/service/product/goods_grab/pro_goods_grab.go:166	æŠ±æ•/é å«/åº§å«é‡‡é›†å®Œæˆï¼
[go_vue_admin]2024-10-03 22:12:58.992	[34minfo[0m	/Users/lihao/project/mall-pro/admin-gin/service/product/goods_grab/pro_goods_grab.go:166	æ–‡å…·é‡‡é›†å®Œæˆï¼
[go_vue_admin]2024-10-03 22:13:02.916	[34minfo[0m	/Users/lihao/project/mall-pro/admin-gin/service/product/goods_grab/pro_goods_grab.go:166	å…¶ä»–é…ä»¶é‡‡é›†å®Œæˆï¼
[go_vue_admin]2024-10-03 22:13:23.141	[34minfo[0m	/Users/lihao/project/mall-pro/admin-gin/service/product/goods_grab/pro_goods_grab.go:166	ç”µçƒ­æ¯¯/æ¯›æ¯¯é‡‡é›†å®Œæˆï¼
[go_vue_admin]2024-10-03 22:13:32.905	[34minfo[0m	/Users/lihao/project/mall-pro/admin-gin/service/product/goods_grab/pro_goods_grab.go:166	å‡‰å¸­/èšŠå¸é‡‡é›†å®Œæˆï¼
[go_vue_admin]2024-10-03 22:13:42.935	[34minfo[0m	/Users/lihao/project/mall-pro/admin-gin/service/product/goods_grab/pro_goods_grab.go:166	å„¿ç«¥åºŠå“é‡‡é›†å®Œæˆï¼
[go_vue_admin]2024-10-03 22:13:54.011	[34minfo[0m	/Users/lihao/project/mall-pro/admin-gin/service/product/goods_grab/pro_goods_grab.go:166	å››ä»¶å¥—/åºŠç¬ åºŠå¥—é‡‡é›†å®Œæˆï¼
[go_vue_admin]2024-10-03 22:13:59.012	[34minfo[0m	/Users/lihao/project/mall-pro/admin-gin/service/product/goods_grab/pro_goods_grab.go:166	è¿›å£ä¹¦ç±é‡‡é›†å®Œæˆï¼
[go_vue_admin]2024-10-03 22:14:03.923	[34minfo[0m	/Users/lihao/project/mall-pro/admin-gin/service/product/goods_grab/pro_goods_grab.go:166	æ°´æœ/è‚‰è›‹/è”¬èœå¡åˆ¸é‡‡é›†å®Œæˆï¼
[go_vue_admin]2024-10-03 22:14:18.902	[34minfo[0m	/Users/lihao/project/mall-pro/admin-gin/service/product/goods_grab/pro_goods_grab.go:166	æµ·é²œ/æ°´äº§å“/åˆ¶å“å¡åˆ¸é‡‡é›†å®Œæˆï¼
[go_vue_admin]2024-10-03 22:14:20.911	[34minfo[0m	/Users/lihao/project/mall-pro/admin-gin/service/product/goods_grab/pro_goods_grab.go:166	æ¯›å·¾/æµ´å·¾/æµ´è¢é‡‡é›†å®Œæˆï¼
[go_vue_admin]2024-10-03 22:14:23.912	[34minfo[0m	/Users/lihao/project/mall-pro/admin-gin/service/product/goods_grab/pro_goods_grab.go:166	çƒ˜ç„™è›‹ç³•å¡åˆ¸é‡‡é›†å®Œæˆï¼
[go_vue_admin]2024-10-03 22:14:59.019	[34minfo[0m	/Users/lihao/project/mall-pro/admin-gin/service/product/goods_grab/pro_goods_grab.go:166	æ´—æŠ¤å¥—è£…é‡‡é›†å®Œæˆï¼
[go_vue_admin]2024-10-03 22:15:02.158	[34minfo[0m	/Users/lihao/project/mall-pro/admin-gin/service/product/goods_grab/pro_goods_grab.go:166	æ”¶çº³æ•´ç†é‡‡é›†å®Œæˆï¼
[go_vue_admin]2024-10-03 22:15:16.940	[34minfo[0m	/Users/lihao/project/mall-pro/admin-gin/service/product/goods_grab/pro_goods_grab.go:166	å…¶å®ƒæŠ¤å‘é‡‡é›†å®Œæˆï¼
[go_vue_admin]2024-10-03 22:15:29.944	[34minfo[0m	/Users/lihao/project/mall-pro/admin-gin/service/product/goods_grab/pro_goods_grab.go:166	è¢«å­/æ•å¤´é‡‡é›†å®Œæˆï¼
[go_vue_admin]2024-10-03 22:15:33.016	[34minfo[0m	/Users/lihao/project/mall-pro/admin-gin/service/product/goods_grab/pro_goods_grab.go:166	æ‹–é‹/å±…å®¶é‹é‡‡é›†å®Œæˆï¼
[go_vue_admin]2024-10-03 22:15:38.953	[34minfo[0m	/Users/lihao/project/mall-pro/admin-gin/service/product/goods_grab/pro_goods_grab.go:166	æŠ¤å‘ç´ /å‘è†œ/ç²¾æ²¹é‡‡é›†å®Œæˆï¼
[go_vue_admin]2024-10-03 22:15:42.935	[34minfo[0m	/Users/lihao/project/mall-pro/admin-gin/service/product/goods_grab/pro_goods_grab.go:166	ç‰™é½¿ç¾ç™½/æŠ¤ç†å‰‚é‡‡é›†å®Œæˆï¼
[go_vue_admin]2024-10-03 22:15:49.150	[34minfo[0m	/Users/lihao/project/mall-pro/admin-gin/service/product/goods_grab/pro_goods_grab.go:166	å£è…”æŠ¤ç†å¥—è£…é‡‡é›†å®Œæˆï¼
[go_vue_admin]2024-10-03 22:15:50.922	[34minfo[0m	/Users/lihao/project/mall-pro/admin-gin/service/product/goods_grab/pro_goods_grab.go:166	æ´—å‘æ°´é‡‡é›†å®Œæˆï¼
[go_vue_admin]2024-10-03 22:16:07.923	[34minfo[0m	/Users/lihao/project/mall-pro/admin-gin/service/product/goods_grab/pro_goods_grab.go:166	æ¼±å£æ°´/å£è…”å–·å‰‚é‡‡é›†å®Œæˆï¼
[go_vue_admin]2024-10-03 22:16:08.943	[34minfo[0m	/Users/lihao/project/mall-pro/admin-gin/service/product/goods_grab/pro_goods_grab.go:166	ç‰™çº¿/ç‰™ç­¾/ç‰™çº¿æ£’é‡‡é›†å®Œæˆï¼
[go_vue_admin]2024-10-03 22:16:23.996	[34minfo[0m	/Users/lihao/project/mall-pro/admin-gin/service/product/goods_grab/pro_goods_grab.go:166	èº«ä½“ç£¨ç ‚è†/å»è§’è´¨è†é‡‡é›†å®Œæˆï¼
[go_vue_admin]2024-10-03 22:16:31.985	[34minfo[0m	/Users/lihao/project/mall-pro/admin-gin/service/product/goods_grab/pro_goods_grab.go:166	ç‰™è†é‡‡é›†å®Œæˆï¼
[go_vue_admin]2024-10-03 22:16:37.924	[34minfo[0m	/Users/lihao/project/mall-pro/admin-gin/service/product/goods_grab/pro_goods_grab.go:166	é¦™çš‚é‡‡é›†å®Œæˆï¼
[go_vue_admin]2024-10-03 22:16:38.949	[34minfo[0m	/Users/lihao/project/mall-pro/admin-gin/service/product/goods_grab/pro_goods_grab.go:166	æ´—æ‰‹æ¶²é‡‡é›†å®Œæˆï¼
[go_vue_admin]2024-10-03 22:16:51.954	[34minfo[0m	/Users/lihao/project/mall-pro/admin-gin/service/product/goods_grab/pro_goods_grab.go:166	å…¶ä»–é‡‡é›†å®Œæˆï¼
[go_vue_admin]2024-10-03 22:16:54.001	[34minfo[0m	/Users/lihao/project/mall-pro/admin-gin/service/product/goods_grab/pro_goods_grab.go:166	èº«ä½“æŠ¤ç†å¥—è£…é‡‡é›†å®Œæˆï¼
[go_vue_admin]2024-10-03 22:16:59.944	[34minfo[0m	/Users/lihao/project/mall-pro/admin-gin/service/product/goods_grab/pro_goods_grab.go:166	ç‰™åˆ·/å£è…”æ¸…æ´å·¥å…·é‡‡é›†å®Œæˆï¼
[go_vue_admin]2024-10-03 22:17:02.262	[34minfo[0m	/Users/lihao/project/mall-pro/admin-gin/service/product/goods_grab/pro_goods_grab.go:166	é¢ˆéœœ/é¢ˆè†œé‡‡é›†å®Œæˆï¼
[go_vue_admin]2024-10-03 22:17:13.970	[34minfo[0m	/Users/lihao/project/mall-pro/admin-gin/service/product/goods_grab/pro_goods_grab.go:166	æ­¢æ±—éœ²/æ¶ˆè‡­å‰‚é‡‡é›†å®Œæˆï¼
[go_vue_admin]2024-10-03 22:17:18.987	[34minfo[0m	/Users/lihao/project/mall-pro/admin-gin/service/product/goods_grab/pro_goods_grab.go:166	èƒ¸éƒ¨æŠ¤ç†é‡‡é›†å®Œæˆï¼
[go_vue_admin]2024-10-03 22:17:20.931	[34minfo[0m	/Users/lihao/project/mall-pro/admin-gin/service/product/goods_grab/pro_goods_grab.go:166	æ²æµ´éœ²/æ²¹é‡‡é›†å®Œæˆï¼
[go_vue_admin]2024-10-03 22:17:25.030	[34minfo[0m	/Users/lihao/project/mall-pro/admin-gin/service/product/goods_grab/pro_goods_grab.go:166	è‚©é¢ˆ/è†è‚˜è´´é‡‡é›†å®Œæˆï¼
[go_vue_admin]2024-10-03 22:17:28.912	[34minfo[0m	/Users/lihao/project/mall-pro/admin-gin/service/product/goods_grab/pro_goods_grab.go:166	è„±æ¯›è†/å‡èƒ¶é‡‡é›†å®Œæˆï¼
[go_vue_admin]2024-10-03 22:17:31.993	[34minfo[0m	/Users/lihao/project/mall-pro/admin-gin/service/product/goods_grab/pro_goods_grab.go:166	è¶³éƒ¨æŠ¤ç†é‡‡é›†å®Œæˆï¼
[go_vue_admin]2024-10-03 22:17:39.898	[34minfo[0m	/Users/lihao/project/mall-pro/admin-gin/service/product/goods_grab/pro_goods_grab.go:166	èº«ä½“çš‚/èº«ä½“å–·é›¾é‡‡é›†å®Œæˆï¼
[go_vue_admin]2024-10-03 22:17:41.004	[34minfo[0m	/Users/lihao/project/mall-pro/admin-gin/service/product/goods_grab/pro_goods_grab.go:166	æ¸…å‡‰æ²¹/é˜²æš‘/é†’ç¥è¯æ²¹é‡‡é›†å®Œæˆï¼
[go_vue_admin]2024-10-03 22:17:50.176	[34minfo[0m	/Users/lihao/project/mall-pro/admin-gin/service/product/goods_grab/pro_goods_grab.go:166	å«ç”Ÿæ£‰æ¡é‡‡é›†å®Œæˆï¼
[go_vue_admin]2024-10-03 22:17:55.937	[34minfo[0m	/Users/lihao/project/mall-pro/admin-gin/service/product/goods_grab/pro_goods_grab.go:166	ç§å¤„æ´—æ¶²/æ¹¿å·¾é‡‡é›†å®Œæˆï¼
[go_vue_admin]2024-10-03 22:17:58.026	[34minfo[0m	/Users/lihao/project/mall-pro/admin-gin/service/product/goods_grab/pro_goods_grab.go:166	èº«ä½“ä¹³/éœœ/ç²¾æ²¹/è†é‡‡é›†å®Œæˆï¼
[go_vue_admin]2024-10-03 22:17:59.041	[34minfo[0m	/Users/lihao/project/mall-pro/admin-gin/service/product/goods_grab/pro_goods_grab.go:166	å…¶ä»–é‡‡é›†å®Œæˆï¼
[go_vue_admin]2024-10-03 22:18:07.949	[34minfo[0m	/Users/lihao/project/mall-pro/admin-gin/service/product/goods_grab/pro_goods_grab.go:166	çƒ«å‘äº§å“é‡‡é›†å®Œæˆï¼
[go_vue_admin]2024-10-03 22:18:08.915	[34minfo[0m	/Users/lihao/project/mall-pro/admin-gin/service/product/goods_grab/pro_goods_grab.go:166	ç¾å‘å·¥å…·é‡‡é›†å®Œæˆï¼
[go_vue_admin]2024-10-03 22:18:10.013	[34minfo[0m	/Users/lihao/project/mall-pro/admin-gin/service/product/goods_grab/pro_goods_grab.go:166	æŸ“å‘äº§å“é‡‡é›†å®Œæˆï¼
[go_vue_admin]2024-10-03 22:18:15.910	[34minfo[0m	/Users/lihao/project/mall-pro/admin-gin/service/product/goods_grab/pro_goods_grab.go:166	æ‘©ä¸/å•«å–±/å¤´å‘é€ å‹é‡‡é›†å®Œæˆï¼
[go_vue_admin]2024-10-03 22:18:18.913	[34minfo[0m	/Users/lihao/project/mall-pro/admin-gin/service/product/goods_grab/pro_goods_grab.go:166	æ‰‹éƒ¨ä¿å…»å¥—è£…é‡‡é›†å®Œæˆï¼
[go_vue_admin]2024-10-03 22:18:19.931	[34minfo[0m	/Users/lihao/project/mall-pro/admin-gin/service/product/goods_grab/pro_goods_grab.go:166	æ‰‹éƒ¨ä¿®å¤/æ¸…æ´é‡‡é›†å®Œæˆï¼
[go_vue_admin]2024-10-03 22:18:25.571	[34minfo[0m	/Users/lihao/project/mall-pro/admin-gin/websocket/ws_handle.go:49	websocket è¿æ¥æˆåŠŸ
[go_vue_admin]2024-10-03 22:18:28.913	[34minfo[0m	/Users/lihao/project/mall-pro/admin-gin/service/product/goods_grab/pro_goods_grab.go:166	å¡‘èº«è´´/å¡‘å½¢å¸¦é‡‡é›†å®Œæˆï¼
[go_vue_admin]2024-10-03 22:18:40.083	[34minfo[0m	/Users/lihao/project/mall-pro/admin-gin/service/product/goods_grab/pro_goods_grab.go:166	å‘åœˆ/å‘ç½‘/å‘å¸¦é‡‡é›†å®Œæˆï¼
[go_vue_admin]2024-10-03 22:18:41.109	[34minfo[0m	/Users/lihao/project/mall-pro/admin-gin/service/product/goods_grab/pro_goods_grab.go:166	å‰ƒé¡»åˆ€/æŒ‡ç”²é’³é‡‡é›†å®Œæˆï¼
[go_vue_admin]2024-10-03 22:44:16.047	[34minfo[0m	/Users/lihao/project/mall-pro/admin-gin/websocket/ws_handle.go:49	websocket è¿æ¥æˆåŠŸ
[go_vue_admin]2024-10-03 22:44:20.080	[34minfo[0m	/Users/lihao/project/mall-pro/admin-gin/websocket/ws_handle.go:49	websocket è¿æ¥æˆåŠŸ
[go_vue_admin]2024-10-03 22:44:31.318	[34minfo[0m	/Users/lihao/project/mall-pro/admin-gin/websocket/ws_handle.go:49	websocket è¿æ¥æˆåŠŸ
[go_vue_admin]2024-10-03 22:46:35.086	[34minfo[0m	/Users/lihao/project/mall-pro/admin-gin/service/product/goods_grab/pro_goods_grab.go:166	è’¸æ±½çœ¼ç½©é‡‡é›†å®Œæˆï¼
[go_vue_admin]2024-10-03 22:46:35.087	[34minfo[0m	/Users/lihao/project/mall-pro/admin-gin/service/product/goods_grab/pro_goods_grab.go:166	æ¢³å­/å·å‘æ£’/åŒ–å¦†é•œé‡‡é›†å®Œæˆï¼
[go_vue_admin]2024-10-03 22:46:37.996	[34minfo[0m	/Users/lihao/project/mall-pro/admin-gin/service/product/goods_grab/pro_goods_grab.go:166	æŒ‰æ‘©ç”¨å“é‡‡é›†å®Œæˆï¼
[go_vue_admin]2024-10-03 22:46:47.107	[34minfo[0m	/Users/lihao/project/mall-pro/admin-gin/service/product/goods_grab/pro_goods_grab.go:166	å‡å‘åŠé…ä»¶é‡‡é›†å®Œæˆï¼
[go_vue_admin]2024-10-03 22:46:47.399	[34minfo[0m	/Users/lihao/project/mall-pro/admin-gin/websocket/ws_handle.go:49	websocket è¿æ¥æˆåŠŸ
[go_vue_admin]2024-10-03 22:46:48.002	[34minfo[0m	/Users/lihao/project/mall-pro/admin-gin/service/product/goods_grab/pro_goods_grab.go:166	èº«ä½“ç²¾æ²¹èŠ³ç–—é‡‡é›†å®Œæˆï¼
[go_vue_admin]2024-10-03 22:46:50.002	[34minfo[0m	/Users/lihao/project/mall-pro/admin-gin/service/product/goods_grab/pro_goods_grab.go:166	æŠ¤æ‰‹éœœ/æ‰‹è†œé‡‡é›†å®Œæˆï¼
[go_vue_admin]2024-10-03 22:47:19.058	[34minfo[0m	/Users/lihao/project/mall-pro/admin-gin/service/product/goods_grab/pro_goods_grab.go:166	å«ç”Ÿå·¾/æŠ¤å«/å«ç”Ÿè£¤é‡‡é›†å®Œæˆï¼
[go_vue_admin]2024-10-03 22:47:49.012	[34minfo[0m	/Users/lihao/project/mall-pro/admin-gin/service/product/goods_grab/pro_goods_grab.go:166	å·çº¸/å«ç”Ÿçº¸é‡‡é›†å®Œæˆï¼
[go_vue_admin]2024-10-03 22:48:05.239	[34minfo[0m	/Users/lihao/project/mall-pro/admin-gin/service/product/goods_grab/pro_goods_grab.go:166	æ¹¿å·¾/æ¹¿å•çº¸é‡‡é›†å®Œæˆï¼
[go_vue_admin]2024-10-03 22:48:13.022	[34minfo[0m	/Users/lihao/project/mall-pro/admin-gin/service/product/goods_grab/pro_goods_grab.go:166	æ£‰æŸ”å·¾/æ´—è„¸å·¾é‡‡é›†å®Œæˆï¼
[go_vue_admin]2024-10-03 22:48:19.075	[34minfo[0m	/Users/lihao/project/mall-pro/admin-gin/service/product/goods_grab/pro_goods_grab.go:166	å¨æˆ¿ç”¨çº¸é‡‡é›†å®Œæˆï¼
[go_vue_admin]2024-10-03 22:48:23.062	[34minfo[0m	/Users/lihao/project/mall-pro/admin-gin/service/product/goods_grab/pro_goods_grab.go:166	ç”²é†›æ¸…é™¤å‰‚/ç”²é†›æµ‹è¯•é‡‡é›†å®Œæˆï¼
[go_vue_admin]2024-10-03 22:48:29.186	[34minfo[0m	/Users/lihao/project/mall-pro/admin-gin/service/product/goods_grab/pro_goods_grab.go:166	å†°ç®±é™¤å‘³å‰‚é‡‡é›†å®Œæˆï¼
[go_vue_admin]2024-10-03 22:48:33.093	[34minfo[0m	/Users/lihao/project/mall-pro/admin-gin/service/product/goods_grab/pro_goods_grab.go:166	é™¤è‡­å–·é›¾/å‰‚/é™¤è‡­ç”¨å“é‡‡é›†å®Œæˆï¼
[go_vue_admin]2024-10-03 22:48:35.236	[34minfo[0m	/Users/lihao/project/mall-pro/admin-gin/service/product/goods_grab/pro_goods_grab.go:166	ç©ºæ°”æ¸…æ–°/å‡€åŒ–/èŠ³é¦™å‰‚é‡‡é›†å®Œæˆï¼
[go_vue_admin]2024-10-03 22:48:39.215	[34minfo[0m	/Users/lihao/project/mall-pro/admin-gin/service/product/goods_grab/pro_goods_grab.go:166	å¹²ç‡¥å‰‚é‡‡é›†å®Œæˆï¼
[go_vue_admin]2024-10-03 22:48:54.247	[34minfo[0m	/Users/lihao/project/mall-pro/admin-gin/service/product/goods_grab/pro_goods_grab.go:166	æ¶ˆæ¯’ç”¨å“é‡‡é›†å®Œæˆï¼
[go_vue_admin]2024-10-03 22:49:11.085	[34minfo[0m	/Users/lihao/project/mall-pro/admin-gin/service/product/goods_grab/pro_goods_grab.go:166	å…¶ä»–ä¸ªæŠ¤å·¥å…·é‡‡é›†å®Œæˆï¼
[go_vue_admin]2024-10-03 22:49:33.000	[34minfo[0m	/Users/lihao/project/mall-pro/admin-gin/service/product/goods_grab/pro_goods_grab.go:166	å¨æˆ¿æ¸…æ´é‡‡é›†å®Œæˆï¼
[go_vue_admin]2024-10-03 22:49:46.006	[34minfo[0m	/Users/lihao/project/mall-pro/admin-gin/service/product/goods_grab/pro_goods_grab.go:166	æ´—è¡£ç²‰/çˆ†ç‚¸ç›/æ¼‚ç™½å‰‚é‡‡é›†å®Œæˆï¼
[go_vue_admin]2024-10-03 22:49:55.132	[34minfo[0m	/Users/lihao/project/mall-pro/admin-gin/service/product/goods_grab/pro_goods_grab.go:166	å±…å®¶æ¸…æ´é‡‡é›†å®Œæˆï¼
[go_vue_admin]2024-10-03 22:50:05.999	[34minfo[0m	/Users/lihao/project/mall-pro/admin-gin/service/product/goods_grab/pro_goods_grab.go:166	æŸ”é¡ºå‰‚/å¸è‰²ç‰‡/ç»‡ç‰©å–·é›¾é‡‡é›†å®Œæˆï¼
[go_vue_admin]2024-10-03 22:50:08.032	[34minfo[0m	/Users/lihao/project/mall-pro/admin-gin/service/product/goods_grab/pro_goods_grab.go:166	æ´—è¡£çš‚/å†…è¡£çš‚é‡‡é›†å®Œæˆï¼
[go_vue_admin]2024-10-03 22:50:10.178	[34minfo[0m	/Users/lihao/project/mall-pro/admin-gin/service/product/goods_grab/pro_goods_grab.go:166	å…¶ä»–è¡£ç‰©æ´—æ¶¤å‰‚é‡‡é›†å®Œæˆï¼
[go_vue_admin]2024-10-03 22:50:20.105	[34minfo[0m	/Users/lihao/project/mall-pro/admin-gin/service/product/goods_grab/pro_goods_grab.go:166	é™¤è¨å–·é›¾é‡‡é›†å®Œæˆï¼
[go_vue_admin]2024-10-03 22:50:21.129	[34minfo[0m	/Users/lihao/project/mall-pro/admin-gin/service/product/goods_grab/pro_goods_grab.go:166	å®¶ç”¨æ€è™«å‰‚é‡‡é›†å®Œæˆï¼
[go_vue_admin]2024-10-03 22:50:23.075	[34minfo[0m	/Users/lihao/project/mall-pro/admin-gin/service/product/goods_grab/pro_goods_grab.go:166	èšŠé¦™æ¶²/ç”µèšŠé¦™é‡‡é›†å®Œæˆï¼
[go_vue_admin]2024-10-03 22:50:30.037	[34minfo[0m	/Users/lihao/project/mall-pro/admin-gin/service/product/goods_grab/pro_goods_grab.go:166	èšŠé¦™ç‰‡/èšŠé¦™ç›˜é‡‡é›†å®Œæˆï¼
[go_vue_admin]2024-10-03 22:50:31.066	[34minfo[0m	/Users/lihao/project/mall-pro/admin-gin/service/product/goods_grab/pro_goods_grab.go:166	é©±èšŠæ¶²/é©±èšŠå‡éœ²/é©±èšŠå–·é›¾é‡‡é›†å®Œæˆï¼
[go_vue_admin]2024-10-03 22:50:33.066	[34minfo[0m	/Users/lihao/project/mall-pro/admin-gin/service/product/goods_grab/pro_goods_grab.go:166	å…¶ä»–é©±è™«ç”¨å“é‡‡é›†å®Œæˆï¼
[go_vue_admin]2024-10-03 22:50:43.044	[34minfo[0m	/Users/lihao/project/mall-pro/admin-gin/service/product/goods_grab/pro_goods_grab.go:166	é¦™è–°ç”¨å“é‡‡é›†å®Œæˆï¼
[go_vue_admin]2024-10-03 22:50:48.061	[34minfo[0m	/Users/lihao/project/mall-pro/admin-gin/service/product/goods_grab/pro_goods_grab.go:166	æœ¨ä½œ/ä¹¦ç”»/é’±å¸/æ”¶è—é‡‡é›†å®Œæˆï¼
[go_vue_admin]2024-10-03 22:50:51.030	[34minfo[0m	/Users/lihao/project/mall-pro/admin-gin/service/product/goods_grab/pro_goods_grab.go:166	æ¸…æ´æ…•æ–¯é‡‡é›†å®Œæˆï¼
[go_vue_admin]2024-10-03 22:50:55.024	[34minfo[0m	/Users/lihao/project/mall-pro/admin-gin/service/product/goods_grab/pro_goods_grab.go:166	å®¶ç§æ¸…æ´/çš®å…·æŠ¤ç†å‰‚é‡‡é›†å®Œæˆï¼
[go_vue_admin]2024-10-03 22:50:58.097	[34minfo[0m	/Users/lihao/project/mall-pro/admin-gin/service/product/goods_grab/pro_goods_grab.go:166	ç å®/æ–‡ç©/æ”¶è—å“é‡‡é›†å®Œæˆï¼
[go_vue_admin]2024-10-03 22:51:01.066	[34minfo[0m	/Users/lihao/project/mall-pro/admin-gin/service/product/goods_grab/pro_goods_grab.go:166	å® ç‰©é‡‡é›†å®Œæˆï¼
[go_vue_admin]2024-10-03 22:51:10.078	[34minfo[0m	/Users/lihao/project/mall-pro/admin-gin/service/product/goods_grab/pro_goods_grab.go:166	ç”·å£«ä¸ªæŠ¤é‡‡é›†å®Œæˆï¼
[go_vue_admin]2024-10-03 22:51:11.102	[34minfo[0m	/Users/lihao/project/mall-pro/admin-gin/service/product/goods_grab/pro_goods_grab.go:166	éšå½¢çœ¼é•œ/æŠ¤ç†æ¶²é‡‡é›†å®Œæˆï¼
[go_vue_admin]2024-10-03 22:51:21.021	[34minfo[0m	/Users/lihao/project/mall-pro/admin-gin/service/product/goods_grab/pro_goods_grab.go:166	å…¶å®ƒé‡‡é›†å®Œæˆï¼
[go_vue_admin]2024-10-03 22:51:37.002	[34minfo[0m	/Users/lihao/project/mall-pro/admin-gin/service/product/goods_grab/pro_goods_grab.go:166	æŠ½çº¸/çº¸å·¾/æ‰‹å¸•çº¸é‡‡é›†å®Œæˆï¼
[go_vue_admin]2024-10-03 22:51:39.005	[34minfo[0m	/Users/lihao/project/mall-pro/admin-gin/service/product/goods_grab/pro_goods_grab.go:166	æ´—è¡£æ¶²/æ´—è¡£å‡ç /ç•™é¦™ç é‡‡é›†å®Œæˆï¼
[go_vue_admin]2024-10-03 22:51:56.003	[34minfo[0m	/Users/lihao/project/mall-pro/admin-gin/service/product/goods_grab/pro_goods_grab.go:166	ä¸ªæŠ¤ç”µå™¨é‡‡é›†å®Œæˆï¼
[go_vue_admin]2024-10-03 22:51:57.080	[34minfo[0m	/Users/lihao/project/mall-pro/admin-gin/service/product/goods_grab/pro_goods_grab.go:166	ä¸ªäººæ´—æŠ¤æ¸…æ´ç”¨å…·é‡‡é›†å®Œæˆï¼
[go_vue_admin]2024-10-03 22:52:18.073	[34minfo[0m	/Users/lihao/project/mall-pro/admin-gin/service/product/goods_grab/pro_goods_grab.go:166	ä¸­è€å¹´æŠ¤ç†ç”¨å“é‡‡é›†å®Œæˆï¼
[go_vue_admin]2024-10-03 22:52:25.009	[34minfo[0m	/Users/lihao/project/mall-pro/admin-gin/service/product/goods_grab/pro_goods_grab.go:166	ä¸ªæŠ¤æœåŠ¡é‡‡é›†å®Œæˆï¼
[go_vue_admin]2024-10-03 22:52:27.009	[34minfo[0m	/Users/lihao/project/mall-pro/admin-gin/service/product/goods_grab/pro_goods_grab.go:166	ç”»å…·/ç”»æ/ä¹¦æ³•ç”¨å“é‡‡é›†å®Œæˆï¼
[go_vue_admin]2024-10-03 22:52:28.112	[34minfo[0m	/Users/lihao/project/mall-pro/admin-gin/service/product/goods_grab/pro_goods_grab.go:166	æ‘„å½±æ‘„åƒé‡‡é›†å®Œæˆï¼
[go_vue_admin]2024-10-03 22:52:37.122	[34minfo[0m	/Users/lihao/project/mall-pro/admin-gin/service/product/goods_grab/pro_goods_grab.go:166	æ¯›è¡£/é’ˆç»‡è¡«é‡‡é›†å®Œæˆï¼
[go_vue_admin]2024-10-03 22:53:21.050	[34minfo[0m	/Users/lihao/project/mall-pro/admin-gin/service/product/goods_grab/pro_goods_grab.go:166	å«æµ´/ç½®ç‰©ç”¨å…·é‡‡é›†å®Œæˆï¼
[go_vue_admin]2024-10-03 22:53:28.117	[34minfo[0m	/Users/lihao/project/mall-pro/admin-gin/service/product/goods_grab/pro_goods_grab.go:166	å¥³å¼å¤–å¥—é‡‡é›†å®Œæˆï¼
[go_vue_admin]2024-10-03 22:53:30.063	[34minfo[0m	/Users/lihao/project/mall-pro/admin-gin/service/product/goods_grab/pro_goods_grab.go:166	æ¯›è¡£/é’ˆç»‡è¡«é‡‡é›†å®Œæˆï¼
[go_vue_admin]2024-10-03 22:53:37.010	[34minfo[0m	/Users/lihao/project/mall-pro/admin-gin/service/product/goods_grab/pro_goods_grab.go:166	å¥³å¼çŸ­è£¤é‡‡é›†å®Œæˆï¼
[go_vue_admin]2024-10-03 22:53:38.047	[34minfo[0m	/Users/lihao/project/mall-pro/admin-gin/service/product/goods_grab/pro_goods_grab.go:166	å…¶ä»–ç«¥é‹é‡‡é›†å®Œæˆï¼
[go_vue_admin]2024-10-03 22:53:44.009	[34minfo[0m	/Users/lihao/project/mall-pro/admin-gin/service/product/goods_grab/pro_goods_grab.go:166	å…¶ä»–å†œäº§å“é‡‡é›†å®Œæˆï¼
[go_vue_admin]2024-10-03 22:54:23.110	[34minfo[0m	/Users/lihao/project/mall-pro/admin-gin/service/product/goods_grab/pro_goods_grab.go:166	å®¶åŠ¡/åœ°æ¿æ¸…æ´ç”¨å…·é‡‡é›†å®Œæˆï¼
[go_vue_admin]2024-10-03 22:55:37.017	[34minfo[0m	/Users/lihao/project/mall-pro/admin-gin/service/product/goods_grab/pro_goods_grab.go:166	å…¶ä»–é‡‡é›†å®Œæˆï¼
[go_vue_admin]2024-10-03 22:55:37.055	[34minfo[0m	/Users/lihao/project/mall-pro/admin-gin/service/product/simulate/common.go:54	æ¸…ç†æ¨¡æ‹ŸåŒ…åŸºç¡€æ•°æ®
[go_vue_admin]2024-10-03 22:58:07.382	[34minfo[0m	/Users/lihao/project/mall-pro/admin-gin/websocket/ws_handle.go:49	websocket è¿æ¥æˆåŠŸ
[go_vue_admin]2024-10-03 22:58:14.542	[34minfo[0m	/Users/lihao/project/mall-pro/admin-gin/websocket/ws_handle.go:49	websocket è¿æ¥æˆåŠŸ
[go_vue_admin]2024-10-03 23:20:35.064	[34minfo[0m	/Users/lihao/project/mall-pro/admin-gin/websocket/ws_handle.go:49	websocket è¿æ¥æˆåŠŸ
[go_vue_admin]2024-10-03 23:38:57.196	[34minfo[0m	/Users/lihao/project/mall-pro/admin-gin/initialize/redis.go:34	redis connect ping response:	{"pong": "PONG"}
[go_vue_admin]2024-10-03 23:38:57.209	[34minfo[0m	/Users/lihao/project/mall-pro/admin-gin/initialize/admin_ api_authority.go:15	è¯·ä¿è¯è¶…çº§ç®¡ç†å‘˜çš„AuthorityID(è§’è‰²id) ä¸º1
[go_vue_admin]2024-10-03 23:39:05.299	[34minfo[0m	/Users/lihao/project/mall-pro/admin-gin/websocket/ws_handle.go:49	websocket è¿æ¥æˆåŠŸ
[go_vue_admin]2024-10-03 23:41:15.591	[34minfo[0m	/Users/lihao/project/mall-pro/admin-gin/websocket/ws_handle.go:49	websocket è¿æ¥æˆåŠŸ
[go_vue_admin]2024-10-03 23:41:20.530	[34minfo[0m	/Users/lihao/project/mall-pro/admin-gin/websocket/ws_handle.go:49	websocket è¿æ¥æˆåŠŸ
[go_vue_admin]2024-10-03 23:41:21.790	[34minfo[0m	/Users/lihao/project/mall-pro/admin-gin/websocket/ws_handle.go:49	websocket è¿æ¥æˆåŠŸ
[go_vue_admin]2024-10-03 23:41:31.986	[34minfo[0m	/Users/lihao/project/mall-pro/admin-gin/websocket/ws_handle.go:49	websocket è¿æ¥æˆåŠŸ
[go_vue_admin]2024-10-03 23:41:34.780	[34minfo[0m	/Users/lihao/project/mall-pro/admin-gin/websocket/ws_handle.go:49	websocket è¿æ¥æˆåŠŸ
[go_vue_admin]2024-10-03 23:41:35.991	[34minfo[0m	/Users/lihao/project/mall-pro/admin-gin/websocket/ws_handle.go:49	websocket è¿æ¥æˆåŠŸ
