[go_vue_admin]2024-07-17 21:22:05.425	[34minfo[0m	/Users/lihao/project/mall-pro/admin-gin/websocket/ws_handle.go:48	websocket è¿æ¥æˆåŠŸ
[go_vue_admin]2024-07-17 21:22:13.493	[34minfo[0m	/Users/lihao/project/mall-pro/admin-gin/websocket/ws_handle.go:48	websocket è¿æ¥æˆåŠŸ
[go_vue_admin]2024-07-17 21:22:20.884	[34minfo[0m	/Users/lihao/project/mall-pro/admin-gin/websocket/ws_handle.go:48	websocket è¿æ¥æˆåŠŸ
[go_vue_admin]2024-07-17 21:25:25.317	[34minfo[0m	/Users/lihao/project/mall-pro/admin-gin/websocket/ws_handle.go:48	websocket è¿æ¥æˆåŠŸ
[go_vue_admin]2024-07-17 21:26:23.826	[34minfo[0m	/Users/lihao/project/mall-pro/admin-gin/websocket/ws_handle.go:48	websocket è¿æ¥æˆåŠŸ
[go_vue_admin]2024-07-17 21:29:41.880	[34minfo[0m	/Users/lihao/project/mall-pro/admin-gin/websocket/ws_handle.go:48	websocket è¿æ¥æˆåŠŸ
[go_vue_admin]2024-07-17 21:31:36.383	[34minfo[0m	/Users/lihao/project/mall-pro/admin-gin/websocket/ws_handle.go:48	websocket è¿æ¥æˆåŠŸ
[go_vue_admin]2024-07-17 21:31:50.566	[34minfo[0m	/Users/lihao/project/mall-pro/admin-gin/websocket/ws_handle.go:48	websocket è¿æ¥æˆåŠŸ
[go_vue_admin]2024-07-17 21:32:39.744	[34minfo[0m	/Users/lihao/project/mall-pro/admin-gin/websocket/ws_handle.go:48	websocket è¿æ¥æˆåŠŸ
[go_vue_admin]2024-07-17 21:32:59.948	[34minfo[0m	/Users/lihao/project/mall-pro/admin-gin/websocket/ws_handle.go:48	websocket è¿æ¥æˆåŠŸ
[go_vue_admin]2024-07-17 21:36:04.792	[34minfo[0m	/Users/lihao/project/mall-pro/admin-gin/websocket/ws_handle.go:48	websocket è¿æ¥æˆåŠŸ
[go_vue_admin]2024-07-17 21:36:50.958	[34minfo[0m	/Users/lihao/project/mall-pro/admin-gin/websocket/ws_handle.go:48	websocket è¿æ¥æˆåŠŸ
[go_vue_admin]2024-07-17 21:38:50.998	[34minfo[0m	/Users/lihao/project/mall-pro/admin-gin/websocket/ws_handle.go:48	websocket è¿æ¥æˆåŠŸ
[go_vue_admin]2024-07-17 21:40:08.263	[34minfo[0m	/Users/lihao/project/mall-pro/admin-gin/websocket/ws_handle.go:48	websocket è¿æ¥æˆåŠŸ
[go_vue_admin]2024-07-17 21:40:22.449	[34minfo[0m	/Users/lihao/project/mall-pro/admin-gin/websocket/ws_handle.go:48	websocket è¿æ¥æˆåŠŸ
[go_vue_admin]2024-07-17 21:40:36.184	[34minfo[0m	/Users/lihao/project/mall-pro/admin-gin/websocket/ws_handle.go:48	websocket è¿æ¥æˆåŠŸ
[go_vue_admin]2024-07-17 21:41:02.924	[34minfo[0m	/Users/lihao/project/mall-pro/admin-gin/websocket/ws_handle.go:48	websocket è¿æ¥æˆåŠŸ
[go_vue_admin]2024-07-17 21:41:17.432	[34minfo[0m	/Users/lihao/project/mall-pro/admin-gin/websocket/ws_handle.go:48	websocket è¿æ¥æˆåŠŸ
[go_vue_admin]2024-07-17 21:42:14.013	[34minfo[0m	/Users/lihao/project/mall-pro/admin-gin/websocket/ws_handle.go:48	websocket è¿æ¥æˆåŠŸ
[go_vue_admin]2024-07-17 21:51:15.426	[34minfo[0m	/Users/lihao/project/mall-pro/admin-gin/websocket/ws_handle.go:48	websocket è¿æ¥æˆåŠŸ
[go_vue_admin]2024-07-17 21:52:58.726	[34minfo[0m	/Users/lihao/project/mall-pro/admin-gin/websocket/ws_handle.go:48	websocket è¿æ¥æˆåŠŸ
[go_vue_admin]2024-07-17 21:53:45.639	[34minfo[0m	/Users/lihao/project/mall-pro/admin-gin/websocket/ws_handle.go:48	websocket è¿æ¥æˆåŠŸ
[go_vue_admin]2024-07-17 21:54:16.445	[34minfo[0m	/Users/lihao/project/mall-pro/admin-gin/websocket/ws_handle.go:48	websocket è¿æ¥æˆåŠŸ
[go_vue_admin]2024-07-17 21:58:55.977	[34minfo[0m	/Users/lihao/project/mall-pro/admin-gin/websocket/ws_handle.go:48	websocket è¿æ¥æˆåŠŸ
[go_vue_admin]2024-07-17 21:58:59.350	[34minfo[0m	/Users/lihao/project/mall-pro/admin-gin/websocket/ws_handle.go:48	websocket è¿æ¥æˆåŠŸ
[go_vue_admin]2024-07-17 21:59:39.132	[34minfo[0m	/Users/lihao/project/mall-pro/admin-gin/websocket/ws_handle.go:48	websocket è¿æ¥æˆåŠŸ
[go_vue_admin]2024-07-17 21:59:57.864	[34minfo[0m	/Users/lihao/project/mall-pro/admin-gin/websocket/ws_handle.go:48	websocket è¿æ¥æˆåŠŸ
[go_vue_admin]2024-07-17 22:01:45.211	[34minfo[0m	/Users/lihao/project/mall-pro/admin-gin/websocket/ws_handle.go:48	websocket è¿æ¥æˆåŠŸ
[go_vue_admin]2024-07-17 22:05:56.891	[34minfo[0m	/Users/lihao/project/mall-pro/admin-gin/websocket/ws_handle.go:48	websocket è¿æ¥æˆåŠŸ
[go_vue_admin]2024-07-17 22:06:00.181	[34minfo[0m	/Users/lihao/project/mall-pro/admin-gin/websocket/ws_handle.go:48	websocket è¿æ¥æˆåŠŸ
[go_vue_admin]2024-07-17 22:09:39.870	[34minfo[0m	/Users/lihao/project/mall-pro/admin-gin/websocket/ws_handle.go:48	websocket è¿æ¥æˆåŠŸ
[go_vue_admin]2024-07-17 22:10:05.236	[34minfo[0m	/Users/lihao/project/mall-pro/admin-gin/websocket/ws_handle.go:48	websocket è¿æ¥æˆåŠŸ
[go_vue_admin]2024-07-17 22:11:02.905	[34minfo[0m	/Users/lihao/project/mall-pro/admin-gin/websocket/ws_handle.go:48	websocket è¿æ¥æˆåŠŸ
[go_vue_admin]2024-07-17 22:11:25.864	[34minfo[0m	/Users/lihao/project/mall-pro/admin-gin/websocket/ws_handle.go:48	websocket è¿æ¥æˆåŠŸ
[go_vue_admin]2024-07-17 22:11:41.812	[34minfo[0m	/Users/lihao/project/mall-pro/admin-gin/websocket/ws_handle.go:48	websocket è¿æ¥æˆåŠŸ
[go_vue_admin]2024-07-17 22:12:19.220	[34minfo[0m	/Users/lihao/project/mall-pro/admin-gin/websocket/ws_handle.go:48	websocket è¿æ¥æˆåŠŸ
[go_vue_admin]2024-07-17 22:14:41.069	[34minfo[0m	/Users/lihao/project/mall-pro/admin-gin/websocket/ws_handle.go:48	websocket è¿æ¥æˆåŠŸ
[go_vue_admin]2024-07-17 22:14:41.191	[34minfo[0m	/Users/lihao/project/mall-pro/admin-gin/websocket/ws_handle.go:48	websocket è¿æ¥æˆåŠŸ
[go_vue_admin]2024-07-17 22:15:40.434	[34minfo[0m	/Users/lihao/project/mall-pro/admin-gin/websocket/ws_handle.go:48	websocket è¿æ¥æˆåŠŸ
[go_vue_admin]2024-07-17 22:15:40.462	[34minfo[0m	/Users/lihao/project/mall-pro/admin-gin/websocket/ws_handle.go:48	websocket è¿æ¥æˆåŠŸ
[go_vue_admin]2024-07-17 22:15:52.432	[34minfo[0m	/Users/lihao/project/mall-pro/admin-gin/websocket/ws_handle.go:48	websocket è¿æ¥æˆåŠŸ
[go_vue_admin]2024-07-17 22:16:35.347	[34minfo[0m	/Users/lihao/project/mall-pro/admin-gin/websocket/ws_handle.go:48	websocket è¿æ¥æˆåŠŸ
[go_vue_admin]2024-07-17 22:18:10.451	[34minfo[0m	/Users/lihao/project/mall-pro/admin-gin/websocket/ws_handle.go:48	websocket è¿æ¥æˆåŠŸ
[go_vue_admin]2024-07-17 22:19:24.355	[34minfo[0m	/Users/lihao/project/mall-pro/admin-gin/websocket/ws_handle.go:48	websocket è¿æ¥æˆåŠŸ
[go_vue_admin]2024-07-17 22:23:08.615	[34minfo[0m	/Users/lihao/project/mall-pro/admin-gin/websocket/ws_handle.go:48	websocket è¿æ¥æˆåŠŸ
[go_vue_admin]2024-07-17 22:23:59.075	[34minfo[0m	/Users/lihao/project/mall-pro/admin-gin/websocket/ws_handle.go:48	websocket è¿æ¥æˆåŠŸ
[go_vue_admin]2024-07-17 22:24:58.139	[34minfo[0m	/Users/lihao/project/mall-pro/admin-gin/websocket/ws_handle.go:48	websocket è¿æ¥æˆåŠŸ
[go_vue_admin]2024-07-17 22:27:38.613	[34minfo[0m	/Users/lihao/project/mall-pro/admin-gin/websocket/ws_handle.go:48	websocket è¿æ¥æˆåŠŸ
[go_vue_admin]2024-07-17 22:31:24.427	[34minfo[0m	/Users/lihao/project/mall-pro/admin-gin/websocket/ws_handle.go:48	websocket è¿æ¥æˆåŠŸ
[go_vue_admin]2024-07-17 22:33:10.558	[34minfo[0m	/Users/lihao/project/mall-pro/admin-gin/websocket/ws_handle.go:48	websocket è¿æ¥æˆåŠŸ
[go_vue_admin]2024-07-17 22:35:29.881	[34minfo[0m	/Users/lihao/project/mall-pro/admin-gin/websocket/ws_handle.go:48	websocket è¿æ¥æˆåŠŸ
[go_vue_admin]2024-07-17 22:35:45.539	[34minfo[0m	/Users/lihao/project/mall-pro/admin-gin/websocket/ws_handle.go:48	websocket è¿æ¥æˆåŠŸ
[go_vue_admin]2024-07-17 22:37:55.864	[34minfo[0m	/Users/lihao/project/mall-pro/admin-gin/websocket/ws_handle.go:48	websocket è¿æ¥æˆåŠŸ
[go_vue_admin]2024-07-17 22:39:33.657	[34minfo[0m	/Users/lihao/project/mall-pro/admin-gin/websocket/ws_handle.go:48	websocket è¿æ¥æˆåŠŸ
[go_vue_admin]2024-07-17 22:40:13.907	[34minfo[0m	/Users/lihao/project/mall-pro/admin-gin/websocket/ws_handle.go:48	websocket è¿æ¥æˆåŠŸ
[go_vue_admin]2024-07-17 22:40:35.771	[34minfo[0m	/Users/lihao/project/mall-pro/admin-gin/websocket/ws_handle.go:48	websocket è¿æ¥æˆåŠŸ
[go_vue_admin]2024-07-17 22:42:22.778	[34minfo[0m	/Users/lihao/project/mall-pro/admin-gin/websocket/ws_handle.go:48	websocket è¿æ¥æˆåŠŸ
[go_vue_admin]2024-07-17 22:42:54.643	[34minfo[0m	/Users/lihao/project/mall-pro/admin-gin/websocket/ws_handle.go:48	websocket è¿æ¥æˆåŠŸ
[go_vue_admin]2024-07-17 22:43:53.699	[34minfo[0m	/Users/lihao/project/mall-pro/admin-gin/websocket/ws_handle.go:48	websocket è¿æ¥æˆåŠŸ
[go_vue_admin]2024-07-17 22:45:26.189	[34minfo[0m	/Users/lihao/project/mall-pro/admin-gin/websocket/ws_handle.go:48	websocket è¿æ¥æˆåŠŸ
[go_vue_admin]2024-07-17 22:49:23.589	[34minfo[0m	/Users/lihao/project/mall-pro/admin-gin/websocket/ws_handle.go:48	websocket è¿æ¥æˆåŠŸ
[go_vue_admin]2024-07-17 22:52:46.851	[34minfo[0m	/Users/lihao/project/mall-pro/admin-gin/websocket/ws_handle.go:48	websocket è¿æ¥æˆåŠŸ
[go_vue_admin]2024-07-17 22:53:20.066	[34minfo[0m	/Users/lihao/project/mall-pro/admin-gin/service/product/goods_grab/pro_goods_grab.go:146	ç¾å¦†æŠ¤è‚¤é‡‡é›†å®Œæˆï¼
[go_vue_admin]2024-07-17 22:53:20.068	[34minfo[0m	/Users/lihao/project/mall-pro/admin-gin/service/product/goods_grab/pro_goods_grab.go:146	ç”Ÿé²œæ°´æœé‡‡é›†å®Œæˆï¼
[go_vue_admin]2024-07-17 22:53:20.066	[34minfo[0m	/Users/lihao/project/mall-pro/admin-gin/service/product/goods_grab/pro_goods_grab.go:146	æ—¥ç”¨å®¶å±…é‡‡é›†å®Œæˆï¼
[go_vue_admin]2024-07-17 22:53:20.067	[34minfo[0m	/Users/lihao/project/mall-pro/admin-gin/service/product/goods_grab/pro_goods_grab.go:146	æœé¥°é‹åŒ…é‡‡é›†å®Œæˆï¼
[go_vue_admin]2024-07-17 22:53:20.068	[34minfo[0m	/Users/lihao/project/mall-pro/admin-gin/service/product/goods_grab/pro_goods_grab.go:146	é£Ÿå“é¥®æ–™é‡‡é›†å®Œæˆï¼
[go_vue_admin]2024-07-17 22:53:21.070	[34minfo[0m	/Users/lihao/project/mall-pro/admin-gin/service/product/goods_grab/pro_goods_grab.go:146	æ¯å©´ç«¥ç©é‡‡é›†å®Œæˆï¼
[go_vue_admin]2024-07-17 22:53:22.061	[34minfo[0m	/Users/lihao/project/mall-pro/admin-gin/service/product/goods_grab/pro_goods_grab.go:146	3Cæ•°ç å®¶ç”µé‡‡é›†å®Œæˆï¼
[go_vue_admin]2024-07-17 22:53:23.126	[34minfo[0m	/Users/lihao/project/mall-pro/admin-gin/service/product/goods_grab/pro_goods_grab.go:146	é…’ç±»/èŒ¶å¶é‡‡é›†å®Œæˆï¼
[go_vue_admin]2024-07-17 22:53:24.060	[34minfo[0m	/Users/lihao/project/mall-pro/admin-gin/service/product/goods_grab/pro_goods_grab.go:146	ä¼‘é—²é›¶é£Ÿé‡‡é›†å®Œæˆï¼
[go_vue_admin]2024-07-17 22:53:25.148	[34minfo[0m	/Users/lihao/project/mall-pro/admin-gin/service/product/goods_grab/pro_goods_grab.go:146	ä¹³å“å†²é¥®é‡‡é›†å®Œæˆï¼
[go_vue_admin]2024-07-17 22:53:26.101	[34minfo[0m	/Users/lihao/project/mall-pro/admin-gin/service/product/goods_grab/pro_goods_grab.go:146	è¥å…»ä¿å¥é‡‡é›†å®Œæˆï¼
[go_vue_admin]2024-07-17 22:53:35.425	[34minfo[0m	/Users/lihao/project/mall-pro/admin-gin/service/product/goods_grab/pro_goods_grab.go:146	é£Ÿå“é¥®æ–™é‡‡é›†å®Œæˆï¼
[go_vue_admin]2024-07-17 22:53:35.430	[34minfo[0m	/Users/lihao/project/mall-pro/admin-gin/service/product/goods_grab/pro_goods_grab.go:146	ç¾å¦†æŠ¤è‚¤é‡‡é›†å®Œæˆï¼
[go_vue_admin]2024-07-17 22:53:35.434	[34minfo[0m	/Users/lihao/project/mall-pro/admin-gin/service/product/goods_grab/pro_goods_grab.go:146	æœé¥°é‹åŒ…é‡‡é›†å®Œæˆï¼
[go_vue_admin]2024-07-17 22:53:35.436	[34minfo[0m	/Users/lihao/project/mall-pro/admin-gin/service/product/goods_grab/pro_goods_grab.go:146	ç”Ÿé²œæ°´æœé‡‡é›†å®Œæˆï¼
[go_vue_admin]2024-07-17 22:53:35.436	[34minfo[0m	/Users/lihao/project/mall-pro/admin-gin/service/product/goods_grab/pro_goods_grab.go:146	æ—¥ç”¨å®¶å±…é‡‡é›†å®Œæˆï¼
[go_vue_admin]2024-07-17 22:53:36.848	[34minfo[0m	/Users/lihao/project/mall-pro/admin-gin/service/product/goods_grab/pro_goods_grab.go:146	æ¯å©´ç«¥ç©é‡‡é›†å®Œæˆï¼
[go_vue_admin]2024-07-17 22:53:37.425	[34minfo[0m	/Users/lihao/project/mall-pro/admin-gin/service/product/goods_grab/pro_goods_grab.go:146	3Cæ•°ç å®¶ç”µé‡‡é›†å®Œæˆï¼
[go_vue_admin]2024-07-17 22:53:38.425	[34minfo[0m	/Users/lihao/project/mall-pro/admin-gin/service/product/goods_grab/pro_goods_grab.go:146	é…’ç±»/èŒ¶å¶é‡‡é›†å®Œæˆï¼
[go_vue_admin]2024-07-17 22:53:39.515	[34minfo[0m	/Users/lihao/project/mall-pro/admin-gin/service/product/goods_grab/pro_goods_grab.go:146	ä¼‘é—²é›¶é£Ÿé‡‡é›†å®Œæˆï¼
[go_vue_admin]2024-07-17 22:53:40.541	[34minfo[0m	/Users/lihao/project/mall-pro/admin-gin/service/product/goods_grab/pro_goods_grab.go:146	ä¹³å“å†²é¥®é‡‡é›†å®Œæˆï¼
[go_vue_admin]2024-07-17 22:53:41.423	[34minfo[0m	/Users/lihao/project/mall-pro/admin-gin/service/product/goods_grab/pro_goods_grab.go:146	è¥å…»ä¿å¥é‡‡é›†å®Œæˆï¼
[go_vue_admin]2024-07-17 22:53:51.428	[34minfo[0m	/Users/lihao/project/mall-pro/admin-gin/service/product/goods_grab/pro_goods_grab.go:146	æ£åˆ¶å“é‡‡é›†å®Œæˆï¼
