[go_vue_admin]2024-10-06 00:28:08.576	[34minfo[0m	/Users/lihao/project/mall-pro/admin-gin/websocket/ws_handle.go:49	websocket è¿æ¥æˆåŠŸ
[go_vue_admin]2024-10-06 00:49:18.923	[34minfo[0m	/Users/lihao/project/mall-pro/admin-gin/websocket/ws_handle.go:49	websocket è¿æ¥æˆåŠŸ
[go_vue_admin]2024-10-06 09:51:29.426	[34minfo[0m	/Users/lihao/project/mall-pro/admin-gin/websocket/ws_handle.go:49	websocket è¿æ¥æˆåŠŸ
[go_vue_admin]2024-10-06 10:59:40.612	[34minfo[0m	/Users/lihao/project/mall-pro/admin-gin/websocket/ws_handle.go:49	websocket è¿æ¥æˆåŠŸ
[go_vue_admin]2024-10-06 11:18:28.950	[34minfo[0m	/Users/lihao/project/mall-pro/admin-gin/websocket/ws_handle.go:49	websocket è¿æ¥æˆåŠŸ
[go_vue_admin]2024-10-06 15:30:27.721	[34minfo[0m	/Users/lihao/project/mall-pro/admin-gin/initialize/redis.go:34	redis connect ping response:	{"pong": "PONG"}
[go_vue_admin]2024-10-06 15:30:27.762	[34minfo[0m	/Users/lihao/project/mall-pro/admin-gin/initialize/admin_ api_authority.go:15	è¯·ä¿è¯è¶…çº§ç®¡ç†å‘˜çš„AuthorityID(è§’è‰²id) ä¸º1
[go_vue_admin]2024-10-06 15:30:29.021	[34minfo[0m	/Users/lihao/project/mall-pro/admin-gin/websocket/ws_handle.go:49	websocket è¿æ¥æˆåŠŸ
[go_vue_admin]2024-10-06 15:30:36.173	[34minfo[0m	/Users/lihao/project/mall-pro/admin-gin/websocket/ws_handle.go:49	websocket è¿æ¥æˆåŠŸ
[go_vue_admin]2024-10-06 15:30:41.512	[34minfo[0m	/Users/lihao/project/mall-pro/admin-gin/service/product/goods_grab/pro_goods_grab.go:166	æ£åˆ¶å“é‡‡é›†å®Œæˆï¼
[go_vue_admin]2024-10-06 15:32:04.783	[34minfo[0m	/Users/lihao/project/mall-pro/admin-gin/service/product/simulate/common.go:54	æ¸…ç†æ¨¡æ‹ŸåŒ…åŸºç¡€æ•°æ®
[go_vue_admin]2024-10-06 15:49:52.418	[34minfo[0m	/Users/lihao/project/mall-pro/admin-gin/initialize/redis.go:34	redis connect ping response:	{"pong": "PONG"}
[go_vue_admin]2024-10-06 15:49:52.445	[34minfo[0m	/Users/lihao/project/mall-pro/admin-gin/initialize/admin_ api_authority.go:15	è¯·ä¿è¯è¶…çº§ç®¡ç†å‘˜çš„AuthorityID(è§’è‰²id) ä¸º1
[go_vue_admin]2024-10-06 15:50:04.608	[34minfo[0m	/Users/lihao/project/mall-pro/admin-gin/websocket/ws_handle.go:49	websocket è¿æ¥æˆåŠŸ
[go_vue_admin]2024-10-06 15:50:07.340	[34minfo[0m	/Users/lihao/project/mall-pro/admin-gin/service/product/goods_grab/pro_goods_grab.go:166	æ£åˆ¶å“é‡‡é›†å®Œæˆï¼
[go_vue_admin]2024-10-06 15:51:10.593	[34minfo[0m	/Users/lihao/project/mall-pro/admin-gin/initialize/redis.go:34	redis connect ping response:	{"pong": "PONG"}
[go_vue_admin]2024-10-06 15:51:10.620	[34minfo[0m	/Users/lihao/project/mall-pro/admin-gin/initialize/admin_ api_authority.go:15	è¯·ä¿è¯è¶…çº§ç®¡ç†å‘˜çš„AuthorityID(è§’è‰²id) ä¸º1
[go_vue_admin]2024-10-06 15:51:24.052	[34minfo[0m	/Users/lihao/project/mall-pro/admin-gin/websocket/ws_handle.go:49	websocket è¿æ¥æˆåŠŸ
[go_vue_admin]2024-10-06 15:51:28.113	[34minfo[0m	/Users/lihao/project/mall-pro/admin-gin/service/product/goods_grab/pro_goods_grab.go:166	æ£åˆ¶å“é‡‡é›†å®Œæˆï¼
[go_vue_admin]2024-10-06 15:52:34.404	[34minfo[0m	/Users/lihao/project/mall-pro/admin-gin/service/product/simulate/common.go:54	æ¸…ç†æ¨¡æ‹ŸåŒ…åŸºç¡€æ•°æ®
[go_vue_admin]2024-10-06 15:55:18.392	[34minfo[0m	/Users/lihao/project/mall-pro/admin-gin/initialize/redis.go:34	redis connect ping response:	{"pong": "PONG"}
[go_vue_admin]2024-10-06 15:55:18.417	[34minfo[0m	/Users/lihao/project/mall-pro/admin-gin/initialize/admin_ api_authority.go:15	è¯·ä¿è¯è¶…çº§ç®¡ç†å‘˜çš„AuthorityID(è§’è‰²id) ä¸º1
[go_vue_admin]2024-10-06 15:55:32.968	[34minfo[0m	/Users/lihao/project/mall-pro/admin-gin/websocket/ws_handle.go:49	websocket è¿æ¥æˆåŠŸ
[go_vue_admin]2024-10-06 15:55:35.485	[34minfo[0m	/Users/lihao/project/mall-pro/admin-gin/service/product/goods_grab/pro_goods_grab.go:166	æ£åˆ¶å“é‡‡é›†å®Œæˆï¼
[go_vue_admin]2024-10-06 15:56:05.807	[34minfo[0m	/Users/lihao/project/mall-pro/admin-gin/websocket/internal/action/grab_action.go:47	grab_lock is exist
[go_vue_admin]2024-10-06 15:56:13.135	[34minfo[0m	/Users/lihao/project/mall-pro/admin-gin/service/product/simulate/common.go:54	æ¸…ç†æ¨¡æ‹ŸåŒ…åŸºç¡€æ•°æ®
