[go_vue_admin]2024-09-05 09:00:13.226	[31merror[0m	/Users/lihao/project/mall-pro/admin-gin/websocket/ws_handle.go:70	read tcp [::1]:8887->[::1]:49798: use of closed network connection
[go_vue_admin]2024-09-05 09:00:13.226	[31merror[0m	/Users/lihao/project/mall-pro/admin-gin/websocket/ws_handle.go:70	read tcp [::1]:8887->[::1]:49693: use of closed network connection
[go_vue_admin]2024-09-05 09:00:13.227	[31merror[0m	/Users/lihao/project/mall-pro/admin-gin/core/server.go:44	accept tcp [::]:8887: use of closed network connection
[go_vue_admin]2024-09-05 09:01:32.941	[31merror[0m	/Users/lihao/project/mall-pro/admin-gin/websocket/ws_handle.go:70	read tcp [::1]:8887->[::1]:50129: use of closed network connection
[go_vue_admin]2024-09-05 09:01:32.941	[31merror[0m	/Users/lihao/project/mall-pro/admin-gin/core/server.go:44	accept tcp [::]:8887: use of closed network connection
[go_vue_admin]2024-09-05 09:01:51.795	[31merror[0m	/Users/lihao/project/mall-pro/admin-gin/websocket/ws_handle.go:70	read tcp [::1]:8887->[::1]:50485: use of closed network connection
[go_vue_admin]2024-09-05 09:01:51.797	[31merror[0m	/Users/lihao/project/mall-pro/admin-gin/core/server.go:44	accept tcp [::]:8887: use of closed network connection
[go_vue_admin]2024-09-05 09:08:15.141	[31merror[0m	/Users/lihao/project/mall-pro/admin-gin/websocket/ws_handle.go:70	read tcp [::1]:8887->[::1]:50571: use of closed network connection
[go_vue_admin]2024-09-05 09:08:15.143	[31merror[0m	/Users/lihao/project/mall-pro/admin-gin/core/server.go:44	accept tcp [::]:8887: use of closed network connection
[go_vue_admin]2024-09-05 09:08:30.747	[31merror[0m	/Users/lihao/project/mall-pro/admin-gin/websocket/ws_handle.go:70	websocket: close 1001 (going away)
[go_vue_admin]2024-09-05 09:08:34.399	[31merror[0m	/Users/lihao/project/mall-pro/admin-gin/websocket/ws_handle.go:70	websocket: close 1001 (going away)
[go_vue_admin]2024-09-05 09:08:51.400	[31merror[0m	/Users/lihao/project/mall-pro/admin-gin/websocket/ws_handle.go:70	websocket: close 1001 (going away)
[go_vue_admin]2024-09-05 09:08:53.159	[31merror[0m	/Users/lihao/project/mall-pro/admin-gin/websocket/ws_handle.go:70	websocket: close 1001 (going away)
[go_vue_admin]2024-09-05 09:08:54.762	[31merror[0m	/Users/lihao/project/mall-pro/admin-gin/websocket/ws_handle.go:70	websocket: close 1001 (going away)
[go_vue_admin]2024-09-05 09:08:56.244	[31merror[0m	/Users/lihao/project/mall-pro/admin-gin/websocket/ws_handle.go:70	websocket: close 1001 (going away)
[go_vue_admin]2024-09-05 09:08:57.965	[31merror[0m	/Users/lihao/project/mall-pro/admin-gin/websocket/ws_handle.go:70	websocket: close 1001 (going away)
[go_vue_admin]2024-09-05 09:09:35.872	[31merror[0m	/Users/lihao/project/mall-pro/admin-gin/websocket/ws_handle.go:38	close tcp [::1]:8887->[::1]:52339: use of closed network connection
[go_vue_admin]2024-09-05 09:09:35.873	[31merror[0m	/Users/lihao/project/mall-pro/admin-gin/websocket/ws_handle.go:38	close tcp [::1]:8887->[::1]:52212: use of closed network connection
[go_vue_admin]2024-09-05 09:09:35.873	[31merror[0m	/Users/lihao/project/mall-pro/admin-gin/websocket/ws_handle.go:70	read tcp [::1]:8887->[::1]:52383: use of closed network connection
[go_vue_admin]2024-09-05 09:09:35.873	[31merror[0m	/Users/lihao/project/mall-pro/admin-gin/core/server.go:44	accept tcp [::]:8887: use of closed network connection
[go_vue_admin]2024-09-05 09:09:35.873	[31merror[0m	/Users/lihao/project/mall-pro/admin-gin/websocket/ws_handle.go:38	close tcp [::1]:8887->[::1]:52323: use of closed network connection
[go_vue_admin]2024-09-05 09:09:35.873	[31merror[0m	/Users/lihao/project/mall-pro/admin-gin/websocket/ws_handle.go:38	close tcp [::1]:8887->[::1]:52351: use of closed network connection
[go_vue_admin]2024-09-05 09:09:35.873	[31merror[0m	/Users/lihao/project/mall-pro/admin-gin/websocket/ws_handle.go:38	close tcp [::1]:8887->[::1]:52192: use of closed network connection
[go_vue_admin]2024-09-05 09:09:35.873	[31merror[0m	/Users/lihao/project/mall-pro/admin-gin/websocket/ws_handle.go:38	close tcp [::1]:8887->[::1]:52236: use of closed network connection
[go_vue_admin]2024-09-05 09:09:57.196	[31merror[0m	/Users/lihao/project/mall-pro/admin-gin/core/server.go:44	accept tcp [::]:8887: use of closed network connection
[go_vue_admin]2024-09-05 09:09:57.196	[31merror[0m	/Users/lihao/project/mall-pro/admin-gin/websocket/ws_handle.go:70	read tcp [::1]:8887->[::1]:52585: use of closed network connection
[go_vue_admin]2024-09-05 09:10:03.655	[31merror[0m	/Users/lihao/project/mall-pro/admin-gin/websocket/ws_handle.go:70	websocket: close 1001 (going away)
[go_vue_admin]2024-09-05 09:10:13.311	[31merror[0m	/Users/lihao/project/mall-pro/admin-gin/websocket/ws_handle.go:70	read tcp [::1]:8887->[::1]:52694: use of closed network connection
[go_vue_admin]2024-09-05 09:10:13.311	[31merror[0m	/Users/lihao/project/mall-pro/admin-gin/websocket/ws_handle.go:38	close tcp [::1]:8887->[::1]:52682: use of closed network connection
[go_vue_admin]2024-09-05 09:10:13.312	[31merror[0m	/Users/lihao/project/mall-pro/admin-gin/core/server.go:44	accept tcp [::]:8887: use of closed network connection
[go_vue_admin]2024-09-05 09:10:23.712	[31merror[0m	/Users/lihao/project/mall-pro/admin-gin/websocket/ws_handle.go:70	websocket: close 1001 (going away)
[go_vue_admin]2024-09-05 09:10:25.974	[31merror[0m	/Users/lihao/project/mall-pro/admin-gin/websocket/ws_handle.go:70	websocket: close 1001 (going away)
[go_vue_admin]2024-09-05 09:10:27.493	[31merror[0m	/Users/lihao/project/mall-pro/admin-gin/websocket/ws_handle.go:70	websocket: close 1001 (going away)
[go_vue_admin]2024-09-05 09:10:28.800	[31merror[0m	/Users/lihao/project/mall-pro/admin-gin/websocket/ws_handle.go:70	websocket: close 1001 (going away)
[go_vue_admin]2024-09-05 09:10:30.258	[31merror[0m	/Users/lihao/project/mall-pro/admin-gin/websocket/ws_handle.go:70	websocket: close 1001 (going away)
[go_vue_admin]2024-09-05 09:10:31.758	[31merror[0m	/Users/lihao/project/mall-pro/admin-gin/websocket/ws_handle.go:70	websocket: close 1001 (going away)
[go_vue_admin]2024-09-05 09:10:40.852	[31merror[0m	/Users/lihao/project/mall-pro/admin-gin/websocket/ws_handle.go:38	close tcp [::1]:8887->[::1]:52881: use of closed network connection
[go_vue_admin]2024-09-05 09:10:40.852	[31merror[0m	/Users/lihao/project/mall-pro/admin-gin/websocket/ws_handle.go:70	read tcp [::1]:8887->[::1]:52893: use of closed network connection
[go_vue_admin]2024-09-05 09:10:40.852	[31merror[0m	/Users/lihao/project/mall-pro/admin-gin/websocket/ws_handle.go:38	close tcp [::1]:8887->[::1]:52821: use of closed network connection
[go_vue_admin]2024-09-05 09:10:40.852	[31merror[0m	/Users/lihao/project/mall-pro/admin-gin/websocket/ws_handle.go:38	close tcp [::1]:8887->[::1]:52837: use of closed network connection
[go_vue_admin]2024-09-05 09:10:40.852	[31merror[0m	/Users/lihao/project/mall-pro/admin-gin/websocket/ws_handle.go:38	close tcp [::1]:8887->[::1]:52865: use of closed network connection
[go_vue_admin]2024-09-05 09:10:40.852	[31merror[0m	/Users/lihao/project/mall-pro/admin-gin/websocket/ws_handle.go:38	close tcp [::1]:8887->[::1]:52853: use of closed network connection
[go_vue_admin]2024-09-05 09:10:40.852	[31merror[0m	/Users/lihao/project/mall-pro/admin-gin/websocket/ws_handle.go:38	close tcp [::1]:8887->[::1]:52801: use of closed network connection
[go_vue_admin]2024-09-05 09:10:40.852	[31merror[0m	/Users/lihao/project/mall-pro/admin-gin/core/server.go:44	accept tcp [::]:8887: use of closed network connection
[go_vue_admin]2024-09-05 09:10:50.013	[31merror[0m	/Users/lihao/project/mall-pro/admin-gin/websocket/ws_handle.go:70	websocket: close 1001 (going away)
[go_vue_admin]2024-09-05 09:10:51.734	[31merror[0m	/Users/lihao/project/mall-pro/admin-gin/websocket/ws_handle.go:70	websocket: close 1001 (going away)
[go_vue_admin]2024-09-05 09:10:53.630	[31merror[0m	/Users/lihao/project/mall-pro/admin-gin/websocket/ws_handle.go:70	websocket: close 1001 (going away)
[go_vue_admin]2024-09-05 09:11:03.924	[31merror[0m	/Users/lihao/project/mall-pro/admin-gin/websocket/ws_handle.go:70	read tcp [::1]:8887->[::1]:53029: use of closed network connection
[go_vue_admin]2024-09-05 09:11:03.924	[31merror[0m	/Users/lihao/project/mall-pro/admin-gin/core/server.go:44	accept tcp [::]:8887: use of closed network connection
[go_vue_admin]2024-09-05 09:11:03.924	[31merror[0m	/Users/lihao/project/mall-pro/admin-gin/websocket/ws_handle.go:38	close tcp [::1]:8887->[::1]:52995: use of closed network connection
[go_vue_admin]2024-09-05 09:11:03.924	[31merror[0m	/Users/lihao/project/mall-pro/admin-gin/websocket/ws_handle.go:38	close tcp [::1]:8887->[::1]:52979: use of closed network connection
[go_vue_admin]2024-09-05 09:11:03.924	[31merror[0m	/Users/lihao/project/mall-pro/admin-gin/websocket/ws_handle.go:38	close tcp [::1]:8887->[::1]:53013: use of closed network connection
[go_vue_admin]2024-09-05 09:14:57.753	[31merror[0m	/Users/lihao/project/mall-pro/admin-gin/websocket/ws_handle.go:70	websocket: close 1001 (going away)
[go_vue_admin]2024-09-05 09:14:59.779	[31merror[0m	/Users/lihao/project/mall-pro/admin-gin/websocket/ws_handle.go:70	websocket: close 1001 (going away)
[go_vue_admin]2024-09-05 09:15:07.584	[31merror[0m	/Users/lihao/project/mall-pro/admin-gin/websocket/ws_handle.go:70	websocket: close 1001 (going away)
[go_vue_admin]2024-09-05 09:15:32.795	[31merror[0m	/Users/lihao/project/mall-pro/admin-gin/websocket/ws_handle.go:70	websocket: close 1001 (going away)
[go_vue_admin]2024-09-05 09:15:39.748	[31merror[0m	/Users/lihao/project/mall-pro/admin-gin/websocket/ws_handle.go:70	websocket: close 1001 (going away)
[go_vue_admin]2024-09-05 09:15:47.507	[31merror[0m	/Users/lihao/project/mall-pro/admin-gin/websocket/ws_handle.go:70	websocket: close 1001 (going away)
[go_vue_admin]2024-09-05 09:20:50.674	[31merror[0m	/Users/lihao/project/mall-pro/admin-gin/websocket/ws_handle.go:70	websocket: close 1001 (going away)
[go_vue_admin]2024-09-05 09:25:54.753	[31merror[0m	/Users/lihao/project/mall-pro/admin-gin/websocket/ws_handle.go:70	websocket: close 1001 (going away)
[go_vue_admin]2024-09-05 09:26:12.516	[31merror[0m	/Users/lihao/project/mall-pro/admin-gin/websocket/ws_handle.go:70	websocket: close 1001 (going away)
[go_vue_admin]2024-09-05 09:27:48.913	[31merror[0m	/Users/lihao/project/mall-pro/admin-gin/websocket/ws_handle.go:70	websocket: close 1001 (going away)
[go_vue_admin]2024-09-05 09:27:50.710	[31merror[0m	/Users/lihao/project/mall-pro/admin-gin/websocket/ws_handle.go:70	websocket: close 1001 (going away)
[go_vue_admin]2024-09-05 09:27:52.604	[31merror[0m	/Users/lihao/project/mall-pro/admin-gin/websocket/ws_handle.go:70	websocket: close 1001 (going away)
[go_vue_admin]2024-09-05 09:27:53.787	[31merror[0m	/Users/lihao/project/mall-pro/admin-gin/websocket/ws_handle.go:70	websocket: close 1001 (going away)
[go_vue_admin]2024-09-05 09:27:54.962	[31merror[0m	/Users/lihao/project/mall-pro/admin-gin/websocket/ws_handle.go:70	websocket: close 1001 (going away)
[go_vue_admin]2024-09-05 09:27:56.060	[31merror[0m	/Users/lihao/project/mall-pro/admin-gin/websocket/ws_handle.go:70	websocket: close 1001 (going away)
[go_vue_admin]2024-09-05 09:28:24.313	[31merror[0m	/Users/lihao/project/mall-pro/admin-gin/websocket/ws_handle.go:70	websocket: close 1001 (going away)
[go_vue_admin]2024-09-05 09:28:52.727	[31merror[0m	/Users/lihao/project/mall-pro/admin-gin/websocket/ws_handle.go:70	websocket: close 1001 (going away)
[go_vue_admin]2024-09-05 09:29:26.982	[31merror[0m	/Users/lihao/project/mall-pro/admin-gin/websocket/ws_handle.go:70	websocket: close 1001 (going away)
[go_vue_admin]2024-09-05 09:29:45.396	[31merror[0m	/Users/lihao/project/mall-pro/admin-gin/websocket/ws_handle.go:70	websocket: close 1001 (going away)
[go_vue_admin]2024-09-05 09:30:25.154	[31merror[0m	/Users/lihao/project/mall-pro/admin-gin/websocket/ws_handle.go:70	websocket: close 1001 (going away)
[go_vue_admin]2024-09-05 09:30:29.766	[31merror[0m	/Users/lihao/project/mall-pro/admin-gin/websocket/ws_handle.go:70	websocket: close 1001 (going away)
[go_vue_admin]2024-09-05 09:43:03.781	[31merror[0m	/Users/lihao/project/mall-pro/admin-gin/websocket/ws_handle.go:70	websocket: close 1006 (abnormal closure): unexpected EOF
[go_vue_admin]2024-09-05 10:25:32.790	[31merror[0m	/Users/lihao/project/mall-pro/admin-gin/websocket/ws_handle.go:70	websocket: close 1001 (going away)
[go_vue_admin]2024-09-05 10:25:41.948	[31merror[0m	/Users/lihao/project/mall-pro/admin-gin/websocket/ws_handle.go:70	websocket: close 1001 (going away)
[go_vue_admin]2024-09-05 10:25:45.962	[31merror[0m	/Users/lihao/project/mall-pro/admin-gin/service/product/pro_goods.go:339	invalid connection
[go_vue_admin]2024-09-05 10:25:50.200	[31merror[0m	/Users/lihao/project/mall-pro/admin-gin/websocket/ws_handle.go:70	websocket: close 1001 (going away)
[go_vue_admin]2024-09-05 10:25:58.309	[31merror[0m	/Users/lihao/project/mall-pro/admin-gin/api/v1/system/sys_menu.go:29	èŽ·å–å¤±è´¥!	{"error": "invalid connection"}
[go_vue_admin]2024-09-05 10:26:07.999	[31merror[0m	/Users/lihao/project/mall-pro/admin-gin/api/v1/system/sys_menu.go:29	èŽ·å–å¤±è´¥!	{"error": "invalid connection"}
[go_vue_admin]2024-09-05 10:29:51.501	[31merror[0m	/Users/lihao/project/mall-pro/admin-gin/websocket/ws_handle.go:38	close tcp [::1]:8887->[::1]:57536: use of closed network connection
[go_vue_admin]2024-09-05 10:29:51.502	[31merror[0m	/Users/lihao/project/mall-pro/admin-gin/websocket/ws_handle.go:38	close tcp [::1]:8887->[::1]:61396: use of closed network connection
[go_vue_admin]2024-09-05 10:29:51.502	[31merror[0m	/Users/lihao/project/mall-pro/admin-gin/websocket/ws_handle.go:38	close tcp [::1]:8887->[::1]:57845: use of closed network connection
[go_vue_admin]2024-09-05 10:29:51.502	[31merror[0m	/Users/lihao/project/mall-pro/admin-gin/websocket/ws_handle.go:38	close tcp [::1]:8887->[::1]:58303: use of closed network connection
[go_vue_admin]2024-09-05 10:29:51.502	[31merror[0m	/Users/lihao/project/mall-pro/admin-gin/websocket/ws_handle.go:38	close tcp [::1]:8887->[::1]:54064: use of closed network connection
[go_vue_admin]2024-09-05 10:29:51.502	[31merror[0m	/Users/lihao/project/mall-pro/admin-gin/websocket/ws_handle.go:38	close tcp [::1]:8887->[::1]:54111: use of closed network connection
[go_vue_admin]2024-09-05 10:29:51.502	[31merror[0m	/Users/lihao/project/mall-pro/admin-gin/websocket/ws_handle.go:38	close tcp [::1]:8887->[::1]:61658: use of closed network connection
[go_vue_admin]2024-09-05 10:29:51.502	[31merror[0m	/Users/lihao/project/mall-pro/admin-gin/websocket/ws_handle.go:38	close tcp [::1]:8887->[::1]:54317: use of closed network connection
[go_vue_admin]2024-09-05 10:29:51.502	[31merror[0m	/Users/lihao/project/mall-pro/admin-gin/websocket/ws_handle.go:38	close tcp [::1]:8887->[::1]:55587: use of closed network connection
[go_vue_admin]2024-09-05 10:29:51.502	[31merror[0m	/Users/lihao/project/mall-pro/admin-gin/websocket/ws_handle.go:38	close tcp [::1]:8887->[::1]:57492: use of closed network connection
[go_vue_admin]2024-09-05 10:29:51.502	[31merror[0m	/Users/lihao/project/mall-pro/admin-gin/websocket/ws_handle.go:70	read tcp [::1]:8887->[::1]:61700: use of closed network connection
[go_vue_admin]2024-09-05 10:29:51.502	[31merror[0m	/Users/lihao/project/mall-pro/admin-gin/websocket/ws_handle.go:38	close tcp [::1]:8887->[::1]:54048: use of closed network connection
[go_vue_admin]2024-09-05 10:29:51.502	[31merror[0m	/Users/lihao/project/mall-pro/admin-gin/websocket/ws_handle.go:38	close tcp [::1]:8887->[::1]:58103: use of closed network connection
[go_vue_admin]2024-09-05 10:29:51.503	[31merror[0m	/Users/lihao/project/mall-pro/admin-gin/websocket/ws_handle.go:38	close tcp [::1]:8887->[::1]:56918: use of closed network connection
[go_vue_admin]2024-09-05 10:29:51.503	[31merror[0m	/Users/lihao/project/mall-pro/admin-gin/websocket/ws_handle.go:38	close tcp [::1]:8887->[::1]:57672: use of closed network connection
[go_vue_admin]2024-09-05 10:29:51.503	[31merror[0m	/Users/lihao/project/mall-pro/admin-gin/websocket/ws_handle.go:38	close tcp [::1]:8887->[::1]:58013: use of closed network connection
[go_vue_admin]2024-09-05 10:29:51.503	[31merror[0m	/Users/lihao/project/mall-pro/admin-gin/websocket/ws_handle.go:38	close tcp [::1]:8887->[::1]:58273: use of closed network connection
[go_vue_admin]2024-09-05 10:29:51.507	[31merror[0m	/Users/lihao/project/mall-pro/admin-gin/core/server.go:44	accept tcp [::]:8887: use of closed network connection
[go_vue_admin]2024-09-05 10:29:51.504	[31merror[0m	/Users/lihao/project/mall-pro/admin-gin/websocket/ws_handle.go:70	read tcp [::1]:8887->[::1]:61400: use of closed network connection
[go_vue_admin]2024-09-05 10:29:51.504	[31merror[0m	/Users/lihao/project/mall-pro/admin-gin/websocket/ws_handle.go:38	close tcp [::1]:8887->[::1]:61611: use of closed network connection
[go_vue_admin]2024-09-05 10:29:51.504	[31merror[0m	/Users/lihao/project/mall-pro/admin-gin/websocket/ws_handle.go:38	close tcp [::1]:8887->[::1]:57041: use of closed network connection
[go_vue_admin]2024-09-05 13:39:18.662	[31merror[0m	/Users/lihao/project/mall-pro/admin-gin/websocket/ws_handle.go:70	websocket: close 1001 (going away)
[go_vue_admin]2024-09-05 13:51:53.270	[31merror[0m	/Users/lihao/project/mall-pro/admin-gin/websocket/ws_handle.go:70	websocket: close 1001 (going away)
[go_vue_admin]2024-09-05 13:59:04.624	[31merror[0m	/Users/lihao/project/mall-pro/admin-gin/websocket/ws_handle.go:70	websocket: close 1001 (going away)
[go_vue_admin]2024-09-05 13:59:59.484	[31merror[0m	/Users/lihao/project/mall-pro/admin-gin/websocket/ws_handle.go:70	websocket: close 1001 (going away)
[go_vue_admin]2024-09-05 14:02:17.492	[31merror[0m	/Users/lihao/project/mall-pro/admin-gin/websocket/ws_handle.go:70	websocket: close 1001 (going away)
[go_vue_admin]2024-09-05 14:04:58.673	[31merror[0m	/Users/lihao/project/mall-pro/admin-gin/websocket/ws_handle.go:70	websocket: close 1001 (going away)
[go_vue_admin]2024-09-05 14:06:21.159	[31merror[0m	/Users/lihao/project/mall-pro/admin-gin/websocket/ws_handle.go:70	websocket: close 1001 (going away)
[go_vue_admin]2024-09-05 14:07:04.249	[31merror[0m	/Users/lihao/project/mall-pro/admin-gin/websocket/ws_handle.go:70	websocket: close 1001 (going away)
[go_vue_admin]2024-09-05 14:08:28.938	[31merror[0m	/Users/lihao/project/mall-pro/admin-gin/websocket/ws_handle.go:70	websocket: close 1001 (going away)
[go_vue_admin]2024-09-05 14:09:05.497	[31merror[0m	/Users/lihao/project/mall-pro/admin-gin/websocket/ws_handle.go:70	websocket: close 1001 (going away)
[go_vue_admin]2024-09-05 14:10:06.509	[31merror[0m	/Users/lihao/project/mall-pro/admin-gin/websocket/ws_handle.go:70	websocket: close 1001 (going away)
[go_vue_admin]2024-09-05 14:26:29.381	[31merror[0m	/Users/lihao/project/mall-pro/admin-gin/websocket/ws_handle.go:70	websocket: close 1001 (going away)
[go_vue_admin]2024-09-05 14:27:00.458	[31merror[0m	/Users/lihao/project/mall-pro/admin-gin/websocket/ws_handle.go:70	websocket: close 1001 (going away)
[go_vue_admin]2024-09-05 14:28:27.054	[31merror[0m	/Users/lihao/project/mall-pro/admin-gin/websocket/ws_handle.go:70	websocket: close 1001 (going away)
[go_vue_admin]2024-09-05 14:28:54.207	[31merror[0m	/Users/lihao/project/mall-pro/admin-gin/websocket/ws_handle.go:70	websocket: close 1001 (going away)
[go_vue_admin]2024-09-05 14:29:05.974	[31merror[0m	/Users/lihao/project/mall-pro/admin-gin/websocket/ws_handle.go:70	websocket: close 1001 (going away)
[go_vue_admin]2024-09-05 14:35:51.134	[31merror[0m	/Users/lihao/project/mall-pro/admin-gin/websocket/ws_handle.go:70	websocket: close 1001 (going away)
[go_vue_admin]2024-09-05 15:01:34.544	[31merror[0m	/Users/lihao/project/mall-pro/admin-gin/websocket/ws_handle.go:70	websocket: close 1001 (going away)
[go_vue_admin]2024-09-05 15:11:39.925	[31merror[0m	/Users/lihao/project/mall-pro/admin-gin/websocket/ws_handle.go:70	websocket: close 1001 (going away)
[go_vue_admin]2024-09-05 15:19:40.768	[31merror[0m	/Users/lihao/project/mall-pro/admin-gin/websocket/ws_handle.go:70	websocket: close 1001 (going away)
[go_vue_admin]2024-09-05 15:56:38.460	[31merror[0m	/Users/lihao/project/mall-pro/admin-gin/websocket/ws_handle.go:70	websocket: close 1006 (abnormal closure): unexpected EOF
[go_vue_admin]2024-09-05 15:56:38.461	[31merror[0m	/Users/lihao/project/mall-pro/admin-gin/websocket/ws_handle.go:70	websocket: close 1006 (abnormal closure): unexpected EOF
[go_vue_admin]2024-09-05 16:22:20.862	[31merror[0m	/Users/lihao/project/mall-pro/admin-gin/websocket/ws_handle.go:70	websocket: close 1006 (abnormal closure): unexpected EOF
[go_vue_admin]2024-09-05 16:22:20.862	[31merror[0m	/Users/lihao/project/mall-pro/admin-gin/websocket/ws_handle.go:70	websocket: close 1006 (abnormal closure): unexpected EOF
[go_vue_admin]2024-09-05 16:23:17.609	[31merror[0m	/Users/lihao/project/mall-pro/admin-gin/api/v1/system/sys_menu.go:29	èŽ·å–å¤±è´¥!	{"error": "invalid connection"}
[go_vue_admin]2024-09-05 16:23:37.093	[31merror[0m	/Users/lihao/project/mall-pro/admin-gin/api/v1/system/sys_menu.go:29	èŽ·å–å¤±è´¥!	{"error": "invalid connection"}
[go_vue_admin]2024-09-05 16:24:04.534	[31merror[0m	/Users/lihao/project/mall-pro/admin-gin/websocket/ws_handle.go:70	websocket: close 1001 (going away)
[go_vue_admin]2024-09-05 17:18:16.224	[31merror[0m	/Users/lihao/project/mall-pro/admin-gin/websocket/ws_handle.go:70	websocket: close 1006 (abnormal closure): unexpected EOF
[go_vue_admin]2024-09-05 17:18:16.227	[31merror[0m	/Users/lihao/project/mall-pro/admin-gin/websocket/ws_handle.go:70	websocket: close 1006 (abnormal closure): unexpected EOF
[go_vue_admin]2024-09-05 23:02:06.761	[31merror[0m	/Users/lihao/project/mall-pro/admin-gin/websocket/ws_handle.go:70	websocket: close 1006 (abnormal closure): unexpected EOF
[go_vue_admin]2024-09-05 23:02:06.764	[31merror[0m	/Users/lihao/project/mall-pro/admin-gin/websocket/ws_handle.go:70	websocket: close 1006 (abnormal closure): unexpected EOF
[go_vue_admin]2024-09-05 23:02:51.184	[31merror[0m	/Users/lihao/project/mall-pro/admin-gin/websocket/ws_handle.go:70	websocket: close 1001 (going away)
[go_vue_admin]2024-09-05 23:20:44.081	[31merror[0m	/Users/lihao/project/mall-pro/admin-gin/websocket/ws_handle.go:70	websocket: close 1001 (going away)
[go_vue_admin]2024-09-05 23:22:14.885	[31merror[0m	/Users/lihao/project/mall-pro/admin-gin/websocket/ws_handle.go:70	websocket: close 1001 (going away)
[go_vue_admin]2024-09-05 23:44:07.097	[31merror[0m	/Users/lihao/project/mall-pro/admin-gin/websocket/ws_handle.go:70	websocket: close 1001 (going away)
[go_vue_admin]2024-09-05 23:44:19.615	[31merror[0m	/Users/lihao/project/mall-pro/admin-gin/websocket/ws_handle.go:70	websocket: close 1001 (going away)
[go_vue_admin]2024-09-05 23:44:39.544	[31merror[0m	/Users/lihao/project/mall-pro/admin-gin/websocket/ws_handle.go:38	close tcp [::1]:8887->[::1]:49449: use of closed network connection
[go_vue_admin]2024-09-05 23:44:39.545	[31merror[0m	/Users/lihao/project/mall-pro/admin-gin/websocket/ws_handle.go:38	close tcp [::1]:8887->[::1]:57540: use of closed network connection
[go_vue_admin]2024-09-05 23:44:39.545	[31merror[0m	/Users/lihao/project/mall-pro/admin-gin/websocket/ws_handle.go:38	close tcp [::1]:8887->[::1]:64575: use of closed network connection
[go_vue_admin]2024-09-05 23:44:39.545	[31merror[0m	/Users/lihao/project/mall-pro/admin-gin/websocket/ws_handle.go:38	close tcp [::1]:8887->[::1]:65212: use of closed network connection
[go_vue_admin]2024-09-05 23:44:39.545	[31merror[0m	/Users/lihao/project/mall-pro/admin-gin/websocket/ws_handle.go:38	close tcp [::1]:8887->[::1]:54802: use of closed network connection
[go_vue_admin]2024-09-05 23:44:39.545	[31merror[0m	/Users/lihao/project/mall-pro/admin-gin/websocket/ws_handle.go:38	close tcp [::1]:8887->[::1]:59076: use of closed network connection
[go_vue_admin]2024-09-05 23:44:39.545	[31merror[0m	/Users/lihao/project/mall-pro/admin-gin/websocket/ws_handle.go:38	close tcp [::1]:8887->[::1]:59435: use of closed network connection
[go_vue_admin]2024-09-05 23:44:39.545	[31merror[0m	/Users/lihao/project/mall-pro/admin-gin/websocket/ws_handle.go:38	close tcp [::1]:8887->[::1]:60152: use of closed network connection
[go_vue_admin]2024-09-05 23:44:39.545	[31merror[0m	/Users/lihao/project/mall-pro/admin-gin/websocket/ws_handle.go:38	close tcp [::1]:8887->[::1]:59807: use of closed network connection
[go_vue_admin]2024-09-05 23:44:39.545	[31merror[0m	/Users/lihao/project/mall-pro/admin-gin/websocket/ws_handle.go:38	close tcp [::1]:8887->[::1]:51589: use of closed network connection
[go_vue_admin]2024-09-05 23:44:39.545	[31merror[0m	/Users/lihao/project/mall-pro/admin-gin/websocket/ws_handle.go:38	close tcp [::1]:8887->[::1]:58368: use of closed network connection
[go_vue_admin]2024-09-05 23:44:39.575	[31merror[0m	/Users/lihao/project/mall-pro/admin-gin/core/server.go:44	accept tcp [::]:8887: use of closed network connection
[go_vue_admin]2024-09-05 23:44:39.546	[31merror[0m	/Users/lihao/project/mall-pro/admin-gin/websocket/ws_handle.go:38	close tcp [::1]:8887->[::1]:50616: use of closed network connection
[go_vue_admin]2024-09-05 23:44:39.546	[31merror[0m	/Users/lihao/project/mall-pro/admin-gin/websocket/ws_handle.go:38	close tcp [::1]:8887->[::1]:55098: use of closed network connection
[go_vue_admin]2024-09-05 23:44:39.546	[31merror[0m	/Users/lihao/project/mall-pro/admin-gin/websocket/ws_handle.go:38	close tcp [::1]:8887->[::1]:60396: use of closed network connection
