[go_vue_admin]2024-07-25 14:42:23.103	[34minfo[0m	/Users/lihao/project/mall-pro/admin-gin/websocket/ws_handle.go:48	websocket è¿æ¥æˆåŠŸ
[go_vue_admin]2024-07-25 14:42:24.853	[34minfo[0m	/Users/lihao/project/mall-pro/admin-gin/websocket/ws_handle.go:48	websocket è¿æ¥æˆåŠŸ
[go_vue_admin]2024-07-25 14:42:30.064	[34minfo[0m	/Users/lihao/project/mall-pro/admin-gin/websocket/ws_handle.go:48	websocket è¿æ¥æˆåŠŸ
[go_vue_admin]2024-07-25 14:42:30.864	[34minfo[0m	/Users/lihao/project/mall-pro/admin-gin/websocket/ws_handle.go:48	websocket è¿æ¥æˆåŠŸ
[go_vue_admin]2024-07-25 14:58:32.103	[34minfo[0m	/Users/lihao/project/mall-pro/admin-gin/websocket/ws_handle.go:48	websocket è¿æ¥æˆåŠŸ
[go_vue_admin]2024-07-25 18:06:22.560	[34minfo[0m	/Users/lihao/project/mall-pro/admin-gin/websocket/ws_handle.go:48	websocket è¿æ¥æˆåŠŸ
[go_vue_admin]2024-07-25 18:11:29.637	[34minfo[0m	/Users/lihao/project/mall-pro/admin-gin/websocket/ws_handle.go:48	websocket è¿æ¥æˆåŠŸ
[go_vue_admin]2024-07-25 18:24:16.145	[34minfo[0m	/Users/lihao/project/mall-pro/admin-gin/websocket/ws_handle.go:48	websocket è¿æ¥æˆåŠŸ
[go_vue_admin]2024-07-25 18:25:03.028	[34minfo[0m	/Users/lihao/project/mall-pro/admin-gin/websocket/ws_handle.go:48	websocket è¿æ¥æˆåŠŸ
[go_vue_admin]2024-07-25 18:26:06.562	[34minfo[0m	/Users/lihao/project/mall-pro/admin-gin/websocket/ws_handle.go:48	websocket è¿æ¥æˆåŠŸ
[go_vue_admin]2024-07-25 18:26:13.401	[34minfo[0m	/Users/lihao/project/mall-pro/admin-gin/websocket/ws_handle.go:48	websocket è¿æ¥æˆåŠŸ
[go_vue_admin]2024-07-25 18:26:58.710	[34minfo[0m	/Users/lihao/project/mall-pro/admin-gin/websocket/ws_handle.go:48	websocket è¿æ¥æˆåŠŸ
[go_vue_admin]2024-07-25 18:28:18.299	[34minfo[0m	/Users/lihao/project/mall-pro/admin-gin/websocket/ws_handle.go:48	websocket è¿æ¥æˆåŠŸ
[go_vue_admin]2024-07-25 18:28:44.450	[34minfo[0m	/Users/lihao/project/mall-pro/admin-gin/websocket/ws_handle.go:48	websocket è¿æ¥æˆåŠŸ
[go_vue_admin]2024-07-25 18:29:45.644	[34minfo[0m	/Users/lihao/project/mall-pro/admin-gin/websocket/ws_handle.go:48	websocket è¿æ¥æˆåŠŸ
[go_vue_admin]2024-07-25 18:30:13.334	[34minfo[0m	/Users/lihao/project/mall-pro/admin-gin/websocket/ws_handle.go:48	websocket è¿æ¥æˆåŠŸ
[go_vue_admin]2024-07-25 18:31:02.568	[34minfo[0m	/Users/lihao/project/mall-pro/admin-gin/websocket/ws_handle.go:48	websocket è¿æ¥æˆåŠŸ
[go_vue_admin]2024-07-25 18:31:15.116	[34minfo[0m	/Users/lihao/project/mall-pro/admin-gin/websocket/ws_handle.go:48	websocket è¿æ¥æˆåŠŸ
[go_vue_admin]2024-07-25 18:31:29.398	[34minfo[0m	/Users/lihao/project/mall-pro/admin-gin/websocket/ws_handle.go:48	websocket è¿æ¥æˆåŠŸ
[go_vue_admin]2024-07-25 18:31:57.652	[34minfo[0m	/Users/lihao/project/mall-pro/admin-gin/websocket/ws_handle.go:48	websocket è¿æ¥æˆåŠŸ
[go_vue_admin]2024-07-25 18:32:39.698	[34minfo[0m	/Users/lihao/project/mall-pro/admin-gin/websocket/ws_handle.go:48	websocket è¿æ¥æˆåŠŸ
[go_vue_admin]2024-07-25 18:33:54.124	[34minfo[0m	/Users/lihao/project/mall-pro/admin-gin/websocket/ws_handle.go:48	websocket è¿æ¥æˆåŠŸ
[go_vue_admin]2024-07-25 18:34:08.790	[34minfo[0m	/Users/lihao/project/mall-pro/admin-gin/websocket/ws_handle.go:48	websocket è¿æ¥æˆåŠŸ
[go_vue_admin]2024-07-25 18:35:04.148	[34minfo[0m	/Users/lihao/project/mall-pro/admin-gin/websocket/ws_handle.go:48	websocket è¿æ¥æˆåŠŸ
[go_vue_admin]2024-07-25 18:36:19.150	[34minfo[0m	/Users/lihao/project/mall-pro/admin-gin/websocket/ws_handle.go:48	websocket è¿æ¥æˆåŠŸ
[go_vue_admin]2024-07-25 18:36:46.691	[34minfo[0m	/Users/lihao/project/mall-pro/admin-gin/websocket/ws_handle.go:48	websocket è¿æ¥æˆåŠŸ
[go_vue_admin]2024-07-25 18:37:13.037	[34minfo[0m	/Users/lihao/project/mall-pro/admin-gin/websocket/ws_handle.go:48	websocket è¿æ¥æˆåŠŸ
[go_vue_admin]2024-07-25 18:37:42.433	[34minfo[0m	/Users/lihao/project/mall-pro/admin-gin/websocket/ws_handle.go:48	websocket è¿æ¥æˆåŠŸ
[go_vue_admin]2024-07-25 18:37:53.452	[34minfo[0m	/Users/lihao/project/mall-pro/admin-gin/websocket/ws_handle.go:48	websocket è¿æ¥æˆåŠŸ
[go_vue_admin]2024-07-25 18:38:13.481	[34minfo[0m	/Users/lihao/project/mall-pro/admin-gin/websocket/ws_handle.go:48	websocket è¿æ¥æˆåŠŸ
[go_vue_admin]2024-07-25 18:39:28.468	[34minfo[0m	/Users/lihao/project/mall-pro/admin-gin/websocket/ws_handle.go:48	websocket è¿æ¥æˆåŠŸ
[go_vue_admin]2024-07-25 18:39:39.772	[34minfo[0m	/Users/lihao/project/mall-pro/admin-gin/websocket/ws_handle.go:48	websocket è¿æ¥æˆåŠŸ
[go_vue_admin]2024-07-25 18:39:51.566	[34minfo[0m	/Users/lihao/project/mall-pro/admin-gin/websocket/ws_handle.go:48	websocket è¿æ¥æˆåŠŸ
[go_vue_admin]2024-07-25 18:40:15.820	[34minfo[0m	/Users/lihao/project/mall-pro/admin-gin/websocket/ws_handle.go:48	websocket è¿æ¥æˆåŠŸ
[go_vue_admin]2024-07-25 18:40:38.539	[34minfo[0m	/Users/lihao/project/mall-pro/admin-gin/websocket/ws_handle.go:48	websocket è¿æ¥æˆåŠŸ
[go_vue_admin]2024-07-25 18:41:37.042	[34minfo[0m	/Users/lihao/project/mall-pro/admin-gin/websocket/ws_handle.go:48	websocket è¿æ¥æˆåŠŸ
[go_vue_admin]2024-07-25 18:42:14.778	[34minfo[0m	/Users/lihao/project/mall-pro/admin-gin/websocket/ws_handle.go:48	websocket è¿æ¥æˆåŠŸ
[go_vue_admin]2024-07-25 18:42:30.578	[34minfo[0m	/Users/lihao/project/mall-pro/admin-gin/websocket/ws_handle.go:48	websocket è¿æ¥æˆåŠŸ
[go_vue_admin]2024-07-25 18:43:52.819	[34minfo[0m	/Users/lihao/project/mall-pro/admin-gin/websocket/ws_handle.go:48	websocket è¿æ¥æˆåŠŸ
[go_vue_admin]2024-07-25 18:44:08.106	[34minfo[0m	/Users/lihao/project/mall-pro/admin-gin/websocket/ws_handle.go:48	websocket è¿æ¥æˆåŠŸ
[go_vue_admin]2024-07-25 18:45:00.559	[34minfo[0m	/Users/lihao/project/mall-pro/admin-gin/websocket/ws_handle.go:48	websocket è¿æ¥æˆåŠŸ
[go_vue_admin]2024-07-25 18:53:04.595	[34minfo[0m	/Users/lihao/project/mall-pro/admin-gin/websocket/ws_handle.go:48	websocket è¿æ¥æˆåŠŸ
[go_vue_admin]2024-07-25 18:54:01.477	[34minfo[0m	/Users/lihao/project/mall-pro/admin-gin/websocket/ws_handle.go:48	websocket è¿æ¥æˆåŠŸ
[go_vue_admin]2024-07-25 18:54:01.488	[34minfo[0m	/Users/lihao/project/mall-pro/admin-gin/websocket/ws_handle.go:48	websocket è¿æ¥æˆåŠŸ
[go_vue_admin]2024-07-25 18:54:11.679	[34minfo[0m	/Users/lihao/project/mall-pro/admin-gin/websocket/ws_handle.go:48	websocket è¿æ¥æˆåŠŸ
[go_vue_admin]2024-07-25 18:55:17.365	[34minfo[0m	/Users/lihao/project/mall-pro/admin-gin/websocket/ws_handle.go:48	websocket è¿æ¥æˆåŠŸ
[go_vue_admin]2024-07-25 18:55:31.463	[34minfo[0m	/Users/lihao/project/mall-pro/admin-gin/websocket/ws_handle.go:48	websocket è¿æ¥æˆåŠŸ
[go_vue_admin]2024-07-25 18:57:15.348	[34minfo[0m	/Users/lihao/project/mall-pro/admin-gin/websocket/ws_handle.go:48	websocket è¿æ¥æˆåŠŸ
[go_vue_admin]2024-07-25 18:57:15.360	[34minfo[0m	/Users/lihao/project/mall-pro/admin-gin/websocket/ws_handle.go:48	websocket è¿æ¥æˆåŠŸ
[go_vue_admin]2024-07-25 18:58:31.275	[34minfo[0m	/Users/lihao/project/mall-pro/admin-gin/websocket/ws_handle.go:48	websocket è¿æ¥æˆåŠŸ
[go_vue_admin]2024-07-25 18:58:47.086	[34minfo[0m	/Users/lihao/project/mall-pro/admin-gin/websocket/ws_handle.go:48	websocket è¿æ¥æˆåŠŸ
[go_vue_admin]2024-07-25 18:59:29.358	[34minfo[0m	/Users/lihao/project/mall-pro/admin-gin/websocket/ws_handle.go:48	websocket è¿æ¥æˆåŠŸ
[go_vue_admin]2024-07-25 18:59:34.206	[34minfo[0m	/Users/lihao/project/mall-pro/admin-gin/websocket/ws_handle.go:48	websocket è¿æ¥æˆåŠŸ
[go_vue_admin]2024-07-25 21:58:40.873	[34minfo[0m	/Users/lihao/project/mall-pro/admin-gin/websocket/ws_handle.go:48	websocket è¿æ¥æˆåŠŸ
[go_vue_admin]2024-07-25 21:58:41.286	[34minfo[0m	/Users/lihao/project/mall-pro/admin-gin/websocket/ws_handle.go:48	websocket è¿æ¥æˆåŠŸ
[go_vue_admin]2024-07-25 22:01:52.358	[34minfo[0m	/Users/lihao/project/mall-pro/admin-gin/websocket/ws_handle.go:48	websocket è¿æ¥æˆåŠŸ
[go_vue_admin]2024-07-25 22:03:05.894	[34minfo[0m	/Users/lihao/project/mall-pro/admin-gin/websocket/ws_handle.go:48	websocket è¿æ¥æˆåŠŸ
[go_vue_admin]2024-07-25 22:18:47.049	[34minfo[0m	/Users/lihao/project/mall-pro/admin-gin/websocket/ws_handle.go:48	websocket è¿æ¥æˆåŠŸ
[go_vue_admin]2024-07-25 22:18:48.774	[34minfo[0m	/Users/lihao/project/mall-pro/admin-gin/websocket/ws_handle.go:48	websocket è¿æ¥æˆåŠŸ
[go_vue_admin]2024-07-25 22:18:50.392	[34minfo[0m	/Users/lihao/project/mall-pro/admin-gin/websocket/ws_handle.go:48	websocket è¿æ¥æˆåŠŸ
[go_vue_admin]2024-07-25 22:18:58.114	[34minfo[0m	/Users/lihao/project/mall-pro/admin-gin/websocket/ws_handle.go:48	websocket è¿æ¥æˆåŠŸ
[go_vue_admin]2024-07-25 22:19:28.393	[34minfo[0m	/Users/lihao/project/mall-pro/admin-gin/websocket/ws_handle.go:48	websocket è¿æ¥æˆåŠŸ
[go_vue_admin]2024-07-25 22:34:47.066	[34minfo[0m	/Users/lihao/project/mall-pro/admin-gin/websocket/ws_handle.go:48	websocket è¿æ¥æˆåŠŸ
[go_vue_admin]2024-07-25 23:11:01.300	[34minfo[0m	/Users/lihao/project/mall-pro/admin-gin/websocket/ws_handle.go:48	websocket è¿æ¥æˆåŠŸ
[go_vue_admin]2024-07-25 23:11:01.909	[34minfo[0m	/Users/lihao/project/mall-pro/admin-gin/websocket/ws_handle.go:48	websocket è¿æ¥æˆåŠŸ
[go_vue_admin]2024-07-25 23:11:05.485	[34minfo[0m	/Users/lihao/project/mall-pro/admin-gin/websocket/ws_handle.go:48	websocket è¿æ¥æˆåŠŸ
[go_vue_admin]2024-07-25 23:11:43.861	[34minfo[0m	/Users/lihao/project/mall-pro/admin-gin/websocket/ws_handle.go:48	websocket è¿æ¥æˆåŠŸ
[go_vue_admin]2024-07-25 23:11:54.889	[34minfo[0m	/Users/lihao/project/mall-pro/admin-gin/websocket/ws_handle.go:48	websocket è¿æ¥æˆåŠŸ
[go_vue_admin]2024-07-25 23:11:55.820	[34minfo[0m	/Users/lihao/project/mall-pro/admin-gin/websocket/ws_handle.go:48	websocket è¿æ¥æˆåŠŸ
[go_vue_admin]2024-07-25 23:11:57.709	[34minfo[0m	/Users/lihao/project/mall-pro/admin-gin/websocket/internal/action/simulate_action.go:37	grab_lock is exist
[go_vue_admin]2024-07-25 23:12:02.056	[34minfo[0m	/Users/lihao/project/mall-pro/admin-gin/websocket/internal/action/simulate_action.go:37	grab_lock is exist
[go_vue_admin]2024-07-25 23:12:08.308	[34minfo[0m	/Users/lihao/project/mall-pro/admin-gin/websocket/internal/action/simulate_action.go:37	grab_lock is exist
[go_vue_admin]2024-07-25 23:12:09.402	[34minfo[0m	/Users/lihao/project/mall-pro/admin-gin/websocket/internal/action/simulate_action.go:37	grab_lock is exist
[go_vue_admin]2024-07-25 23:12:09.633	[34minfo[0m	/Users/lihao/project/mall-pro/admin-gin/websocket/internal/action/simulate_action.go:37	grab_lock is exist
[go_vue_admin]2024-07-25 23:25:12.758	[34minfo[0m	/Users/lihao/project/mall-pro/admin-gin/websocket/ws_handle.go:48	websocket è¿æ¥æˆåŠŸ
[go_vue_admin]2024-07-25 23:25:20.879	[34minfo[0m	/Users/lihao/project/mall-pro/admin-gin/service/product/goods_grab/pro_goods_grab.go:169	æ£åˆ¶å“é‡‡é›†å®Œæˆï¼
[go_vue_admin]2024-07-25 23:25:20.962	[34minfo[0m	/Users/lihao/project/mall-pro/admin-gin/websocket/internal/action/grab_action.go:43	grab_lock å·²å­˜åœ¨
[go_vue_admin]2024-07-25 23:25:22.098	[34minfo[0m	/Users/lihao/project/mall-pro/admin-gin/websocket/internal/action/grab_action.go:43	grab_lock å·²å­˜åœ¨
[go_vue_admin]2024-07-25 23:25:38.805	[34minfo[0m	/Users/lihao/project/mall-pro/admin-gin/websocket/ws_handle.go:48	websocket è¿æ¥æˆåŠŸ
[go_vue_admin]2024-07-25 23:25:43.859	[34minfo[0m	/Users/lihao/project/mall-pro/admin-gin/websocket/internal/action/grab_action.go:43	grab_lock å·²å­˜åœ¨
[go_vue_admin]2024-07-25 23:25:45.273	[34minfo[0m	/Users/lihao/project/mall-pro/admin-gin/websocket/internal/action/grab_action.go:43	grab_lock å·²å­˜åœ¨
[go_vue_admin]2024-07-25 23:25:46.445	[34minfo[0m	/Users/lihao/project/mall-pro/admin-gin/websocket/internal/action/grab_action.go:43	grab_lock å·²å­˜åœ¨
[go_vue_admin]2024-07-25 23:25:50.862	[34minfo[0m	/Users/lihao/project/mall-pro/admin-gin/websocket/internal/action/grab_action.go:43	grab_lock å·²å­˜åœ¨
[go_vue_admin]2024-07-25 23:25:52.618	[34minfo[0m	/Users/lihao/project/mall-pro/admin-gin/websocket/internal/action/grab_action.go:43	grab_lock å·²å­˜åœ¨
[go_vue_admin]2024-07-25 23:26:47.517	[34minfo[0m	/Users/lihao/project/mall-pro/admin-gin/websocket/ws_handle.go:48	websocket è¿æ¥æˆåŠŸ
[go_vue_admin]2024-07-25 23:26:50.402	[34minfo[0m	/Users/lihao/project/mall-pro/admin-gin/websocket/internal/action/grab_action.go:42	grab_lock is exist
[go_vue_admin]2024-07-25 23:26:51.001	[34minfo[0m	/Users/lihao/project/mall-pro/admin-gin/service/product/goods_grab/pro_goods_grab.go:169	æ£åˆ¶å“é‡‡é›†å®Œæˆï¼
[go_vue_admin]2024-07-25 23:26:51.550	[34minfo[0m	/Users/lihao/project/mall-pro/admin-gin/websocket/internal/action/grab_action.go:42	grab_lock is exist
[go_vue_admin]2024-07-25 23:26:53.626	[34minfo[0m	/Users/lihao/project/mall-pro/admin-gin/websocket/internal/action/grab_action.go:42	grab_lock is exist
[go_vue_admin]2024-07-25 23:26:55.697	[34minfo[0m	/Users/lihao/project/mall-pro/admin-gin/websocket/internal/action/grab_action.go:42	grab_lock is exist
[go_vue_admin]2024-07-25 23:27:22.058	[34minfo[0m	/Users/lihao/project/mall-pro/admin-gin/service/product/goods_grab/pro_goods_grab.go:169	æ£åˆ¶å“é‡‡é›†å®Œæˆï¼
[go_vue_admin]2024-07-25 23:27:58.433	[34minfo[0m	/Users/lihao/project/mall-pro/admin-gin/websocket/ws_handle.go:48	websocket è¿æ¥æˆåŠŸ
[go_vue_admin]2024-07-25 23:28:04.444	[34minfo[0m	/Users/lihao/project/mall-pro/admin-gin/websocket/ws_handle.go:48	websocket è¿æ¥æˆåŠŸ
[go_vue_admin]2024-07-25 23:28:12.680	[34minfo[0m	/Users/lihao/project/mall-pro/admin-gin/websocket/ws_handle.go:48	websocket è¿æ¥æˆåŠŸ
[go_vue_admin]2024-07-25 23:38:16.364	[34minfo[0m	/Users/lihao/project/mall-pro/admin-gin/websocket/ws_handle.go:48	websocket è¿æ¥æˆåŠŸ
[go_vue_admin]2024-07-25 23:43:36.775	[34minfo[0m	/Users/lihao/project/mall-pro/admin-gin/websocket/ws_handle.go:48	websocket è¿æ¥æˆåŠŸ
[go_vue_admin]2024-07-25 23:43:45.018	[34minfo[0m	/Users/lihao/project/mall-pro/admin-gin/service/product/goods_grab/pro_goods_grab.go:169	æ£åˆ¶å“é‡‡é›†å®Œæˆï¼
[go_vue_admin]2024-07-25 23:49:34.048	[34minfo[0m	/Users/lihao/project/mall-pro/admin-gin/websocket/ws_handle.go:48	websocket è¿æ¥æˆåŠŸ
[go_vue_admin]2024-07-25 23:49:39.351	[34minfo[0m	/Users/lihao/project/mall-pro/admin-gin/service/product/goods_grab/pro_goods_grab.go:169	æ£åˆ¶å“é‡‡é›†å®Œæˆï¼
[go_vue_admin]2024-07-25 23:50:09.312	[34minfo[0m	/Users/lihao/project/mall-pro/admin-gin/websocket/ws_handle.go:48	websocket è¿æ¥æˆåŠŸ
[go_vue_admin]2024-07-25 23:51:24.037	[34minfo[0m	/Users/lihao/project/mall-pro/admin-gin/websocket/ws_handle.go:48	websocket è¿æ¥æˆåŠŸ
[go_vue_admin]2024-07-25 23:55:02.165	[34minfo[0m	/Users/lihao/project/mall-pro/admin-gin/websocket/ws_handle.go:48	websocket è¿æ¥æˆåŠŸ
[go_vue_admin]2024-07-25 23:55:24.238	[34minfo[0m	/Users/lihao/project/mall-pro/admin-gin/service/product/goods_grab/pro_goods_grab.go:167	æ£åˆ¶å“é‡‡é›†å®Œæˆï¼
[go_vue_admin]2024-07-25 23:55:24.404	[34minfo[0m	/Users/lihao/project/mall-pro/admin-gin/websocket/internal/action/grab_action.go:40	grab_lock is exist
[go_vue_admin]2024-07-25 23:56:01.395	[34minfo[0m	/Users/lihao/project/mall-pro/admin-gin/service/product/goods_grab/pro_goods_grab.go:167	æ£åˆ¶å“é‡‡é›†å®Œæˆï¼
[go_vue_admin]2024-07-25 23:57:50.720	[34minfo[0m	/Users/lihao/project/mall-pro/admin-gin/websocket/ws_handle.go:48	websocket è¿æ¥æˆåŠŸ
[go_vue_admin]2024-07-25 23:57:56.741	[34minfo[0m	/Users/lihao/project/mall-pro/admin-gin/service/product/goods_grab/pro_goods_grab.go:167	æ£åˆ¶å“é‡‡é›†å®Œæˆï¼
[go_vue_admin]2024-07-25 23:57:57.242	[34minfo[0m	/Users/lihao/project/mall-pro/admin-gin/websocket/internal/action/grab_action.go:40	grab_lock is exist
[go_vue_admin]2024-07-25 23:57:57.699	[34minfo[0m	/Users/lihao/project/mall-pro/admin-gin/websocket/internal/action/grab_action.go:40	grab_lock is exist
[go_vue_admin]2024-07-25 23:57:58.026	[34minfo[0m	/Users/lihao/project/mall-pro/admin-gin/websocket/internal/action/grab_action.go:40	grab_lock is exist
[go_vue_admin]2024-07-25 23:57:58.309	[34minfo[0m	/Users/lihao/project/mall-pro/admin-gin/websocket/internal/action/grab_action.go:40	grab_lock is exist
[go_vue_admin]2024-07-25 23:57:58.496	[34minfo[0m	/Users/lihao/project/mall-pro/admin-gin/websocket/internal/action/grab_action.go:40	grab_lock is exist
[go_vue_admin]2024-07-25 23:57:58.692	[34minfo[0m	/Users/lihao/project/mall-pro/admin-gin/websocket/internal/action/grab_action.go:40	grab_lock is exist
[go_vue_admin]2024-07-25 23:57:58.871	[34minfo[0m	/Users/lihao/project/mall-pro/admin-gin/websocket/internal/action/grab_action.go:40	grab_lock is exist
[go_vue_admin]2024-07-25 23:57:59.054	[34minfo[0m	/Users/lihao/project/mall-pro/admin-gin/websocket/internal/action/grab_action.go:40	grab_lock is exist
[go_vue_admin]2024-07-25 23:57:59.222	[34minfo[0m	/Users/lihao/project/mall-pro/admin-gin/websocket/internal/action/grab_action.go:40	grab_lock is exist
[go_vue_admin]2024-07-25 23:58:00.027	[34minfo[0m	/Users/lihao/project/mall-pro/admin-gin/websocket/internal/action/grab_action.go:40	grab_lock is exist
[go_vue_admin]2024-07-25 23:58:00.233	[34minfo[0m	/Users/lihao/project/mall-pro/admin-gin/websocket/internal/action/grab_action.go:40	grab_lock is exist
[go_vue_admin]2024-07-25 23:58:00.863	[34minfo[0m	/Users/lihao/project/mall-pro/admin-gin/websocket/internal/action/grab_action.go:40	grab_lock is exist
[go_vue_admin]2024-07-25 23:58:01.075	[34minfo[0m	/Users/lihao/project/mall-pro/admin-gin/websocket/internal/action/grab_action.go:40	grab_lock is exist
[go_vue_admin]2024-07-25 23:58:01.319	[34minfo[0m	/Users/lihao/project/mall-pro/admin-gin/websocket/internal/action/grab_action.go:40	grab_lock is exist
[go_vue_admin]2024-07-25 23:58:01.680	[34minfo[0m	/Users/lihao/project/mall-pro/admin-gin/websocket/internal/action/grab_action.go:40	grab_lock is exist
[go_vue_admin]2024-07-25 23:58:01.900	[34minfo[0m	/Users/lihao/project/mall-pro/admin-gin/websocket/internal/action/grab_action.go:40	grab_lock is exist
[go_vue_admin]2024-07-25 23:58:02.102	[34minfo[0m	/Users/lihao/project/mall-pro/admin-gin/websocket/internal/action/grab_action.go:40	grab_lock is exist
[go_vue_admin]2024-07-25 23:58:02.304	[34minfo[0m	/Users/lihao/project/mall-pro/admin-gin/websocket/internal/action/grab_action.go:40	grab_lock is exist
[go_vue_admin]2024-07-25 23:58:02.480	[34minfo[0m	/Users/lihao/project/mall-pro/admin-gin/websocket/internal/action/grab_action.go:40	grab_lock is exist
[go_vue_admin]2024-07-25 23:58:02.702	[34minfo[0m	/Users/lihao/project/mall-pro/admin-gin/websocket/internal/action/grab_action.go:40	grab_lock is exist
[go_vue_admin]2024-07-25 23:58:02.951	[34minfo[0m	/Users/lihao/project/mall-pro/admin-gin/websocket/internal/action/grab_action.go:40	grab_lock is exist
[go_vue_admin]2024-07-25 23:58:03.143	[34minfo[0m	/Users/lihao/project/mall-pro/admin-gin/websocket/internal/action/grab_action.go:40	grab_lock is exist
[go_vue_admin]2024-07-25 23:58:03.330	[34minfo[0m	/Users/lihao/project/mall-pro/admin-gin/websocket/internal/action/grab_action.go:40	grab_lock is exist
[go_vue_admin]2024-07-25 23:58:03.531	[34minfo[0m	/Users/lihao/project/mall-pro/admin-gin/websocket/internal/action/grab_action.go:40	grab_lock is exist
[go_vue_admin]2024-07-25 23:58:03.719	[34minfo[0m	/Users/lihao/project/mall-pro/admin-gin/websocket/internal/action/grab_action.go:40	grab_lock is exist
[go_vue_admin]2024-07-25 23:58:03.887	[34minfo[0m	/Users/lihao/project/mall-pro/admin-gin/websocket/internal/action/grab_action.go:40	grab_lock is exist
[go_vue_admin]2024-07-25 23:58:04.072	[34minfo[0m	/Users/lihao/project/mall-pro/admin-gin/websocket/internal/action/grab_action.go:40	grab_lock is exist
[go_vue_admin]2024-07-25 23:58:04.259	[34minfo[0m	/Users/lihao/project/mall-pro/admin-gin/websocket/internal/action/grab_action.go:40	grab_lock is exist
[go_vue_admin]2024-07-25 23:58:04.428	[34minfo[0m	/Users/lihao/project/mall-pro/admin-gin/websocket/internal/action/grab_action.go:40	grab_lock is exist
[go_vue_admin]2024-07-25 23:58:04.829	[34minfo[0m	/Users/lihao/project/mall-pro/admin-gin/websocket/internal/action/grab_action.go:40	grab_lock is exist
[go_vue_admin]2024-07-25 23:58:05.019	[34minfo[0m	/Users/lihao/project/mall-pro/admin-gin/websocket/internal/action/grab_action.go:40	grab_lock is exist
[go_vue_admin]2024-07-25 23:58:05.212	[34minfo[0m	/Users/lihao/project/mall-pro/admin-gin/websocket/internal/action/grab_action.go:40	grab_lock is exist
[go_vue_admin]2024-07-25 23:58:05.408	[34minfo[0m	/Users/lihao/project/mall-pro/admin-gin/websocket/internal/action/grab_action.go:40	grab_lock is exist
[go_vue_admin]2024-07-25 23:58:05.650	[34minfo[0m	/Users/lihao/project/mall-pro/admin-gin/websocket/internal/action/grab_action.go:40	grab_lock is exist
[go_vue_admin]2024-07-25 23:58:05.852	[34minfo[0m	/Users/lihao/project/mall-pro/admin-gin/websocket/internal/action/grab_action.go:40	grab_lock is exist
[go_vue_admin]2024-07-25 23:58:06.021	[34minfo[0m	/Users/lihao/project/mall-pro/admin-gin/websocket/internal/action/grab_action.go:40	grab_lock is exist
[go_vue_admin]2024-07-25 23:58:42.455	[34minfo[0m	/Users/lihao/project/mall-pro/admin-gin/websocket/internal/action/simulate_action.go:36	grab_lock is exist
[go_vue_admin]2024-07-25 23:58:43.733	[34minfo[0m	/Users/lihao/project/mall-pro/admin-gin/websocket/internal/action/simulate_action.go:36	grab_lock is exist
[go_vue_admin]2024-07-25 23:58:43.936	[34minfo[0m	/Users/lihao/project/mall-pro/admin-gin/websocket/internal/action/simulate_action.go:36	grab_lock is exist
[go_vue_admin]2024-07-25 23:58:44.122	[34minfo[0m	/Users/lihao/project/mall-pro/admin-gin/websocket/internal/action/simulate_action.go:36	grab_lock is exist
