[go_vue_admin]2024-09-23 00:00:20.039	[31merror[0m	/Users/lihao/project/mall-pro/admin-gin/websocket/ws_handle.go:70	websocket: close 1001 (going away)
[go_vue_admin]2024-09-23 00:00:42.546	[31merror[0m	/Users/lihao/project/mall-pro/admin-gin/websocket/ws_handle.go:38	close tcp [::1]:8887->[::1]:63462: use of closed network connection
[go_vue_admin]2024-09-23 00:00:42.546	[31merror[0m	/Users/lihao/project/mall-pro/admin-gin/websocket/ws_handle.go:38	close tcp [::1]:8887->[::1]:55042: use of closed network connection
[go_vue_admin]2024-09-23 00:00:42.546	[31merror[0m	/Users/lihao/project/mall-pro/admin-gin/websocket/ws_handle.go:38	close tcp [::1]:8887->[::1]:53560: use of closed network connection
[go_vue_admin]2024-09-23 00:00:42.546	[31merror[0m	/Users/lihao/project/mall-pro/admin-gin/websocket/ws_handle.go:38	close tcp [::1]:8887->[::1]:61252: use of closed network connection
[go_vue_admin]2024-09-23 00:00:42.546	[31merror[0m	/Users/lihao/project/mall-pro/admin-gin/websocket/ws_handle.go:38	close tcp [::1]:8887->[::1]:50787: use of closed network connection
[go_vue_admin]2024-09-23 00:00:42.546	[31merror[0m	/Users/lihao/project/mall-pro/admin-gin/websocket/ws_handle.go:38	close tcp [::1]:8887->[::1]:65530: use of closed network connection
[go_vue_admin]2024-09-23 00:00:42.546	[31merror[0m	/Users/lihao/project/mall-pro/admin-gin/websocket/ws_handle.go:38	close tcp [::1]:8887->[::1]:51035: use of closed network connection
[go_vue_admin]2024-09-23 00:00:42.546	[31merror[0m	/Users/lihao/project/mall-pro/admin-gin/websocket/ws_handle.go:38	close tcp [::1]:8887->[::1]:49899: use of closed network connection
[go_vue_admin]2024-09-23 00:00:42.547	[31merror[0m	/Users/lihao/project/mall-pro/admin-gin/websocket/ws_handle.go:38	close tcp [::1]:8887->[::1]:58539: use of closed network connection
[go_vue_admin]2024-09-23 00:00:42.546	[31merror[0m	/Users/lihao/project/mall-pro/admin-gin/websocket/ws_handle.go:38	close tcp [::1]:8887->[::1]:57100: use of closed network connection
[go_vue_admin]2024-09-23 00:00:42.546	[31merror[0m	/Users/lihao/project/mall-pro/admin-gin/websocket/ws_handle.go:38	close tcp [::1]:8887->[::1]:65120: use of closed network connection
[go_vue_admin]2024-09-23 00:00:42.546	[31merror[0m	/Users/lihao/project/mall-pro/admin-gin/websocket/ws_handle.go:38	close tcp [::1]:8887->[::1]:50695: use of closed network connection
[go_vue_admin]2024-09-23 00:00:42.546	[31merror[0m	/Users/lihao/project/mall-pro/admin-gin/websocket/ws_handle.go:38	close tcp [::1]:8887->[::1]:63188: use of closed network connection
[go_vue_admin]2024-09-23 00:00:42.546	[31merror[0m	/Users/lihao/project/mall-pro/admin-gin/websocket/ws_handle.go:38	close tcp [::1]:8887->[::1]:64304: use of closed network connection
[go_vue_admin]2024-09-23 00:00:42.546	[31merror[0m	/Users/lihao/project/mall-pro/admin-gin/websocket/ws_handle.go:38	close tcp [::1]:8887->[::1]:49781: use of closed network connection
[go_vue_admin]2024-09-23 00:00:42.546	[31merror[0m	/Users/lihao/project/mall-pro/admin-gin/websocket/ws_handle.go:38	close tcp [::1]:8887->[::1]:50618: use of closed network connection
[go_vue_admin]2024-09-23 00:00:42.546	[31merror[0m	/Users/lihao/project/mall-pro/admin-gin/websocket/ws_handle.go:38	close tcp [::1]:8887->[::1]:54746: use of closed network connection
[go_vue_admin]2024-09-23 00:00:42.546	[31merror[0m	/Users/lihao/project/mall-pro/admin-gin/websocket/ws_handle.go:38	close tcp [::1]:8887->[::1]:55733: use of closed network connection
[go_vue_admin]2024-09-23 00:00:42.546	[31merror[0m	/Users/lihao/project/mall-pro/admin-gin/websocket/ws_handle.go:38	close tcp [::1]:8887->[::1]:53628: use of closed network connection
[go_vue_admin]2024-09-23 00:00:42.546	[31merror[0m	/Users/lihao/project/mall-pro/admin-gin/websocket/ws_handle.go:38	close tcp [::1]:8887->[::1]:55287: use of closed network connection
[go_vue_admin]2024-09-23 00:00:42.546	[31merror[0m	/Users/lihao/project/mall-pro/admin-gin/websocket/ws_handle.go:38	close tcp [::1]:8887->[::1]:53073: use of closed network connection
[go_vue_admin]2024-09-23 00:00:42.546	[31merror[0m	/Users/lihao/project/mall-pro/admin-gin/websocket/ws_handle.go:38	close tcp [::1]:8887->[::1]:55971: use of closed network connection
[go_vue_admin]2024-09-23 00:00:42.546	[31merror[0m	/Users/lihao/project/mall-pro/admin-gin/websocket/ws_handle.go:38	close tcp [::1]:8887->[::1]:63211: use of closed network connection
[go_vue_admin]2024-09-23 00:00:42.546	[31merror[0m	/Users/lihao/project/mall-pro/admin-gin/websocket/ws_handle.go:38	close tcp [::1]:8887->[::1]:57842: use of closed network connection
[go_vue_admin]2024-09-23 00:00:42.546	[31merror[0m	/Users/lihao/project/mall-pro/admin-gin/websocket/ws_handle.go:38	close tcp [::1]:8887->[::1]:63394: use of closed network connection
[go_vue_admin]2024-09-23 00:00:42.546	[31merror[0m	/Users/lihao/project/mall-pro/admin-gin/websocket/ws_handle.go:38	close tcp [::1]:8887->[::1]:64715: use of closed network connection
[go_vue_admin]2024-09-23 00:00:42.546	[31merror[0m	/Users/lihao/project/mall-pro/admin-gin/websocket/ws_handle.go:38	close tcp [::1]:8887->[::1]:60807: use of closed network connection
[go_vue_admin]2024-09-23 00:00:42.546	[31merror[0m	/Users/lihao/project/mall-pro/admin-gin/websocket/ws_handle.go:38	close tcp [::1]:8887->[::1]:65384: use of closed network connection
[go_vue_admin]2024-09-23 00:00:42.546	[31merror[0m	/Users/lihao/project/mall-pro/admin-gin/websocket/ws_handle.go:38	close tcp [::1]:8887->[::1]:55008: use of closed network connection
[go_vue_admin]2024-09-23 00:00:42.546	[31merror[0m	/Users/lihao/project/mall-pro/admin-gin/websocket/ws_handle.go:38	close tcp [::1]:8887->[::1]:57001: use of closed network connection
[go_vue_admin]2024-09-23 00:00:42.546	[31merror[0m	/Users/lihao/project/mall-pro/admin-gin/websocket/ws_handle.go:38	close tcp [::1]:8887->[::1]:58172: use of closed network connection
[go_vue_admin]2024-09-23 00:00:42.546	[31merror[0m	/Users/lihao/project/mall-pro/admin-gin/websocket/ws_handle.go:38	close tcp [::1]:8887->[::1]:58779: use of closed network connection
[go_vue_admin]2024-09-23 00:00:42.546	[31merror[0m	/Users/lihao/project/mall-pro/admin-gin/websocket/ws_handle.go:38	close tcp [::1]:8887->[::1]:63591: use of closed network connection
[go_vue_admin]2024-09-23 00:00:42.546	[31merror[0m	/Users/lihao/project/mall-pro/admin-gin/websocket/ws_handle.go:38	close tcp [::1]:8887->[::1]:51852: use of closed network connection
[go_vue_admin]2024-09-23 00:00:42.546	[31merror[0m	/Users/lihao/project/mall-pro/admin-gin/websocket/ws_handle.go:38	close tcp [::1]:8887->[::1]:63361: use of closed network connection
[go_vue_admin]2024-09-23 00:00:42.546	[31merror[0m	/Users/lihao/project/mall-pro/admin-gin/websocket/ws_handle.go:38	close tcp [::1]:8887->[::1]:63373: use of closed network connection
[go_vue_admin]2024-09-23 00:00:42.546	[31merror[0m	/Users/lihao/project/mall-pro/admin-gin/websocket/ws_handle.go:38	close tcp [::1]:8887->[::1]:57434: use of closed network connection
[go_vue_admin]2024-09-23 00:00:42.546	[31merror[0m	/Users/lihao/project/mall-pro/admin-gin/websocket/ws_handle.go:38	close tcp [::1]:8887->[::1]:65104: use of closed network connection
[go_vue_admin]2024-09-23 00:00:42.546	[31merror[0m	/Users/lihao/project/mall-pro/admin-gin/websocket/ws_handle.go:38	close tcp [::1]:8887->[::1]:64824: use of closed network connection
[go_vue_admin]2024-09-23 00:00:42.546	[31merror[0m	/Users/lihao/project/mall-pro/admin-gin/websocket/ws_handle.go:38	close tcp [::1]:8887->[::1]:61209: use of closed network connection
[go_vue_admin]2024-09-23 00:00:42.546	[31merror[0m	/Users/lihao/project/mall-pro/admin-gin/websocket/ws_handle.go:38	close tcp [::1]:8887->[::1]:65242: use of closed network connection
[go_vue_admin]2024-09-23 00:00:42.546	[31merror[0m	/Users/lihao/project/mall-pro/admin-gin/websocket/ws_handle.go:38	close tcp [::1]:8887->[::1]:64911: use of closed network connection
[go_vue_admin]2024-09-23 00:00:42.546	[31merror[0m	/Users/lihao/project/mall-pro/admin-gin/websocket/ws_handle.go:38	close tcp [::1]:8887->[::1]:51278: use of closed network connection
[go_vue_admin]2024-09-23 00:00:42.546	[31merror[0m	/Users/lihao/project/mall-pro/admin-gin/websocket/ws_handle.go:38	close tcp [::1]:8887->[::1]:63355: use of closed network connection
[go_vue_admin]2024-09-23 00:00:42.546	[31merror[0m	/Users/lihao/project/mall-pro/admin-gin/websocket/ws_handle.go:38	close tcp [::1]:8887->[::1]:51981: use of closed network connection
[go_vue_admin]2024-09-23 00:00:42.546	[31merror[0m	/Users/lihao/project/mall-pro/admin-gin/websocket/ws_handle.go:38	close tcp [::1]:8887->[::1]:65355: use of closed network connection
[go_vue_admin]2024-09-23 00:00:42.546	[31merror[0m	/Users/lihao/project/mall-pro/admin-gin/websocket/ws_handle.go:38	close tcp [::1]:8887->[::1]:50230: use of closed network connection
[go_vue_admin]2024-09-23 00:00:42.546	[31merror[0m	/Users/lihao/project/mall-pro/admin-gin/websocket/ws_handle.go:38	close tcp [::1]:8887->[::1]:65466: use of closed network connection
[go_vue_admin]2024-09-23 00:00:42.546	[31merror[0m	/Users/lihao/project/mall-pro/admin-gin/websocket/ws_handle.go:38	close tcp [::1]:8887->[::1]:51450: use of closed network connection
[go_vue_admin]2024-09-23 00:00:42.546	[31merror[0m	/Users/lihao/project/mall-pro/admin-gin/websocket/ws_handle.go:38	close tcp [::1]:8887->[::1]:63266: use of closed network connection
[go_vue_admin]2024-09-23 00:00:42.546	[31merror[0m	/Users/lihao/project/mall-pro/admin-gin/websocket/ws_handle.go:38	close tcp [::1]:8887->[::1]:58035: use of closed network connection
[go_vue_admin]2024-09-23 00:00:42.546	[31merror[0m	/Users/lihao/project/mall-pro/admin-gin/websocket/ws_handle.go:38	close tcp [::1]:8887->[::1]:63299: use of closed network connection
[go_vue_admin]2024-09-23 00:00:42.546	[31merror[0m	/Users/lihao/project/mall-pro/admin-gin/websocket/ws_handle.go:38	close tcp [::1]:8887->[::1]:58683: use of closed network connection
[go_vue_admin]2024-09-23 00:00:42.546	[31merror[0m	/Users/lihao/project/mall-pro/admin-gin/websocket/ws_handle.go:38	close tcp [::1]:8887->[::1]:57657: use of closed network connection
[go_vue_admin]2024-09-23 00:00:42.546	[31merror[0m	/Users/lihao/project/mall-pro/admin-gin/websocket/ws_handle.go:38	close tcp [::1]:8887->[::1]:63168: use of closed network connection
[go_vue_admin]2024-09-23 00:00:42.546	[31merror[0m	/Users/lihao/project/mall-pro/admin-gin/websocket/ws_handle.go:38	close tcp [::1]:8887->[::1]:58003: use of closed network connection
[go_vue_admin]2024-09-23 00:00:42.546	[31merror[0m	/Users/lihao/project/mall-pro/admin-gin/websocket/ws_handle.go:38	close tcp [::1]:8887->[::1]:61278: use of closed network connection
[go_vue_admin]2024-09-23 00:00:42.546	[31merror[0m	/Users/lihao/project/mall-pro/admin-gin/websocket/ws_handle.go:38	close tcp [::1]:8887->[::1]:63424: use of closed network connection
[go_vue_admin]2024-09-23 00:00:42.546	[31merror[0m	/Users/lihao/project/mall-pro/admin-gin/websocket/ws_handle.go:38	close tcp [::1]:8887->[::1]:63342: use of closed network connection
[go_vue_admin]2024-09-23 00:00:42.546	[31merror[0m	/Users/lihao/project/mall-pro/admin-gin/websocket/ws_handle.go:38	close tcp [::1]:8887->[::1]:51051: use of closed network connection
[go_vue_admin]2024-09-23 00:00:42.546	[31merror[0m	/Users/lihao/project/mall-pro/admin-gin/websocket/ws_handle.go:38	close tcp [::1]:8887->[::1]:64164: use of closed network connection
[go_vue_admin]2024-09-23 00:00:42.546	[31merror[0m	/Users/lihao/project/mall-pro/admin-gin/websocket/ws_handle.go:38	close tcp [::1]:8887->[::1]:50658: use of closed network connection
[go_vue_admin]2024-09-23 00:00:42.546	[31merror[0m	/Users/lihao/project/mall-pro/admin-gin/websocket/ws_handle.go:38	close tcp [::1]:8887->[::1]:61829: use of closed network connection
[go_vue_admin]2024-09-23 00:00:42.546	[31merror[0m	/Users/lihao/project/mall-pro/admin-gin/websocket/ws_handle.go:38	close tcp [::1]:8887->[::1]:51853: use of closed network connection
[go_vue_admin]2024-09-23 00:00:42.546	[31merror[0m	/Users/lihao/project/mall-pro/admin-gin/websocket/ws_handle.go:38	close tcp [::1]:8887->[::1]:52510: use of closed network connection
[go_vue_admin]2024-09-23 00:00:42.546	[31merror[0m	/Users/lihao/project/mall-pro/admin-gin/websocket/ws_handle.go:38	close tcp [::1]:8887->[::1]:55500: use of closed network connection
[go_vue_admin]2024-09-23 00:00:42.546	[31merror[0m	/Users/lihao/project/mall-pro/admin-gin/websocket/ws_handle.go:38	close tcp [::1]:8887->[::1]:49673: use of closed network connection
[go_vue_admin]2024-09-23 00:00:42.546	[31merror[0m	/Users/lihao/project/mall-pro/admin-gin/websocket/ws_handle.go:38	close tcp [::1]:8887->[::1]:64078: use of closed network connection
[go_vue_admin]2024-09-23 00:00:42.546	[31merror[0m	/Users/lihao/project/mall-pro/admin-gin/websocket/ws_handle.go:38	close tcp [::1]:8887->[::1]:62092: use of closed network connection
[go_vue_admin]2024-09-23 00:00:42.546	[31merror[0m	/Users/lihao/project/mall-pro/admin-gin/websocket/ws_handle.go:38	close tcp [::1]:8887->[::1]:63238: use of closed network connection
[go_vue_admin]2024-09-23 00:00:42.546	[31merror[0m	/Users/lihao/project/mall-pro/admin-gin/websocket/ws_handle.go:38	close tcp [::1]:8887->[::1]:51480: use of closed network connection
[go_vue_admin]2024-09-23 00:00:42.546	[31merror[0m	/Users/lihao/project/mall-pro/admin-gin/websocket/ws_handle.go:38	close tcp [::1]:8887->[::1]:49710: use of closed network connection
[go_vue_admin]2024-09-23 00:00:42.546	[31merror[0m	/Users/lihao/project/mall-pro/admin-gin/websocket/ws_handle.go:38	close tcp [::1]:8887->[::1]:59952: use of closed network connection
[go_vue_admin]2024-09-23 00:00:42.546	[31merror[0m	/Users/lihao/project/mall-pro/admin-gin/websocket/ws_handle.go:38	close tcp [::1]:8887->[::1]:51307: use of closed network connection
[go_vue_admin]2024-09-23 00:00:42.546	[31merror[0m	/Users/lihao/project/mall-pro/admin-gin/websocket/ws_handle.go:38	close tcp [::1]:8887->[::1]:63146: use of closed network connection
[go_vue_admin]2024-09-23 00:00:42.547	[31merror[0m	/Users/lihao/project/mall-pro/admin-gin/websocket/ws_handle.go:38	close tcp [::1]:8887->[::1]:51933: use of closed network connection
[go_vue_admin]2024-09-23 00:00:42.547	[31merror[0m	/Users/lihao/project/mall-pro/admin-gin/websocket/ws_handle.go:38	close tcp [::1]:8887->[::1]:63400: use of closed network connection
[go_vue_admin]2024-09-23 00:00:42.547	[31merror[0m	/Users/lihao/project/mall-pro/admin-gin/websocket/ws_handle.go:38	close tcp [::1]:8887->[::1]:57944: use of closed network connection
[go_vue_admin]2024-09-23 00:00:42.547	[31merror[0m	/Users/lihao/project/mall-pro/admin-gin/websocket/ws_handle.go:38	close tcp [::1]:8887->[::1]:53141: use of closed network connection
[go_vue_admin]2024-09-23 00:00:42.547	[31merror[0m	/Users/lihao/project/mall-pro/admin-gin/websocket/ws_handle.go:38	close tcp [::1]:8887->[::1]:65405: use of closed network connection
[go_vue_admin]2024-09-23 00:00:42.547	[31merror[0m	/Users/lihao/project/mall-pro/admin-gin/websocket/ws_handle.go:38	close tcp [::1]:8887->[::1]:50747: use of closed network connection
[go_vue_admin]2024-09-23 00:00:42.547	[31merror[0m	/Users/lihao/project/mall-pro/admin-gin/websocket/ws_handle.go:38	close tcp [::1]:8887->[::1]:56311: use of closed network connection
[go_vue_admin]2024-09-23 00:00:42.547	[31merror[0m	/Users/lihao/project/mall-pro/admin-gin/websocket/ws_handle.go:38	close tcp [::1]:8887->[::1]:64568: use of closed network connection
[go_vue_admin]2024-09-23 00:00:42.547	[31merror[0m	/Users/lihao/project/mall-pro/admin-gin/websocket/ws_handle.go:38	close tcp [::1]:8887->[::1]:53492: use of closed network connection
[go_vue_admin]2024-09-23 00:00:42.547	[31merror[0m	/Users/lihao/project/mall-pro/admin-gin/websocket/ws_handle.go:38	close tcp [::1]:8887->[::1]:50292: use of closed network connection
[go_vue_admin]2024-09-23 00:00:42.547	[31merror[0m	/Users/lihao/project/mall-pro/admin-gin/websocket/ws_handle.go:38	close tcp [::1]:8887->[::1]:65224: use of closed network connection
[go_vue_admin]2024-09-23 00:00:42.547	[31merror[0m	/Users/lihao/project/mall-pro/admin-gin/websocket/ws_handle.go:38	close tcp [::1]:8887->[::1]:50714: use of closed network connection
[go_vue_admin]2024-09-23 00:00:42.547	[31merror[0m	/Users/lihao/project/mall-pro/admin-gin/websocket/ws_handle.go:38	close tcp [::1]:8887->[::1]:51829: use of closed network connection
[go_vue_admin]2024-09-23 00:00:42.547	[31merror[0m	/Users/lihao/project/mall-pro/admin-gin/websocket/ws_handle.go:38	close tcp [::1]:8887->[::1]:51559: use of closed network connection
[go_vue_admin]2024-09-23 00:00:42.547	[31merror[0m	/Users/lihao/project/mall-pro/admin-gin/websocket/ws_handle.go:38	close tcp [::1]:8887->[::1]:52046: use of closed network connection
[go_vue_admin]2024-09-23 00:00:42.547	[31merror[0m	/Users/lihao/project/mall-pro/admin-gin/websocket/ws_handle.go:38	close tcp [::1]:8887->[::1]:62121: use of closed network connection
[go_vue_admin]2024-09-23 00:00:42.547	[31merror[0m	/Users/lihao/project/mall-pro/admin-gin/websocket/ws_handle.go:38	close tcp [::1]:8887->[::1]:65493: use of closed network connection
[go_vue_admin]2024-09-23 00:00:42.547	[31merror[0m	/Users/lihao/project/mall-pro/admin-gin/websocket/ws_handle.go:38	close tcp [::1]:8887->[::1]:49778: use of closed network connection
[go_vue_admin]2024-09-23 00:00:42.547	[31merror[0m	/Users/lihao/project/mall-pro/admin-gin/websocket/ws_handle.go:38	close tcp [::1]:8887->[::1]:51889: use of closed network connection
[go_vue_admin]2024-09-23 00:00:42.547	[31merror[0m	/Users/lihao/project/mall-pro/admin-gin/websocket/ws_handle.go:38	close tcp [::1]:8887->[::1]:51490: use of closed network connection
[go_vue_admin]2024-09-23 00:00:42.547	[31merror[0m	/Users/lihao/project/mall-pro/admin-gin/websocket/ws_handle.go:38	close tcp [::1]:8887->[::1]:55710: use of closed network connection
[go_vue_admin]2024-09-23 00:00:42.547	[31merror[0m	/Users/lihao/project/mall-pro/admin-gin/websocket/ws_handle.go:38	close tcp [::1]:8887->[::1]:59594: use of closed network connection
[go_vue_admin]2024-09-23 00:00:42.547	[31merror[0m	/Users/lihao/project/mall-pro/admin-gin/websocket/ws_handle.go:38	close tcp [::1]:8887->[::1]:53789: use of closed network connection
[go_vue_admin]2024-09-23 00:00:42.547	[31merror[0m	/Users/lihao/project/mall-pro/admin-gin/websocket/ws_handle.go:38	close tcp [::1]:8887->[::1]:65319: use of closed network connection
[go_vue_admin]2024-09-23 00:00:42.547	[31merror[0m	/Users/lihao/project/mall-pro/admin-gin/websocket/ws_handle.go:38	close tcp [::1]:8887->[::1]:59234: use of closed network connection
[go_vue_admin]2024-09-23 00:00:42.547	[31merror[0m	/Users/lihao/project/mall-pro/admin-gin/websocket/ws_handle.go:38	close tcp [::1]:8887->[::1]:61305: use of closed network connection
[go_vue_admin]2024-09-23 00:00:42.547	[31merror[0m	/Users/lihao/project/mall-pro/admin-gin/websocket/ws_handle.go:38	close tcp [::1]:8887->[::1]:52117: use of closed network connection
[go_vue_admin]2024-09-23 00:00:42.547	[31merror[0m	/Users/lihao/project/mall-pro/admin-gin/websocket/ws_handle.go:38	close tcp [::1]:8887->[::1]:51788: use of closed network connection
[go_vue_admin]2024-09-23 00:00:42.547	[31merror[0m	/Users/lihao/project/mall-pro/admin-gin/websocket/ws_handle.go:38	close tcp [::1]:8887->[::1]:55973: use of closed network connection
[go_vue_admin]2024-09-23 00:00:42.547	[31merror[0m	/Users/lihao/project/mall-pro/admin-gin/websocket/ws_handle.go:38	close tcp [::1]:8887->[::1]:56036: use of closed network connection
[go_vue_admin]2024-09-23 00:00:42.547	[31merror[0m	/Users/lihao/project/mall-pro/admin-gin/websocket/ws_handle.go:38	close tcp [::1]:8887->[::1]:51810: use of closed network connection
[go_vue_admin]2024-09-23 00:00:42.547	[31merror[0m	/Users/lihao/project/mall-pro/admin-gin/websocket/ws_handle.go:38	close tcp [::1]:8887->[::1]:55235: use of closed network connection
[go_vue_admin]2024-09-23 00:00:42.547	[31merror[0m	/Users/lihao/project/mall-pro/admin-gin/websocket/ws_handle.go:38	close tcp [::1]:8887->[::1]:59470: use of closed network connection
[go_vue_admin]2024-09-23 00:00:42.547	[31merror[0m	/Users/lihao/project/mall-pro/admin-gin/websocket/ws_handle.go:38	close tcp [::1]:8887->[::1]:64517: use of closed network connection
[go_vue_admin]2024-09-23 00:00:42.547	[31merror[0m	/Users/lihao/project/mall-pro/admin-gin/websocket/ws_handle.go:38	close tcp [::1]:8887->[::1]:50734: use of closed network connection
[go_vue_admin]2024-09-23 00:00:42.547	[31merror[0m	/Users/lihao/project/mall-pro/admin-gin/websocket/ws_handle.go:38	close tcp [::1]:8887->[::1]:60814: use of closed network connection
[go_vue_admin]2024-09-23 00:00:42.547	[31merror[0m	/Users/lihao/project/mall-pro/admin-gin/websocket/ws_handle.go:38	close tcp [::1]:8887->[::1]:63316: use of closed network connection
[go_vue_admin]2024-09-23 00:00:42.547	[31merror[0m	/Users/lihao/project/mall-pro/admin-gin/websocket/ws_handle.go:38	close tcp [::1]:8887->[::1]:51538: use of closed network connection
[go_vue_admin]2024-09-23 00:00:42.547	[31merror[0m	/Users/lihao/project/mall-pro/admin-gin/websocket/ws_handle.go:38	close tcp [::1]:8887->[::1]:63503: use of closed network connection
[go_vue_admin]2024-09-23 00:00:42.547	[31merror[0m	/Users/lihao/project/mall-pro/admin-gin/websocket/ws_handle.go:38	close tcp [::1]:8887->[::1]:65309: use of closed network connection
[go_vue_admin]2024-09-23 00:00:42.547	[31merror[0m	/Users/lihao/project/mall-pro/admin-gin/websocket/ws_handle.go:38	close tcp [::1]:8887->[::1]:60164: use of closed network connection
[go_vue_admin]2024-09-23 00:00:42.547	[31merror[0m	/Users/lihao/project/mall-pro/admin-gin/websocket/ws_handle.go:38	close tcp [::1]:8887->[::1]:63536: use of closed network connection
[go_vue_admin]2024-09-23 00:00:42.547	[31merror[0m	/Users/lihao/project/mall-pro/admin-gin/websocket/ws_handle.go:38	close tcp [::1]:8887->[::1]:57582: use of closed network connection
[go_vue_admin]2024-09-23 00:00:42.547	[31merror[0m	/Users/lihao/project/mall-pro/admin-gin/websocket/ws_handle.go:38	close tcp [::1]:8887->[::1]:51474: use of closed network connection
[go_vue_admin]2024-09-23 00:00:42.547	[31merror[0m	/Users/lihao/project/mall-pro/admin-gin/websocket/ws_handle.go:38	close tcp [::1]:8887->[::1]:50588: use of closed network connection
[go_vue_admin]2024-09-23 00:00:42.547	[31merror[0m	/Users/lihao/project/mall-pro/admin-gin/websocket/ws_handle.go:38	close tcp [::1]:8887->[::1]:50298: use of closed network connection
[go_vue_admin]2024-09-23 00:00:42.547	[31merror[0m	/Users/lihao/project/mall-pro/admin-gin/websocket/ws_handle.go:38	close tcp [::1]:8887->[::1]:63257: use of closed network connection
[go_vue_admin]2024-09-23 00:00:42.547	[31merror[0m	/Users/lihao/project/mall-pro/admin-gin/websocket/ws_handle.go:38	close tcp [::1]:8887->[::1]:50451: use of closed network connection
[go_vue_admin]2024-09-23 00:00:42.547	[31merror[0m	/Users/lihao/project/mall-pro/admin-gin/websocket/ws_handle.go:38	close tcp [::1]:8887->[::1]:56219: use of closed network connection
[go_vue_admin]2024-09-23 00:00:42.547	[31merror[0m	/Users/lihao/project/mall-pro/admin-gin/websocket/ws_handle.go:38	close tcp [::1]:8887->[::1]:58293: use of closed network connection
[go_vue_admin]2024-09-23 00:00:42.547	[31merror[0m	/Users/lihao/project/mall-pro/admin-gin/websocket/ws_handle.go:38	close tcp [::1]:8887->[::1]:55836: use of closed network connection
[go_vue_admin]2024-09-23 00:00:42.547	[31merror[0m	/Users/lihao/project/mall-pro/admin-gin/websocket/ws_handle.go:38	close tcp [::1]:8887->[::1]:59030: use of closed network connection
[go_vue_admin]2024-09-23 00:00:42.547	[31merror[0m	/Users/lihao/project/mall-pro/admin-gin/websocket/ws_handle.go:38	close tcp [::1]:8887->[::1]:60607: use of closed network connection
[go_vue_admin]2024-09-23 00:00:42.547	[31merror[0m	/Users/lihao/project/mall-pro/admin-gin/websocket/ws_handle.go:38	close tcp [::1]:8887->[::1]:56936: use of closed network connection
[go_vue_admin]2024-09-23 00:00:42.547	[31merror[0m	/Users/lihao/project/mall-pro/admin-gin/websocket/ws_handle.go:38	close tcp [::1]:8887->[::1]:63223: use of closed network connection
[go_vue_admin]2024-09-23 00:00:42.547	[31merror[0m	/Users/lihao/project/mall-pro/admin-gin/websocket/ws_handle.go:38	close tcp [::1]:8887->[::1]:61060: use of closed network connection
[go_vue_admin]2024-09-23 00:00:42.547	[31merror[0m	/Users/lihao/project/mall-pro/admin-gin/websocket/ws_handle.go:38	close tcp [::1]:8887->[::1]:65420: use of closed network connection
[go_vue_admin]2024-09-23 00:00:42.547	[31merror[0m	/Users/lihao/project/mall-pro/admin-gin/websocket/ws_handle.go:38	close tcp [::1]:8887->[::1]:51541: use of closed network connection
[go_vue_admin]2024-09-23 00:00:42.547	[31merror[0m	/Users/lihao/project/mall-pro/admin-gin/websocket/ws_handle.go:38	close tcp [::1]:8887->[::1]:54130: use of closed network connection
[go_vue_admin]2024-09-23 00:00:42.547	[31merror[0m	/Users/lihao/project/mall-pro/admin-gin/websocket/ws_handle.go:38	close tcp [::1]:8887->[::1]:63328: use of closed network connection
[go_vue_admin]2024-09-23 00:00:42.547	[31merror[0m	/Users/lihao/project/mall-pro/admin-gin/websocket/ws_handle.go:38	close tcp [::1]:8887->[::1]:60204: use of closed network connection
[go_vue_admin]2024-09-23 00:00:42.547	[31merror[0m	/Users/lihao/project/mall-pro/admin-gin/websocket/ws_handle.go:38	close tcp [::1]:8887->[::1]:64196: use of closed network connection
[go_vue_admin]2024-09-23 00:00:42.547	[31merror[0m	/Users/lihao/project/mall-pro/admin-gin/websocket/ws_handle.go:38	close tcp [::1]:8887->[::1]:52093: use of closed network connection
[go_vue_admin]2024-09-23 00:00:42.547	[31merror[0m	/Users/lihao/project/mall-pro/admin-gin/websocket/ws_handle.go:38	close tcp [::1]:8887->[::1]:51015: use of closed network connection
[go_vue_admin]2024-09-23 00:00:42.547	[31merror[0m	/Users/lihao/project/mall-pro/admin-gin/websocket/ws_handle.go:38	close tcp [::1]:8887->[::1]:65191: use of closed network connection
[go_vue_admin]2024-09-23 00:00:42.547	[31merror[0m	/Users/lihao/project/mall-pro/admin-gin/websocket/ws_handle.go:70	read tcp [::1]:8887->[::1]:62205: use of closed network connection
[go_vue_admin]2024-09-23 00:00:42.547	[31merror[0m	/Users/lihao/project/mall-pro/admin-gin/websocket/ws_handle.go:38	close tcp [::1]:8887->[::1]:53735: use of closed network connection
[go_vue_admin]2024-09-23 00:00:42.547	[31merror[0m	/Users/lihao/project/mall-pro/admin-gin/websocket/ws_handle.go:38	close tcp [::1]:8887->[::1]:53105: use of closed network connection
[go_vue_admin]2024-09-23 00:00:42.547	[31merror[0m	/Users/lihao/project/mall-pro/admin-gin/websocket/ws_handle.go:38	close tcp [::1]:8887->[::1]:53187: use of closed network connection
[go_vue_admin]2024-09-23 00:00:42.547	[31merror[0m	/Users/lihao/project/mall-pro/admin-gin/websocket/ws_handle.go:38	close tcp [::1]:8887->[::1]:50639: use of closed network connection
[go_vue_admin]2024-09-23 00:00:42.547	[31merror[0m	/Users/lihao/project/mall-pro/admin-gin/websocket/ws_handle.go:38	close tcp [::1]:8887->[::1]:51505: use of closed network connection
[go_vue_admin]2024-09-23 00:00:42.547	[31merror[0m	/Users/lihao/project/mall-pro/admin-gin/websocket/ws_handle.go:38	close tcp [::1]:8887->[::1]:59903: use of closed network connection
[go_vue_admin]2024-09-23 00:00:42.547	[31merror[0m	/Users/lihao/project/mall-pro/admin-gin/websocket/ws_handle.go:38	close tcp [::1]:8887->[::1]:55044: use of closed network connection
[go_vue_admin]2024-09-23 00:00:42.547	[31merror[0m	/Users/lihao/project/mall-pro/admin-gin/websocket/ws_handle.go:38	close tcp [::1]:8887->[::1]:58204: use of closed network connection
[go_vue_admin]2024-09-23 00:00:42.547	[31merror[0m	/Users/lihao/project/mall-pro/admin-gin/websocket/ws_handle.go:38	close tcp [::1]:8887->[::1]:59918: use of closed network connection
[go_vue_admin]2024-09-23 00:00:42.547	[31merror[0m	/Users/lihao/project/mall-pro/admin-gin/websocket/ws_handle.go:38	close tcp [::1]:8887->[::1]:61264: use of closed network connection
[go_vue_admin]2024-09-23 00:00:42.547	[31merror[0m	/Users/lihao/project/mall-pro/admin-gin/websocket/ws_handle.go:38	close tcp [::1]:8887->[::1]:59387: use of closed network connection
[go_vue_admin]2024-09-23 00:00:42.547	[31merror[0m	/Users/lihao/project/mall-pro/admin-gin/websocket/ws_handle.go:38	close tcp [::1]:8887->[::1]:51069: use of closed network connection
[go_vue_admin]2024-09-23 00:00:42.547	[31merror[0m	/Users/lihao/project/mall-pro/admin-gin/websocket/ws_handle.go:38	close tcp [::1]:8887->[::1]:50763: use of closed network connection
[go_vue_admin]2024-09-23 00:00:42.547	[31merror[0m	/Users/lihao/project/mall-pro/admin-gin/websocket/ws_handle.go:38	close tcp [::1]:8887->[::1]:58884: use of closed network connection
[go_vue_admin]2024-09-23 00:00:42.547	[31merror[0m	/Users/lihao/project/mall-pro/admin-gin/websocket/ws_handle.go:38	close tcp [::1]:8887->[::1]:50335: use of closed network connection
[go_vue_admin]2024-09-23 00:00:42.547	[31merror[0m	/Users/lihao/project/mall-pro/admin-gin/websocket/ws_handle.go:38	close tcp [::1]:8887->[::1]:51334: use of closed network connection
[go_vue_admin]2024-09-23 00:00:42.547	[31merror[0m	/Users/lihao/project/mall-pro/admin-gin/websocket/ws_handle.go:38	close tcp [::1]:8887->[::1]:58130: use of closed network connection
[go_vue_admin]2024-09-23 00:00:42.546	[31merror[0m	/Users/lihao/project/mall-pro/admin-gin/websocket/ws_handle.go:38	close tcp [::1]:8887->[::1]:55019: use of closed network connection
[go_vue_admin]2024-09-23 00:00:42.547	[31merror[0m	/Users/lihao/project/mall-pro/admin-gin/websocket/ws_handle.go:38	close tcp [::1]:8887->[::1]:65043: use of closed network connection
[go_vue_admin]2024-09-23 00:00:42.547	[31merror[0m	/Users/lihao/project/mall-pro/admin-gin/websocket/ws_handle.go:38	close tcp [::1]:8887->[::1]:53631: use of closed network connection
[go_vue_admin]2024-09-23 00:00:42.547	[31merror[0m	/Users/lihao/project/mall-pro/admin-gin/websocket/ws_handle.go:38	close tcp [::1]:8887->[::1]:53951: use of closed network connection
[go_vue_admin]2024-09-23 00:00:42.547	[31merror[0m	/Users/lihao/project/mall-pro/admin-gin/websocket/ws_handle.go:38	close tcp [::1]:8887->[::1]:59317: use of closed network connection
[go_vue_admin]2024-09-23 00:00:42.547	[31merror[0m	/Users/lihao/project/mall-pro/admin-gin/websocket/ws_handle.go:38	close tcp [::1]:8887->[::1]:54137: use of closed network connection
[go_vue_admin]2024-09-23 00:00:42.549	[31merror[0m	/Users/lihao/project/mall-pro/admin-gin/core/server.go:44	accept tcp [::]:8887: use of closed network connection
[go_vue_admin]2024-09-23 09:27:48.043	[31merror[0m	/Users/lihao/project/mall-pro/admin-gin/websocket/ws_handle.go:70	websocket: close 1001 (going away)
[go_vue_admin]2024-09-23 09:27:50.390	[31merror[0m	/Users/lihao/project/mall-pro/admin-gin/websocket/ws_handle.go:70	websocket: close 1001 (going away)
[go_vue_admin]2024-09-23 09:28:14.806	[31merror[0m	/Users/lihao/project/mall-pro/admin-gin/api/v1/system/sys_menu.go:29	èŽ·å–å¤±è´¥!	{"error": "invalid connection"}
[go_vue_admin]2024-09-23 09:31:02.533	[31merror[0m	/Users/lihao/project/mall-pro/admin-gin/websocket/ws_handle.go:70	websocket: close 1001 (going away)
[go_vue_admin]2024-09-23 09:31:25.434	[31merror[0m	/Users/lihao/project/mall-pro/admin-gin/websocket/ws_handle.go:70	websocket: close 1001 (going away)
[go_vue_admin]2024-09-23 09:31:54.600	[31merror[0m	/Users/lihao/project/mall-pro/admin-gin/websocket/ws_handle.go:70	websocket: close 1001 (going away)
[go_vue_admin]2024-09-23 09:32:06.191	[31merror[0m	/Users/lihao/project/mall-pro/admin-gin/websocket/ws_handle.go:70	websocket: close 1001 (going away)
[go_vue_admin]2024-09-23 09:32:41.758	[31merror[0m	/Users/lihao/project/mall-pro/admin-gin/websocket/ws_handle.go:70	websocket: close 1001 (going away)
[go_vue_admin]2024-09-23 09:32:57.177	[31merror[0m	/Users/lihao/project/mall-pro/admin-gin/websocket/ws_handle.go:70	websocket: close 1001 (going away)
[go_vue_admin]2024-09-23 09:33:17.060	[31merror[0m	/Users/lihao/project/mall-pro/admin-gin/websocket/ws_handle.go:70	websocket: close 1001 (going away)
[go_vue_admin]2024-09-23 09:33:34.381	[31merror[0m	/Users/lihao/project/mall-pro/admin-gin/websocket/ws_handle.go:70	websocket: close 1001 (going away)
[go_vue_admin]2024-09-23 09:35:26.429	[31merror[0m	/Users/lihao/project/mall-pro/admin-gin/websocket/ws_handle.go:70	websocket: close 1001 (going away)
[go_vue_admin]2024-09-23 09:37:36.108	[31merror[0m	/Users/lihao/project/mall-pro/admin-gin/websocket/ws_handle.go:70	websocket: close 1001 (going away)
[go_vue_admin]2024-09-23 09:38:23.897	[31merror[0m	/Users/lihao/project/mall-pro/admin-gin/websocket/ws_handle.go:70	websocket: close 1001 (going away)
[go_vue_admin]2024-09-23 09:40:20.306	[31merror[0m	/Users/lihao/project/mall-pro/admin-gin/websocket/ws_handle.go:70	websocket: close 1001 (going away)
[go_vue_admin]2024-09-23 09:45:15.047	[31merror[0m	/Users/lihao/project/mall-pro/admin-gin/websocket/ws_handle.go:70	websocket: close 1001 (going away)
[go_vue_admin]2024-09-23 09:45:15.835	[31merror[0m	/Users/lihao/project/mall-pro/admin-gin/websocket/ws_handle.go:70	websocket: close 1001 (going away)
[go_vue_admin]2024-09-23 09:49:19.751	[31merror[0m	/Users/lihao/project/mall-pro/admin-gin/websocket/ws_handle.go:70	websocket: close 1001 (going away)
[go_vue_admin]2024-09-23 09:49:20.949	[31merror[0m	/Users/lihao/project/mall-pro/admin-gin/websocket/ws_handle.go:70	websocket: close 1001 (going away)
[go_vue_admin]2024-09-23 09:49:24.053	[31merror[0m	/Users/lihao/project/mall-pro/admin-gin/websocket/ws_handle.go:70	websocket: close 1001 (going away)
[go_vue_admin]2024-09-23 09:51:09.663	[31merror[0m	/Users/lihao/project/mall-pro/admin-gin/websocket/ws_handle.go:70	websocket: close 1001 (going away)
[go_vue_admin]2024-09-23 09:51:35.021	[31merror[0m	/Users/lihao/project/mall-pro/admin-gin/websocket/ws_handle.go:70	websocket: close 1001 (going away)
[go_vue_admin]2024-09-23 09:57:37.547	[31merror[0m	/Users/lihao/project/mall-pro/admin-gin/websocket/ws_handle.go:70	websocket: close 1001 (going away)
[go_vue_admin]2024-09-23 09:57:40.628	[31merror[0m	/Users/lihao/project/mall-pro/admin-gin/websocket/ws_handle.go:70	websocket: close 1001 (going away)
[go_vue_admin]2024-09-23 09:58:12.379	[31merror[0m	/Users/lihao/project/mall-pro/admin-gin/websocket/ws_handle.go:70	websocket: close 1001 (going away)
[go_vue_admin]2024-09-23 09:59:58.643	[31merror[0m	/Users/lihao/project/mall-pro/admin-gin/websocket/ws_handle.go:70	websocket: close 1001 (going away)
[go_vue_admin]2024-09-23 10:00:15.591	[31merror[0m	/Users/lihao/project/mall-pro/admin-gin/websocket/ws_handle.go:70	websocket: close 1001 (going away)
[go_vue_admin]2024-09-23 10:00:27.529	[31merror[0m	/Users/lihao/project/mall-pro/admin-gin/websocket/ws_handle.go:70	websocket: close 1001 (going away)
[go_vue_admin]2024-09-23 10:03:39.296	[31merror[0m	/Users/lihao/project/mall-pro/admin-gin/websocket/ws_handle.go:70	websocket: close 1001 (going away)
[go_vue_admin]2024-09-23 10:04:19.285	[31merror[0m	/Users/lihao/project/mall-pro/admin-gin/websocket/ws_handle.go:70	websocket: close 1001 (going away)
[go_vue_admin]2024-09-23 10:04:20.137	[31merror[0m	/Users/lihao/project/mall-pro/admin-gin/websocket/ws_handle.go:70	websocket: close 1001 (going away)
[go_vue_admin]2024-09-23 10:06:26.295	[31merror[0m	/Users/lihao/project/mall-pro/admin-gin/websocket/ws_handle.go:70	websocket: close 1001 (going away)
[go_vue_admin]2024-09-23 10:07:01.693	[31merror[0m	/Users/lihao/project/mall-pro/admin-gin/websocket/ws_handle.go:70	websocket: close 1001 (going away)
[go_vue_admin]2024-09-23 10:07:02.644	[31merror[0m	/Users/lihao/project/mall-pro/admin-gin/websocket/ws_handle.go:70	websocket: close 1001 (going away)
[go_vue_admin]2024-09-23 10:07:09.577	[31merror[0m	/Users/lihao/project/mall-pro/admin-gin/websocket/ws_handle.go:70	websocket: close 1001 (going away)
[go_vue_admin]2024-09-23 10:08:46.148	[31merror[0m	/Users/lihao/project/mall-pro/admin-gin/websocket/ws_handle.go:70	websocket: close 1001 (going away)
[go_vue_admin]2024-09-23 10:10:32.673	[31merror[0m	/Users/lihao/project/mall-pro/admin-gin/websocket/ws_handle.go:70	websocket: close 1001 (going away)
[go_vue_admin]2024-09-23 10:11:53.202	[31merror[0m	/Users/lihao/project/mall-pro/admin-gin/websocket/ws_handle.go:70	websocket: close 1001 (going away)
[go_vue_admin]2024-09-23 10:14:08.732	[31merror[0m	/Users/lihao/project/mall-pro/admin-gin/websocket/ws_handle.go:70	websocket: close 1001 (going away)
[go_vue_admin]2024-09-23 10:14:09.751	[31merror[0m	/Users/lihao/project/mall-pro/admin-gin/websocket/ws_handle.go:70	websocket: close 1001 (going away)
[go_vue_admin]2024-09-23 10:17:02.057	[31merror[0m	/Users/lihao/project/mall-pro/admin-gin/websocket/ws_handle.go:70	websocket: close 1001 (going away)
[go_vue_admin]2024-09-23 10:19:34.659	[31merror[0m	/Users/lihao/project/mall-pro/admin-gin/websocket/ws_handle.go:70	websocket: close 1001 (going away)
[go_vue_admin]2024-09-23 10:19:56.238	[31merror[0m	/Users/lihao/project/mall-pro/admin-gin/websocket/ws_handle.go:70	websocket: close 1001 (going away)
[go_vue_admin]2024-09-23 10:20:24.358	[31merror[0m	/Users/lihao/project/mall-pro/admin-gin/websocket/ws_handle.go:70	websocket: close 1001 (going away)
[go_vue_admin]2024-09-23 10:27:21.735	[31merror[0m	/Users/lihao/project/mall-pro/admin-gin/websocket/ws_handle.go:70	websocket: close 1001 (going away)
[go_vue_admin]2024-09-23 10:27:24.684	[31merror[0m	/Users/lihao/project/mall-pro/admin-gin/websocket/ws_handle.go:70	websocket: close 1001 (going away)
[go_vue_admin]2024-09-23 10:30:05.459	[31merror[0m	/Users/lihao/project/mall-pro/admin-gin/websocket/ws_handle.go:70	websocket: close 1001 (going away)
[go_vue_admin]2024-09-23 10:32:18.165	[31merror[0m	/Users/lihao/project/mall-pro/admin-gin/websocket/ws_handle.go:70	websocket: close 1001 (going away)
[go_vue_admin]2024-09-23 10:32:38.567	[31merror[0m	/Users/lihao/project/mall-pro/admin-gin/websocket/ws_handle.go:70	websocket: close 1001 (going away)
[go_vue_admin]2024-09-23 10:33:10.814	[31merror[0m	/Users/lihao/project/mall-pro/admin-gin/websocket/ws_handle.go:70	websocket: close 1001 (going away)
[go_vue_admin]2024-09-23 10:33:36.746	[31merror[0m	/Users/lihao/project/mall-pro/admin-gin/websocket/ws_handle.go:70	websocket: close 1001 (going away)
[go_vue_admin]2024-09-23 10:33:45.794	[31merror[0m	/Users/lihao/project/mall-pro/admin-gin/websocket/ws_handle.go:70	websocket: close 1001 (going away)
[go_vue_admin]2024-09-23 10:35:26.177	[31merror[0m	/Users/lihao/project/mall-pro/admin-gin/websocket/ws_handle.go:70	websocket: close 1001 (going away)
[go_vue_admin]2024-09-23 10:36:38.070	[31merror[0m	/Users/lihao/project/mall-pro/admin-gin/api/v1/product/pro_goods.go:200	å·²å¤±æ•ˆ
[go_vue_admin]2024-09-23 10:42:07.826	[31merror[0m	/Users/lihao/project/mall-pro/admin-gin/websocket/ws_handle.go:70	websocket: close 1001 (going away)
[go_vue_admin]2024-09-23 10:45:28.251	[31merror[0m	/Users/lihao/project/mall-pro/admin-gin/websocket/ws_handle.go:70	websocket: close 1001 (going away)
[go_vue_admin]2024-09-23 10:46:28.791	[31merror[0m	/Users/lihao/project/mall-pro/admin-gin/websocket/ws_handle.go:70	websocket: close 1001 (going away)
[go_vue_admin]2024-09-23 10:48:23.248	[31merror[0m	/Users/lihao/project/mall-pro/admin-gin/websocket/ws_handle.go:70	websocket: close 1001 (going away)
[go_vue_admin]2024-09-23 10:48:34.130	[31merror[0m	/Users/lihao/project/mall-pro/admin-gin/websocket/ws_handle.go:70	websocket: close 1001 (going away)
[go_vue_admin]2024-09-23 10:51:08.127	[31merror[0m	/Users/lihao/project/mall-pro/admin-gin/websocket/ws_handle.go:70	websocket: close 1001 (going away)
[go_vue_admin]2024-09-23 10:56:47.704	[31merror[0m	/Users/lihao/project/mall-pro/admin-gin/websocket/ws_handle.go:70	websocket: close 1001 (going away)
[go_vue_admin]2024-09-23 10:57:49.092	[31merror[0m	/Users/lihao/project/mall-pro/admin-gin/websocket/ws_handle.go:70	websocket: close 1001 (going away)
[go_vue_admin]2024-09-23 10:58:13.403	[31merror[0m	/Users/lihao/project/mall-pro/admin-gin/websocket/ws_handle.go:70	websocket: close 1001 (going away)
[go_vue_admin]2024-09-23 11:01:57.553	[31merror[0m	/Users/lihao/project/mall-pro/admin-gin/websocket/ws_handle.go:70	websocket: close 1001 (going away)
[go_vue_admin]2024-09-23 11:07:25.337	[31merror[0m	/Users/lihao/project/mall-pro/admin-gin/websocket/ws_handle.go:70	websocket: close 1001 (going away)
[go_vue_admin]2024-09-23 11:07:28.487	[31merror[0m	/Users/lihao/project/mall-pro/admin-gin/websocket/ws_handle.go:70	websocket: close 1001 (going away)
[go_vue_admin]2024-09-23 11:08:25.150	[31merror[0m	/Users/lihao/project/mall-pro/admin-gin/websocket/ws_handle.go:70	websocket: close 1001 (going away)
[go_vue_admin]2024-09-23 11:08:54.310	[31merror[0m	/Users/lihao/project/mall-pro/admin-gin/websocket/ws_handle.go:70	websocket: close 1001 (going away)
[go_vue_admin]2024-09-23 11:10:02.837	[31merror[0m	/Users/lihao/project/mall-pro/admin-gin/websocket/ws_handle.go:70	websocket: close 1001 (going away)
[go_vue_admin]2024-09-23 11:16:09.526	[31merror[0m	/Users/lihao/project/mall-pro/admin-gin/api/v1/product/pro_goods.go:200	å·²å¤±æ•ˆ
[go_vue_admin]2024-09-23 11:16:10.898	[31merror[0m	/Users/lihao/project/mall-pro/admin-gin/api/v1/product/pro_goods.go:200	å·²å¤±æ•ˆ
[go_vue_admin]2024-09-23 11:26:25.441	[31merror[0m	/Users/lihao/project/mall-pro/admin-gin/websocket/ws_handle.go:70	websocket: close 1006 (abnormal closure): unexpected EOF
[go_vue_admin]2024-09-23 11:26:25.441	[31merror[0m	/Users/lihao/project/mall-pro/admin-gin/websocket/ws_handle.go:70	websocket: close 1006 (abnormal closure): unexpected EOF
[go_vue_admin]2024-09-23 13:17:42.010	[31merror[0m	/Users/lihao/project/mall-pro/admin-gin/api/v1/product/pro_goods.go:200	å·²å¤±æ•ˆ
[go_vue_admin]2024-09-23 13:18:32.405	[31merror[0m	/Users/lihao/project/mall-pro/admin-gin/websocket/ws_handle.go:70	websocket: close 1001 (going away)
[go_vue_admin]2024-09-23 13:43:53.401	[31merror[0m	/Users/lihao/project/mall-pro/admin-gin/websocket/ws_handle.go:70	websocket: close 1001 (going away)
[go_vue_admin]2024-09-23 13:43:56.118	[31merror[0m	/Users/lihao/project/mall-pro/admin-gin/websocket/ws_handle.go:70	websocket: close 1001 (going away)
[go_vue_admin]2024-09-23 13:55:17.762	[31merror[0m	/Users/lihao/project/mall-pro/admin-gin/websocket/ws_handle.go:70	websocket: close 1001 (going away)
[go_vue_admin]2024-09-23 13:55:20.266	[31merror[0m	/Users/lihao/project/mall-pro/admin-gin/websocket/ws_handle.go:70	websocket: close 1001 (going away)
[go_vue_admin]2024-09-23 14:03:08.709	[31merror[0m	/Users/lihao/project/mall-pro/admin-gin/websocket/ws_handle.go:70	websocket: close 1001 (going away)
[go_vue_admin]2024-09-23 14:03:15.239	[31merror[0m	/Users/lihao/project/mall-pro/admin-gin/websocket/ws_handle.go:70	websocket: close 1001 (going away)
[go_vue_admin]2024-09-23 14:43:45.219	[31merror[0m	/Users/lihao/project/mall-pro/admin-gin/websocket/ws_handle.go:70	websocket: close 1001 (going away)
[go_vue_admin]2024-09-23 14:43:49.120	[31merror[0m	/Users/lihao/project/mall-pro/admin-gin/websocket/ws_handle.go:70	websocket: close 1001 (going away)
[go_vue_admin]2024-09-23 14:55:24.602	[31merror[0m	/Users/lihao/project/mall-pro/admin-gin/websocket/ws_handle.go:70	websocket: close 1001 (going away)
[go_vue_admin]2024-09-23 14:55:27.099	[31merror[0m	/Users/lihao/project/mall-pro/admin-gin/websocket/ws_handle.go:70	websocket: close 1001 (going away)
[go_vue_admin]2024-09-23 15:18:56.114	[31merror[0m	/Users/lihao/project/mall-pro/admin-gin/websocket/ws_handle.go:70	websocket: close 1001 (going away)
[go_vue_admin]2024-09-23 15:18:57.941	[31merror[0m	/Users/lihao/project/mall-pro/admin-gin/api/v1/product/pro_goods.go:200	å·²æ”¶è—
[go_vue_admin]2024-09-23 15:18:59.605	[31merror[0m	/Users/lihao/project/mall-pro/admin-gin/websocket/ws_handle.go:70	websocket: close 1001 (going away)
[go_vue_admin]2024-09-23 15:21:33.457	[31merror[0m	/Users/lihao/project/mall-pro/admin-gin/websocket/ws_handle.go:70	websocket: close 1001 (going away)
[go_vue_admin]2024-09-23 15:21:45.503	[31merror[0m	/Users/lihao/project/mall-pro/admin-gin/websocket/ws_handle.go:70	websocket: close 1001 (going away)
[go_vue_admin]2024-09-23 15:25:36.988	[31merror[0m	/Users/lihao/project/mall-pro/admin-gin/websocket/ws_handle.go:70	websocket: close 1001 (going away)
[go_vue_admin]2024-09-23 15:26:00.467	[31merror[0m	/Users/lihao/project/mall-pro/admin-gin/websocket/ws_handle.go:70	websocket: close 1006 (abnormal closure): unexpected EOF
[go_vue_admin]2024-09-23 21:49:18.463	[31merror[0m	/Users/lihao/project/mall-pro/admin-gin/websocket/ws_handle.go:38	close tcp [::1]:8887->[::1]:55283: use of closed network connection
[go_vue_admin]2024-09-23 21:49:18.463	[31merror[0m	/Users/lihao/project/mall-pro/admin-gin/websocket/ws_handle.go:38	close tcp [::1]:8887->[::1]:60291: use of closed network connection
[go_vue_admin]2024-09-23 21:49:18.463	[31merror[0m	/Users/lihao/project/mall-pro/admin-gin/websocket/ws_handle.go:38	close tcp [::1]:8887->[::1]:63631: use of closed network connection
[go_vue_admin]2024-09-23 21:49:18.463	[31merror[0m	/Users/lihao/project/mall-pro/admin-gin/websocket/ws_handle.go:38	close tcp [::1]:8887->[::1]:52382: use of closed network connection
[go_vue_admin]2024-09-23 21:49:18.463	[31merror[0m	/Users/lihao/project/mall-pro/admin-gin/websocket/ws_handle.go:38	close tcp [::1]:8887->[::1]:53698: use of closed network connection
[go_vue_admin]2024-09-23 21:49:18.463	[31merror[0m	/Users/lihao/project/mall-pro/admin-gin/websocket/ws_handle.go:38	close tcp [::1]:8887->[::1]:53334: use of closed network connection
[go_vue_admin]2024-09-23 21:49:18.463	[31merror[0m	/Users/lihao/project/mall-pro/admin-gin/websocket/ws_handle.go:38	close tcp [::1]:8887->[::1]:63528: use of closed network connection
[go_vue_admin]2024-09-23 21:49:18.463	[31merror[0m	/Users/lihao/project/mall-pro/admin-gin/websocket/ws_handle.go:38	close tcp [::1]:8887->[::1]:63495: use of closed network connection
[go_vue_admin]2024-09-23 21:49:18.463	[31merror[0m	/Users/lihao/project/mall-pro/admin-gin/websocket/ws_handle.go:38	close tcp [::1]:8887->[::1]:54557: use of closed network connection
[go_vue_admin]2024-09-23 21:49:18.463	[31merror[0m	/Users/lihao/project/mall-pro/admin-gin/websocket/ws_handle.go:38	close tcp [::1]:8887->[::1]:62755: use of closed network connection
[go_vue_admin]2024-09-23 21:49:18.463	[31merror[0m	/Users/lihao/project/mall-pro/admin-gin/websocket/ws_handle.go:38	close tcp [::1]:8887->[::1]:54674: use of closed network connection
[go_vue_admin]2024-09-23 21:49:18.463	[31merror[0m	/Users/lihao/project/mall-pro/admin-gin/websocket/ws_handle.go:38	close tcp [::1]:8887->[::1]:65427: use of closed network connection
[go_vue_admin]2024-09-23 21:49:18.463	[31merror[0m	/Users/lihao/project/mall-pro/admin-gin/websocket/ws_handle.go:38	close tcp [::1]:8887->[::1]:53697: use of closed network connection
[go_vue_admin]2024-09-23 21:49:18.463	[31merror[0m	/Users/lihao/project/mall-pro/admin-gin/websocket/ws_handle.go:38	close tcp [::1]:8887->[::1]:63423: use of closed network connection
[go_vue_admin]2024-09-23 21:49:18.463	[31merror[0m	/Users/lihao/project/mall-pro/admin-gin/websocket/ws_handle.go:38	close tcp [::1]:8887->[::1]:54721: use of closed network connection
[go_vue_admin]2024-09-23 21:49:18.463	[31merror[0m	/Users/lihao/project/mall-pro/admin-gin/websocket/ws_handle.go:38	close tcp [::1]:8887->[::1]:62786: use of closed network connection
[go_vue_admin]2024-09-23 21:49:18.463	[31merror[0m	/Users/lihao/project/mall-pro/admin-gin/websocket/ws_handle.go:38	close tcp [::1]:8887->[::1]:65446: use of closed network connection
[go_vue_admin]2024-09-23 21:49:18.463	[31merror[0m	/Users/lihao/project/mall-pro/admin-gin/websocket/ws_handle.go:38	close tcp [::1]:8887->[::1]:49383: use of closed network connection
[go_vue_admin]2024-09-23 21:49:18.463	[31merror[0m	/Users/lihao/project/mall-pro/admin-gin/websocket/ws_handle.go:38	close tcp [::1]:8887->[::1]:57245: use of closed network connection
[go_vue_admin]2024-09-23 21:49:18.463	[31merror[0m	/Users/lihao/project/mall-pro/admin-gin/websocket/ws_handle.go:38	close tcp [::1]:8887->[::1]:54340: use of closed network connection
[go_vue_admin]2024-09-23 21:49:18.463	[31merror[0m	/Users/lihao/project/mall-pro/admin-gin/websocket/ws_handle.go:38	close tcp [::1]:8887->[::1]:57963: use of closed network connection
[go_vue_admin]2024-09-23 21:49:18.463	[31merror[0m	/Users/lihao/project/mall-pro/admin-gin/websocket/ws_handle.go:38	close tcp [::1]:8887->[::1]:63551: use of closed network connection
[go_vue_admin]2024-09-23 21:49:18.463	[31merror[0m	/Users/lihao/project/mall-pro/admin-gin/websocket/ws_handle.go:38	close tcp [::1]:8887->[::1]:50075: use of closed network connection
[go_vue_admin]2024-09-23 21:49:18.463	[31merror[0m	/Users/lihao/project/mall-pro/admin-gin/websocket/ws_handle.go:38	close tcp [::1]:8887->[::1]:63458: use of closed network connection
[go_vue_admin]2024-09-23 21:49:18.463	[31merror[0m	/Users/lihao/project/mall-pro/admin-gin/websocket/ws_handle.go:38	close tcp [::1]:8887->[::1]:63534: use of closed network connection
[go_vue_admin]2024-09-23 21:49:18.463	[31merror[0m	/Users/lihao/project/mall-pro/admin-gin/websocket/ws_handle.go:38	close tcp [::1]:8887->[::1]:63478: use of closed network connection
[go_vue_admin]2024-09-23 21:49:18.463	[31merror[0m	/Users/lihao/project/mall-pro/admin-gin/websocket/ws_handle.go:38	close tcp [::1]:8887->[::1]:61864: use of closed network connection
[go_vue_admin]2024-09-23 21:49:18.463	[31merror[0m	/Users/lihao/project/mall-pro/admin-gin/websocket/ws_handle.go:38	close tcp [::1]:8887->[::1]:61114: use of closed network connection
[go_vue_admin]2024-09-23 21:49:18.463	[31merror[0m	/Users/lihao/project/mall-pro/admin-gin/websocket/ws_handle.go:38	close tcp [::1]:8887->[::1]:52825: use of closed network connection
[go_vue_admin]2024-09-23 21:49:18.463	[31merror[0m	/Users/lihao/project/mall-pro/admin-gin/websocket/ws_handle.go:38	close tcp [::1]:8887->[::1]:63306: use of closed network connection
[go_vue_admin]2024-09-23 21:49:18.463	[31merror[0m	/Users/lihao/project/mall-pro/admin-gin/websocket/ws_handle.go:38	close tcp [::1]:8887->[::1]:52234: use of closed network connection
[go_vue_admin]2024-09-23 21:49:18.463	[31merror[0m	/Users/lihao/project/mall-pro/admin-gin/websocket/ws_handle.go:38	close tcp [::1]:8887->[::1]:53867: use of closed network connection
[go_vue_admin]2024-09-23 21:49:18.463	[31merror[0m	/Users/lihao/project/mall-pro/admin-gin/websocket/ws_handle.go:38	close tcp [::1]:8887->[::1]:63563: use of closed network connection
[go_vue_admin]2024-09-23 21:49:18.463	[31merror[0m	/Users/lihao/project/mall-pro/admin-gin/websocket/ws_handle.go:38	close tcp [::1]:8887->[::1]:53879: use of closed network connection
[go_vue_admin]2024-09-23 21:49:18.463	[31merror[0m	/Users/lihao/project/mall-pro/admin-gin/websocket/ws_handle.go:38	close tcp [::1]:8887->[::1]:60353: use of closed network connection
[go_vue_admin]2024-09-23 21:49:18.463	[31merror[0m	/Users/lihao/project/mall-pro/admin-gin/websocket/ws_handle.go:38	close tcp [::1]:8887->[::1]:59448: use of closed network connection
[go_vue_admin]2024-09-23 21:49:18.463	[31merror[0m	/Users/lihao/project/mall-pro/admin-gin/websocket/ws_handle.go:38	close tcp [::1]:8887->[::1]:58801: use of closed network connection
[go_vue_admin]2024-09-23 21:49:18.463	[31merror[0m	/Users/lihao/project/mall-pro/admin-gin/websocket/ws_handle.go:38	close tcp [::1]:8887->[::1]:53671: use of closed network connection
[go_vue_admin]2024-09-23 21:49:18.463	[31merror[0m	/Users/lihao/project/mall-pro/admin-gin/websocket/ws_handle.go:38	close tcp [::1]:8887->[::1]:60333: use of closed network connection
[go_vue_admin]2024-09-23 21:49:18.463	[31merror[0m	/Users/lihao/project/mall-pro/admin-gin/websocket/ws_handle.go:38	close tcp [::1]:8887->[::1]:54636: use of closed network connection
[go_vue_admin]2024-09-23 21:49:18.463	[31merror[0m	/Users/lihao/project/mall-pro/admin-gin/websocket/ws_handle.go:38	close tcp [::1]:8887->[::1]:55405: use of closed network connection
[go_vue_admin]2024-09-23 21:49:18.463	[31merror[0m	/Users/lihao/project/mall-pro/admin-gin/websocket/ws_handle.go:38	close tcp [::1]:8887->[::1]:63329: use of closed network connection
[go_vue_admin]2024-09-23 21:49:18.463	[31merror[0m	/Users/lihao/project/mall-pro/admin-gin/websocket/ws_handle.go:38	close tcp [::1]:8887->[::1]:60618: use of closed network connection
[go_vue_admin]2024-09-23 21:49:18.463	[31merror[0m	/Users/lihao/project/mall-pro/admin-gin/websocket/ws_handle.go:38	close tcp [::1]:8887->[::1]:63297: use of closed network connection
[go_vue_admin]2024-09-23 21:49:18.463	[31merror[0m	/Users/lihao/project/mall-pro/admin-gin/websocket/ws_handle.go:38	close tcp [::1]:8887->[::1]:63256: use of closed network connection
[go_vue_admin]2024-09-23 21:49:18.463	[31merror[0m	/Users/lihao/project/mall-pro/admin-gin/websocket/ws_handle.go:38	close tcp [::1]:8887->[::1]:63229: use of closed network connection
[go_vue_admin]2024-09-23 21:49:18.463	[31merror[0m	/Users/lihao/project/mall-pro/admin-gin/websocket/ws_handle.go:38	close tcp [::1]:8887->[::1]:63515: use of closed network connection
[go_vue_admin]2024-09-23 21:49:18.463	[31merror[0m	/Users/lihao/project/mall-pro/admin-gin/websocket/ws_handle.go:38	close tcp [::1]:8887->[::1]:65403: use of closed network connection
[go_vue_admin]2024-09-23 21:49:18.463	[31merror[0m	/Users/lihao/project/mall-pro/admin-gin/websocket/ws_handle.go:38	close tcp [::1]:8887->[::1]:50098: use of closed network connection
[go_vue_admin]2024-09-23 21:49:18.463	[31merror[0m	/Users/lihao/project/mall-pro/admin-gin/websocket/ws_handle.go:38	close tcp [::1]:8887->[::1]:63430: use of closed network connection
[go_vue_admin]2024-09-23 21:49:18.463	[31merror[0m	/Users/lihao/project/mall-pro/admin-gin/websocket/ws_handle.go:38	close tcp [::1]:8887->[::1]:63341: use of closed network connection
[go_vue_admin]2024-09-23 21:49:18.463	[31merror[0m	/Users/lihao/project/mall-pro/admin-gin/websocket/ws_handle.go:38	close tcp [::1]:8887->[::1]:50574: use of closed network connection
[go_vue_admin]2024-09-23 21:49:18.463	[31merror[0m	/Users/lihao/project/mall-pro/admin-gin/websocket/ws_handle.go:38	close tcp [::1]:8887->[::1]:54482: use of closed network connection
[go_vue_admin]2024-09-23 21:49:18.463	[31merror[0m	/Users/lihao/project/mall-pro/admin-gin/websocket/ws_handle.go:38	close tcp [::1]:8887->[::1]:52981: use of closed network connection
[go_vue_admin]2024-09-23 21:49:18.463	[31merror[0m	/Users/lihao/project/mall-pro/admin-gin/websocket/ws_handle.go:38	close tcp [::1]:8887->[::1]:63217: use of closed network connection
[go_vue_admin]2024-09-23 21:49:18.463	[31merror[0m	/Users/lihao/project/mall-pro/admin-gin/websocket/ws_handle.go:70	read tcp [::1]:8887->[::1]:55697: use of closed network connection
[go_vue_admin]2024-09-23 21:49:18.463	[31merror[0m	/Users/lihao/project/mall-pro/admin-gin/websocket/ws_handle.go:38	close tcp [::1]:8887->[::1]:53318: use of closed network connection
[go_vue_admin]2024-09-23 21:49:18.463	[31merror[0m	/Users/lihao/project/mall-pro/admin-gin/websocket/ws_handle.go:38	close tcp [::1]:8887->[::1]:65080: use of closed network connection
[go_vue_admin]2024-09-23 21:49:18.463	[31merror[0m	/Users/lihao/project/mall-pro/admin-gin/websocket/ws_handle.go:38	close tcp [::1]:8887->[::1]:53304: use of closed network connection
[go_vue_admin]2024-09-23 21:49:18.463	[31merror[0m	/Users/lihao/project/mall-pro/admin-gin/websocket/ws_handle.go:38	close tcp [::1]:8887->[::1]:61175: use of closed network connection
[go_vue_admin]2024-09-23 21:49:18.463	[31merror[0m	/Users/lihao/project/mall-pro/admin-gin/websocket/ws_handle.go:38	close tcp [::1]:8887->[::1]:52920: use of closed network connection
[go_vue_admin]2024-09-23 21:49:18.463	[31merror[0m	/Users/lihao/project/mall-pro/admin-gin/websocket/ws_handle.go:38	close tcp [::1]:8887->[::1]:53927: use of closed network connection
[go_vue_admin]2024-09-23 21:49:18.463	[31merror[0m	/Users/lihao/project/mall-pro/admin-gin/websocket/ws_handle.go:38	close tcp [::1]:8887->[::1]:49347: use of closed network connection
[go_vue_admin]2024-09-23 21:49:18.463	[31merror[0m	/Users/lihao/project/mall-pro/admin-gin/websocket/ws_handle.go:38	close tcp [::1]:8887->[::1]:62809: use of closed network connection
[go_vue_admin]2024-09-23 21:49:18.463	[31merror[0m	/Users/lihao/project/mall-pro/admin-gin/websocket/ws_handle.go:38	close tcp [::1]:8887->[::1]:59204: use of closed network connection
[go_vue_admin]2024-09-23 21:49:18.463	[31merror[0m	/Users/lihao/project/mall-pro/admin-gin/websocket/ws_handle.go:38	close tcp [::1]:8887->[::1]:64287: use of closed network connection
[go_vue_admin]2024-09-23 21:49:18.463	[31merror[0m	/Users/lihao/project/mall-pro/admin-gin/websocket/ws_handle.go:38	close tcp [::1]:8887->[::1]:58556: use of closed network connection
[go_vue_admin]2024-09-23 21:49:18.463	[31merror[0m	/Users/lihao/project/mall-pro/admin-gin/websocket/ws_handle.go:38	close tcp [::1]:8887->[::1]:55533: use of closed network connection
[go_vue_admin]2024-09-23 21:49:18.463	[31merror[0m	/Users/lihao/project/mall-pro/admin-gin/websocket/ws_handle.go:38	close tcp [::1]:8887->[::1]:54700: use of closed network connection
[go_vue_admin]2024-09-23 21:49:18.463	[31merror[0m	/Users/lihao/project/mall-pro/admin-gin/websocket/ws_handle.go:38	close tcp [::1]:8887->[::1]:52200: use of closed network connection
[go_vue_admin]2024-09-23 21:49:18.463	[31merror[0m	/Users/lihao/project/mall-pro/admin-gin/websocket/ws_handle.go:38	close tcp [::1]:8887->[::1]:65425: use of closed network connection
[go_vue_admin]2024-09-23 21:49:18.463	[31merror[0m	/Users/lihao/project/mall-pro/admin-gin/websocket/ws_handle.go:38	close tcp [::1]:8887->[::1]:63966: use of closed network connection
[go_vue_admin]2024-09-23 21:49:18.463	[31merror[0m	/Users/lihao/project/mall-pro/admin-gin/websocket/ws_handle.go:38	close tcp [::1]:8887->[::1]:54806: use of closed network connection
[go_vue_admin]2024-09-23 21:49:18.463	[31merror[0m	/Users/lihao/project/mall-pro/admin-gin/websocket/ws_handle.go:38	close tcp [::1]:8887->[::1]:50129: use of closed network connection
[go_vue_admin]2024-09-23 21:49:18.463	[31merror[0m	/Users/lihao/project/mall-pro/admin-gin/websocket/ws_handle.go:38	close tcp [::1]:8887->[::1]:58922: use of closed network connection
[go_vue_admin]2024-09-23 21:49:18.463	[31merror[0m	/Users/lihao/project/mall-pro/admin-gin/websocket/ws_handle.go:38	close tcp [::1]:8887->[::1]:63429: use of closed network connection
[go_vue_admin]2024-09-23 21:49:18.463	[31merror[0m	/Users/lihao/project/mall-pro/admin-gin/websocket/ws_handle.go:38	close tcp [::1]:8887->[::1]:64775: use of closed network connection
[go_vue_admin]2024-09-23 21:49:18.463	[31merror[0m	/Users/lihao/project/mall-pro/admin-gin/websocket/ws_handle.go:38	close tcp [::1]:8887->[::1]:58657: use of closed network connection
[go_vue_admin]2024-09-23 21:49:18.463	[31merror[0m	/Users/lihao/project/mall-pro/admin-gin/websocket/ws_handle.go:38	close tcp [::1]:8887->[::1]:63594: use of closed network connection
[go_vue_admin]2024-09-23 21:49:18.463	[31merror[0m	/Users/lihao/project/mall-pro/admin-gin/websocket/ws_handle.go:38	close tcp [::1]:8887->[::1]:50701: use of closed network connection
[go_vue_admin]2024-09-23 21:49:18.463	[31merror[0m	/Users/lihao/project/mall-pro/admin-gin/websocket/ws_handle.go:38	close tcp [::1]:8887->[::1]:57277: use of closed network connection
[go_vue_admin]2024-09-23 21:49:18.463	[31merror[0m	/Users/lihao/project/mall-pro/admin-gin/websocket/ws_handle.go:38	close tcp [::1]:8887->[::1]:64067: use of closed network connection
[go_vue_admin]2024-09-23 21:49:18.463	[31merror[0m	/Users/lihao/project/mall-pro/admin-gin/websocket/ws_handle.go:38	close tcp [::1]:8887->[::1]:63309: use of closed network connection
[go_vue_admin]2024-09-23 21:49:18.463	[31merror[0m	/Users/lihao/project/mall-pro/admin-gin/websocket/ws_handle.go:38	close tcp [::1]:8887->[::1]:65056: use of closed network connection
[go_vue_admin]2024-09-23 21:49:18.463	[31merror[0m	/Users/lihao/project/mall-pro/admin-gin/websocket/ws_handle.go:38	close tcp [::1]:8887->[::1]:63289: use of closed network connection
[go_vue_admin]2024-09-23 21:49:18.463	[31merror[0m	/Users/lihao/project/mall-pro/admin-gin/websocket/ws_handle.go:38	close tcp [::1]:8887->[::1]:58973: use of closed network connection
[go_vue_admin]2024-09-23 21:49:18.464	[31merror[0m	/Users/lihao/project/mall-pro/admin-gin/websocket/ws_handle.go:70	read tcp [::1]:8887->[::1]:57353: use of closed network connection
[go_vue_admin]2024-09-23 21:49:18.463	[31merror[0m	/Users/lihao/project/mall-pro/admin-gin/websocket/ws_handle.go:38	close tcp [::1]:8887->[::1]:63004: use of closed network connection
[go_vue_admin]2024-09-23 21:49:18.464	[31merror[0m	/Users/lihao/project/mall-pro/admin-gin/core/server.go:44	accept tcp [::]:8887: use of closed network connection
[go_vue_admin]2024-09-23 22:15:36.095	[31merror[0m	/Users/lihao/project/mall-pro/admin-gin/api/v1/product/pro_goods.go:200	Error 1292 (22007): Incorrect datetime value: '0000-00-00' for column 'coupon_end_time' at row 1
[go_vue_admin]2024-09-23 22:18:35.705	[31merror[0m	/Users/lihao/project/mall-pro/admin-gin/websocket/ws_handle.go:70	read tcp [::1]:8887->[::1]:59476: use of closed network connection
[go_vue_admin]2024-09-23 22:18:35.705	[31merror[0m	/Users/lihao/project/mall-pro/admin-gin/core/server.go:44	accept tcp [::]:8887: use of closed network connection
[go_vue_admin]2024-09-23 22:18:45.798	[31merror[0m	/Users/lihao/project/mall-pro/admin-gin/api/v1/product/pro_goods.go:200	Error 1292 (22007): Incorrect datetime value: '0000-00-00' for column 'coupon_end_time' at row 1
[go_vue_admin]2024-09-23 22:20:06.591	[31merror[0m	/Users/lihao/project/mall-pro/admin-gin/websocket/ws_handle.go:70	read tcp [::1]:8887->[::1]:60359: use of closed network connection
[go_vue_admin]2024-09-23 22:20:06.591	[31merror[0m	/Users/lihao/project/mall-pro/admin-gin/core/server.go:44	accept tcp [::]:8887: use of closed network connection
[go_vue_admin]2024-09-23 22:21:51.138	[31merror[0m	/Users/lihao/project/mall-pro/admin-gin/api/v1/product/pro_goods.go:200	å·²æ”¶è—
[go_vue_admin]2024-09-23 22:21:52.802	[31merror[0m	/Users/lihao/project/mall-pro/admin-gin/api/v1/product/pro_goods.go:200	å·²æ”¶è—
[go_vue_admin]2024-09-23 22:22:31.016	[31merror[0m	/Users/lihao/project/mall-pro/admin-gin/api/v1/product/pro_goods.go:200	å·²æ”¶è—
[go_vue_admin]2024-09-23 22:22:32.080	[31merror[0m	/Users/lihao/project/mall-pro/admin-gin/api/v1/product/pro_goods.go:200	å·²æ”¶è—
[go_vue_admin]2024-09-23 22:22:32.762	[31merror[0m	/Users/lihao/project/mall-pro/admin-gin/api/v1/product/pro_goods.go:200	å·²æ”¶è—
[go_vue_admin]2024-09-23 22:25:39.014	[31merror[0m	/Users/lihao/project/mall-pro/admin-gin/websocket/ws_handle.go:70	websocket: close 1001 (going away)
[go_vue_admin]2024-09-23 22:26:08.857	[31merror[0m	/Users/lihao/project/mall-pro/admin-gin/service/product/pro_goods.go:852	redis: nil
[go_vue_admin]2024-09-23 22:26:14.203	[31merror[0m	/Users/lihao/project/mall-pro/admin-gin/websocket/ws_handle.go:70	websocket: close 1001 (going away)
[go_vue_admin]2024-09-23 22:27:32.625	[31merror[0m	/Users/lihao/project/mall-pro/admin-gin/websocket/ws_handle.go:70	websocket: close 1001 (going away)
[go_vue_admin]2024-09-23 22:48:02.991	[31merror[0m	/Users/lihao/project/mall-pro/admin-gin/websocket/ws_handle.go:70	websocket: close 1001 (going away)
[go_vue_admin]2024-09-23 22:48:05.442	[31merror[0m	/Users/lihao/project/mall-pro/admin-gin/websocket/ws_handle.go:70	websocket: close 1001 (going away)
[go_vue_admin]2024-09-23 23:43:12.716	[31merror[0m	/Users/lihao/project/mall-pro/admin-gin/websocket/ws_handle.go:70	read tcp [::1]:8887->[::1]:51828: use of closed network connection
[go_vue_admin]2024-09-23 23:43:12.716	[31merror[0m	/Users/lihao/project/mall-pro/admin-gin/websocket/ws_handle.go:70	read tcp [::1]:8887->[::1]:61228: use of closed network connection
[go_vue_admin]2024-09-23 23:43:12.716	[31merror[0m	/Users/lihao/project/mall-pro/admin-gin/websocket/ws_handle.go:38	close tcp [::1]:8887->[::1]:51790: use of closed network connection
[go_vue_admin]2024-09-23 23:43:12.716	[31merror[0m	/Users/lihao/project/mall-pro/admin-gin/websocket/ws_handle.go:38	close tcp [::1]:8887->[::1]:62837: use of closed network connection
[go_vue_admin]2024-09-23 23:43:12.716	[31merror[0m	/Users/lihao/project/mall-pro/admin-gin/websocket/ws_handle.go:38	close tcp [::1]:8887->[::1]:60770: use of closed network connection
[go_vue_admin]2024-09-23 23:43:12.716	[31merror[0m	/Users/lihao/project/mall-pro/admin-gin/websocket/ws_handle.go:38	close tcp [::1]:8887->[::1]:62274: use of closed network connection
[go_vue_admin]2024-09-23 23:43:12.716	[31merror[0m	/Users/lihao/project/mall-pro/admin-gin/websocket/ws_handle.go:38	close tcp [::1]:8887->[::1]:62469: use of closed network connection
[go_vue_admin]2024-09-23 23:43:12.716	[31merror[0m	/Users/lihao/project/mall-pro/admin-gin/core/server.go:44	accept tcp [::]:8887: use of closed network connection
[go_vue_admin]2024-09-23 23:49:44.151	[31merror[0m	/Users/lihao/project/mall-pro/admin-gin/core/server.go:44	accept tcp [::]:8887: use of closed network connection
[go_vue_admin]2024-09-23 23:49:55.802	[31merror[0m	/Users/lihao/project/mall-pro/admin-gin/core/server.go:44	accept tcp [::]:8887: use of closed network connection
[go_vue_admin]2024-09-23 23:52:08.348	[31merror[0m	/Users/lihao/project/mall-pro/admin-gin/service/product/pro_goods.go:654	redis: can't marshal []uint (implement encoding.BinaryMarshaler)
[go_vue_admin]2024-09-23 23:56:15.869	[31merror[0m	/Users/lihao/project/mall-pro/admin-gin/websocket/ws_handle.go:70	read tcp [::1]:8887->[::1]:51960: use of closed network connection
[go_vue_admin]2024-09-23 23:56:15.869	[31merror[0m	/Users/lihao/project/mall-pro/admin-gin/core/server.go:44	accept tcp [::]:8887: use of closed network connection
[go_vue_admin]2024-09-23 23:59:27.307	[31merror[0m	/Users/lihao/project/mall-pro/admin-gin/websocket/ws_handle.go:70	websocket: close 1001 (going away)
[go_vue_admin]2024-09-23 23:59:57.103	[31merror[0m	/Users/lihao/project/mall-pro/admin-gin/websocket/ws_handle.go:70	websocket: close 1001 (going away)
