[go_vue_admin]2024-07-31 08:56:17.446	[34minfo[0m	/Users/lihao/project/mall-pro/admin-gin/websocket/ws_handle.go:48	websocket è¿æ¥æˆåŠŸ
[go_vue_admin]2024-07-31 09:54:33.973	[34minfo[0m	/Users/lihao/project/mall-pro/admin-gin/websocket/ws_handle.go:48	websocket è¿æ¥æˆåŠŸ
[go_vue_admin]2024-07-31 09:55:09.753	[34minfo[0m	/Users/lihao/project/mall-pro/admin-gin/websocket/ws_handle.go:48	websocket è¿æ¥æˆåŠŸ
[go_vue_admin]2024-07-31 09:55:27.144	[34minfo[0m	/Users/lihao/project/mall-pro/admin-gin/websocket/ws_handle.go:48	websocket è¿æ¥æˆåŠŸ
[go_vue_admin]2024-07-31 09:55:34.084	[34minfo[0m	/Users/lihao/project/mall-pro/admin-gin/websocket/internal/action/goods_add_tags.go:33	task_lock is exist
[go_vue_admin]2024-07-31 09:55:35.627	[34minfo[0m	/Users/lihao/project/mall-pro/admin-gin/websocket/internal/action/goods_add_tags.go:33	task_lock is exist
[go_vue_admin]2024-07-31 09:55:38.672	[34minfo[0m	/Users/lihao/project/mall-pro/admin-gin/websocket/ws_handle.go:48	websocket è¿æ¥æˆåŠŸ
[go_vue_admin]2024-07-31 09:55:39.565	[34minfo[0m	/Users/lihao/project/mall-pro/admin-gin/websocket/ws_handle.go:48	websocket è¿æ¥æˆåŠŸ
[go_vue_admin]2024-07-31 09:55:40.419	[34minfo[0m	/Users/lihao/project/mall-pro/admin-gin/websocket/ws_handle.go:48	websocket è¿æ¥æˆåŠŸ
[go_vue_admin]2024-07-31 09:55:40.630	[34minfo[0m	/Users/lihao/project/mall-pro/admin-gin/websocket/ws_handle.go:48	websocket è¿æ¥æˆåŠŸ
[go_vue_admin]2024-07-31 09:55:40.831	[34minfo[0m	/Users/lihao/project/mall-pro/admin-gin/websocket/ws_handle.go:48	websocket è¿æ¥æˆåŠŸ
[go_vue_admin]2024-07-31 09:55:41.031	[34minfo[0m	/Users/lihao/project/mall-pro/admin-gin/websocket/ws_handle.go:48	websocket è¿æ¥æˆåŠŸ
[go_vue_admin]2024-07-31 09:55:43.129	[34minfo[0m	/Users/lihao/project/mall-pro/admin-gin/websocket/internal/action/goods_add_tags.go:33	task_lock is exist
[go_vue_admin]2024-07-31 09:56:19.722	[34minfo[0m	/Users/lihao/project/mall-pro/admin-gin/websocket/internal/action/goods_add_tags.go:33	task_lock is exist
[go_vue_admin]2024-07-31 09:56:28.656	[34minfo[0m	/Users/lihao/project/mall-pro/admin-gin/websocket/ws_handle.go:48	websocket è¿æ¥æˆåŠŸ
[go_vue_admin]2024-07-31 09:56:41.703	[34minfo[0m	/Users/lihao/project/mall-pro/admin-gin/websocket/ws_handle.go:48	websocket è¿æ¥æˆåŠŸ
[go_vue_admin]2024-07-31 09:57:43.219	[34minfo[0m	/Users/lihao/project/mall-pro/admin-gin/websocket/ws_handle.go:48	websocket è¿æ¥æˆåŠŸ
[go_vue_admin]2024-07-31 10:05:15.848	[34minfo[0m	/Users/lihao/project/mall-pro/admin-gin/websocket/ws_handle.go:48	websocket è¿æ¥æˆåŠŸ
[go_vue_admin]2024-07-31 10:05:31.905	[34minfo[0m	/Users/lihao/project/mall-pro/admin-gin/websocket/ws_handle.go:48	websocket è¿æ¥æˆåŠŸ
[go_vue_admin]2024-07-31 10:05:35.714	[34minfo[0m	/Users/lihao/project/mall-pro/admin-gin/websocket/ws_handle.go:48	websocket è¿æ¥æˆåŠŸ
[go_vue_admin]2024-07-31 10:05:37.009	[34minfo[0m	/Users/lihao/project/mall-pro/admin-gin/websocket/ws_handle.go:48	websocket è¿æ¥æˆåŠŸ
[go_vue_admin]2024-07-31 10:05:38.071	[34minfo[0m	/Users/lihao/project/mall-pro/admin-gin/websocket/ws_handle.go:48	websocket è¿æ¥æˆåŠŸ
[go_vue_admin]2024-07-31 10:05:39.325	[34minfo[0m	/Users/lihao/project/mall-pro/admin-gin/websocket/ws_handle.go:48	websocket è¿æ¥æˆåŠŸ
[go_vue_admin]2024-07-31 10:05:40.823	[34minfo[0m	/Users/lihao/project/mall-pro/admin-gin/websocket/ws_handle.go:48	websocket è¿æ¥æˆåŠŸ
[go_vue_admin]2024-07-31 10:05:41.944	[34minfo[0m	/Users/lihao/project/mall-pro/admin-gin/websocket/ws_handle.go:48	websocket è¿æ¥æˆåŠŸ
[go_vue_admin]2024-07-31 10:05:43.214	[34minfo[0m	/Users/lihao/project/mall-pro/admin-gin/websocket/ws_handle.go:48	websocket è¿æ¥æˆåŠŸ
[go_vue_admin]2024-07-31 10:05:44.316	[34minfo[0m	/Users/lihao/project/mall-pro/admin-gin/websocket/ws_handle.go:48	websocket è¿æ¥æˆåŠŸ
[go_vue_admin]2024-07-31 10:05:46.066	[34minfo[0m	/Users/lihao/project/mall-pro/admin-gin/websocket/ws_handle.go:48	websocket è¿æ¥æˆåŠŸ
[go_vue_admin]2024-07-31 10:05:47.913	[34minfo[0m	/Users/lihao/project/mall-pro/admin-gin/websocket/ws_handle.go:48	websocket è¿æ¥æˆåŠŸ
[go_vue_admin]2024-07-31 10:05:49.261	[34minfo[0m	/Users/lihao/project/mall-pro/admin-gin/websocket/ws_handle.go:48	websocket è¿æ¥æˆåŠŸ
[go_vue_admin]2024-07-31 10:05:50.368	[34minfo[0m	/Users/lihao/project/mall-pro/admin-gin/websocket/ws_handle.go:48	websocket è¿æ¥æˆåŠŸ
[go_vue_admin]2024-07-31 10:05:51.389	[34minfo[0m	/Users/lihao/project/mall-pro/admin-gin/websocket/ws_handle.go:48	websocket è¿æ¥æˆåŠŸ
[go_vue_admin]2024-07-31 10:05:52.260	[34minfo[0m	/Users/lihao/project/mall-pro/admin-gin/websocket/ws_handle.go:48	websocket è¿æ¥æˆåŠŸ
[go_vue_admin]2024-07-31 10:05:53.154	[34minfo[0m	/Users/lihao/project/mall-pro/admin-gin/websocket/ws_handle.go:48	websocket è¿æ¥æˆåŠŸ
[go_vue_admin]2024-07-31 10:05:53.793	[34minfo[0m	/Users/lihao/project/mall-pro/admin-gin/websocket/ws_handle.go:48	websocket è¿æ¥æˆåŠŸ
[go_vue_admin]2024-07-31 10:05:54.461	[34minfo[0m	/Users/lihao/project/mall-pro/admin-gin/websocket/ws_handle.go:48	websocket è¿æ¥æˆåŠŸ
[go_vue_admin]2024-07-31 10:05:55.979	[34minfo[0m	/Users/lihao/project/mall-pro/admin-gin/websocket/ws_handle.go:48	websocket è¿æ¥æˆåŠŸ
[go_vue_admin]2024-07-31 10:06:14.741	[34minfo[0m	/Users/lihao/project/mall-pro/admin-gin/websocket/ws_handle.go:48	websocket è¿æ¥æˆåŠŸ
[go_vue_admin]2024-07-31 10:06:17.500	[34minfo[0m	/Users/lihao/project/mall-pro/admin-gin/websocket/ws_handle.go:48	websocket è¿æ¥æˆåŠŸ
[go_vue_admin]2024-07-31 10:06:18.308	[34minfo[0m	/Users/lihao/project/mall-pro/admin-gin/websocket/ws_handle.go:48	websocket è¿æ¥æˆåŠŸ
[go_vue_admin]2024-07-31 10:06:19.296	[34minfo[0m	/Users/lihao/project/mall-pro/admin-gin/websocket/ws_handle.go:48	websocket è¿æ¥æˆåŠŸ
[go_vue_admin]2024-07-31 10:06:20.086	[34minfo[0m	/Users/lihao/project/mall-pro/admin-gin/websocket/ws_handle.go:48	websocket è¿æ¥æˆåŠŸ
[go_vue_admin]2024-07-31 10:06:21.118	[34minfo[0m	/Users/lihao/project/mall-pro/admin-gin/websocket/ws_handle.go:48	websocket è¿æ¥æˆåŠŸ
[go_vue_admin]2024-07-31 10:06:21.977	[34minfo[0m	/Users/lihao/project/mall-pro/admin-gin/websocket/ws_handle.go:48	websocket è¿æ¥æˆåŠŸ
[go_vue_admin]2024-07-31 10:06:23.166	[34minfo[0m	/Users/lihao/project/mall-pro/admin-gin/websocket/ws_handle.go:48	websocket è¿æ¥æˆåŠŸ
[go_vue_admin]2024-07-31 10:06:23.823	[34minfo[0m	/Users/lihao/project/mall-pro/admin-gin/websocket/ws_handle.go:48	websocket è¿æ¥æˆåŠŸ
[go_vue_admin]2024-07-31 10:06:36.664	[34minfo[0m	/Users/lihao/project/mall-pro/admin-gin/websocket/ws_handle.go:48	websocket è¿æ¥æˆåŠŸ
[go_vue_admin]2024-07-31 10:06:43.007	[34minfo[0m	/Users/lihao/project/mall-pro/admin-gin/websocket/ws_handle.go:48	websocket è¿æ¥æˆåŠŸ
[go_vue_admin]2024-07-31 10:06:55.035	[34minfo[0m	/Users/lihao/project/mall-pro/admin-gin/websocket/ws_handle.go:48	websocket è¿æ¥æˆåŠŸ
[go_vue_admin]2024-07-31 10:07:15.152	[34minfo[0m	/Users/lihao/project/mall-pro/admin-gin/websocket/ws_handle.go:48	websocket è¿æ¥æˆåŠŸ
[go_vue_admin]2024-07-31 10:07:39.991	[34minfo[0m	/Users/lihao/project/mall-pro/admin-gin/websocket/ws_handle.go:48	websocket è¿æ¥æˆåŠŸ
[go_vue_admin]2024-07-31 10:11:13.961	[34minfo[0m	/Users/lihao/project/mall-pro/admin-gin/websocket/ws_handle.go:48	websocket è¿æ¥æˆåŠŸ
[go_vue_admin]2024-07-31 10:21:37.925	[34minfo[0m	/Users/lihao/project/mall-pro/admin-gin/websocket/ws_handle.go:49	websocket è¿æ¥æˆåŠŸ
[go_vue_admin]2024-07-31 10:21:49.921	[34minfo[0m	/Users/lihao/project/mall-pro/admin-gin/websocket/ws_handle.go:49	websocket è¿æ¥æˆåŠŸ
[go_vue_admin]2024-07-31 10:21:51.370	[34minfo[0m	/Users/lihao/project/mall-pro/admin-gin/websocket/ws_handle.go:49	websocket è¿æ¥æˆåŠŸ
[go_vue_admin]2024-07-31 10:21:53.049	[34minfo[0m	/Users/lihao/project/mall-pro/admin-gin/websocket/ws_handle.go:49	websocket è¿æ¥æˆåŠŸ
[go_vue_admin]2024-07-31 10:21:55.311	[34minfo[0m	/Users/lihao/project/mall-pro/admin-gin/websocket/ws_handle.go:49	websocket è¿æ¥æˆåŠŸ
[go_vue_admin]2024-07-31 10:21:56.736	[34minfo[0m	/Users/lihao/project/mall-pro/admin-gin/websocket/internal/action/goods_add_tags.go:33	task_lock is exist
[go_vue_admin]2024-07-31 10:22:23.665	[34minfo[0m	/Users/lihao/project/mall-pro/admin-gin/websocket/ws_handle.go:49	websocket è¿æ¥æˆåŠŸ
[go_vue_admin]2024-07-31 10:22:48.558	[34minfo[0m	/Users/lihao/project/mall-pro/admin-gin/websocket/ws_handle.go:49	websocket è¿æ¥æˆåŠŸ
[go_vue_admin]2024-07-31 10:22:49.034	[34minfo[0m	/Users/lihao/project/mall-pro/admin-gin/websocket/ws_handle.go:49	websocket è¿æ¥æˆåŠŸ
[go_vue_admin]2024-07-31 10:22:50.091	[34minfo[0m	/Users/lihao/project/mall-pro/admin-gin/websocket/ws_handle.go:49	websocket è¿æ¥æˆåŠŸ
[go_vue_admin]2024-07-31 10:22:54.192	[34minfo[0m	/Users/lihao/project/mall-pro/admin-gin/websocket/ws_handle.go:49	websocket è¿æ¥æˆåŠŸ
[go_vue_admin]2024-07-31 10:22:56.354	[34minfo[0m	/Users/lihao/project/mall-pro/admin-gin/websocket/ws_handle.go:49	websocket è¿æ¥æˆåŠŸ
[go_vue_admin]2024-07-31 10:39:39.107	[34minfo[0m	/Users/lihao/project/mall-pro/admin-gin/websocket/ws_handle.go:49	websocket è¿æ¥æˆåŠŸ
[go_vue_admin]2024-07-31 10:39:40.346	[34minfo[0m	/Users/lihao/project/mall-pro/admin-gin/websocket/ws_handle.go:49	websocket è¿æ¥æˆåŠŸ
[go_vue_admin]2024-07-31 10:39:45.608	[34minfo[0m	/Users/lihao/project/mall-pro/admin-gin/service/product/simulate/goods_bind_coupon.go:48	ä¸º0æ¡å•†å“æˆåŠŸæ·»åŠ äº†ä¼˜æƒ åˆ¸
[go_vue_admin]2024-07-31 10:40:09.480	[34minfo[0m	/Users/lihao/project/mall-pro/admin-gin/websocket/ws_handle.go:49	websocket è¿æ¥æˆåŠŸ
[go_vue_admin]2024-07-31 10:40:10.445	[34minfo[0m	/Users/lihao/project/mall-pro/admin-gin/websocket/ws_handle.go:49	websocket è¿æ¥æˆåŠŸ
[go_vue_admin]2024-07-31 10:40:36.465	[34minfo[0m	/Users/lihao/project/mall-pro/admin-gin/websocket/ws_handle.go:49	websocket è¿æ¥æˆåŠŸ
[go_vue_admin]2024-07-31 10:41:33.873	[34minfo[0m	/Users/lihao/project/mall-pro/admin-gin/websocket/internal/action/goods_add_tags.go:33	task_lock is exist
[go_vue_admin]2024-07-31 10:41:37.118	[34minfo[0m	/Users/lihao/project/mall-pro/admin-gin/websocket/internal/action/goods_add_tags.go:33	task_lock is exist
[go_vue_admin]2024-07-31 10:41:39.049	[34minfo[0m	/Users/lihao/project/mall-pro/admin-gin/websocket/ws_handle.go:49	websocket è¿æ¥æˆåŠŸ
[go_vue_admin]2024-07-31 10:43:59.249	[34minfo[0m	/Users/lihao/project/mall-pro/admin-gin/websocket/ws_handle.go:49	websocket è¿æ¥æˆåŠŸ
[go_vue_admin]2024-07-31 10:44:00.426	[34minfo[0m	/Users/lihao/project/mall-pro/admin-gin/websocket/ws_handle.go:49	websocket è¿æ¥æˆåŠŸ
[go_vue_admin]2024-07-31 10:45:01.136	[34minfo[0m	/Users/lihao/project/mall-pro/admin-gin/websocket/ws_handle.go:49	websocket è¿æ¥æˆåŠŸ
[go_vue_admin]2024-07-31 10:46:24.058	[34minfo[0m	/Users/lihao/project/mall-pro/admin-gin/websocket/ws_handle.go:49	websocket è¿æ¥æˆåŠŸ
[go_vue_admin]2024-07-31 10:49:05.696	[34minfo[0m	/Users/lihao/project/mall-pro/admin-gin/websocket/ws_handle.go:49	websocket è¿æ¥æˆåŠŸ
[go_vue_admin]2024-07-31 10:49:30.314	[34minfo[0m	/Users/lihao/project/mall-pro/admin-gin/websocket/internal/action/goods_band_coupon.go:33	task_lock is exist
[go_vue_admin]2024-07-31 10:55:14.258	[34minfo[0m	/Users/lihao/project/mall-pro/admin-gin/websocket/ws_handle.go:49	websocket è¿æ¥æˆåŠŸ
[go_vue_admin]2024-07-31 10:55:25.811	[34minfo[0m	/Users/lihao/project/mall-pro/admin-gin/websocket/ws_handle.go:49	websocket è¿æ¥æˆåŠŸ
[go_vue_admin]2024-07-31 10:56:56.431	[34minfo[0m	/Users/lihao/project/mall-pro/admin-gin/websocket/ws_handle.go:49	websocket è¿æ¥æˆåŠŸ
[go_vue_admin]2024-07-31 10:57:08.425	[34minfo[0m	/Users/lihao/project/mall-pro/admin-gin/websocket/internal/action/goods_add_tags.go:33	task_lock is exist
[go_vue_admin]2024-07-31 10:57:19.408	[34minfo[0m	/Users/lihao/project/mall-pro/admin-gin/websocket/ws_handle.go:49	websocket è¿æ¥æˆåŠŸ
[go_vue_admin]2024-07-31 10:57:34.400	[34minfo[0m	/Users/lihao/project/mall-pro/admin-gin/websocket/ws_handle.go:49	websocket è¿æ¥æˆåŠŸ
[go_vue_admin]2024-07-31 10:57:41.529	[34minfo[0m	/Users/lihao/project/mall-pro/admin-gin/websocket/ws_handle.go:49	websocket è¿æ¥æˆåŠŸ
[go_vue_admin]2024-07-31 10:57:42.538	[34minfo[0m	/Users/lihao/project/mall-pro/admin-gin/websocket/ws_handle.go:49	websocket è¿æ¥æˆåŠŸ
[go_vue_admin]2024-07-31 10:57:43.277	[34minfo[0m	/Users/lihao/project/mall-pro/admin-gin/websocket/ws_handle.go:49	websocket è¿æ¥æˆåŠŸ
[go_vue_admin]2024-07-31 10:57:44.245	[34minfo[0m	/Users/lihao/project/mall-pro/admin-gin/websocket/ws_handle.go:49	websocket è¿æ¥æˆåŠŸ
[go_vue_admin]2024-07-31 10:57:45.081	[34minfo[0m	/Users/lihao/project/mall-pro/admin-gin/websocket/ws_handle.go:49	websocket è¿æ¥æˆåŠŸ
[go_vue_admin]2024-07-31 10:58:03.734	[34minfo[0m	/Users/lihao/project/mall-pro/admin-gin/websocket/ws_handle.go:49	websocket è¿æ¥æˆåŠŸ
[go_vue_admin]2024-07-31 10:58:04.764	[34minfo[0m	/Users/lihao/project/mall-pro/admin-gin/websocket/ws_handle.go:49	websocket è¿æ¥æˆåŠŸ
[go_vue_admin]2024-07-31 10:58:06.095	[34minfo[0m	/Users/lihao/project/mall-pro/admin-gin/websocket/ws_handle.go:49	websocket è¿æ¥æˆåŠŸ
[go_vue_admin]2024-07-31 11:19:36.026	[34minfo[0m	/Users/lihao/project/mall-pro/admin-gin/websocket/ws_handle.go:49	websocket è¿æ¥æˆåŠŸ
[go_vue_admin]2024-07-31 11:20:28.767	[34minfo[0m	/Users/lihao/project/mall-pro/admin-gin/websocket/ws_handle.go:49	websocket è¿æ¥æˆåŠŸ
[go_vue_admin]2024-07-31 11:25:01.650	[34minfo[0m	/Users/lihao/project/mall-pro/admin-gin/websocket/ws_handle.go:49	websocket è¿æ¥æˆåŠŸ
[go_vue_admin]2024-07-31 11:28:31.540	[34minfo[0m	/Users/lihao/project/mall-pro/admin-gin/websocket/ws_handle.go:49	websocket è¿æ¥æˆåŠŸ
[go_vue_admin]2024-07-31 11:30:45.177	[34minfo[0m	/Users/lihao/project/mall-pro/admin-gin/websocket/ws_handle.go:49	websocket è¿æ¥æˆåŠŸ
[go_vue_admin]2024-07-31 11:45:45.064	[34minfo[0m	/Users/lihao/project/mall-pro/admin-gin/websocket/ws_handle.go:49	websocket è¿æ¥æˆåŠŸ
[go_vue_admin]2024-07-31 11:47:24.503	[34minfo[0m	/Users/lihao/project/mall-pro/admin-gin/websocket/internal/action/goods_add_tags.go:33	task_lock is exist
[go_vue_admin]2024-07-31 11:47:38.028	[34minfo[0m	/Users/lihao/project/mall-pro/admin-gin/websocket/internal/action/goods_add_tags.go:33	task_lock is exist
[go_vue_admin]2024-07-31 11:47:44.935	[34minfo[0m	/Users/lihao/project/mall-pro/admin-gin/websocket/internal/action/goods_add_tags.go:33	task_lock is exist
[go_vue_admin]2024-07-31 11:48:03.424	[34minfo[0m	/Users/lihao/project/mall-pro/admin-gin/websocket/internal/action/goods_add_tags.go:33	task_lock is exist
[go_vue_admin]2024-07-31 11:48:07.063	[34minfo[0m	/Users/lihao/project/mall-pro/admin-gin/websocket/internal/action/goods_add_tags.go:33	task_lock is exist
[go_vue_admin]2024-07-31 11:48:10.677	[34minfo[0m	/Users/lihao/project/mall-pro/admin-gin/websocket/internal/action/goods_add_tags.go:33	task_lock is exist
[go_vue_admin]2024-07-31 11:48:17.197	[34minfo[0m	/Users/lihao/project/mall-pro/admin-gin/websocket/internal/action/goods_add_tags.go:33	task_lock is exist
[go_vue_admin]2024-07-31 11:48:20.656	[34minfo[0m	/Users/lihao/project/mall-pro/admin-gin/websocket/internal/action/goods_add_tags.go:33	task_lock is exist
[go_vue_admin]2024-07-31 11:48:24.232	[34minfo[0m	/Users/lihao/project/mall-pro/admin-gin/websocket/internal/action/goods_add_tags.go:33	task_lock is exist
[go_vue_admin]2024-07-31 11:48:27.797	[34minfo[0m	/Users/lihao/project/mall-pro/admin-gin/websocket/internal/action/goods_add_tags.go:33	task_lock is exist
[go_vue_admin]2024-07-31 11:48:47.604	[34minfo[0m	/Users/lihao/project/mall-pro/admin-gin/websocket/internal/action/goods_add_tags.go:33	task_lock is exist
[go_vue_admin]2024-07-31 11:49:05.383	[34minfo[0m	/Users/lihao/project/mall-pro/admin-gin/websocket/internal/action/goods_add_tags.go:33	task_lock is exist
[go_vue_admin]2024-07-31 11:49:08.512	[34minfo[0m	/Users/lihao/project/mall-pro/admin-gin/websocket/internal/action/goods_add_tags.go:33	task_lock is exist
[go_vue_admin]2024-07-31 11:49:32.409	[34minfo[0m	/Users/lihao/project/mall-pro/admin-gin/websocket/internal/action/goods_add_tags.go:33	task_lock is exist
[go_vue_admin]2024-07-31 11:50:12.856	[34minfo[0m	/Users/lihao/project/mall-pro/admin-gin/websocket/internal/action/goods_add_tags.go:33	task_lock is exist
[go_vue_admin]2024-07-31 11:50:29.949	[34minfo[0m	/Users/lihao/project/mall-pro/admin-gin/websocket/internal/action/goods_add_tags.go:33	task_lock is exist
[go_vue_admin]2024-07-31 14:24:22.912	[34minfo[0m	/Users/lihao/project/mall-pro/admin-gin/websocket/ws_handle.go:49	websocket è¿æ¥æˆåŠŸ
[go_vue_admin]2024-07-31 14:25:00.766	[34minfo[0m	/Users/lihao/project/mall-pro/admin-gin/websocket/ws_handle.go:49	websocket è¿æ¥æˆåŠŸ
[go_vue_admin]2024-07-31 14:29:21.458	[34minfo[0m	/Users/lihao/project/mall-pro/admin-gin/websocket/ws_handle.go:49	websocket è¿æ¥æˆåŠŸ
[go_vue_admin]2024-07-31 14:30:20.169	[34minfo[0m	/Users/lihao/project/mall-pro/admin-gin/websocket/ws_handle.go:49	websocket è¿æ¥æˆåŠŸ
[go_vue_admin]2024-07-31 14:37:34.526	[34minfo[0m	/Users/lihao/project/mall-pro/admin-gin/websocket/ws_handle.go:49	websocket è¿æ¥æˆåŠŸ
[go_vue_admin]2024-07-31 14:41:18.804	[34minfo[0m	/Users/lihao/project/mall-pro/admin-gin/websocket/ws_handle.go:49	websocket è¿æ¥æˆåŠŸ
[go_vue_admin]2024-07-31 14:42:11.061	[34minfo[0m	/Users/lihao/project/mall-pro/admin-gin/websocket/ws_handle.go:49	websocket è¿æ¥æˆåŠŸ
[go_vue_admin]2024-07-31 15:01:19.054	[34minfo[0m	/Users/lihao/project/mall-pro/admin-gin/websocket/ws_handle.go:49	websocket è¿æ¥æˆåŠŸ
[go_vue_admin]2024-07-31 15:02:34.316	[34minfo[0m	/Users/lihao/project/mall-pro/admin-gin/websocket/ws_handle.go:49	websocket è¿æ¥æˆåŠŸ
[go_vue_admin]2024-07-31 15:14:11.483	[34minfo[0m	/Users/lihao/project/mall-pro/admin-gin/websocket/ws_handle.go:49	websocket è¿æ¥æˆåŠŸ
[go_vue_admin]2024-07-31 15:14:23.111	[34minfo[0m	/Users/lihao/project/mall-pro/admin-gin/websocket/ws_handle.go:49	websocket è¿æ¥æˆåŠŸ
[go_vue_admin]2024-07-31 15:17:48.605	[34minfo[0m	/Users/lihao/project/mall-pro/admin-gin/websocket/ws_handle.go:49	websocket è¿æ¥æˆåŠŸ
[go_vue_admin]2024-07-31 15:21:33.979	[34minfo[0m	/Users/lihao/project/mall-pro/admin-gin/websocket/ws_handle.go:49	websocket è¿æ¥æˆåŠŸ
[go_vue_admin]2024-07-31 15:21:39.264	[34minfo[0m	/Users/lihao/project/mall-pro/admin-gin/websocket/ws_handle.go:49	websocket è¿æ¥æˆåŠŸ
[go_vue_admin]2024-07-31 15:22:59.758	[34minfo[0m	/Users/lihao/project/mall-pro/admin-gin/websocket/ws_handle.go:49	websocket è¿æ¥æˆåŠŸ
[go_vue_admin]2024-07-31 15:44:46.030	[34minfo[0m	/Users/lihao/project/mall-pro/admin-gin/websocket/ws_handle.go:49	websocket è¿æ¥æˆåŠŸ
[go_vue_admin]2024-07-31 15:45:27.201	[34minfo[0m	/Users/lihao/project/mall-pro/admin-gin/websocket/ws_handle.go:49	websocket è¿æ¥æˆåŠŸ
[go_vue_admin]2024-07-31 16:02:18.817	[34minfo[0m	/Users/lihao/project/mall-pro/admin-gin/websocket/ws_handle.go:49	websocket è¿æ¥æˆåŠŸ
[go_vue_admin]2024-07-31 16:03:25.952	[34minfo[0m	/Users/lihao/project/mall-pro/admin-gin/websocket/ws_handle.go:49	websocket è¿æ¥æˆåŠŸ
[go_vue_admin]2024-07-31 17:24:12.571	[34minfo[0m	/Users/lihao/project/mall-pro/admin-gin/websocket/ws_handle.go:49	websocket è¿æ¥æˆåŠŸ
[go_vue_admin]2024-07-31 17:24:55.273	[34minfo[0m	/Users/lihao/project/mall-pro/admin-gin/websocket/ws_handle.go:49	websocket è¿æ¥æˆåŠŸ
[go_vue_admin]2024-07-31 17:25:10.767	[34minfo[0m	/Users/lihao/project/mall-pro/admin-gin/websocket/ws_handle.go:49	websocket è¿æ¥æˆåŠŸ
[go_vue_admin]2024-07-31 17:25:30.991	[34minfo[0m	/Users/lihao/project/mall-pro/admin-gin/websocket/ws_handle.go:49	websocket è¿æ¥æˆåŠŸ
[go_vue_admin]2024-07-31 17:25:33.723	[34minfo[0m	/Users/lihao/project/mall-pro/admin-gin/websocket/ws_handle.go:49	websocket è¿æ¥æˆåŠŸ
[go_vue_admin]2024-07-31 17:25:35.303	[34minfo[0m	/Users/lihao/project/mall-pro/admin-gin/websocket/ws_handle.go:49	websocket è¿æ¥æˆåŠŸ
[go_vue_admin]2024-07-31 17:26:08.039	[34minfo[0m	/Users/lihao/project/mall-pro/admin-gin/websocket/ws_handle.go:49	websocket è¿æ¥æˆåŠŸ
[go_vue_admin]2024-07-31 17:26:18.514	[34minfo[0m	/Users/lihao/project/mall-pro/admin-gin/websocket/ws_handle.go:49	websocket è¿æ¥æˆåŠŸ
[go_vue_admin]2024-07-31 17:26:56.744	[34minfo[0m	/Users/lihao/project/mall-pro/admin-gin/websocket/ws_handle.go:49	websocket è¿æ¥æˆåŠŸ
[go_vue_admin]2024-07-31 17:28:23.308	[34minfo[0m	/Users/lihao/project/mall-pro/admin-gin/websocket/ws_handle.go:49	websocket è¿æ¥æˆåŠŸ
[go_vue_admin]2024-07-31 17:28:49.607	[34minfo[0m	/Users/lihao/project/mall-pro/admin-gin/websocket/ws_handle.go:49	websocket è¿æ¥æˆåŠŸ
[go_vue_admin]2024-07-31 17:32:36.567	[34minfo[0m	/Users/lihao/project/mall-pro/admin-gin/websocket/ws_handle.go:49	websocket è¿æ¥æˆåŠŸ
[go_vue_admin]2024-07-31 17:33:20.800	[34minfo[0m	/Users/lihao/project/mall-pro/admin-gin/websocket/ws_handle.go:49	websocket è¿æ¥æˆåŠŸ
[go_vue_admin]2024-07-31 17:33:34.338	[34minfo[0m	/Users/lihao/project/mall-pro/admin-gin/websocket/ws_handle.go:49	websocket è¿æ¥æˆåŠŸ
[go_vue_admin]2024-07-31 17:33:34.947	[34minfo[0m	/Users/lihao/project/mall-pro/admin-gin/websocket/ws_handle.go:49	websocket è¿æ¥æˆåŠŸ
[go_vue_admin]2024-07-31 17:34:59.728	[34minfo[0m	/Users/lihao/project/mall-pro/admin-gin/websocket/ws_handle.go:49	websocket è¿æ¥æˆåŠŸ
[go_vue_admin]2024-07-31 17:35:56.579	[34minfo[0m	/Users/lihao/project/mall-pro/admin-gin/websocket/ws_handle.go:49	websocket è¿æ¥æˆåŠŸ
[go_vue_admin]2024-07-31 17:36:18.192	[34minfo[0m	/Users/lihao/project/mall-pro/admin-gin/websocket/ws_handle.go:49	websocket è¿æ¥æˆåŠŸ
[go_vue_admin]2024-07-31 17:36:43.886	[34minfo[0m	/Users/lihao/project/mall-pro/admin-gin/websocket/ws_handle.go:49	websocket è¿æ¥æˆåŠŸ
[go_vue_admin]2024-07-31 17:59:52.311	[34minfo[0m	/Users/lihao/project/mall-pro/admin-gin/websocket/ws_handle.go:49	websocket è¿æ¥æˆåŠŸ
[go_vue_admin]2024-07-31 19:26:36.463	[34minfo[0m	/Users/lihao/project/mall-pro/admin-gin/websocket/ws_handle.go:49	websocket è¿æ¥æˆåŠŸ
[go_vue_admin]2024-07-31 19:30:09.217	[34minfo[0m	/Users/lihao/project/mall-pro/admin-gin/websocket/ws_handle.go:49	websocket è¿æ¥æˆåŠŸ
[go_vue_admin]2024-07-31 19:30:19.320	[34minfo[0m	/Users/lihao/project/mall-pro/admin-gin/websocket/ws_handle.go:49	websocket è¿æ¥æˆåŠŸ
[go_vue_admin]2024-07-31 19:30:19.841	[34minfo[0m	/Users/lihao/project/mall-pro/admin-gin/websocket/ws_handle.go:49	websocket è¿æ¥æˆåŠŸ
[go_vue_admin]2024-07-31 19:31:32.266	[34minfo[0m	/Users/lihao/project/mall-pro/admin-gin/websocket/ws_handle.go:49	websocket è¿æ¥æˆåŠŸ
[go_vue_admin]2024-07-31 19:31:35.793	[34minfo[0m	/Users/lihao/project/mall-pro/admin-gin/websocket/ws_handle.go:49	websocket è¿æ¥æˆåŠŸ
[go_vue_admin]2024-07-31 19:32:30.174	[34minfo[0m	/Users/lihao/project/mall-pro/admin-gin/websocket/ws_handle.go:49	websocket è¿æ¥æˆåŠŸ
[go_vue_admin]2024-07-31 19:34:42.002	[34minfo[0m	/Users/lihao/project/mall-pro/admin-gin/websocket/ws_handle.go:49	websocket è¿æ¥æˆåŠŸ
[go_vue_admin]2024-07-31 19:34:45.594	[34minfo[0m	/Users/lihao/project/mall-pro/admin-gin/service/product/goods_grab/pro_goods_grab.go:187	æ£åˆ¶å“é‡‡é›†å®Œæˆï¼
[go_vue_admin]2024-07-31 19:36:39.299	[34minfo[0m	/Users/lihao/project/mall-pro/admin-gin/websocket/ws_handle.go:49	websocket è¿æ¥æˆåŠŸ
[go_vue_admin]2024-07-31 19:44:04.722	[34minfo[0m	/Users/lihao/project/mall-pro/admin-gin/websocket/ws_handle.go:49	websocket è¿æ¥æˆåŠŸ
[go_vue_admin]2024-07-31 19:44:05.679	[34minfo[0m	/Users/lihao/project/mall-pro/admin-gin/websocket/ws_handle.go:49	websocket è¿æ¥æˆåŠŸ
[go_vue_admin]2024-07-31 19:44:16.271	[34minfo[0m	/Users/lihao/project/mall-pro/admin-gin/service/product/goods_grab/pro_goods_grab.go:187	æ£åˆ¶å“é‡‡é›†å®Œæˆï¼
[go_vue_admin]2024-07-31 19:44:23.746	[34minfo[0m	/Users/lihao/project/mall-pro/admin-gin/websocket/ws_handle.go:49	websocket è¿æ¥æˆåŠŸ
[go_vue_admin]2024-07-31 19:46:53.243	[34minfo[0m	/Users/lihao/project/mall-pro/admin-gin/websocket/ws_handle.go:49	websocket è¿æ¥æˆåŠŸ
[go_vue_admin]2024-07-31 19:47:39.135	[34minfo[0m	/Users/lihao/project/mall-pro/admin-gin/service/product/goods_grab/pro_goods_grab.go:187	å·§å…‹åŠ›é‡‡é›†å®Œæˆï¼
[go_vue_admin]2024-07-31 19:49:57.294	[34minfo[0m	/Users/lihao/project/mall-pro/admin-gin/websocket/ws_handle.go:49	websocket è¿æ¥æˆåŠŸ
[go_vue_admin]2024-07-31 19:51:28.777	[34minfo[0m	/Users/lihao/project/mall-pro/admin-gin/service/product/goods_grab/pro_goods_grab.go:187	åšæœé‡‡é›†å®Œæˆï¼
[go_vue_admin]2024-07-31 19:51:53.384	[34minfo[0m	/Users/lihao/project/mall-pro/admin-gin/websocket/ws_handle.go:49	websocket è¿æ¥æˆåŠŸ
[go_vue_admin]2024-07-31 19:53:01.993	[34minfo[0m	/Users/lihao/project/mall-pro/admin-gin/service/product/goods_grab/pro_goods_grab.go:187	è†¨åŒ–é£Ÿå“é‡‡é›†å®Œæˆï¼
[go_vue_admin]2024-07-31 19:53:44.007	[34minfo[0m	/Users/lihao/project/mall-pro/admin-gin/websocket/ws_handle.go:49	websocket è¿æ¥æˆåŠŸ
[go_vue_admin]2024-07-31 19:53:58.454	[34minfo[0m	/Users/lihao/project/mall-pro/admin-gin/service/product/goods_grab/pro_goods_grab.go:187	é¥¼å¹²é‡‡é›†å®Œæˆï¼
[go_vue_admin]2024-07-31 19:57:47.445	[34minfo[0m	/Users/lihao/project/mall-pro/admin-gin/websocket/ws_handle.go:49	websocket è¿æ¥æˆåŠŸ
[go_vue_admin]2024-07-31 19:58:52.722	[34minfo[0m	/Users/lihao/project/mall-pro/admin-gin/websocket/ws_handle.go:49	websocket è¿æ¥æˆåŠŸ
[go_vue_admin]2024-07-31 19:58:53.889	[34minfo[0m	/Users/lihao/project/mall-pro/admin-gin/websocket/ws_handle.go:49	websocket è¿æ¥æˆåŠŸ
[go_vue_admin]2024-07-31 19:58:54.732	[34minfo[0m	/Users/lihao/project/mall-pro/admin-gin/websocket/ws_handle.go:49	websocket è¿æ¥æˆåŠŸ
[go_vue_admin]2024-07-31 19:58:56.229	[34minfo[0m	/Users/lihao/project/mall-pro/admin-gin/websocket/ws_handle.go:49	websocket è¿æ¥æˆåŠŸ
[go_vue_admin]2024-07-31 19:59:17.982	[34minfo[0m	/Users/lihao/project/mall-pro/admin-gin/service/product/goods_grab/pro_goods_grab.go:187	è±†å¹²é‡‡é›†å®Œæˆï¼
[go_vue_admin]2024-07-31 20:02:17.347	[34minfo[0m	/Users/lihao/project/mall-pro/admin-gin/service/product/goods_grab/pro_goods_grab.go:187	èœœé¥¯/æœå¹²é‡‡é›†å®Œæˆï¼
[go_vue_admin]2024-07-31 20:02:19.352	[34minfo[0m	/Users/lihao/project/mall-pro/admin-gin/service/product/goods_grab/pro_goods_grab.go:187	æµ·è‹”/å³é£Ÿæµ·äº§é‡‡é›†å®Œæˆï¼
[go_vue_admin]2024-07-31 20:02:55.555	[34minfo[0m	/Users/lihao/project/mall-pro/admin-gin/service/product/goods_grab/pro_goods_grab.go:187	ç³–æœé‡‡é›†å®Œæˆï¼
[go_vue_admin]2024-07-31 20:06:19.407	[34minfo[0m	/Users/lihao/project/mall-pro/admin-gin/service/product/goods_grab/pro_goods_grab.go:187	è†³é£Ÿä¿å¥é‡‡é›†å®Œæˆï¼
[go_vue_admin]2024-07-31 20:06:41.631	[34minfo[0m	/Users/lihao/project/mall-pro/admin-gin/service/product/goods_grab/pro_goods_grab.go:187	çš®å¸¦/æ‰‹è¡¨é‡‡é›†å®Œæˆï¼
[go_vue_admin]2024-07-31 20:07:18.150	[34minfo[0m	/Users/lihao/project/mall-pro/admin-gin/service/product/goods_grab/pro_goods_grab.go:187	è¥å…»è†³è¡¥é‡‡é›†å®Œæˆï¼
[go_vue_admin]2024-07-31 20:07:41.022	[34minfo[0m	/Users/lihao/project/mall-pro/admin-gin/service/product/goods_grab/pro_goods_grab.go:187	ç”·å£«å¤–å¥—é‡‡é›†å®Œæˆï¼
[go_vue_admin]2024-07-31 20:07:44.399	[34minfo[0m	/Users/lihao/project/mall-pro/admin-gin/service/product/goods_grab/pro_goods_grab.go:187	ç”·å£«è£¤è£…é‡‡é›†å®Œæˆï¼
[go_vue_admin]2024-07-31 20:08:12.718	[34minfo[0m	/Users/lihao/project/mall-pro/admin-gin/service/product/goods_grab/pro_goods_grab.go:187	ç”·å£«å†…æ­é‡‡é›†å®Œæˆï¼
[go_vue_admin]2024-07-31 20:09:48.744	[34minfo[0m	/Users/lihao/project/mall-pro/admin-gin/service/product/goods_grab/pro_goods_grab.go:187	æ–‡èƒ¸å¡‘èº«é‡‡é›†å®Œæˆï¼
[go_vue_admin]2024-07-31 20:09:58.779	[34minfo[0m	/Users/lihao/project/mall-pro/admin-gin/service/product/goods_grab/pro_goods_grab.go:187	å†…è£¤é‡‡é›†å®Œæˆï¼
[go_vue_admin]2024-07-31 20:11:03.861	[34minfo[0m	/Users/lihao/project/mall-pro/admin-gin/service/product/goods_grab/pro_goods_grab.go:187	ä¹³åˆ¶å“/å¥¶åˆ¶å“é‡‡é›†å®Œæˆï¼
[go_vue_admin]2024-07-31 20:11:10.861	[34minfo[0m	/Users/lihao/project/mall-pro/admin-gin/service/product/goods_grab/pro_goods_grab.go:187	é¢è†œé‡‡é›†å®Œæˆï¼
[go_vue_admin]2024-07-31 20:11:24.021	[34minfo[0m	/Users/lihao/project/mall-pro/admin-gin/service/product/goods_grab/pro_goods_grab.go:187	çœ¼éƒ¨æŠ¤ç†é‡‡é›†å®Œæˆï¼
[go_vue_admin]2024-07-31 20:11:50.628	[34minfo[0m	/Users/lihao/project/mall-pro/admin-gin/service/product/goods_grab/pro_goods_grab.go:187	å®¶å±…æœé‡‡é›†å®Œæˆï¼
[go_vue_admin]2024-07-31 20:11:51.277	[34minfo[0m	/Users/lihao/project/mall-pro/admin-gin/service/product/goods_grab/pro_goods_grab.go:187	ç²¾åé‡‡é›†å®Œæˆï¼
[go_vue_admin]2024-07-31 20:12:09.058	[34minfo[0m	/Users/lihao/project/mall-pro/admin-gin/service/product/goods_grab/pro_goods_grab.go:187	æ´é¢é‡‡é›†å®Œæˆï¼
[go_vue_admin]2024-07-31 20:12:16.618	[34minfo[0m	/Users/lihao/project/mall-pro/admin-gin/service/product/goods_grab/pro_goods_grab.go:187	æŠ¤è‚¤å¥—è£…é‡‡é›†å®Œæˆï¼
[go_vue_admin]2024-07-31 20:12:37.880	[34minfo[0m	/Users/lihao/project/mall-pro/admin-gin/service/product/goods_grab/pro_goods_grab.go:187	å¸å¦†é‡‡é›†å®Œæˆï¼
[go_vue_admin]2024-07-31 20:12:37.936	[34minfo[0m	/Users/lihao/project/mall-pro/admin-gin/service/product/goods_grab/pro_goods_grab.go:187	é˜²æ™’é‡‡é›†å®Œæˆï¼
[go_vue_admin]2024-07-31 20:12:51.851	[34minfo[0m	/Users/lihao/project/mall-pro/admin-gin/service/product/goods_grab/pro_goods_grab.go:187	ä¹³æ¶²é¢éœœé‡‡é›†å®Œæˆï¼
[go_vue_admin]2024-07-31 20:13:01.443	[34minfo[0m	/Users/lihao/project/mall-pro/admin-gin/service/product/goods_grab/pro_goods_grab.go:187	éš”ç¦»é‡‡é›†å®Œæˆï¼
[go_vue_admin]2024-07-31 20:13:12.766	[34minfo[0m	/Users/lihao/project/mall-pro/admin-gin/service/product/goods_grab/pro_goods_grab.go:187	é¦™æ°´é¦™è†é‡‡é›†å®Œæˆï¼
[go_vue_admin]2024-07-31 20:13:19.499	[34minfo[0m	/Users/lihao/project/mall-pro/admin-gin/service/product/goods_grab/pro_goods_grab.go:187	çœ‰ç¬”é‡‡é›†å®Œæˆï¼
[go_vue_admin]2024-07-31 20:13:22.495	[34minfo[0m	/Users/lihao/project/mall-pro/admin-gin/service/product/goods_grab/pro_goods_grab.go:187	æ™ºèƒ½æ‰‹æœºé‡‡é›†å®Œæˆï¼
[go_vue_admin]2024-07-31 20:13:26.496	[34minfo[0m	/Users/lihao/project/mall-pro/admin-gin/service/product/goods_grab/pro_goods_grab.go:187	ç«æ¯›è†é‡‡é›†å®Œæˆï¼
[go_vue_admin]2024-07-31 20:13:27.496	[34minfo[0m	/Users/lihao/project/mall-pro/admin-gin/service/product/goods_grab/pro_goods_grab.go:187	ç”µè§†é‡‡é›†å®Œæˆï¼
[go_vue_admin]2024-07-31 20:13:34.494	[34minfo[0m	/Users/lihao/project/mall-pro/admin-gin/service/product/goods_grab/pro_goods_grab.go:187	ç©ºè°ƒé‡‡é›†å®Œæˆï¼
[go_vue_admin]2024-07-31 20:13:36.503	[34minfo[0m	/Users/lihao/project/mall-pro/admin-gin/service/product/goods_grab/pro_goods_grab.go:187	å†°ç®±é‡‡é›†å®Œæˆï¼
[go_vue_admin]2024-07-31 20:13:40.495	[34minfo[0m	/Users/lihao/project/mall-pro/admin-gin/service/product/goods_grab/pro_goods_grab.go:187	å¨æˆ¿å¤§å®¶ç”µé‡‡é›†å®Œæˆï¼
[go_vue_admin]2024-07-31 20:13:42.495	[34minfo[0m	/Users/lihao/project/mall-pro/admin-gin/service/product/goods_grab/pro_goods_grab.go:187	æ´—è¡£æœºé‡‡é›†å®Œæˆï¼
[go_vue_admin]2024-07-31 20:13:48.496	[34minfo[0m	/Users/lihao/project/mall-pro/admin-gin/service/product/goods_grab/pro_goods_grab.go:187	çƒ­æ°´å™¨é‡‡é›†å®Œæˆï¼
[go_vue_admin]2024-07-31 20:14:02.495	[34minfo[0m	/Users/lihao/project/mall-pro/admin-gin/service/product/goods_grab/pro_goods_grab.go:187	å£çº¢é‡‡é›†å®Œæˆï¼
[go_vue_admin]2024-07-31 20:14:25.944	[34minfo[0m	/Users/lihao/project/mall-pro/admin-gin/service/product/goods_grab/pro_goods_grab.go:187	å’–å•¡å†²é¥®é‡‡é›†å®Œæˆï¼
[go_vue_admin]2024-07-31 20:15:48.772	[34minfo[0m	/Users/lihao/project/mall-pro/admin-gin/service/product/goods_grab/pro_goods_grab.go:187	æ‰‹æœºé…ä»¶é‡‡é›†å®Œæˆï¼
[go_vue_admin]2024-07-31 20:15:52.112	[34minfo[0m	/Users/lihao/project/mall-pro/admin-gin/service/product/goods_grab/pro_goods_grab.go:187	ç”µè„‘é…ä»¶é‡‡é›†å®Œæˆï¼
[go_vue_admin]2024-07-31 20:16:08.810	[34minfo[0m	/Users/lihao/project/mall-pro/admin-gin/service/product/goods_grab/pro_goods_grab.go:187	å—åŒ—å¹²è´§é‡‡é›†å®Œæˆï¼
[go_vue_admin]2024-07-31 20:16:35.564	[34minfo[0m	/Users/lihao/project/mall-pro/admin-gin/service/product/goods_grab/pro_goods_grab.go:187	æ‰“ç«æœº/çœ¼é•œé‡‡é›†å®Œæˆï¼
[go_vue_admin]2024-07-31 20:17:15.887	[34minfo[0m	/Users/lihao/project/mall-pro/admin-gin/service/product/goods_grab/pro_goods_grab.go:187	å¸½å­/å›´å·¾/æ‰‹å¥—é‡‡é›†å®Œæˆï¼
[go_vue_admin]2024-07-31 20:17:19.360	[34minfo[0m	/Users/lihao/project/mall-pro/admin-gin/service/product/goods_grab/pro_goods_grab.go:187	å…¶ä»–æ•°ç é…ä»¶é‡‡é›†å®Œæˆï¼
[go_vue_admin]2024-07-31 20:19:09.680	[34minfo[0m	/Users/lihao/project/mall-pro/admin-gin/service/product/goods_grab/pro_goods_grab.go:187	å…¶ä»–é…é¥°é‡‡é›†å®Œæˆï¼
[go_vue_admin]2024-07-31 20:19:40.120	[34minfo[0m	/Users/lihao/project/mall-pro/admin-gin/service/product/goods_grab/pro_goods_grab.go:187	è‘¡è„é…’é‡‡é›†å®Œæˆï¼
[go_vue_admin]2024-07-31 20:19:52.756	[34minfo[0m	/Users/lihao/project/mall-pro/admin-gin/service/product/goods_grab/pro_goods_grab.go:187	æ´‹é…’é‡‡é›†å®Œæˆï¼
[go_vue_admin]2024-07-31 20:20:11.594	[34minfo[0m	/Users/lihao/project/mall-pro/admin-gin/service/product/goods_grab/pro_goods_grab.go:187	é»„é…’/ç±³é…’é‡‡é›†å®Œæˆï¼
[go_vue_admin]2024-07-31 20:20:18.936	[34minfo[0m	/Users/lihao/project/mall-pro/admin-gin/service/product/goods_grab/pro_goods_grab.go:187	ç™½é…’é‡‡é›†å®Œæˆï¼
[go_vue_admin]2024-07-31 20:20:55.603	[34minfo[0m	/Users/lihao/project/mall-pro/admin-gin/service/product/goods_grab/pro_goods_grab.go:187	é¢„è°ƒé…’/æœé…’é‡‡é›†å®Œæˆï¼
[go_vue_admin]2024-07-31 20:21:08.127	[34minfo[0m	/Users/lihao/project/mall-pro/admin-gin/service/product/goods_grab/pro_goods_grab.go:187	ç»¿èŒ¶é‡‡é›†å®Œæˆï¼
[go_vue_admin]2024-07-31 20:21:34.579	[34minfo[0m	/Users/lihao/project/mall-pro/admin-gin/service/product/goods_grab/pro_goods_grab.go:187	æ™®æ´±é‡‡é›†å®Œæˆï¼
[go_vue_admin]2024-07-31 20:21:41.830	[34minfo[0m	/Users/lihao/project/mall-pro/admin-gin/websocket/ws_handle.go:49	websocket è¿æ¥æˆåŠŸ
[go_vue_admin]2024-07-31 20:21:53.137	[34minfo[0m	/Users/lihao/project/mall-pro/admin-gin/service/product/goods_grab/pro_goods_grab.go:187	çº¢èŒ¶é‡‡é›†å®Œæˆï¼
[go_vue_admin]2024-07-31 20:22:06.372	[34minfo[0m	/Users/lihao/project/mall-pro/admin-gin/service/product/goods_grab/pro_goods_grab.go:187	é»‘èŒ¶/ç™½èŒ¶é‡‡é›†å®Œæˆï¼
[go_vue_admin]2024-07-31 20:22:26.247	[34minfo[0m	/Users/lihao/project/mall-pro/admin-gin/service/product/goods_grab/pro_goods_grab.go:187	èŒ¶åˆ¶å“é‡‡é›†å®Œæˆï¼
[go_vue_admin]2024-07-31 21:01:02.680	[34minfo[0m	/Users/lihao/project/mall-pro/admin-gin/service/product/goods_grab/pro_goods_grab.go:187	ç”µå­ç”µå·¥é‡‡é›†å®Œæˆï¼
[go_vue_admin]2024-07-31 21:01:16.882	[34minfo[0m	/Users/lihao/project/mall-pro/admin-gin/service/product/goods_grab/pro_goods_grab.go:187	åŸºç¡€å»ºæé‡‡é›†å®Œæˆï¼
[go_vue_admin]2024-07-31 21:01:27.886	[34minfo[0m	/Users/lihao/project/mall-pro/admin-gin/service/product/goods_grab/pro_goods_grab.go:187	äº”é‡‘å·¥å…·é‡‡é›†å®Œæˆï¼
[go_vue_admin]2024-07-31 21:29:07.794	[34minfo[0m	/Users/lihao/project/mall-pro/admin-gin/service/product/goods_grab/pro_goods_grab.go:187	å®¶è£…ä¸»æé‡‡é›†å®Œæˆï¼
[go_vue_admin]2024-07-31 21:29:10.379	[34minfo[0m	/Users/lihao/project/mall-pro/admin-gin/service/product/goods_grab/pro_goods_grab.go:187	èŠ±æœèŒ¶é‡‡é›†å®Œæˆï¼
[go_vue_admin]2024-07-31 21:29:15.453	[34minfo[0m	/Users/lihao/project/mall-pro/admin-gin/service/product/goods_grab/pro_goods_grab.go:187	ç¯é¥°ç…§æ˜é‡‡é›†å®Œæˆï¼
[go_vue_admin]2024-07-31 22:09:00.750	[34minfo[0m	/Users/lihao/project/mall-pro/admin-gin/websocket/ws_handle.go:49	websocket è¿æ¥æˆåŠŸ
[go_vue_admin]2024-07-31 22:09:21.509	[34minfo[0m	/Users/lihao/project/mall-pro/admin-gin/websocket/ws_handle.go:49	websocket è¿æ¥æˆåŠŸ
[go_vue_admin]2024-07-31 22:10:06.337	[34minfo[0m	/Users/lihao/project/mall-pro/admin-gin/websocket/ws_handle.go:49	websocket è¿æ¥æˆåŠŸ
[go_vue_admin]2024-07-31 22:10:09.641	[34minfo[0m	/Users/lihao/project/mall-pro/admin-gin/websocket/internal/action/grab_action.go:47	grab_lock is exist
[go_vue_admin]2024-07-31 22:10:10.620	[34minfo[0m	/Users/lihao/project/mall-pro/admin-gin/websocket/internal/action/grab_action.go:47	grab_lock is exist
[go_vue_admin]2024-07-31 22:11:23.347	[34minfo[0m	/Users/lihao/project/mall-pro/admin-gin/service/product/goods_grab/pro_goods_grab.go:187	æ£åˆ¶å“é‡‡é›†å®Œæˆï¼
[go_vue_admin]2024-07-31 22:14:39.317	[34minfo[0m	/Users/lihao/project/mall-pro/admin-gin/service/product/goods_grab/pro_goods_grab.go:187	å·§å…‹åŠ›é‡‡é›†å®Œæˆï¼
[go_vue_admin]2024-07-31 22:17:46.346	[34minfo[0m	/Users/lihao/project/mall-pro/admin-gin/service/product/goods_grab/pro_goods_grab.go:187	åšæœé‡‡é›†å®Œæˆï¼
[go_vue_admin]2024-07-31 22:19:14.316	[34minfo[0m	/Users/lihao/project/mall-pro/admin-gin/service/product/goods_grab/pro_goods_grab.go:187	è†¨åŒ–é£Ÿå“é‡‡é›†å®Œæˆï¼
[go_vue_admin]2024-07-31 22:19:50.318	[34minfo[0m	/Users/lihao/project/mall-pro/admin-gin/service/product/goods_grab/pro_goods_grab.go:187	é¥¼å¹²é‡‡é›†å®Œæˆï¼
[go_vue_admin]2024-07-31 22:24:25.319	[34minfo[0m	/Users/lihao/project/mall-pro/admin-gin/service/product/goods_grab/pro_goods_grab.go:187	è±†å¹²é‡‡é›†å®Œæˆï¼
[go_vue_admin]2024-07-31 22:26:56.315	[34minfo[0m	/Users/lihao/project/mall-pro/admin-gin/service/product/goods_grab/pro_goods_grab.go:187	èœœé¥¯/æœå¹²é‡‡é›†å®Œæˆï¼
[go_vue_admin]2024-07-31 22:27:05.316	[34minfo[0m	/Users/lihao/project/mall-pro/admin-gin/service/product/goods_grab/pro_goods_grab.go:187	æµ·è‹”/å³é£Ÿæµ·äº§é‡‡é›†å®Œæˆï¼
[go_vue_admin]2024-07-31 22:27:39.318	[34minfo[0m	/Users/lihao/project/mall-pro/admin-gin/service/product/goods_grab/pro_goods_grab.go:187	ç³–æœé‡‡é›†å®Œæˆï¼
[go_vue_admin]2024-07-31 22:30:23.320	[34minfo[0m	/Users/lihao/project/mall-pro/admin-gin/service/product/goods_grab/pro_goods_grab.go:187	è†³é£Ÿä¿å¥é‡‡é›†å®Œæˆï¼
[go_vue_admin]2024-07-31 22:30:48.331	[34minfo[0m	/Users/lihao/project/mall-pro/admin-gin/service/product/goods_grab/pro_goods_grab.go:187	çš®å¸¦/æ‰‹è¡¨é‡‡é›†å®Œæˆï¼
[go_vue_admin]2024-07-31 22:31:17.314	[34minfo[0m	/Users/lihao/project/mall-pro/admin-gin/service/product/goods_grab/pro_goods_grab.go:187	è¥å…»è†³è¡¥é‡‡é›†å®Œæˆï¼
[go_vue_admin]2024-07-31 22:31:42.335	[34minfo[0m	/Users/lihao/project/mall-pro/admin-gin/service/product/goods_grab/pro_goods_grab.go:187	ç”·å£«å¤–å¥—é‡‡é›†å®Œæˆï¼
[go_vue_admin]2024-07-31 22:31:48.322	[34minfo[0m	/Users/lihao/project/mall-pro/admin-gin/service/product/goods_grab/pro_goods_grab.go:187	ç”·å£«è£¤è£…é‡‡é›†å®Œæˆï¼
[go_vue_admin]2024-07-31 22:32:17.323	[34minfo[0m	/Users/lihao/project/mall-pro/admin-gin/service/product/goods_grab/pro_goods_grab.go:187	ç”·å£«å†…æ­é‡‡é›†å®Œæˆï¼
[go_vue_admin]2024-07-31 22:33:43.314	[34minfo[0m	/Users/lihao/project/mall-pro/admin-gin/service/product/goods_grab/pro_goods_grab.go:187	æ–‡èƒ¸å¡‘èº«é‡‡é›†å®Œæˆï¼
[go_vue_admin]2024-07-31 22:33:57.315	[34minfo[0m	/Users/lihao/project/mall-pro/admin-gin/service/product/goods_grab/pro_goods_grab.go:187	å†…è£¤é‡‡é›†å®Œæˆï¼
[go_vue_admin]2024-07-31 22:34:45.315	[34minfo[0m	/Users/lihao/project/mall-pro/admin-gin/service/product/goods_grab/pro_goods_grab.go:187	ä¹³åˆ¶å“/å¥¶åˆ¶å“é‡‡é›†å®Œæˆï¼
[go_vue_admin]2024-07-31 22:35:07.315	[34minfo[0m	/Users/lihao/project/mall-pro/admin-gin/service/product/goods_grab/pro_goods_grab.go:187	é¢è†œé‡‡é›†å®Œæˆï¼
[go_vue_admin]2024-07-31 22:35:22.325	[34minfo[0m	/Users/lihao/project/mall-pro/admin-gin/service/product/goods_grab/pro_goods_grab.go:187	çœ¼éƒ¨æŠ¤ç†é‡‡é›†å®Œæˆï¼
[go_vue_admin]2024-07-31 22:35:35.314	[34minfo[0m	/Users/lihao/project/mall-pro/admin-gin/service/product/goods_grab/pro_goods_grab.go:187	ç²¾åé‡‡é›†å®Œæˆï¼
[go_vue_admin]2024-07-31 22:35:38.320	[34minfo[0m	/Users/lihao/project/mall-pro/admin-gin/service/product/goods_grab/pro_goods_grab.go:187	å®¶å±…æœé‡‡é›†å®Œæˆï¼
[go_vue_admin]2024-07-31 22:36:05.315	[34minfo[0m	/Users/lihao/project/mall-pro/admin-gin/service/product/goods_grab/pro_goods_grab.go:187	æŠ¤è‚¤å¥—è£…é‡‡é›†å®Œæˆï¼
[go_vue_admin]2024-07-31 22:36:07.317	[34minfo[0m	/Users/lihao/project/mall-pro/admin-gin/service/product/goods_grab/pro_goods_grab.go:187	æ´é¢é‡‡é›†å®Œæˆï¼
[go_vue_admin]2024-07-31 22:36:23.316	[34minfo[0m	/Users/lihao/project/mall-pro/admin-gin/service/product/goods_grab/pro_goods_grab.go:187	é˜²æ™’é‡‡é›†å®Œæˆï¼
[go_vue_admin]2024-07-31 22:36:32.319	[34minfo[0m	/Users/lihao/project/mall-pro/admin-gin/service/product/goods_grab/pro_goods_grab.go:187	å¸å¦†é‡‡é›†å®Œæˆï¼
[go_vue_admin]2024-07-31 22:36:50.316	[34minfo[0m	/Users/lihao/project/mall-pro/admin-gin/service/product/goods_grab/pro_goods_grab.go:187	ä¹³æ¶²é¢éœœé‡‡é›†å®Œæˆï¼
[go_vue_admin]2024-07-31 22:37:03.315	[34minfo[0m	/Users/lihao/project/mall-pro/admin-gin/service/product/goods_grab/pro_goods_grab.go:187	é¦™æ°´é¦™è†é‡‡é›†å®Œæˆï¼
[go_vue_admin]2024-07-31 22:37:05.310	[34minfo[0m	/Users/lihao/project/mall-pro/admin-gin/service/product/goods_grab/pro_goods_grab.go:187	éš”ç¦»é‡‡é›†å®Œæˆï¼
[go_vue_admin]2024-07-31 22:37:20.350	[34minfo[0m	/Users/lihao/project/mall-pro/admin-gin/service/product/goods_grab/pro_goods_grab.go:187	ç«æ¯›è†é‡‡é›†å®Œæˆï¼
[go_vue_admin]2024-07-31 22:37:28.015	[34minfo[0m	/Users/lihao/project/mall-pro/admin-gin/websocket/ws_handle.go:49	websocket è¿æ¥æˆåŠŸ
[go_vue_admin]2024-07-31 22:37:28.316	[34minfo[0m	/Users/lihao/project/mall-pro/admin-gin/service/product/goods_grab/pro_goods_grab.go:187	çœ‰ç¬”é‡‡é›†å®Œæˆï¼
[go_vue_admin]2024-07-31 22:37:30.314	[34minfo[0m	/Users/lihao/project/mall-pro/admin-gin/service/product/goods_grab/pro_goods_grab.go:187	æ™ºèƒ½æ‰‹æœºé‡‡é›†å®Œæˆï¼
[go_vue_admin]2024-07-31 22:37:38.315	[34minfo[0m	/Users/lihao/project/mall-pro/admin-gin/service/product/goods_grab/pro_goods_grab.go:187	ç”µè§†é‡‡é›†å®Œæˆï¼
[go_vue_admin]2024-07-31 22:37:39.314	[34minfo[0m	/Users/lihao/project/mall-pro/admin-gin/service/product/goods_grab/pro_goods_grab.go:187	å’–å•¡å†²é¥®é‡‡é›†å®Œæˆï¼
[go_vue_admin]2024-07-31 22:37:40.313	[34minfo[0m	/Users/lihao/project/mall-pro/admin-gin/service/product/goods_grab/pro_goods_grab.go:187	ç©ºè°ƒé‡‡é›†å®Œæˆï¼
[go_vue_admin]2024-07-31 22:37:44.359	[34minfo[0m	/Users/lihao/project/mall-pro/admin-gin/websocket/ws_handle.go:49	websocket è¿æ¥æˆåŠŸ
[go_vue_admin]2024-07-31 22:37:45.314	[34minfo[0m	/Users/lihao/project/mall-pro/admin-gin/service/product/goods_grab/pro_goods_grab.go:187	å¨æˆ¿å¤§å®¶ç”µé‡‡é›†å®Œæˆï¼
[go_vue_admin]2024-07-31 22:37:48.314	[34minfo[0m	/Users/lihao/project/mall-pro/admin-gin/service/product/goods_grab/pro_goods_grab.go:187	å†°ç®±é‡‡é›†å®Œæˆï¼
[go_vue_admin]2024-07-31 22:37:49.313	[34minfo[0m	/Users/lihao/project/mall-pro/admin-gin/service/product/goods_grab/pro_goods_grab.go:187	æ´—è¡£æœºé‡‡é›†å®Œæˆï¼
[go_vue_admin]2024-07-31 22:37:52.337	[34minfo[0m	/Users/lihao/project/mall-pro/admin-gin/service/product/goods_grab/pro_goods_grab.go:187	å£çº¢é‡‡é›†å®Œæˆï¼
[go_vue_admin]2024-07-31 22:37:55.318	[34minfo[0m	/Users/lihao/project/mall-pro/admin-gin/service/product/goods_grab/pro_goods_grab.go:187	çƒ­æ°´å™¨é‡‡é›†å®Œæˆï¼
[go_vue_admin]2024-07-31 22:38:17.469	[34minfo[0m	/Users/lihao/project/mall-pro/admin-gin/websocket/ws_handle.go:49	websocket è¿æ¥æˆåŠŸ
[go_vue_admin]2024-07-31 22:38:23.251	[34minfo[0m	/Users/lihao/project/mall-pro/admin-gin/websocket/ws_handle.go:49	websocket è¿æ¥æˆåŠŸ
[go_vue_admin]2024-07-31 22:38:28.396	[34minfo[0m	/Users/lihao/project/mall-pro/admin-gin/websocket/ws_handle.go:49	websocket è¿æ¥æˆåŠŸ
[go_vue_admin]2024-07-31 22:39:15.337	[34minfo[0m	/Users/lihao/project/mall-pro/admin-gin/service/product/goods_grab/pro_goods_grab.go:187	æ‰‹æœºé…ä»¶é‡‡é›†å®Œæˆï¼
[go_vue_admin]2024-07-31 22:39:25.315	[34minfo[0m	/Users/lihao/project/mall-pro/admin-gin/service/product/goods_grab/pro_goods_grab.go:187	ç”µè„‘é…ä»¶é‡‡é›†å®Œæˆï¼
[go_vue_admin]2024-07-31 22:39:59.319	[34minfo[0m	/Users/lihao/project/mall-pro/admin-gin/service/product/goods_grab/pro_goods_grab.go:187	å—åŒ—å¹²è´§é‡‡é›†å®Œæˆï¼
[go_vue_admin]2024-07-31 22:40:29.313	[34minfo[0m	/Users/lihao/project/mall-pro/admin-gin/service/product/goods_grab/pro_goods_grab.go:187	æ‰“ç«æœº/çœ¼é•œé‡‡é›†å®Œæˆï¼
[go_vue_admin]2024-07-31 22:40:45.314	[34minfo[0m	/Users/lihao/project/mall-pro/admin-gin/service/product/goods_grab/pro_goods_grab.go:187	å…¶ä»–æ•°ç é…ä»¶é‡‡é›†å®Œæˆï¼
[go_vue_admin]2024-07-31 22:41:09.319	[34minfo[0m	/Users/lihao/project/mall-pro/admin-gin/service/product/goods_grab/pro_goods_grab.go:187	å¸½å­/å›´å·¾/æ‰‹å¥—é‡‡é›†å®Œæˆï¼
[go_vue_admin]2024-07-31 22:42:30.310	[34minfo[0m	/Users/lihao/project/mall-pro/admin-gin/service/product/goods_grab/pro_goods_grab.go:187	å…¶ä»–é…é¥°é‡‡é›†å®Œæˆï¼
[go_vue_admin]2024-07-31 22:43:05.340	[34minfo[0m	/Users/lihao/project/mall-pro/admin-gin/service/product/goods_grab/pro_goods_grab.go:187	è‘¡è„é…’é‡‡é›†å®Œæˆï¼
[go_vue_admin]2024-07-31 22:43:25.314	[34minfo[0m	/Users/lihao/project/mall-pro/admin-gin/service/product/goods_grab/pro_goods_grab.go:187	æ´‹é…’é‡‡é›†å®Œæˆï¼
[go_vue_admin]2024-07-31 22:43:34.047	[34minfo[0m	/Users/lihao/project/mall-pro/admin-gin/websocket/ws_handle.go:49	websocket è¿æ¥æˆåŠŸ
[go_vue_admin]2024-07-31 22:43:49.315	[34minfo[0m	/Users/lihao/project/mall-pro/admin-gin/service/product/goods_grab/pro_goods_grab.go:187	ç™½é…’é‡‡é›†å®Œæˆï¼
[go_vue_admin]2024-07-31 22:43:50.320	[34minfo[0m	/Users/lihao/project/mall-pro/admin-gin/service/product/goods_grab/pro_goods_grab.go:187	é»„é…’/ç±³é…’é‡‡é›†å®Œæˆï¼
[go_vue_admin]2024-07-31 22:44:16.328	[34minfo[0m	/Users/lihao/project/mall-pro/admin-gin/service/product/goods_grab/pro_goods_grab.go:187	é¢„è°ƒé…’/æœé…’é‡‡é›†å®Œæˆï¼
[go_vue_admin]2024-07-31 22:44:39.338	[34minfo[0m	/Users/lihao/project/mall-pro/admin-gin/service/product/goods_grab/pro_goods_grab.go:187	ç»¿èŒ¶é‡‡é›†å®Œæˆï¼
[go_vue_admin]2024-07-31 22:44:45.314	[34minfo[0m	/Users/lihao/project/mall-pro/admin-gin/service/product/goods_grab/pro_goods_grab.go:187	çº¢èŒ¶é‡‡é›†å®Œæˆï¼
[go_vue_admin]2024-07-31 22:44:46.316	[34minfo[0m	/Users/lihao/project/mall-pro/admin-gin/service/product/goods_grab/pro_goods_grab.go:187	æ™®æ´±é‡‡é›†å®Œæˆï¼
[go_vue_admin]2024-07-31 22:45:19.311	[34minfo[0m	/Users/lihao/project/mall-pro/admin-gin/service/product/goods_grab/pro_goods_grab.go:187	é»‘èŒ¶/ç™½èŒ¶é‡‡é›†å®Œæˆï¼
[go_vue_admin]2024-07-31 22:45:21.326	[34minfo[0m	/Users/lihao/project/mall-pro/admin-gin/service/product/goods_grab/pro_goods_grab.go:187	èŒ¶åˆ¶å“é‡‡é›†å®Œæˆï¼
[go_vue_admin]2024-07-31 22:45:46.329	[34minfo[0m	/Users/lihao/project/mall-pro/admin-gin/service/product/goods_grab/pro_goods_grab.go:187	ç”µå­ç”µå·¥é‡‡é›†å®Œæˆï¼
[go_vue_admin]2024-07-31 22:47:13.079	[34minfo[0m	/Users/lihao/project/mall-pro/admin-gin/service/product/goods_grab/pro_goods_grab.go:187	åŸºç¡€å»ºæé‡‡é›†å®Œæˆï¼
[go_vue_admin]2024-07-31 22:48:08.731	[34minfo[0m	/Users/lihao/project/mall-pro/admin-gin/service/product/goods_grab/pro_goods_grab.go:187	äº”é‡‘å·¥å…·é‡‡é›†å®Œæˆï¼
[go_vue_admin]2024-07-31 22:50:52.669	[34minfo[0m	/Users/lihao/project/mall-pro/admin-gin/websocket/ws_handle.go:49	websocket è¿æ¥æˆåŠŸ
[go_vue_admin]2024-07-31 22:50:55.336	[34minfo[0m	/Users/lihao/project/mall-pro/admin-gin/service/product/goods_grab/pro_goods_grab.go:187	å®¶è£…ä¸»æé‡‡é›†å®Œæˆï¼
[go_vue_admin]2024-07-31 22:51:07.197	[34minfo[0m	/Users/lihao/project/mall-pro/admin-gin/service/product/goods_grab/pro_goods_grab.go:187	ç¯é¥°ç…§æ˜é‡‡é›†å®Œæˆï¼
[go_vue_admin]2024-07-31 22:51:08.176	[34minfo[0m	/Users/lihao/project/mall-pro/admin-gin/service/product/goods_grab/pro_goods_grab.go:187	èŠ±æœèŒ¶é‡‡é›†å®Œæˆï¼
[go_vue_admin]2024-07-31 22:51:49.257	[34minfo[0m	/Users/lihao/project/mall-pro/admin-gin/websocket/ws_handle.go:49	websocket è¿æ¥æˆåŠŸ
[go_vue_admin]2024-07-31 22:51:50.994	[34minfo[0m	/Users/lihao/project/mall-pro/admin-gin/websocket/ws_handle.go:49	websocket è¿æ¥æˆåŠŸ
[go_vue_admin]2024-07-31 22:52:16.260	[34minfo[0m	/Users/lihao/project/mall-pro/admin-gin/websocket/ws_handle.go:49	websocket è¿æ¥æˆåŠŸ
[go_vue_admin]2024-07-31 22:52:17.870	[34minfo[0m	/Users/lihao/project/mall-pro/admin-gin/websocket/ws_handle.go:49	websocket è¿æ¥æˆåŠŸ
[go_vue_admin]2024-07-31 22:55:44.753	[34minfo[0m	/Users/lihao/project/mall-pro/admin-gin/service/product/goods_grab/pro_goods_grab.go:187	å©´ç«¥å°¿è£¤é‡‡é›†å®Œæˆï¼
[go_vue_admin]2024-07-31 22:55:56.216	[34minfo[0m	/Users/lihao/project/mall-pro/admin-gin/service/product/goods_grab/pro_goods_grab.go:187	å„¿ç«¥é¤å…·é‡‡é›†å®Œæˆï¼
[go_vue_admin]2024-07-31 22:55:58.884	[34minfo[0m	/Users/lihao/project/mall-pro/admin-gin/service/product/goods_grab/pro_goods_grab.go:187	ç«¥è½¦åº§æ¤…é‡‡é›†å®Œæˆï¼
[go_vue_admin]2024-07-31 22:57:45.811	[34minfo[0m	/Users/lihao/project/mall-pro/admin-gin/service/product/goods_grab/pro_goods_grab.go:187	å®¶å…·è£…é¥°é‡‡é›†å®Œæˆï¼
[go_vue_admin]2024-07-31 22:58:08.683	[34minfo[0m	/Users/lihao/project/mall-pro/admin-gin/service/product/goods_grab/pro_goods_grab.go:187	å–‚å…»ç”¨å“é‡‡é›†å®Œæˆï¼
[go_vue_admin]2024-07-31 22:58:11.868	[34minfo[0m	/Users/lihao/project/mall-pro/admin-gin/service/product/goods_grab/pro_goods_grab.go:187	è¢œå­é‡‡é›†å®Œæˆï¼
[go_vue_admin]2024-07-31 22:58:12.444	[34minfo[0m	/Users/lihao/project/mall-pro/admin-gin/service/product/goods_grab/pro_goods_grab.go:187	ç²®æ²¹ç±³é¢é‡‡é›†å®Œæˆï¼
[go_vue_admin]2024-07-31 22:58:16.299	[34minfo[0m	/Users/lihao/project/mall-pro/admin-gin/service/product/goods_grab/pro_goods_grab.go:187	å­•å¦‡å®¶å±…é‡‡é›†å®Œæˆï¼
[go_vue_admin]2024-07-31 22:58:23.327	[34minfo[0m	/Users/lihao/project/mall-pro/admin-gin/service/product/goods_grab/pro_goods_grab.go:187	å­•å¦‡è¥å…»é‡‡é›†å®Œæˆï¼
[go_vue_admin]2024-07-31 22:58:24.298	[34minfo[0m	/Users/lihao/project/mall-pro/admin-gin/service/product/goods_grab/pro_goods_grab.go:187	å­•å¦‡ä¸ªæŠ¤é‡‡é›†å®Œæˆï¼
[go_vue_admin]2024-07-31 22:58:30.298	[34minfo[0m	/Users/lihao/project/mall-pro/admin-gin/service/product/goods_grab/pro_goods_grab.go:187	å­•å¦‡é…ä»¶é‡‡é›†å®Œæˆï¼
[go_vue_admin]2024-07-31 22:58:32.300	[34minfo[0m	/Users/lihao/project/mall-pro/admin-gin/service/product/goods_grab/pro_goods_grab.go:187	éª¨ç›†å¸¦/å¡‘èº«è¡£é‡‡é›†å®Œæˆï¼
[go_vue_admin]2024-07-31 22:58:40.297	[34minfo[0m	/Users/lihao/project/mall-pro/admin-gin/service/product/goods_grab/pro_goods_grab.go:187	äº²å­è£…é‡‡é›†å®Œæˆï¼
[go_vue_admin]2024-07-31 22:58:48.297	[34minfo[0m	/Users/lihao/project/mall-pro/admin-gin/service/product/goods_grab/pro_goods_grab.go:187	å®å®æŠ¤è‚¤é‡‡é›†å®Œæˆï¼
[go_vue_admin]2024-07-31 22:58:59.300	[34minfo[0m	/Users/lihao/project/mall-pro/admin-gin/service/product/goods_grab/pro_goods_grab.go:187	å„¿ç«¥ä¸‹è£…é‡‡é›†å®Œæˆï¼
[go_vue_admin]2024-07-31 22:59:18.295	[34minfo[0m	/Users/lihao/project/mall-pro/admin-gin/service/product/goods_grab/pro_goods_grab.go:187	å†…è¡£è£¤è¢œé‡‡é›†å®Œæˆï¼
[go_vue_admin]2024-07-31 22:59:32.317	[34minfo[0m	/Users/lihao/project/mall-pro/admin-gin/service/product/goods_grab/pro_goods_grab.go:187	å©´å¹¼ä¸ªæŠ¤é‡‡é›†å®Œæˆï¼
[go_vue_admin]2024-07-31 22:59:34.298	[34minfo[0m	/Users/lihao/project/mall-pro/admin-gin/service/product/goods_grab/pro_goods_grab.go:187	å„¿ç«¥å¥—è£…é‡‡é›†å®Œæˆï¼
[go_vue_admin]2024-07-31 22:59:38.298	[34minfo[0m	/Users/lihao/project/mall-pro/admin-gin/service/product/goods_grab/pro_goods_grab.go:187	å„¿ç«¥é…é¥°é‡‡é›†å®Œæˆï¼
[go_vue_admin]2024-07-31 22:59:40.296	[34minfo[0m	/Users/lihao/project/mall-pro/admin-gin/service/product/goods_grab/pro_goods_grab.go:187	å„¿ç«¥ä¸Šè¡£é‡‡é›†å®Œæˆï¼
[go_vue_admin]2024-07-31 22:59:46.296	[34minfo[0m	/Users/lihao/project/mall-pro/admin-gin/service/product/goods_grab/pro_goods_grab.go:187	å„¿ç«¥å¤–å¥—é‡‡é›†å®Œæˆï¼
[go_vue_admin]2024-07-31 22:59:49.296	[34minfo[0m	/Users/lihao/project/mall-pro/admin-gin/service/product/goods_grab/pro_goods_grab.go:187	å©´å„¿è°ƒå‘³é‡‡é›†å®Œæˆï¼
[go_vue_admin]2024-07-31 22:59:56.332	[34minfo[0m	/Users/lihao/project/mall-pro/admin-gin/service/product/goods_grab/pro_goods_grab.go:187	å¥¶ç²‰é‡‡é›†å®Œæˆï¼
[go_vue_admin]2024-07-31 23:00:00.302	[34minfo[0m	/Users/lihao/project/mall-pro/admin-gin/service/product/goods_grab/pro_goods_grab.go:187	å„¿ç«¥è¥å…»é‡‡é›†å®Œæˆï¼
[go_vue_admin]2024-07-31 23:00:06.298	[34minfo[0m	/Users/lihao/project/mall-pro/admin-gin/service/product/goods_grab/pro_goods_grab.go:187	å„¿ç«¥å‡‰é‹é‡‡é›†å®Œæˆï¼
[go_vue_admin]2024-07-31 23:00:08.296	[34minfo[0m	/Users/lihao/project/mall-pro/admin-gin/service/product/goods_grab/pro_goods_grab.go:187	å„¿ç«¥æ‹–é‹é‡‡é›†å®Œæˆï¼
[go_vue_admin]2024-07-31 23:00:09.299	[34minfo[0m	/Users/lihao/project/mall-pro/admin-gin/service/product/goods_grab/pro_goods_grab.go:187	ä¼‘é—²é‹é‡‡é›†å®Œæˆï¼
[go_vue_admin]2024-07-31 23:00:14.295	[34minfo[0m	/Users/lihao/project/mall-pro/admin-gin/service/product/goods_grab/pro_goods_grab.go:187	å„¿ç«¥çš®é‹é‡‡é›†å®Œæˆï¼
[go_vue_admin]2024-07-31 23:00:15.297	[34minfo[0m	/Users/lihao/project/mall-pro/admin-gin/service/product/goods_grab/pro_goods_grab.go:187	å­¦æ­¥é‹é‡‡é›†å®Œæˆï¼
[go_vue_admin]2024-07-31 23:00:18.317	[34minfo[0m	/Users/lihao/project/mall-pro/admin-gin/service/product/goods_grab/pro_goods_grab.go:187	è¿åŠ¨é‹é‡‡é›†å®Œæˆï¼
[go_vue_admin]2024-07-31 23:00:22.296	[34minfo[0m	/Users/lihao/project/mall-pro/admin-gin/service/product/goods_grab/pro_goods_grab.go:187	æ¸¸æˆæ‰‹æœºé‡‡é›†å®Œæˆï¼
[go_vue_admin]2024-07-31 23:00:24.296	[34minfo[0m	/Users/lihao/project/mall-pro/admin-gin/service/product/goods_grab/pro_goods_grab.go:187	è€äººæœºé‡‡é›†å®Œæˆï¼
[go_vue_admin]2024-07-31 23:00:26.298	[34minfo[0m	/Users/lihao/project/mall-pro/admin-gin/service/product/goods_grab/pro_goods_grab.go:187	è¾…é£Ÿé›¶é£Ÿé‡‡é›†å®Œæˆï¼
[go_vue_admin]2024-07-31 23:00:34.296	[34minfo[0m	/Users/lihao/project/mall-pro/admin-gin/service/product/goods_grab/pro_goods_grab.go:187	æ™ºèƒ½è®¾å¤‡é‡‡é›†å®Œæˆï¼
[go_vue_admin]2024-07-31 23:00:35.297	[34minfo[0m	/Users/lihao/project/mall-pro/admin-gin/service/product/goods_grab/pro_goods_grab.go:187	çˆ½è‚¤æ°´é‡‡é›†å®Œæˆï¼
[go_vue_admin]2024-07-31 23:00:36.294	[34minfo[0m	/Users/lihao/project/mall-pro/admin-gin/service/product/goods_grab/pro_goods_grab.go:187	å°å¼æœºé‡‡é›†å®Œæˆï¼
[go_vue_admin]2024-07-31 23:00:43.320	[34minfo[0m	/Users/lihao/project/mall-pro/admin-gin/service/product/goods_grab/pro_goods_grab.go:187	è°ƒå‘³å“é‡‡é›†å®Œæˆï¼
[go_vue_admin]2024-07-31 23:00:44.299	[34minfo[0m	/Users/lihao/project/mall-pro/admin-gin/service/product/goods_grab/pro_goods_grab.go:187	ç¬”è®°æœ¬é‡‡é›†å®Œæˆï¼
[go_vue_admin]2024-07-31 23:00:45.299	[34minfo[0m	/Users/lihao/project/mall-pro/admin-gin/service/product/goods_grab/pro_goods_grab.go:187	å¹³æ¿é‡‡é›†å®Œæˆï¼
[go_vue_admin]2024-07-31 23:00:46.311	[34minfo[0m	/Users/lihao/project/mall-pro/admin-gin/service/product/goods_grab/pro_goods_grab.go:187	é”®ç›˜é¼ æ ‡é‡‡é›†å®Œæˆï¼
[go_vue_admin]2024-07-31 23:00:52.300	[34minfo[0m	/Users/lihao/project/mall-pro/admin-gin/service/product/goods_grab/pro_goods_grab.go:187	åŠå…¬è®¾å¤‡é‡‡é›†å®Œæˆï¼
[go_vue_admin]2024-07-31 23:01:08.301	[34minfo[0m	/Users/lihao/project/mall-pro/admin-gin/service/product/goods_grab/pro_goods_grab.go:187	å½±éŸ³å¨±ä¹é‡‡é›†å®Œæˆï¼
[go_vue_admin]2024-07-31 23:01:16.297	[34minfo[0m	/Users/lihao/project/mall-pro/admin-gin/service/product/goods_grab/pro_goods_grab.go:187	å¨æˆ¿å°ç”µé‡‡é›†å®Œæˆï¼
[go_vue_admin]2024-07-31 23:01:19.296	[34minfo[0m	/Users/lihao/project/mall-pro/admin-gin/service/product/goods_grab/pro_goods_grab.go:187	ä¸ªæŠ¤å®¶ç”µé‡‡é›†å®Œæˆï¼
[go_vue_admin]2024-07-31 23:01:30.321	[34minfo[0m	/Users/lihao/project/mall-pro/admin-gin/service/product/goods_grab/pro_goods_grab.go:187	ç”Ÿæ´»ç”µå™¨é‡‡é›†å®Œæˆï¼
[go_vue_admin]2024-07-31 23:01:49.301	[34minfo[0m	/Users/lihao/project/mall-pro/admin-gin/service/product/goods_grab/pro_goods_grab.go:187	é˜¿èƒ¶é‡‡é›†å®Œæˆï¼
[go_vue_admin]2024-07-31 23:01:50.349	[34minfo[0m	/Users/lihao/project/mall-pro/admin-gin/service/product/goods_grab/pro_goods_grab.go:187	æ¸æé‡‡é›†å®Œæˆï¼
[go_vue_admin]2024-07-31 23:02:10.296	[34minfo[0m	/Users/lihao/project/mall-pro/admin-gin/service/product/goods_grab/pro_goods_grab.go:187	ç‡•çªé‡‡é›†å®Œæˆï¼
[go_vue_admin]2024-07-31 23:02:13.306	[34minfo[0m	/Users/lihao/project/mall-pro/admin-gin/service/product/goods_grab/pro_goods_grab.go:187	é£Ÿå“æ·»åŠ å‰‚/è¾…æ–™é‡‡é›†å®Œæˆï¼
[go_vue_admin]2024-07-31 23:02:19.297	[34minfo[0m	/Users/lihao/project/mall-pro/admin-gin/service/product/goods_grab/pro_goods_grab.go:187	èœ‚èœœé‡‡é›†å®Œæˆï¼
[go_vue_admin]2024-07-31 23:02:28.297	[34minfo[0m	/Users/lihao/project/mall-pro/admin-gin/service/product/goods_grab/pro_goods_grab.go:187	å…»ç”ŸåŸæ–™é‡‡é›†å®Œæˆï¼
[go_vue_admin]2024-07-31 23:02:40.306	[34minfo[0m	/Users/lihao/project/mall-pro/admin-gin/service/product/goods_grab/pro_goods_grab.go:187	å‚èŒ¸è´µç»†é‡‡é›†å®Œæˆï¼
[go_vue_admin]2024-07-31 23:02:44.298	[34minfo[0m	/Users/lihao/project/mall-pro/admin-gin/service/product/goods_grab/pro_goods_grab.go:187	å…¶ä»–æ»‹è¡¥å“é‡‡é›†å®Œæˆï¼
[go_vue_admin]2024-07-31 23:03:15.301	[34minfo[0m	/Users/lihao/project/mall-pro/admin-gin/service/product/goods_grab/pro_goods_grab.go:187	çŒªè‚‰ç±»é‡‡é›†å®Œæˆï¼
[go_vue_admin]2024-07-31 23:03:38.295	[34minfo[0m	/Users/lihao/project/mall-pro/admin-gin/service/product/goods_grab/pro_goods_grab.go:187	é£Ÿç–—æ»‹è¡¥é‡‡é›†å®Œæˆï¼
[go_vue_admin]2024-07-31 23:04:24.265	[34minfo[0m	/Users/lihao/project/mall-pro/admin-gin/service/product/goods_grab/pro_goods_grab.go:187	ç‰›ç¾Šè‚‰ç±»é‡‡é›†å®Œæˆï¼
[go_vue_admin]2024-07-31 23:04:45.267	[34minfo[0m	/Users/lihao/project/mall-pro/admin-gin/service/product/goods_grab/pro_goods_grab.go:187	é¸¡é¸­è‚‰ç±»é‡‡é›†å®Œæˆï¼
[go_vue_admin]2024-07-31 23:04:48.266	[34minfo[0m	/Users/lihao/project/mall-pro/admin-gin/service/product/goods_grab/pro_goods_grab.go:187	è‚‰åˆ¶å“é‡‡é›†å®Œæˆï¼
[go_vue_admin]2024-07-31 23:05:23.271	[34minfo[0m	/Users/lihao/project/mall-pro/admin-gin/service/product/goods_grab/pro_goods_grab.go:187	æ°´é¥ºé¦„é¥¨é‡‡é›†å®Œæˆï¼
[go_vue_admin]2024-07-31 23:05:30.263	[34minfo[0m	/Users/lihao/project/mall-pro/admin-gin/service/product/goods_grab/pro_goods_grab.go:187	ç…é¥¼ç±»é‡‡é›†å®Œæˆï¼
[go_vue_admin]2024-07-31 23:05:33.263	[34minfo[0m	/Users/lihao/project/mall-pro/admin-gin/service/product/goods_grab/pro_goods_grab.go:187	å†°æ·‡æ·‹é‡‡é›†å®Œæˆï¼
[go_vue_admin]2024-07-31 23:05:43.263	[34minfo[0m	/Users/lihao/project/mall-pro/admin-gin/service/product/goods_grab/pro_goods_grab.go:187	èŸ¹ç±»é‡‡é›†å®Œæˆï¼
[go_vue_admin]2024-07-31 23:06:23.270	[34minfo[0m	/Users/lihao/project/mall-pro/admin-gin/service/product/goods_grab/pro_goods_grab.go:187	æµ·é²œåˆ¶å“é‡‡é›†å®Œæˆï¼
[go_vue_admin]2024-07-31 23:06:33.284	[34minfo[0m	/Users/lihao/project/mall-pro/admin-gin/service/product/goods_grab/pro_goods_grab.go:187	æµ·å‚é‡‡é›†å®Œæˆï¼
[go_vue_admin]2024-07-31 23:06:44.264	[34minfo[0m	/Users/lihao/project/mall-pro/admin-gin/service/product/goods_grab/pro_goods_grab.go:187	åŒ…ç‚¹/é¢ç‚¹é‡‡é›†å®Œæˆï¼
[go_vue_admin]2024-07-31 23:06:47.268	[34minfo[0m	/Users/lihao/project/mall-pro/admin-gin/service/product/goods_grab/pro_goods_grab.go:187	è´ç±»é‡‡é›†å®Œæˆï¼
[go_vue_admin]2024-07-31 23:07:12.383	[34minfo[0m	/Users/lihao/project/mall-pro/admin-gin/service/product/goods_grab/pro_goods_grab.go:187	é±¼ç±»é‡‡é›†å®Œæˆï¼
[go_vue_admin]2024-07-31 23:07:15.267	[34minfo[0m	/Users/lihao/project/mall-pro/admin-gin/service/product/goods_grab/pro_goods_grab.go:187	å†»åŠæˆå“é‡‡é›†å®Œæˆï¼
[go_vue_admin]2024-07-31 23:07:19.265	[34minfo[0m	/Users/lihao/project/mall-pro/admin-gin/service/product/goods_grab/pro_goods_grab.go:187	è™¾ç±»é‡‡é›†å®Œæˆï¼
[go_vue_admin]2024-07-31 23:07:45.291	[34minfo[0m	/Users/lihao/project/mall-pro/admin-gin/service/product/goods_grab/pro_goods_grab.go:187	å¶èœç±»é‡‡é›†å®Œæˆï¼
[go_vue_admin]2024-07-31 23:07:55.270	[34minfo[0m	/Users/lihao/project/mall-pro/admin-gin/service/product/goods_grab/pro_goods_grab.go:187	é²œèŒè‡é‡‡é›†å®Œæˆï¼
[go_vue_admin]2024-07-31 23:08:27.269	[34minfo[0m	/Users/lihao/project/mall-pro/admin-gin/service/product/goods_grab/pro_goods_grab.go:187	å…¶ä»–æµ·äº§é‡‡é›†å®Œæˆï¼
[go_vue_admin]2024-07-31 23:08:45.272	[34minfo[0m	/Users/lihao/project/mall-pro/admin-gin/service/product/goods_grab/pro_goods_grab.go:187	èŒ„æœç“œç±»é‡‡é›†å®Œæˆï¼
[go_vue_admin]2024-07-31 23:08:47.272	[34minfo[0m	/Users/lihao/project/mall-pro/admin-gin/service/product/goods_grab/pro_goods_grab.go:187	å¿«æ‰‹èœé‡‡é›†å®Œæˆï¼
[go_vue_admin]2024-07-31 23:08:49.271	[34minfo[0m	/Users/lihao/project/mall-pro/admin-gin/service/product/goods_grab/pro_goods_grab.go:187	æ ¹èŒç±»é‡‡é›†å®Œæˆï¼
[go_vue_admin]2024-07-31 23:09:00.267	[34minfo[0m	/Users/lihao/project/mall-pro/admin-gin/service/product/goods_grab/pro_goods_grab.go:187	è‘±å§œè’œæ¤’é‡‡é›†å®Œæˆï¼
[go_vue_admin]2024-07-31 23:09:39.269	[34minfo[0m	/Users/lihao/project/mall-pro/admin-gin/service/product/goods_grab/pro_goods_grab.go:187	æŸ‘æ©˜æ©™æŸšé‡‡é›†å®Œæˆï¼
[go_vue_admin]2024-07-31 23:09:50.269	[34minfo[0m	/Users/lihao/project/mall-pro/admin-gin/service/product/goods_grab/pro_goods_grab.go:187	è‘¡æè“æœé‡‡é›†å®Œæˆï¼
[go_vue_admin]2024-07-31 23:09:57.268	[34minfo[0m	/Users/lihao/project/mall-pro/admin-gin/service/product/goods_grab/pro_goods_grab.go:187	è›‹å“é‡‡é›†å®Œæˆï¼
[go_vue_admin]2024-07-31 23:10:35.268	[34minfo[0m	/Users/lihao/project/mall-pro/admin-gin/service/product/goods_grab/pro_goods_grab.go:187	æ¡ƒæææ£é‡‡é›†å®Œæˆï¼
[go_vue_admin]2024-07-31 23:10:39.266	[34minfo[0m	/Users/lihao/project/mall-pro/admin-gin/service/product/goods_grab/pro_goods_grab.go:187	è‹¹æœè•‰æ¢¨é‡‡é›†å®Œæˆï¼
[go_vue_admin]2024-07-31 23:10:53.272	[34minfo[0m	/Users/lihao/project/mall-pro/admin-gin/service/product/goods_grab/pro_goods_grab.go:187	çŒ•çŒ´æ¡ƒé‡‡é›†å®Œæˆï¼
[go_vue_admin]2024-07-31 23:11:08.268	[34minfo[0m	/Users/lihao/project/mall-pro/admin-gin/service/product/goods_grab/pro_goods_grab.go:187	æ°´æœç¤¼ç›’é‡‡é›†å®Œæˆï¼
[go_vue_admin]2024-07-31 23:11:30.266	[34minfo[0m	/Users/lihao/project/mall-pro/admin-gin/service/product/goods_grab/pro_goods_grab.go:187	è¥¿ç“œ/èœœç“œé‡‡é›†å®Œæˆï¼
[go_vue_admin]2024-07-31 23:11:32.266	[34minfo[0m	/Users/lihao/project/mall-pro/admin-gin/service/product/goods_grab/pro_goods_grab.go:187	çƒ­å¸¦æ°´æœé‡‡é›†å®Œæˆï¼
[go_vue_admin]2024-07-31 23:11:33.270	[34minfo[0m	/Users/lihao/project/mall-pro/admin-gin/service/product/goods_grab/pro_goods_grab.go:187	æ°”å«é‡‡é›†å®Œæˆï¼
[go_vue_admin]2024-07-31 23:11:43.288	[34minfo[0m	/Users/lihao/project/mall-pro/admin-gin/service/product/goods_grab/pro_goods_grab.go:187	å½©å¦†å¥—è£…é‡‡é›†å®Œæˆï¼
[go_vue_admin]2024-07-31 23:11:47.267	[34minfo[0m	/Users/lihao/project/mall-pro/admin-gin/service/product/goods_grab/pro_goods_grab.go:187	æ•£ç²‰é‡‡é›†å®Œæˆï¼
[go_vue_admin]2024-07-31 23:12:12.268	[34minfo[0m	/Users/lihao/project/mall-pro/admin-gin/service/product/goods_grab/pro_goods_grab.go:187	è…®çº¢/ä¿®å®¹é‡‡é›†å®Œæˆï¼
[go_vue_admin]2024-07-31 23:12:14.268	[34minfo[0m	/Users/lihao/project/mall-pro/admin-gin/service/product/goods_grab/pro_goods_grab.go:187	ç²‰åº•é®ç‘•é‡‡é›†å®Œæˆï¼
[go_vue_admin]2024-07-31 23:12:15.267	[34minfo[0m	/Users/lihao/project/mall-pro/admin-gin/service/product/goods_grab/pro_goods_grab.go:187	è‚‰å¹²è‚‰è„¯/å¤å‘³é‡‡é›†å®Œæˆï¼
[go_vue_admin]2024-07-31 23:12:17.266	[34minfo[0m	/Users/lihao/project/mall-pro/admin-gin/service/product/goods_grab/pro_goods_grab.go:187	ç¾å®¹ç¾ä½“åŒ»ç–—å™¨æ¢°é‡‡é›†å®Œæˆï¼
[go_vue_admin]2024-07-31 23:12:20.268	[34minfo[0m	/Users/lihao/project/mall-pro/admin-gin/service/product/goods_grab/pro_goods_grab.go:187	å¥³å£«è„±æ¯›é‡‡é›†å®Œæˆï¼
[go_vue_admin]2024-07-31 23:12:23.269	[34minfo[0m	/Users/lihao/project/mall-pro/admin-gin/service/product/goods_grab/pro_goods_grab.go:187	çœ¼å½±çœ¼çº¿é‡‡é›†å®Œæˆï¼
[go_vue_admin]2024-07-31 23:12:25.266	[34minfo[0m	/Users/lihao/project/mall-pro/admin-gin/service/product/goods_grab/pro_goods_grab.go:187	è’¸è„¸å™¨é‡‡é›†å®Œæˆï¼
[go_vue_admin]2024-07-31 23:12:27.270	[34minfo[0m	/Users/lihao/project/mall-pro/admin-gin/service/product/goods_grab/pro_goods_grab.go:187	æ´é¢ä»ªé‡‡é›†å®Œæˆï¼
[go_vue_admin]2024-07-31 23:12:28.295	[34minfo[0m	/Users/lihao/project/mall-pro/admin-gin/service/product/goods_grab/pro_goods_grab.go:187	è€å¹´æœºé‡‡é›†å®Œæˆï¼
[go_vue_admin]2024-07-31 23:12:29.292	[34minfo[0m	/Users/lihao/project/mall-pro/admin-gin/service/product/goods_grab/pro_goods_grab.go:187	ç¾å®¹/ä¸ªæŠ¤ä»ªå™¨é‡‡é›†å®Œæˆï¼
[go_vue_admin]2024-07-31 23:13:14.267	[34minfo[0m	/Users/lihao/project/mall-pro/admin-gin/service/product/goods_grab/pro_goods_grab.go:187	å¥—è£…é‡‡é›†å®Œæˆï¼
[go_vue_admin]2024-07-31 23:13:20.267	[34minfo[0m	/Users/lihao/project/mall-pro/admin-gin/service/product/goods_grab/pro_goods_grab.go:187	è¿è¡£è£™é‡‡é›†å®Œæˆï¼
[go_vue_admin]2024-07-31 23:13:24.265	[34minfo[0m	/Users/lihao/project/mall-pro/admin-gin/service/product/goods_grab/pro_goods_grab.go:187	è¡¬è¡«é‡‡é›†å®Œæˆï¼
[go_vue_admin]2024-07-31 23:13:30.267	[34minfo[0m	/Users/lihao/project/mall-pro/admin-gin/service/product/goods_grab/pro_goods_grab.go:187	å¤§ç å¥³è£…é‡‡é›†å®Œæˆï¼
[go_vue_admin]2024-07-31 23:13:44.266	[34minfo[0m	/Users/lihao/project/mall-pro/admin-gin/service/product/goods_grab/pro_goods_grab.go:187	å…¶ä»–è‚‰ç±»é‡‡é›†å®Œæˆï¼
[go_vue_admin]2024-07-31 23:13:45.267	[34minfo[0m	/Users/lihao/project/mall-pro/admin-gin/service/product/goods_grab/pro_goods_grab.go:187	è±†åˆ¶å“é‡‡é›†å®Œæˆï¼
[go_vue_admin]2024-07-31 23:14:00.261	[34minfo[0m	/Users/lihao/project/mall-pro/admin-gin/service/product/goods_grab/pro_goods_grab.go:187	åŠå…¬æ–‡å…·é‡‡é›†å®Œæˆï¼
[go_vue_admin]2024-07-31 23:14:23.259	[34minfo[0m	/Users/lihao/project/mall-pro/admin-gin/service/product/goods_grab/pro_goods_grab.go:187	è£¤å­é‡‡é›†å®Œæˆï¼
[go_vue_admin]2024-07-31 23:14:40.263	[34minfo[0m	/Users/lihao/project/mall-pro/admin-gin/service/product/goods_grab/pro_goods_grab.go:187	åˆ›æ„å®¶å±…é‡‡é›†å®Œæˆï¼
[go_vue_admin]2024-07-31 23:15:21.257	[34minfo[0m	/Users/lihao/project/mall-pro/admin-gin/service/product/goods_grab/pro_goods_grab.go:187	å¥³å£«ä¸Šè¡£é‡‡é›†å®Œæˆï¼
[go_vue_admin]2024-07-31 23:16:06.260	[34minfo[0m	/Users/lihao/project/mall-pro/admin-gin/service/product/goods_grab/pro_goods_grab.go:187	æ–¹ä¾¿é€Ÿé£Ÿé‡‡é›†å®Œæˆï¼
[go_vue_admin]2024-07-31 23:16:10.264	[34minfo[0m	/Users/lihao/project/mall-pro/admin-gin/service/product/goods_grab/pro_goods_grab.go:187	çƒ¹é¥ªç”¨å…·é‡‡é›†å®Œæˆï¼
[go_vue_admin]2024-07-31 23:16:16.257	[34minfo[0m	/Users/lihao/project/mall-pro/admin-gin/service/product/goods_grab/pro_goods_grab.go:187	ç²¾æ²¹/çº¯éœ²é‡‡é›†å®Œæˆï¼
[go_vue_admin]2024-07-31 23:16:32.258	[34minfo[0m	/Users/lihao/project/mall-pro/admin-gin/service/product/goods_grab/pro_goods_grab.go:187	å¨æˆ¿é…ä»¶é‡‡é›†å®Œæˆï¼
[go_vue_admin]2024-07-31 23:16:40.257	[34minfo[0m	/Users/lihao/project/mall-pro/admin-gin/service/product/goods_grab/pro_goods_grab.go:187	åŸºç¡€æŠ¤è‚¤é‡‡é›†å®Œæˆï¼
[go_vue_admin]2024-07-31 23:16:57.258	[34minfo[0m	/Users/lihao/project/mall-pro/admin-gin/service/product/goods_grab/pro_goods_grab.go:187	å…¶ä»–é‡‡é›†å®Œæˆï¼
[go_vue_admin]2024-07-31 23:17:12.283	[34minfo[0m	/Users/lihao/project/mall-pro/admin-gin/service/product/goods_grab/pro_goods_grab.go:187	æ‰‹å·¥DIYé‡‡é›†å®Œæˆï¼
[go_vue_admin]2024-07-31 23:17:21.261	[34minfo[0m	/Users/lihao/project/mall-pro/admin-gin/service/product/goods_grab/pro_goods_grab.go:187	ç§¯æœ¨/æ¨¡å‹é‡‡é›†å®Œæˆï¼
[go_vue_admin]2024-07-31 23:17:35.300	[34minfo[0m	/Users/lihao/project/mall-pro/admin-gin/service/product/goods_grab/pro_goods_grab.go:187	ç›Šæ™ºç©å…·é‡‡é›†å®Œæˆï¼
[go_vue_admin]2024-07-31 23:17:36.265	[34minfo[0m	/Users/lihao/project/mall-pro/admin-gin/service/product/goods_grab/pro_goods_grab.go:187	ç”µåŠ¨ç©å…·é‡‡é›†å®Œæˆï¼
[go_vue_admin]2024-07-31 23:17:46.258	[34minfo[0m	/Users/lihao/project/mall-pro/admin-gin/service/product/goods_grab/pro_goods_grab.go:187	å®å®çºªå¿µå“é‡‡é›†å®Œæˆï¼
[go_vue_admin]2024-07-31 23:17:54.257	[34minfo[0m	/Users/lihao/project/mall-pro/admin-gin/service/product/goods_grab/pro_goods_grab.go:187	ç«¥è½¦è¿åŠ¨é‡‡é›†å®Œæˆï¼
[go_vue_admin]2024-07-31 23:17:56.264	[34minfo[0m	/Users/lihao/project/mall-pro/admin-gin/service/product/goods_grab/pro_goods_grab.go:187	ç«¥é‹é…ä»¶é‡‡é›†å®Œæˆï¼
[go_vue_admin]2024-07-31 23:18:04.263	[34minfo[0m	/Users/lihao/project/mall-pro/admin-gin/service/product/goods_grab/pro_goods_grab.go:187	å­•å¦‡è£…/å¦ˆå’ªè£…é‡‡é›†å®Œæˆï¼
[go_vue_admin]2024-07-31 23:18:14.261	[34minfo[0m	/Users/lihao/project/mall-pro/admin-gin/service/product/goods_grab/pro_goods_grab.go:187	å®‰å…¨é˜²æŠ¤é‡‡é›†å®Œæˆï¼
[go_vue_admin]2024-07-31 23:18:27.259	[34minfo[0m	/Users/lihao/project/mall-pro/admin-gin/service/product/goods_grab/pro_goods_grab.go:187	ç¾å¦†å·¥å…·é‡‡é›†å®Œæˆï¼
[go_vue_admin]2024-07-31 23:18:32.261	[34minfo[0m	/Users/lihao/project/mall-pro/admin-gin/service/product/goods_grab/pro_goods_grab.go:187	ç¾å®¹æœåŠ¡é‡‡é›†å®Œæˆï¼
[go_vue_admin]2024-07-31 23:18:41.257	[34minfo[0m	/Users/lihao/project/mall-pro/admin-gin/service/product/goods_grab/pro_goods_grab.go:187	æ—¥ç”¨èµ·å±…é‡‡é›†å®Œæˆï¼
[go_vue_admin]2024-07-31 23:18:42.256	[34minfo[0m	/Users/lihao/project/mall-pro/admin-gin/service/product/goods_grab/pro_goods_grab.go:187	é»„é‡‘ç å®é‡‡é›†å®Œæˆï¼
[go_vue_admin]2024-07-31 23:18:49.272	[34minfo[0m	/Users/lihao/project/mall-pro/admin-gin/service/product/goods_grab/pro_goods_grab.go:187	ä¹Œé¾™èŒ¶é‡‡é›†å®Œæˆï¼
[go_vue_admin]2024-07-31 23:19:12.256	[34minfo[0m	/Users/lihao/project/mall-pro/admin-gin/service/product/goods_grab/pro_goods_grab.go:187	åŠŸèƒ½ç®±åŒ…é‡‡é›†å®Œæˆï¼
[go_vue_admin]2024-07-31 23:19:22.257	[34minfo[0m	/Users/lihao/project/mall-pro/admin-gin/service/product/goods_grab/pro_goods_grab.go:187	ç”·å£«åŒ…è¢‹é‡‡é›†å®Œæˆï¼
[go_vue_admin]2024-07-31 23:19:26.260	[34minfo[0m	/Users/lihao/project/mall-pro/admin-gin/service/product/goods_grab/pro_goods_grab.go:187	æ—¶å°šé…é¥°é‡‡é›†å®Œæˆï¼
[go_vue_admin]2024-07-31 23:19:27.256	[34minfo[0m	/Users/lihao/project/mall-pro/admin-gin/service/product/goods_grab/pro_goods_grab.go:187	å¡å¥—é‡‡é›†å®Œæˆï¼
[go_vue_admin]2024-07-31 23:19:34.261	[34minfo[0m	/Users/lihao/project/mall-pro/admin-gin/service/product/goods_grab/pro_goods_grab.go:187	å¥³å£«åŒ…è¢‹é‡‡é›†å®Œæˆï¼
[go_vue_admin]2024-07-31 23:19:38.261	[34minfo[0m	/Users/lihao/project/mall-pro/admin-gin/service/product/goods_grab/pro_goods_grab.go:187	é¤é¥®å…·é‡‡é›†å®Œæˆï¼
[go_vue_admin]2024-07-31 23:19:44.260	[34minfo[0m	/Users/lihao/project/mall-pro/admin-gin/service/product/goods_grab/pro_goods_grab.go:187	çš®é‹é‡‡é›†å®Œæˆï¼
[go_vue_admin]2024-07-31 23:19:46.257	[34minfo[0m	/Users/lihao/project/mall-pro/admin-gin/service/product/goods_grab/pro_goods_grab.go:187	è¿åŠ¨é‹é‡‡é›†å®Œæˆï¼
[go_vue_admin]2024-07-31 23:19:48.257	[34minfo[0m	/Users/lihao/project/mall-pro/admin-gin/service/product/goods_grab/pro_goods_grab.go:187	é´å­é‡‡é›†å®Œæˆï¼
[go_vue_admin]2024-07-31 23:19:54.265	[34minfo[0m	/Users/lihao/project/mall-pro/admin-gin/service/product/goods_grab/pro_goods_grab.go:187	é«˜è·Ÿé‹é‡‡é›†å®Œæˆï¼
[go_vue_admin]2024-07-31 23:20:04.255	[34minfo[0m	/Users/lihao/project/mall-pro/admin-gin/service/product/goods_grab/pro_goods_grab.go:187	å…¶ä»–é‡‡é›†å®Œæˆï¼
[go_vue_admin]2024-07-31 23:20:23.256	[34minfo[0m	/Users/lihao/project/mall-pro/admin-gin/service/product/goods_grab/pro_goods_grab.go:187	å‡‰é‹é‡‡é›†å®Œæˆï¼
[go_vue_admin]2024-07-31 23:20:31.258	[34minfo[0m	/Users/lihao/project/mall-pro/admin-gin/service/product/goods_grab/pro_goods_grab.go:187	æ‹–é‹é‡‡é›†å®Œæˆï¼
[go_vue_admin]2024-07-31 23:20:37.255	[34minfo[0m	/Users/lihao/project/mall-pro/admin-gin/service/product/goods_grab/pro_goods_grab.go:187	ä¼‘é—²é‹é‡‡é›†å®Œæˆï¼
[go_vue_admin]2024-07-31 23:20:47.256	[34minfo[0m	/Users/lihao/project/mall-pro/admin-gin/service/product/goods_grab/pro_goods_grab.go:187	æ°‘æ—æœè£…é‡‡é›†å®Œæˆï¼
[go_vue_admin]2024-07-31 23:20:51.257	[34minfo[0m	/Users/lihao/project/mall-pro/admin-gin/service/product/goods_grab/pro_goods_grab.go:187	çŸ­è£¤é‡‡é›†å®Œæˆï¼
[go_vue_admin]2024-07-31 23:20:57.256	[34minfo[0m	/Users/lihao/project/mall-pro/admin-gin/service/product/goods_grab/pro_goods_grab.go:187	æ°‘æ—æœè£…é‡‡é›†å®Œæˆï¼
[go_vue_admin]2024-07-31 23:21:04.264	[34minfo[0m	/Users/lihao/project/mall-pro/admin-gin/service/product/goods_grab/pro_goods_grab.go:187	å¥—è£…é‡‡é›†å®Œæˆï¼
[go_vue_admin]2024-07-31 23:21:06.271	[34minfo[0m	/Users/lihao/project/mall-pro/admin-gin/service/product/goods_grab/pro_goods_grab.go:187	çŸ­è£™é‡‡é›†å®Œæˆï¼
[go_vue_admin]2024-07-31 23:21:09.256	[34minfo[0m	/Users/lihao/project/mall-pro/admin-gin/service/product/goods_grab/pro_goods_grab.go:187	ç¤¼æœé‡‡é›†å®Œæˆï¼
[go_vue_admin]2024-07-31 23:21:25.255	[34minfo[0m	/Users/lihao/project/mall-pro/admin-gin/service/product/goods_grab/pro_goods_grab.go:187	ä¿æš–å¥—è£…é‡‡é›†å®Œæˆï¼
[go_vue_admin]2024-07-31 23:21:39.256	[34minfo[0m	/Users/lihao/project/mall-pro/admin-gin/service/product/goods_grab/pro_goods_grab.go:187	å® ç‰©é£Ÿå“é‡‡é›†å®Œæˆï¼
[go_vue_admin]2024-07-31 23:21:55.251	[34minfo[0m	/Users/lihao/project/mall-pro/admin-gin/service/product/goods_grab/pro_goods_grab.go:187	å® ç‰©ç”¨å“é‡‡é›†å®Œæˆï¼
[go_vue_admin]2024-07-31 23:21:57.248	[34minfo[0m	/Users/lihao/project/mall-pro/admin-gin/service/product/goods_grab/pro_goods_grab.go:187	å†…æ­/èƒŒå¿ƒé‡‡é›†å®Œæˆï¼
[go_vue_admin]2024-07-31 23:21:59.246	[34minfo[0m	/Users/lihao/project/mall-pro/admin-gin/service/product/goods_grab/pro_goods_grab.go:187	æ–‡å­¦å°è¯´ç±»é‡‡é›†å®Œæˆï¼
[go_vue_admin]2024-07-31 23:22:12.248	[34minfo[0m	/Users/lihao/project/mall-pro/admin-gin/service/product/goods_grab/pro_goods_grab.go:187	æ•™æè¾…å¯¼ç±»é‡‡é›†å®Œæˆï¼
[go_vue_admin]2024-07-31 23:22:25.242	[34minfo[0m	/Users/lihao/project/mall-pro/admin-gin/service/product/goods_grab/pro_goods_grab.go:187	å„¿ç«¥è¯»ç‰©ç±»é‡‡é›†å®Œæˆï¼
[go_vue_admin]2024-07-31 23:22:29.242	[34minfo[0m	/Users/lihao/project/mall-pro/admin-gin/service/product/goods_grab/pro_goods_grab.go:187	ä¼‘é—²æ‚å¿—ç±»é‡‡é›†å®Œæˆï¼
[go_vue_admin]2024-07-31 23:22:33.242	[34minfo[0m	/Users/lihao/project/mall-pro/admin-gin/service/product/goods_grab/pro_goods_grab.go:187	ç”·å£«ä¸Šè¡£é‡‡é›†å®Œæˆï¼
[go_vue_admin]2024-07-31 23:22:43.247	[34minfo[0m	/Users/lihao/project/mall-pro/admin-gin/service/product/goods_grab/pro_goods_grab.go:187	ç¤¾ä¼šç§‘å­¦ç±»é‡‡é›†å®Œæˆï¼
[go_vue_admin]2024-07-31 23:22:53.247	[34minfo[0m	/Users/lihao/project/mall-pro/admin-gin/service/product/goods_grab/pro_goods_grab.go:187	çª—å¸˜çª—çº±é‡‡é›†å®Œæˆï¼
[go_vue_admin]2024-07-31 23:23:14.244	[34minfo[0m	/Users/lihao/project/mall-pro/admin-gin/service/product/goods_grab/pro_goods_grab.go:187	æ–‡å…·é‡‡é›†å®Œæˆï¼
[go_vue_admin]2024-07-31 23:23:23.243	[34minfo[0m	/Users/lihao/project/mall-pro/admin-gin/service/product/goods_grab/pro_goods_grab.go:187	åœ°æ¯¯/åœ°å«é‡‡é›†å®Œæˆï¼
[go_vue_admin]2024-07-31 23:23:39.243	[34minfo[0m	/Users/lihao/project/mall-pro/admin-gin/service/product/goods_grab/pro_goods_grab.go:187	æŠ±æ•/é å«/åº§å«é‡‡é›†å®Œæˆï¼
[go_vue_admin]2024-07-31 23:23:40.243	[34minfo[0m	/Users/lihao/project/mall-pro/admin-gin/service/product/goods_grab/pro_goods_grab.go:187	å•¤é…’é‡‡é›†å®Œæˆï¼
[go_vue_admin]2024-07-31 23:23:43.242	[34minfo[0m	/Users/lihao/project/mall-pro/admin-gin/service/product/goods_grab/pro_goods_grab.go:187	æ¡Œå¸ƒ/ç½©ä»¶/å¸ƒæ–™é‡‡é›†å®Œæˆï¼
[go_vue_admin]2024-07-31 23:23:55.240	[34minfo[0m	/Users/lihao/project/mall-pro/admin-gin/service/product/goods_grab/pro_goods_grab.go:187	å…¶ä»–é…ä»¶é‡‡é›†å®Œæˆï¼
[go_vue_admin]2024-07-31 23:24:59.241	[34minfo[0m	/Users/lihao/project/mall-pro/admin-gin/service/product/goods_grab/pro_goods_grab.go:187	æ¯›å·¾/æµ´å·¾/æµ´è¢é‡‡é›†å®Œæˆï¼
[go_vue_admin]2024-07-31 23:25:00.248	[34minfo[0m	/Users/lihao/project/mall-pro/admin-gin/service/product/goods_grab/pro_goods_grab.go:187	å››ä»¶å¥—/åºŠç¬ åºŠå¥—é‡‡é›†å®Œæˆï¼
[go_vue_admin]2024-07-31 23:25:14.244	[34minfo[0m	/Users/lihao/project/mall-pro/admin-gin/service/product/goods_grab/pro_goods_grab.go:187	ç”µçƒ­æ¯¯/æ¯›æ¯¯é‡‡é›†å®Œæˆï¼
[go_vue_admin]2024-07-31 23:25:15.258	[34minfo[0m	/Users/lihao/project/mall-pro/admin-gin/service/product/goods_grab/pro_goods_grab.go:187	å‡‰å¸­/èšŠå¸é‡‡é›†å®Œæˆï¼
[go_vue_admin]2024-07-31 23:25:17.240	[34minfo[0m	/Users/lihao/project/mall-pro/admin-gin/service/product/goods_grab/pro_goods_grab.go:187	æ”¶çº³æ•´ç†é‡‡é›†å®Œæˆï¼
[go_vue_admin]2024-07-31 23:25:22.240	[34minfo[0m	/Users/lihao/project/mall-pro/admin-gin/service/product/goods_grab/pro_goods_grab.go:187	è¿›å£ä¹¦ç±é‡‡é›†å®Œæˆï¼
[go_vue_admin]2024-07-31 23:25:24.275	[34minfo[0m	/Users/lihao/project/mall-pro/admin-gin/service/product/goods_grab/pro_goods_grab.go:187	å„¿ç«¥åºŠå“é‡‡é›†å®Œæˆï¼
[go_vue_admin]2024-07-31 23:25:27.241	[34minfo[0m	/Users/lihao/project/mall-pro/admin-gin/service/product/goods_grab/pro_goods_grab.go:187	æ°´æœ/è‚‰è›‹/è”¬èœå¡åˆ¸é‡‡é›†å®Œæˆï¼
[go_vue_admin]2024-07-31 23:25:28.243	[34minfo[0m	/Users/lihao/project/mall-pro/admin-gin/service/product/goods_grab/pro_goods_grab.go:187	æµ·é²œ/æ°´äº§å“/åˆ¶å“å¡åˆ¸é‡‡é›†å®Œæˆï¼
[go_vue_admin]2024-07-31 23:25:32.242	[34minfo[0m	/Users/lihao/project/mall-pro/admin-gin/service/product/goods_grab/pro_goods_grab.go:187	çƒ˜ç„™è›‹ç³•å¡åˆ¸é‡‡é›†å®Œæˆï¼
[go_vue_admin]2024-07-31 23:25:34.244	[34minfo[0m	/Users/lihao/project/mall-pro/admin-gin/service/product/goods_grab/pro_goods_grab.go:187	è¢«å­/æ•å¤´é‡‡é›†å®Œæˆï¼
[go_vue_admin]2024-07-31 23:26:02.244	[34minfo[0m	/Users/lihao/project/mall-pro/admin-gin/service/product/goods_grab/pro_goods_grab.go:187	æ´—æŠ¤å¥—è£…é‡‡é›†å®Œæˆï¼
[go_vue_admin]2024-07-31 23:26:14.240	[34minfo[0m	/Users/lihao/project/mall-pro/admin-gin/service/product/goods_grab/pro_goods_grab.go:187	æŠ¤å‘ç´ /å‘è†œ/ç²¾æ²¹é‡‡é›†å®Œæˆï¼
[go_vue_admin]2024-07-31 23:26:16.241	[34minfo[0m	/Users/lihao/project/mall-pro/admin-gin/service/product/goods_grab/pro_goods_grab.go:187	å…¶å®ƒæŠ¤å‘é‡‡é›†å®Œæˆï¼
[go_vue_admin]2024-07-31 23:26:30.241	[34minfo[0m	/Users/lihao/project/mall-pro/admin-gin/service/product/goods_grab/pro_goods_grab.go:187	æ‹–é‹/å±…å®¶é‹é‡‡é›†å®Œæˆï¼
[go_vue_admin]2024-07-31 23:26:37.245	[34minfo[0m	/Users/lihao/project/mall-pro/admin-gin/service/product/goods_grab/pro_goods_grab.go:187	ç”Ÿæ´»æ—¥ç”¨é‡‡é›†å®Œæˆï¼
[go_vue_admin]2024-07-31 23:26:40.246	[34minfo[0m	/Users/lihao/project/mall-pro/admin-gin/service/product/goods_grab/pro_goods_grab.go:187	ç‰™é½¿ç¾ç™½/æŠ¤ç†å‰‚é‡‡é›†å®Œæˆï¼
[go_vue_admin]2024-07-31 23:26:47.246	[34minfo[0m	/Users/lihao/project/mall-pro/admin-gin/service/product/goods_grab/pro_goods_grab.go:187	å£è…”æŠ¤ç†å¥—è£…é‡‡é›†å®Œæˆï¼
[go_vue_admin]2024-07-31 23:26:48.248	[34minfo[0m	/Users/lihao/project/mall-pro/admin-gin/service/product/goods_grab/pro_goods_grab.go:187	æ´—å‘æ°´é‡‡é›†å®Œæˆï¼
[go_vue_admin]2024-07-31 23:27:00.249	[34minfo[0m	/Users/lihao/project/mall-pro/admin-gin/service/product/goods_grab/pro_goods_grab.go:187	æ¼±å£æ°´/å£è…”å–·å‰‚é‡‡é›†å®Œæˆï¼
[go_vue_admin]2024-07-31 23:27:07.244	[34minfo[0m	/Users/lihao/project/mall-pro/admin-gin/service/product/goods_grab/pro_goods_grab.go:187	ç‰™çº¿/ç‰™ç­¾/ç‰™çº¿æ£’é‡‡é›†å®Œæˆï¼
[go_vue_admin]2024-07-31 23:27:15.246	[34minfo[0m	/Users/lihao/project/mall-pro/admin-gin/service/product/goods_grab/pro_goods_grab.go:187	ç‰™è†é‡‡é›†å®Œæˆï¼
[go_vue_admin]2024-07-31 23:27:22.269	[34minfo[0m	/Users/lihao/project/mall-pro/admin-gin/service/product/goods_grab/pro_goods_grab.go:187	èº«ä½“ç£¨ç ‚è†/å»è§’è´¨è†é‡‡é›†å®Œæˆï¼
[go_vue_admin]2024-07-31 23:27:29.246	[34minfo[0m	/Users/lihao/project/mall-pro/admin-gin/service/product/goods_grab/pro_goods_grab.go:187	é¦™çš‚é‡‡é›†å®Œæˆï¼
[go_vue_admin]2024-07-31 23:27:30.245	[34minfo[0m	/Users/lihao/project/mall-pro/admin-gin/service/product/goods_grab/pro_goods_grab.go:187	æ´—æ‰‹æ¶²é‡‡é›†å®Œæˆï¼
[go_vue_admin]2024-07-31 23:27:37.243	[34minfo[0m	/Users/lihao/project/mall-pro/admin-gin/service/product/goods_grab/pro_goods_grab.go:187	ç‰™åˆ·/å£è…”æ¸…æ´å·¥å…·é‡‡é›†å®Œæˆï¼
[go_vue_admin]2024-07-31 23:27:46.254	[34minfo[0m	/Users/lihao/project/mall-pro/admin-gin/service/product/goods_grab/pro_goods_grab.go:187	å…¶ä»–é‡‡é›†å®Œæˆï¼
[go_vue_admin]2024-07-31 23:27:47.276	[34minfo[0m	/Users/lihao/project/mall-pro/admin-gin/service/product/goods_grab/pro_goods_grab.go:187	é¢ˆéœœ/é¢ˆè†œé‡‡é›†å®Œæˆï¼
[go_vue_admin]2024-07-31 23:27:50.248	[34minfo[0m	/Users/lihao/project/mall-pro/admin-gin/service/product/goods_grab/pro_goods_grab.go:187	èº«ä½“æŠ¤ç†å¥—è£…é‡‡é›†å®Œæˆï¼
[go_vue_admin]2024-07-31 23:28:01.245	[34minfo[0m	/Users/lihao/project/mall-pro/admin-gin/service/product/goods_grab/pro_goods_grab.go:187	æ­¢æ±—éœ²/æ¶ˆè‡­å‰‚é‡‡é›†å®Œæˆï¼
[go_vue_admin]2024-07-31 23:28:02.245	[34minfo[0m	/Users/lihao/project/mall-pro/admin-gin/service/product/goods_grab/pro_goods_grab.go:187	è‚©é¢ˆ/è†è‚˜è´´é‡‡é›†å®Œæˆï¼
[go_vue_admin]2024-07-31 23:28:06.253	[34minfo[0m	/Users/lihao/project/mall-pro/admin-gin/service/product/goods_grab/pro_goods_grab.go:187	èƒ¸éƒ¨æŠ¤ç†é‡‡é›†å®Œæˆï¼
[go_vue_admin]2024-07-31 23:28:13.246	[34minfo[0m	/Users/lihao/project/mall-pro/admin-gin/service/product/goods_grab/pro_goods_grab.go:187	æ²æµ´éœ²/æ²¹é‡‡é›†å®Œæˆï¼
[go_vue_admin]2024-07-31 23:28:15.245	[34minfo[0m	/Users/lihao/project/mall-pro/admin-gin/service/product/goods_grab/pro_goods_grab.go:187	è¶³éƒ¨æŠ¤ç†é‡‡é›†å®Œæˆï¼
[go_vue_admin]2024-07-31 23:28:17.248	[34minfo[0m	/Users/lihao/project/mall-pro/admin-gin/service/product/goods_grab/pro_goods_grab.go:187	è„±æ¯›è†/å‡èƒ¶é‡‡é›†å®Œæˆï¼
[go_vue_admin]2024-07-31 23:28:23.242	[34minfo[0m	/Users/lihao/project/mall-pro/admin-gin/service/product/goods_grab/pro_goods_grab.go:187	èº«ä½“çš‚/èº«ä½“å–·é›¾é‡‡é›†å®Œæˆï¼
[go_vue_admin]2024-07-31 23:28:29.243	[34minfo[0m	/Users/lihao/project/mall-pro/admin-gin/service/product/goods_grab/pro_goods_grab.go:187	èº«ä½“ä¹³/éœœ/ç²¾æ²¹/è†é‡‡é›†å®Œæˆï¼
[go_vue_admin]2024-07-31 23:28:31.249	[34minfo[0m	/Users/lihao/project/mall-pro/admin-gin/service/product/goods_grab/pro_goods_grab.go:187	æ¸…å‡‰æ²¹/é˜²æš‘/é†’ç¥è¯æ²¹é‡‡é›†å®Œæˆï¼
[go_vue_admin]2024-07-31 23:28:33.256	[34minfo[0m	/Users/lihao/project/mall-pro/admin-gin/service/product/goods_grab/pro_goods_grab.go:187	å«ç”Ÿæ£‰æ¡é‡‡é›†å®Œæˆï¼
[go_vue_admin]2024-07-31 23:28:44.246	[34minfo[0m	/Users/lihao/project/mall-pro/admin-gin/service/product/goods_grab/pro_goods_grab.go:187	ç§å¤„æ´—æ¶²/æ¹¿å·¾é‡‡é›†å®Œæˆï¼
[go_vue_admin]2024-07-31 23:28:46.248	[34minfo[0m	/Users/lihao/project/mall-pro/admin-gin/service/product/goods_grab/pro_goods_grab.go:187	æŸ“å‘äº§å“é‡‡é›†å®Œæˆï¼
[go_vue_admin]2024-07-31 23:28:47.244	[34minfo[0m	/Users/lihao/project/mall-pro/admin-gin/service/product/goods_grab/pro_goods_grab.go:187	æ‘©ä¸/å•«å–±/å¤´å‘é€ å‹é‡‡é›†å®Œæˆï¼
[go_vue_admin]2024-07-31 23:28:50.241	[34minfo[0m	/Users/lihao/project/mall-pro/admin-gin/service/product/goods_grab/pro_goods_grab.go:187	å…¶ä»–é‡‡é›†å®Œæˆï¼
[go_vue_admin]2024-07-31 23:28:54.251	[34minfo[0m	/Users/lihao/project/mall-pro/admin-gin/service/product/goods_grab/pro_goods_grab.go:187	çƒ«å‘äº§å“é‡‡é›†å®Œæˆï¼
[go_vue_admin]2024-07-31 23:28:56.265	[34minfo[0m	/Users/lihao/project/mall-pro/admin-gin/service/product/goods_grab/pro_goods_grab.go:187	ç¾å‘å·¥å…·é‡‡é›†å®Œæˆï¼
[go_vue_admin]2024-07-31 23:29:00.257	[34minfo[0m	/Users/lihao/project/mall-pro/admin-gin/service/product/goods_grab/pro_goods_grab.go:187	æ‰‹éƒ¨ä¿å…»å¥—è£…é‡‡é›†å®Œæˆï¼
[go_vue_admin]2024-07-31 23:29:03.241	[34minfo[0m	/Users/lihao/project/mall-pro/admin-gin/service/product/goods_grab/pro_goods_grab.go:187	æ‰‹éƒ¨ä¿®å¤/æ¸…æ´é‡‡é›†å®Œæˆï¼
[go_vue_admin]2024-07-31 23:29:10.244	[34minfo[0m	/Users/lihao/project/mall-pro/admin-gin/service/product/goods_grab/pro_goods_grab.go:187	å¡‘èº«è´´/å¡‘å½¢å¸¦é‡‡é›†å®Œæˆï¼
[go_vue_admin]2024-07-31 23:29:23.243	[34minfo[0m	/Users/lihao/project/mall-pro/admin-gin/service/product/goods_grab/pro_goods_grab.go:187	å‘åœˆ/å‘ç½‘/å‘å¸¦é‡‡é›†å®Œæˆï¼
[go_vue_admin]2024-07-31 23:29:26.243	[34minfo[0m	/Users/lihao/project/mall-pro/admin-gin/service/product/goods_grab/pro_goods_grab.go:187	å‰ƒé¡»åˆ€/æŒ‡ç”²é’³é‡‡é›†å®Œæˆï¼
[go_vue_admin]2024-07-31 23:29:32.272	[34minfo[0m	/Users/lihao/project/mall-pro/admin-gin/service/product/goods_grab/pro_goods_grab.go:187	æŠ¤æ‰‹éœœ/æ‰‹è†œé‡‡é›†å®Œæˆï¼
[go_vue_admin]2024-07-31 23:29:43.251	[34minfo[0m	/Users/lihao/project/mall-pro/admin-gin/service/product/goods_grab/pro_goods_grab.go:187	è’¸æ±½çœ¼ç½©é‡‡é›†å®Œæˆï¼
[go_vue_admin]2024-07-31 23:29:45.249	[34minfo[0m	/Users/lihao/project/mall-pro/admin-gin/service/product/goods_grab/pro_goods_grab.go:187	æ¢³å­/å·å‘æ£’/åŒ–å¦†é•œé‡‡é›†å®Œæˆï¼
[go_vue_admin]2024-07-31 23:29:51.245	[34minfo[0m	/Users/lihao/project/mall-pro/admin-gin/service/product/goods_grab/pro_goods_grab.go:187	æŒ‰æ‘©ç”¨å“é‡‡é›†å®Œæˆï¼
[go_vue_admin]2024-07-31 23:29:55.241	[34minfo[0m	/Users/lihao/project/mall-pro/admin-gin/service/product/goods_grab/pro_goods_grab.go:187	èº«ä½“ç²¾æ²¹èŠ³ç–—é‡‡é›†å®Œæˆï¼
[go_vue_admin]2024-07-31 23:29:57.241	[34minfo[0m	/Users/lihao/project/mall-pro/admin-gin/service/product/goods_grab/pro_goods_grab.go:187	å‡å‘åŠé…ä»¶é‡‡é›†å®Œæˆï¼
[go_vue_admin]2024-07-31 23:30:14.243	[34minfo[0m	/Users/lihao/project/mall-pro/admin-gin/service/product/goods_grab/pro_goods_grab.go:187	å«ç”Ÿå·¾/æŠ¤å«/å«ç”Ÿè£¤é‡‡é›†å®Œæˆï¼
[go_vue_admin]2024-07-31 23:30:44.245	[34minfo[0m	/Users/lihao/project/mall-pro/admin-gin/service/product/goods_grab/pro_goods_grab.go:187	å·çº¸/å«ç”Ÿçº¸é‡‡é›†å®Œæˆï¼
[go_vue_admin]2024-07-31 23:31:12.242	[34minfo[0m	/Users/lihao/project/mall-pro/admin-gin/service/product/goods_grab/pro_goods_grab.go:187	æ¹¿å·¾/æ¹¿å•çº¸é‡‡é›†å®Œæˆï¼
[go_vue_admin]2024-07-31 23:31:14.245	[34minfo[0m	/Users/lihao/project/mall-pro/admin-gin/service/product/goods_grab/pro_goods_grab.go:187	å¨æˆ¿ç”¨çº¸é‡‡é›†å®Œæˆï¼
[go_vue_admin]2024-07-31 23:31:24.245	[34minfo[0m	/Users/lihao/project/mall-pro/admin-gin/service/product/goods_grab/pro_goods_grab.go:187	ç”²é†›æ¸…é™¤å‰‚/ç”²é†›æµ‹è¯•é‡‡é›†å®Œæˆï¼
[go_vue_admin]2024-07-31 23:31:34.243	[34minfo[0m	/Users/lihao/project/mall-pro/admin-gin/service/product/goods_grab/pro_goods_grab.go:187	å†°ç®±é™¤å‘³å‰‚é‡‡é›†å®Œæˆï¼
[go_vue_admin]2024-07-31 23:31:35.245	[34minfo[0m	/Users/lihao/project/mall-pro/admin-gin/service/product/goods_grab/pro_goods_grab.go:187	æ£‰æŸ”å·¾/æ´—è„¸å·¾é‡‡é›†å®Œæˆï¼
[go_vue_admin]2024-07-31 23:31:37.242	[34minfo[0m	/Users/lihao/project/mall-pro/admin-gin/service/product/goods_grab/pro_goods_grab.go:187	ç©ºæ°”æ¸…æ–°/å‡€åŒ–/èŠ³é¦™å‰‚é‡‡é›†å®Œæˆï¼
[go_vue_admin]2024-07-31 23:31:44.242	[34minfo[0m	/Users/lihao/project/mall-pro/admin-gin/service/product/goods_grab/pro_goods_grab.go:187	é™¤è‡­å–·é›¾/å‰‚/é™¤è‡­ç”¨å“é‡‡é›†å®Œæˆï¼
[go_vue_admin]2024-07-31 23:31:45.243	[34minfo[0m	/Users/lihao/project/mall-pro/admin-gin/service/product/goods_grab/pro_goods_grab.go:187	å¹²ç‡¥å‰‚é‡‡é›†å®Œæˆï¼
[go_vue_admin]2024-07-31 23:31:55.246	[34minfo[0m	/Users/lihao/project/mall-pro/admin-gin/service/product/goods_grab/pro_goods_grab.go:187	æ¶ˆæ¯’ç”¨å“é‡‡é›†å®Œæˆï¼
[go_vue_admin]2024-07-31 23:32:37.248	[34minfo[0m	/Users/lihao/project/mall-pro/admin-gin/service/product/goods_grab/pro_goods_grab.go:187	å¨æˆ¿æ¸…æ´é‡‡é›†å®Œæˆï¼
[go_vue_admin]2024-07-31 23:32:54.243	[34minfo[0m	/Users/lihao/project/mall-pro/admin-gin/service/product/goods_grab/pro_goods_grab.go:187	å±…å®¶æ¸…æ´é‡‡é›†å®Œæˆï¼
[go_vue_admin]2024-07-31 23:33:03.244	[34minfo[0m	/Users/lihao/project/mall-pro/admin-gin/service/product/goods_grab/pro_goods_grab.go:187	å…¶ä»–ä¸ªæŠ¤å·¥å…·é‡‡é›†å®Œæˆï¼
[go_vue_admin]2024-07-31 23:33:22.245	[34minfo[0m	/Users/lihao/project/mall-pro/admin-gin/service/product/goods_grab/pro_goods_grab.go:187	æ´—è¡£ç²‰/çˆ†ç‚¸ç›/æ¼‚ç™½å‰‚é‡‡é›†å®Œæˆï¼
[go_vue_admin]2024-07-31 23:33:28.240	[34minfo[0m	/Users/lihao/project/mall-pro/admin-gin/service/product/goods_grab/pro_goods_grab.go:187	æŸ”é¡ºå‰‚/å¸è‰²ç‰‡/ç»‡ç‰©å–·é›¾é‡‡é›†å®Œæˆï¼
[go_vue_admin]2024-07-31 23:33:29.241	[34minfo[0m	/Users/lihao/project/mall-pro/admin-gin/service/product/goods_grab/pro_goods_grab.go:187	æ´—è¡£çš‚/å†…è¡£çš‚é‡‡é›†å®Œæˆï¼
[go_vue_admin]2024-07-31 23:33:42.243	[34minfo[0m	/Users/lihao/project/mall-pro/admin-gin/service/product/goods_grab/pro_goods_grab.go:187	å…¶ä»–è¡£ç‰©æ´—æ¶¤å‰‚é‡‡é›†å®Œæˆï¼
[go_vue_admin]2024-07-31 23:33:43.247	[34minfo[0m	/Users/lihao/project/mall-pro/admin-gin/service/product/goods_grab/pro_goods_grab.go:187	å®¶ç”¨æ€è™«å‰‚é‡‡é›†å®Œæˆï¼
[go_vue_admin]2024-07-31 23:33:49.260	[34minfo[0m	/Users/lihao/project/mall-pro/admin-gin/service/product/goods_grab/pro_goods_grab.go:187	èšŠé¦™æ¶²/ç”µèšŠé¦™é‡‡é›†å®Œæˆï¼
[go_vue_admin]2024-07-31 23:33:52.243	[34minfo[0m	/Users/lihao/project/mall-pro/admin-gin/service/product/goods_grab/pro_goods_grab.go:187	é™¤è¨å–·é›¾é‡‡é›†å®Œæˆï¼
[go_vue_admin]2024-07-31 23:33:53.245	[34minfo[0m	/Users/lihao/project/mall-pro/admin-gin/service/product/goods_grab/pro_goods_grab.go:187	èšŠé¦™ç‰‡/èšŠé¦™ç›˜é‡‡é›†å®Œæˆï¼
[go_vue_admin]2024-07-31 23:33:59.248	[34minfo[0m	/Users/lihao/project/mall-pro/admin-gin/service/product/goods_grab/pro_goods_grab.go:187	é©±èšŠæ¶²/é©±èšŠå‡éœ²/é©±èšŠå–·é›¾é‡‡é›†å®Œæˆï¼
[go_vue_admin]2024-07-31 23:34:02.269	[34minfo[0m	/Users/lihao/project/mall-pro/admin-gin/service/product/goods_grab/pro_goods_grab.go:187	å…¶ä»–é©±è™«ç”¨å“é‡‡é›†å®Œæˆï¼
[go_vue_admin]2024-07-31 23:34:11.245	[34minfo[0m	/Users/lihao/project/mall-pro/admin-gin/service/product/goods_grab/pro_goods_grab.go:187	é¦™è–°ç”¨å“é‡‡é›†å®Œæˆï¼
[go_vue_admin]2024-07-31 23:34:19.238	[34minfo[0m	/Users/lihao/project/mall-pro/admin-gin/service/product/goods_grab/pro_goods_grab.go:187	æ¸…æ´æ…•æ–¯é‡‡é›†å®Œæˆï¼
[go_vue_admin]2024-07-31 23:34:21.238	[34minfo[0m	/Users/lihao/project/mall-pro/admin-gin/service/product/goods_grab/pro_goods_grab.go:187	æœ¨ä½œ/ä¹¦ç”»/é’±å¸/æ”¶è—é‡‡é›†å®Œæˆï¼
[go_vue_admin]2024-07-31 23:34:23.242	[34minfo[0m	/Users/lihao/project/mall-pro/admin-gin/service/product/goods_grab/pro_goods_grab.go:187	å®¶ç§æ¸…æ´/çš®å…·æŠ¤ç†å‰‚é‡‡é›†å®Œæˆï¼
[go_vue_admin]2024-07-31 23:34:29.242	[34minfo[0m	/Users/lihao/project/mall-pro/admin-gin/service/product/goods_grab/pro_goods_grab.go:187	ç å®/æ–‡ç©/æ”¶è—å“é‡‡é›†å®Œæˆï¼
[go_vue_admin]2024-07-31 23:34:30.261	[34minfo[0m	/Users/lihao/project/mall-pro/admin-gin/service/product/goods_grab/pro_goods_grab.go:187	å® ç‰©é‡‡é›†å®Œæˆï¼
[go_vue_admin]2024-07-31 23:34:33.239	[34minfo[0m	/Users/lihao/project/mall-pro/admin-gin/service/product/goods_grab/pro_goods_grab.go:187	æŠ½çº¸/çº¸å·¾/æ‰‹å¸•çº¸é‡‡é›†å®Œæˆï¼
[go_vue_admin]2024-07-31 23:34:37.238	[34minfo[0m	/Users/lihao/project/mall-pro/admin-gin/service/product/goods_grab/pro_goods_grab.go:187	ç”·å£«ä¸ªæŠ¤é‡‡é›†å®Œæˆï¼
[go_vue_admin]2024-07-31 23:34:40.240	[34minfo[0m	/Users/lihao/project/mall-pro/admin-gin/service/product/goods_grab/pro_goods_grab.go:187	éšå½¢çœ¼é•œ/æŠ¤ç†æ¶²é‡‡é›†å®Œæˆï¼
[go_vue_admin]2024-07-31 23:34:47.253	[34minfo[0m	/Users/lihao/project/mall-pro/admin-gin/service/product/goods_grab/pro_goods_grab.go:187	å…¶å®ƒé‡‡é›†å®Œæˆï¼
[go_vue_admin]2024-07-31 23:34:50.239	[34minfo[0m	/Users/lihao/project/mall-pro/admin-gin/service/product/goods_grab/pro_goods_grab.go:187	ä¸­è€å¹´æŠ¤ç†ç”¨å“é‡‡é›†å®Œæˆï¼
[go_vue_admin]2024-07-31 23:34:57.241	[34minfo[0m	/Users/lihao/project/mall-pro/admin-gin/service/product/goods_grab/pro_goods_grab.go:187	æ´—è¡£æ¶²/æ´—è¡£å‡ç /ç•™é¦™ç é‡‡é›†å®Œæˆï¼
[go_vue_admin]2024-07-31 23:35:01.243	[34minfo[0m	/Users/lihao/project/mall-pro/admin-gin/service/product/goods_grab/pro_goods_grab.go:187	ä¸ªäººæ´—æŠ¤æ¸…æ´ç”¨å…·é‡‡é›†å®Œæˆï¼
[go_vue_admin]2024-07-31 23:35:16.237	[34minfo[0m	/Users/lihao/project/mall-pro/admin-gin/service/product/goods_grab/pro_goods_grab.go:187	ç”»å…·/ç”»æ/ä¹¦æ³•ç”¨å“é‡‡é›†å®Œæˆï¼
[go_vue_admin]2024-07-31 23:35:25.241	[34minfo[0m	/Users/lihao/project/mall-pro/admin-gin/service/product/goods_grab/pro_goods_grab.go:187	æ‘„å½±æ‘„åƒé‡‡é›†å®Œæˆï¼
[go_vue_admin]2024-07-31 23:35:31.239	[34minfo[0m	/Users/lihao/project/mall-pro/admin-gin/service/product/goods_grab/pro_goods_grab.go:187	ä¸ªæŠ¤ç”µå™¨é‡‡é›†å®Œæˆï¼
[go_vue_admin]2024-07-31 23:35:40.237	[34minfo[0m	/Users/lihao/project/mall-pro/admin-gin/service/product/goods_grab/pro_goods_grab.go:187	æ¯›è¡£/é’ˆç»‡è¡«é‡‡é›†å®Œæˆï¼
[go_vue_admin]2024-07-31 23:35:42.240	[34minfo[0m	/Users/lihao/project/mall-pro/admin-gin/service/product/goods_grab/pro_goods_grab.go:187	å«æµ´/ç½®ç‰©ç”¨å…·é‡‡é›†å®Œæˆï¼
[go_vue_admin]2024-07-31 23:35:56.235	[34minfo[0m	/Users/lihao/project/mall-pro/admin-gin/service/product/goods_grab/pro_goods_grab.go:187	æ¯›è¡£/é’ˆç»‡è¡«é‡‡é›†å®Œæˆï¼
[go_vue_admin]2024-07-31 23:36:10.239	[34minfo[0m	/Users/lihao/project/mall-pro/admin-gin/service/product/goods_grab/pro_goods_grab.go:187	å¥³å¼å¤–å¥—é‡‡é›†å®Œæˆï¼
[go_vue_admin]2024-07-31 23:36:20.237	[34minfo[0m	/Users/lihao/project/mall-pro/admin-gin/service/product/goods_grab/pro_goods_grab.go:187	å…¶ä»–ç«¥é‹é‡‡é›†å®Œæˆï¼
[go_vue_admin]2024-07-31 23:36:36.250	[34minfo[0m	/Users/lihao/project/mall-pro/admin-gin/service/product/goods_grab/pro_goods_grab.go:187	å…¶ä»–å†œäº§å“é‡‡é›†å®Œæˆï¼
[go_vue_admin]2024-07-31 23:36:41.236	[34minfo[0m	/Users/lihao/project/mall-pro/admin-gin/service/product/goods_grab/pro_goods_grab.go:187	å¥³å¼çŸ­è£¤é‡‡é›†å®Œæˆï¼
[go_vue_admin]2024-07-31 23:36:45.266	[34minfo[0m	/Users/lihao/project/mall-pro/admin-gin/service/product/goods_grab/pro_goods_grab.go:187	ä¸ªæŠ¤æœåŠ¡é‡‡é›†å®Œæˆï¼
[go_vue_admin]2024-07-31 23:37:10.246	[34minfo[0m	/Users/lihao/project/mall-pro/admin-gin/service/product/goods_grab/pro_goods_grab.go:187	å®¶åŠ¡/åœ°æ¿æ¸…æ´ç”¨å…·é‡‡é›†å®Œæˆï¼
[go_vue_admin]2024-07-31 23:37:18.236	[34minfo[0m	/Users/lihao/project/mall-pro/admin-gin/service/product/goods_grab/pro_goods_grab.go:187	å…¶ä»–é‡‡é›†å®Œæˆï¼
[go_vue_admin]2024-07-31 23:39:38.097	[34minfo[0m	/Users/lihao/project/mall-pro/admin-gin/websocket/ws_handle.go:49	websocket è¿æ¥æˆåŠŸ
[go_vue_admin]2024-07-31 23:39:51.774	[34minfo[0m	/Users/lihao/project/mall-pro/admin-gin/websocket/ws_handle.go:49	websocket è¿æ¥æˆåŠŸ
[go_vue_admin]2024-07-31 23:40:33.126	[34minfo[0m	/Users/lihao/project/mall-pro/admin-gin/websocket/ws_handle.go:49	websocket è¿æ¥æˆåŠŸ
[go_vue_admin]2024-07-31 23:40:52.538	[34minfo[0m	/Users/lihao/project/mall-pro/admin-gin/websocket/ws_handle.go:49	websocket è¿æ¥æˆåŠŸ
[go_vue_admin]2024-07-31 23:41:11.253	[34minfo[0m	/Users/lihao/project/mall-pro/admin-gin/websocket/ws_handle.go:49	websocket è¿æ¥æˆåŠŸ
[go_vue_admin]2024-07-31 23:41:28.997	[34minfo[0m	/Users/lihao/project/mall-pro/admin-gin/websocket/ws_handle.go:49	websocket è¿æ¥æˆåŠŸ
