[go_vue_admin]2024-09-04 14:04:20.355	[31merror[0m	/Users/lihao/project/mall-pro/admin-gin/websocket/ws_handle.go:70	websocket: close 1001 (going away)
[go_vue_admin]2024-09-04 14:09:27.076	[31merror[0m	/Users/lihao/project/mall-pro/admin-gin/websocket/ws_handle.go:70	websocket: close 1001 (going away)
[go_vue_admin]2024-09-04 14:11:26.616	[31merror[0m	/Users/lihao/project/mall-pro/admin-gin/websocket/ws_handle.go:70	websocket: close 1001 (going away)
[go_vue_admin]2024-09-04 14:39:37.981	[31merror[0m	/Users/lihao/project/mall-pro/admin-gin/websocket/ws_handle.go:70	websocket: close 1001 (going away)
[go_vue_admin]2024-09-04 14:39:45.288	[31merror[0m	/Users/lihao/project/mall-pro/admin-gin/websocket/ws_handle.go:70	websocket: close 1001 (going away)
[go_vue_admin]2024-09-04 14:44:21.018	[31merror[0m	/Users/lihao/project/mall-pro/admin-gin/websocket/ws_handle.go:70	websocket: close 1001 (going away)
[go_vue_admin]2024-09-04 15:14:57.948	[31merror[0m	/Users/lihao/project/mall-pro/admin-gin/websocket/ws_handle.go:70	websocket: close 1001 (going away)
[go_vue_admin]2024-09-04 15:25:38.786	[31merror[0m	/Users/lihao/project/mall-pro/admin-gin/websocket/ws_handle.go:70	websocket: close 1001 (going away)
[go_vue_admin]2024-09-04 15:30:00.102	[31merror[0m	/Users/lihao/project/mall-pro/admin-gin/websocket/ws_handle.go:70	websocket: close 1001 (going away)
[go_vue_admin]2024-09-04 15:30:25.258	[31merror[0m	/Users/lihao/project/mall-pro/admin-gin/websocket/ws_handle.go:70	websocket: close 1001 (going away)
[go_vue_admin]2024-09-04 15:32:37.988	[31merror[0m	/Users/lihao/project/mall-pro/admin-gin/websocket/ws_handle.go:70	websocket: close 1001 (going away)
[go_vue_admin]2024-09-04 15:33:30.528	[31merror[0m	/Users/lihao/project/mall-pro/admin-gin/websocket/ws_handle.go:70	websocket: close 1001 (going away)
[go_vue_admin]2024-09-04 15:34:05.439	[31merror[0m	/Users/lihao/project/mall-pro/admin-gin/websocket/ws_handle.go:70	websocket: close 1001 (going away)
[go_vue_admin]2024-09-04 15:36:57.303	[31merror[0m	/Users/lihao/project/mall-pro/admin-gin/websocket/ws_handle.go:70	websocket: close 1001 (going away)
[go_vue_admin]2024-09-04 15:37:58.894	[31merror[0m	/Users/lihao/project/mall-pro/admin-gin/websocket/ws_handle.go:70	websocket: close 1001 (going away)
[go_vue_admin]2024-09-04 15:37:58.899	[31merror[0m	/Users/lihao/project/mall-pro/admin-gin/websocket/ws_handle.go:70	websocket: close 1001 (going away)
[go_vue_admin]2024-09-04 15:51:16.815	[31merror[0m	/Users/lihao/project/mall-pro/admin-gin/websocket/ws_handle.go:70	websocket: close 1001 (going away)
[go_vue_admin]2024-09-04 16:19:58.184	[31merror[0m	/Users/lihao/project/mall-pro/admin-gin/websocket/ws_handle.go:38	close tcp [::1]:8887->[::1]:50595: use of closed network connection
[go_vue_admin]2024-09-04 16:19:58.184	[31merror[0m	/Users/lihao/project/mall-pro/admin-gin/websocket/ws_handle.go:38	close tcp [::1]:8887->[::1]:53996: use of closed network connection
[go_vue_admin]2024-09-04 16:19:58.184	[31merror[0m	/Users/lihao/project/mall-pro/admin-gin/websocket/ws_handle.go:38	close tcp [::1]:8887->[::1]:55760: use of closed network connection
[go_vue_admin]2024-09-04 16:19:58.184	[31merror[0m	/Users/lihao/project/mall-pro/admin-gin/websocket/ws_handle.go:38	close tcp [::1]:8887->[::1]:59316: use of closed network connection
[go_vue_admin]2024-09-04 16:19:58.184	[31merror[0m	/Users/lihao/project/mall-pro/admin-gin/websocket/ws_handle.go:38	close tcp [::1]:8887->[::1]:53330: use of closed network connection
[go_vue_admin]2024-09-04 16:19:58.184	[31merror[0m	/Users/lihao/project/mall-pro/admin-gin/websocket/ws_handle.go:38	close tcp [::1]:8887->[::1]:53304: use of closed network connection
[go_vue_admin]2024-09-04 16:19:58.184	[31merror[0m	/Users/lihao/project/mall-pro/admin-gin/websocket/ws_handle.go:38	close tcp [::1]:8887->[::1]:54610: use of closed network connection
[go_vue_admin]2024-09-04 16:19:58.184	[31merror[0m	/Users/lihao/project/mall-pro/admin-gin/websocket/ws_handle.go:38	close tcp [::1]:8887->[::1]:55665: use of closed network connection
[go_vue_admin]2024-09-04 16:19:58.184	[31merror[0m	/Users/lihao/project/mall-pro/admin-gin/websocket/ws_handle.go:38	close tcp [::1]:8887->[::1]:54471: use of closed network connection
[go_vue_admin]2024-09-04 16:19:58.184	[31merror[0m	/Users/lihao/project/mall-pro/admin-gin/websocket/ws_handle.go:38	close tcp [::1]:8887->[::1]:58112: use of closed network connection
[go_vue_admin]2024-09-04 16:19:58.184	[31merror[0m	/Users/lihao/project/mall-pro/admin-gin/websocket/ws_handle.go:38	close tcp [::1]:8887->[::1]:55409: use of closed network connection
[go_vue_admin]2024-09-04 16:19:58.183	[31merror[0m	/Users/lihao/project/mall-pro/admin-gin/websocket/ws_handle.go:38	close tcp [::1]:8887->[::1]:56633: use of closed network connection
[go_vue_admin]2024-09-04 16:19:58.184	[31merror[0m	/Users/lihao/project/mall-pro/admin-gin/websocket/ws_handle.go:38	close tcp [::1]:8887->[::1]:53804: use of closed network connection
[go_vue_admin]2024-09-04 16:19:58.184	[31merror[0m	/Users/lihao/project/mall-pro/admin-gin/websocket/ws_handle.go:38	close tcp [::1]:8887->[::1]:58070: use of closed network connection
[go_vue_admin]2024-09-04 16:19:58.184	[31merror[0m	/Users/lihao/project/mall-pro/admin-gin/websocket/ws_handle.go:38	close tcp [::1]:8887->[::1]:55914: use of closed network connection
[go_vue_admin]2024-09-04 16:19:58.184	[31merror[0m	/Users/lihao/project/mall-pro/admin-gin/websocket/ws_handle.go:38	close tcp [::1]:8887->[::1]:56909: use of closed network connection
[go_vue_admin]2024-09-04 16:19:58.184	[31merror[0m	/Users/lihao/project/mall-pro/admin-gin/websocket/ws_handle.go:38	close tcp [::1]:8887->[::1]:53917: use of closed network connection
[go_vue_admin]2024-09-04 16:19:58.185	[31merror[0m	/Users/lihao/project/mall-pro/admin-gin/websocket/ws_handle.go:70	read tcp [::1]:8887->[::1]:56911: use of closed network connection
[go_vue_admin]2024-09-04 16:19:58.185	[31merror[0m	/Users/lihao/project/mall-pro/admin-gin/websocket/ws_handle.go:70	read tcp [::1]:8887->[::1]:60290: use of closed network connection
[go_vue_admin]2024-09-04 16:19:58.185	[31merror[0m	/Users/lihao/project/mall-pro/admin-gin/core/server.go:44	accept tcp [::]:8887: use of closed network connection
[go_vue_admin]2024-09-04 16:26:38.139	[31merror[0m	/Users/lihao/project/mall-pro/admin-gin/core/server.go:44	accept tcp [::]:8887: use of closed network connection
[go_vue_admin]2024-09-04 16:26:38.139	[31merror[0m	/Users/lihao/project/mall-pro/admin-gin/websocket/ws_handle.go:70	read tcp [::1]:8887->[::1]:51170: use of closed network connection
[go_vue_admin]2024-09-04 16:27:37.157	[31merror[0m	/Users/lihao/project/mall-pro/admin-gin/websocket/ws_handle.go:70	read tcp [::1]:8887->[::1]:52925: use of closed network connection
[go_vue_admin]2024-09-04 16:27:37.157	[31merror[0m	/Users/lihao/project/mall-pro/admin-gin/core/server.go:44	accept tcp [::]:8887: use of closed network connection
[go_vue_admin]2024-09-04 16:34:00.757	[31merror[0m	/Users/lihao/project/mall-pro/admin-gin/websocket/ws_handle.go:70	read tcp [::1]:8887->[::1]:53247: use of closed network connection
[go_vue_admin]2024-09-04 16:34:00.757	[31merror[0m	/Users/lihao/project/mall-pro/admin-gin/core/server.go:44	accept tcp [::]:8887: use of closed network connection
[go_vue_admin]2024-09-04 16:37:30.448	[31merror[0m	/Users/lihao/project/mall-pro/admin-gin/websocket/ws_handle.go:70	read tcp [::1]:8887->[::1]:54799: use of closed network connection
[go_vue_admin]2024-09-04 16:37:30.449	[31merror[0m	/Users/lihao/project/mall-pro/admin-gin/core/server.go:44	accept tcp [::]:8887: use of closed network connection
[go_vue_admin]2024-09-04 16:41:26.434	[31merror[0m	/Users/lihao/project/mall-pro/admin-gin/websocket/ws_handle.go:70	websocket: close 1001 (going away)
[go_vue_admin]2024-09-04 16:41:56.371	[31merror[0m	/Users/lihao/project/mall-pro/admin-gin/websocket/ws_handle.go:70	read tcp [::1]:8887->[::1]:56656: use of closed network connection
[go_vue_admin]2024-09-04 16:41:56.373	[31merror[0m	/Users/lihao/project/mall-pro/admin-gin/websocket/ws_handle.go:38	close tcp [::1]:8887->[::1]:55811: use of closed network connection
[go_vue_admin]2024-09-04 16:41:56.373	[31merror[0m	/Users/lihao/project/mall-pro/admin-gin/core/server.go:44	accept tcp [::]:8887: use of closed network connection
[go_vue_admin]2024-09-04 16:45:23.367	[31merror[0m	/Users/lihao/project/mall-pro/admin-gin/websocket/ws_handle.go:70	read tcp [::1]:8887->[::1]:57573: use of closed network connection
[go_vue_admin]2024-09-04 16:45:23.368	[31merror[0m	/Users/lihao/project/mall-pro/admin-gin/core/server.go:44	accept tcp [::]:8887: use of closed network connection
[go_vue_admin]2024-09-04 16:47:27.690	[31merror[0m	/Users/lihao/project/mall-pro/admin-gin/websocket/ws_handle.go:70	websocket: close 1001 (going away)
[go_vue_admin]2024-09-04 16:47:38.030	[31merror[0m	/Users/lihao/project/mall-pro/admin-gin/websocket/ws_handle.go:70	websocket: close 1001 (going away)
[go_vue_admin]2024-09-04 16:48:11.689	[31merror[0m	/Users/lihao/project/mall-pro/admin-gin/websocket/ws_handle.go:70	websocket: close 1001 (going away)
[go_vue_admin]2024-09-04 16:53:21.006	[31merror[0m	/Users/lihao/project/mall-pro/admin-gin/websocket/ws_handle.go:70	websocket: close 1001 (going away)
[go_vue_admin]2024-09-04 16:57:08.615	[31merror[0m	/Users/lihao/project/mall-pro/admin-gin/websocket/ws_handle.go:70	websocket: close 1001 (going away)
[go_vue_admin]2024-09-04 17:00:00.665	[31merror[0m	/Users/lihao/project/mall-pro/admin-gin/websocket/ws_handle.go:70	websocket: close 1001 (going away)
[go_vue_admin]2024-09-04 17:03:09.387	[31merror[0m	/Users/lihao/project/mall-pro/admin-gin/websocket/ws_handle.go:70	websocket: close 1001 (going away)
[go_vue_admin]2024-09-04 17:03:26.204	[31merror[0m	/Users/lihao/project/mall-pro/admin-gin/websocket/ws_handle.go:70	websocket: close 1001 (going away)
[go_vue_admin]2024-09-04 17:09:20.924	[31merror[0m	/Users/lihao/project/mall-pro/admin-gin/websocket/ws_handle.go:70	websocket: close 1001 (going away)
[go_vue_admin]2024-09-04 17:09:38.101	[31merror[0m	/Users/lihao/project/mall-pro/admin-gin/websocket/ws_handle.go:70	websocket: close 1001 (going away)
[go_vue_admin]2024-09-04 17:28:29.225	[31merror[0m	/Users/lihao/project/mall-pro/admin-gin/api/v1/product/pro_goods.go:182	Title为必填字段
[go_vue_admin]2024-09-04 17:30:36.051	[31merror[0m	/Users/lihao/project/mall-pro/admin-gin/websocket/ws_handle.go:38	close tcp [::1]:8887->[::1]:59407: use of closed network connection
[go_vue_admin]2024-09-04 17:30:36.051	[31merror[0m	/Users/lihao/project/mall-pro/admin-gin/websocket/ws_handle.go:38	close tcp [::1]:8887->[::1]:58249: use of closed network connection
[go_vue_admin]2024-09-04 17:30:36.051	[31merror[0m	/Users/lihao/project/mall-pro/admin-gin/websocket/ws_handle.go:38	close tcp [::1]:8887->[::1]:62654: use of closed network connection
[go_vue_admin]2024-09-04 17:30:36.052	[31merror[0m	/Users/lihao/project/mall-pro/admin-gin/websocket/ws_handle.go:38	close tcp [::1]:8887->[::1]:57808: use of closed network connection
[go_vue_admin]2024-09-04 17:30:36.052	[31merror[0m	/Users/lihao/project/mall-pro/admin-gin/websocket/ws_handle.go:38	close tcp [::1]:8887->[::1]:60011: use of closed network connection
[go_vue_admin]2024-09-04 17:30:36.052	[31merror[0m	/Users/lihao/project/mall-pro/admin-gin/websocket/ws_handle.go:38	close tcp [::1]:8887->[::1]:64667: use of closed network connection
[go_vue_admin]2024-09-04 17:30:36.052	[31merror[0m	/Users/lihao/project/mall-pro/admin-gin/websocket/ws_handle.go:38	close tcp [::1]:8887->[::1]:58571: use of closed network connection
[go_vue_admin]2024-09-04 17:30:36.051	[31merror[0m	/Users/lihao/project/mall-pro/admin-gin/websocket/ws_handle.go:38	close tcp [::1]:8887->[::1]:58320: use of closed network connection
[go_vue_admin]2024-09-04 17:30:36.052	[31merror[0m	/Users/lihao/project/mall-pro/admin-gin/websocket/ws_handle.go:38	close tcp [::1]:8887->[::1]:60983: use of closed network connection
[go_vue_admin]2024-09-04 17:30:36.052	[31merror[0m	/Users/lihao/project/mall-pro/admin-gin/websocket/ws_handle.go:38	close tcp [::1]:8887->[::1]:62761: use of closed network connection
[go_vue_admin]2024-09-04 17:30:36.053	[31merror[0m	/Users/lihao/project/mall-pro/admin-gin/websocket/ws_handle.go:70	read tcp [::1]:8887->[::1]:58405: use of closed network connection
[go_vue_admin]2024-09-04 17:30:36.053	[31merror[0m	/Users/lihao/project/mall-pro/admin-gin/websocket/ws_handle.go:70	read tcp [::1]:8887->[::1]:64760: use of closed network connection
[go_vue_admin]2024-09-04 17:30:36.053	[31merror[0m	/Users/lihao/project/mall-pro/admin-gin/websocket/ws_handle.go:70	read tcp [::1]:8887->[::1]:58766: use of closed network connection
[go_vue_admin]2024-09-04 17:30:36.053	[31merror[0m	/Users/lihao/project/mall-pro/admin-gin/websocket/ws_handle.go:70	read tcp [::1]:8887->[::1]:61860: use of closed network connection
[go_vue_admin]2024-09-04 17:30:36.054	[31merror[0m	/Users/lihao/project/mall-pro/admin-gin/core/server.go:44	accept tcp [::]:8887: use of closed network connection
[go_vue_admin]2024-09-04 17:32:59.336	[31merror[0m	/Users/lihao/project/mall-pro/admin-gin/websocket/ws_handle.go:70	websocket: close 1001 (going away)
[go_vue_admin]2024-09-04 17:53:48.934	[31merror[0m	/Users/lihao/project/mall-pro/admin-gin/websocket/ws_handle.go:70	websocket: close 1006 (abnormal closure): unexpected EOF
[go_vue_admin]2024-09-04 22:19:59.638	[31merror[0m	/Users/lihao/project/mall-pro/admin-gin/websocket/ws_handle.go:70	websocket: close 1001 (going away)
[go_vue_admin]2024-09-04 22:20:52.231	[31merror[0m	/Users/lihao/project/mall-pro/admin-gin/websocket/ws_handle.go:70	websocket: close 1001 (going away)
[go_vue_admin]2024-09-04 22:21:05.191	[31merror[0m	/Users/lihao/project/mall-pro/admin-gin/websocket/ws_handle.go:70	websocket: close 1001 (going away)
[go_vue_admin]2024-09-04 22:21:38.395	[31merror[0m	/Users/lihao/project/mall-pro/admin-gin/websocket/ws_handle.go:70	websocket: close 1001 (going away)
[go_vue_admin]2024-09-04 22:21:58.011	[31merror[0m	/Users/lihao/project/mall-pro/admin-gin/websocket/ws_handle.go:70	websocket: close 1001 (going away)
[go_vue_admin]2024-09-04 22:22:15.755	[31merror[0m	/Users/lihao/project/mall-pro/admin-gin/websocket/ws_handle.go:70	websocket: close 1001 (going away)
[go_vue_admin]2024-09-04 22:24:43.661	[31merror[0m	/Users/lihao/project/mall-pro/admin-gin/websocket/ws_handle.go:38	close tcp [::1]:8887->[::1]:60424: use of closed network connection
[go_vue_admin]2024-09-04 22:24:43.661	[31merror[0m	/Users/lihao/project/mall-pro/admin-gin/websocket/ws_handle.go:38	close tcp [::1]:8887->[::1]:54854: use of closed network connection
[go_vue_admin]2024-09-04 22:24:43.661	[31merror[0m	/Users/lihao/project/mall-pro/admin-gin/websocket/ws_handle.go:38	close tcp [::1]:8887->[::1]:49726: use of closed network connection
[go_vue_admin]2024-09-04 22:24:43.661	[31merror[0m	/Users/lihao/project/mall-pro/admin-gin/websocket/ws_handle.go:38	close tcp [::1]:8887->[::1]:54571: use of closed network connection
[go_vue_admin]2024-09-04 22:24:43.661	[31merror[0m	/Users/lihao/project/mall-pro/admin-gin/websocket/ws_handle.go:70	read tcp [::1]:8887->[::1]:50206: use of closed network connection
[go_vue_admin]2024-09-04 22:24:43.661	[31merror[0m	/Users/lihao/project/mall-pro/admin-gin/websocket/ws_handle.go:38	close tcp [::1]:8887->[::1]:50004: use of closed network connection
[go_vue_admin]2024-09-04 22:24:43.662	[31merror[0m	/Users/lihao/project/mall-pro/admin-gin/websocket/ws_handle.go:70	read tcp [::1]:8887->[::1]:60413: use of closed network connection
[go_vue_admin]2024-09-04 22:24:43.662	[31merror[0m	/Users/lihao/project/mall-pro/admin-gin/websocket/ws_handle.go:38	close tcp [::1]:8887->[::1]:60418: use of closed network connection
[go_vue_admin]2024-09-04 22:24:43.662	[31merror[0m	/Users/lihao/project/mall-pro/admin-gin/websocket/ws_handle.go:38	close tcp [::1]:8887->[::1]:49481: use of closed network connection
[go_vue_admin]2024-09-04 22:24:43.663	[31merror[0m	/Users/lihao/project/mall-pro/admin-gin/websocket/ws_handle.go:70	read tcp [::1]:8887->[::1]:60415: use of closed network connection
[go_vue_admin]2024-09-04 22:24:43.663	[31merror[0m	/Users/lihao/project/mall-pro/admin-gin/websocket/ws_handle.go:38	close tcp [::1]:8887->[::1]:50117: use of closed network connection
[go_vue_admin]2024-09-04 22:24:43.666	[31merror[0m	/Users/lihao/project/mall-pro/admin-gin/core/server.go:44	accept tcp [::]:8887: use of closed network connection
[go_vue_admin]2024-09-04 22:24:56.386	[31merror[0m	/Users/lihao/project/mall-pro/admin-gin/websocket/ws_handle.go:70	websocket: close 1001 (going away)
[go_vue_admin]2024-09-04 22:25:00.042	[31merror[0m	/Users/lihao/project/mall-pro/admin-gin/websocket/ws_handle.go:70	websocket: close 1001 (going away)
[go_vue_admin]2024-09-04 22:25:13.279	[31merror[0m	/Users/lihao/project/mall-pro/admin-gin/websocket/ws_handle.go:38	close tcp [::1]:8887->[::1]:50891: use of closed network connection
[go_vue_admin]2024-09-04 22:25:13.279	[31merror[0m	/Users/lihao/project/mall-pro/admin-gin/websocket/ws_handle.go:70	read tcp [::1]:8887->[::1]:50940: use of closed network connection
[go_vue_admin]2024-09-04 22:25:13.279	[31merror[0m	/Users/lihao/project/mall-pro/admin-gin/websocket/ws_handle.go:38	close tcp [::1]:8887->[::1]:50920: use of closed network connection
[go_vue_admin]2024-09-04 22:25:13.281	[31merror[0m	/Users/lihao/project/mall-pro/admin-gin/core/server.go:44	accept tcp [::]:8887: use of closed network connection
[go_vue_admin]2024-09-04 22:25:20.054	[31merror[0m	/Users/lihao/project/mall-pro/admin-gin/websocket/ws_handle.go:70	websocket: close 1001 (going away)
[go_vue_admin]2024-09-04 22:25:21.180	[31merror[0m	/Users/lihao/project/mall-pro/admin-gin/websocket/ws_handle.go:70	websocket: close 1001 (going away)
[go_vue_admin]2024-09-04 22:25:24.703	[31merror[0m	/Users/lihao/project/mall-pro/admin-gin/websocket/ws_handle.go:70	websocket: close 1001 (going away)
[go_vue_admin]2024-09-04 22:30:17.631	[31merror[0m	/Users/lihao/project/mall-pro/admin-gin/websocket/ws_handle.go:38	close tcp [::1]:8887->[::1]:51067: use of closed network connection
[go_vue_admin]2024-09-04 22:30:17.631	[31merror[0m	/Users/lihao/project/mall-pro/admin-gin/websocket/ws_handle.go:38	close tcp [::1]:8887->[::1]:51085: use of closed network connection
[go_vue_admin]2024-09-04 22:30:17.631	[31merror[0m	/Users/lihao/project/mall-pro/admin-gin/websocket/ws_handle.go:70	read tcp [::1]:8887->[::1]:51110: use of closed network connection
[go_vue_admin]2024-09-04 22:30:17.631	[31merror[0m	/Users/lihao/project/mall-pro/admin-gin/core/server.go:44	accept tcp [::]:8887: use of closed network connection
[go_vue_admin]2024-09-04 22:30:17.631	[31merror[0m	/Users/lihao/project/mall-pro/admin-gin/websocket/ws_handle.go:38	close tcp [::1]:8887->[::1]:51055: use of closed network connection
[go_vue_admin]2024-09-04 22:30:46.965	[31merror[0m	/Users/lihao/project/mall-pro/admin-gin/websocket/ws_handle.go:70	read tcp [::1]:8887->[::1]:52457: use of closed network connection
[go_vue_admin]2024-09-04 22:30:46.966	[31merror[0m	/Users/lihao/project/mall-pro/admin-gin/core/server.go:44	accept tcp [::]:8887: use of closed network connection
[go_vue_admin]2024-09-04 22:30:57.585	[31merror[0m	/Users/lihao/project/mall-pro/admin-gin/websocket/ws_handle.go:70	websocket: close 1001 (going away)
[go_vue_admin]2024-09-04 22:31:00.042	[31merror[0m	/Users/lihao/project/mall-pro/admin-gin/websocket/ws_handle.go:70	websocket: close 1001 (going away)
[go_vue_admin]2024-09-04 22:31:24.793	[31merror[0m	/Users/lihao/project/mall-pro/admin-gin/websocket/ws_handle.go:38	close tcp [::1]:8887->[::1]:52589: use of closed network connection
[go_vue_admin]2024-09-04 22:31:24.793	[31merror[0m	/Users/lihao/project/mall-pro/admin-gin/websocket/ws_handle.go:38	close tcp [::1]:8887->[::1]:52613: use of closed network connection
[go_vue_admin]2024-09-04 22:31:24.794	[31merror[0m	/Users/lihao/project/mall-pro/admin-gin/core/server.go:44	accept tcp [::]:8887: use of closed network connection
[go_vue_admin]2024-09-04 22:31:24.793	[31merror[0m	/Users/lihao/project/mall-pro/admin-gin/websocket/ws_handle.go:70	read tcp [::1]:8887->[::1]:52629: use of closed network connection
[go_vue_admin]2024-09-04 22:31:34.893	[31merror[0m	/Users/lihao/project/mall-pro/admin-gin/websocket/ws_handle.go:70	websocket: close 1001 (going away)
[go_vue_admin]2024-09-04 22:32:45.844	[31merror[0m	/Users/lihao/project/mall-pro/admin-gin/websocket/ws_handle.go:70	websocket: close 1001 (going away)
[go_vue_admin]2024-09-04 22:32:46.152	[31merror[0m	/Users/lihao/project/mall-pro/admin-gin/websocket/ws_handle.go:70	websocket: close 1001 (going away)
[go_vue_admin]2024-09-04 22:33:08.165	[31merror[0m	/Users/lihao/project/mall-pro/admin-gin/websocket/ws_handle.go:70	websocket: close 1001 (going away)
[go_vue_admin]2024-09-04 22:34:44.198	[31merror[0m	/Users/lihao/project/mall-pro/admin-gin/websocket/ws_handle.go:70	websocket: close 1001 (going away)
[go_vue_admin]2024-09-04 22:34:47.325	[31merror[0m	/Users/lihao/project/mall-pro/admin-gin/websocket/ws_handle.go:70	websocket: close 1001 (going away)
[go_vue_admin]2024-09-04 22:35:08.378	[31merror[0m	/Users/lihao/project/mall-pro/admin-gin/websocket/ws_handle.go:70	websocket: close 1001 (going away)
[go_vue_admin]2024-09-04 22:35:17.121	[31merror[0m	/Users/lihao/project/mall-pro/admin-gin/websocket/ws_handle.go:70	websocket: close 1001 (going away)
[go_vue_admin]2024-09-04 22:35:19.771	[31merror[0m	/Users/lihao/project/mall-pro/admin-gin/websocket/ws_handle.go:70	websocket: close 1001 (going away)
[go_vue_admin]2024-09-04 22:35:22.197	[31merror[0m	/Users/lihao/project/mall-pro/admin-gin/websocket/ws_handle.go:70	websocket: close 1001 (going away)
[go_vue_admin]2024-09-04 22:35:24.074	[31merror[0m	/Users/lihao/project/mall-pro/admin-gin/websocket/ws_handle.go:70	websocket: close 1001 (going away)
[go_vue_admin]2024-09-04 22:35:26.178	[31merror[0m	/Users/lihao/project/mall-pro/admin-gin/websocket/ws_handle.go:70	websocket: close 1001 (going away)
[go_vue_admin]2024-09-04 22:35:28.130	[31merror[0m	/Users/lihao/project/mall-pro/admin-gin/websocket/ws_handle.go:70	websocket: close 1001 (going away)
[go_vue_admin]2024-09-04 22:35:30.987	[31merror[0m	/Users/lihao/project/mall-pro/admin-gin/websocket/ws_handle.go:70	websocket: close 1001 (going away)
[go_vue_admin]2024-09-04 22:36:20.222	[31merror[0m	/Users/lihao/project/mall-pro/admin-gin/websocket/ws_handle.go:70	websocket: close 1001 (going away)
[go_vue_admin]2024-09-04 22:52:25.442	[31merror[0m	/Users/lihao/project/mall-pro/admin-gin/websocket/ws_handle.go:38	close tcp [::1]:8887->[::1]:53193: use of closed network connection
[go_vue_admin]2024-09-04 22:52:25.442	[31merror[0m	/Users/lihao/project/mall-pro/admin-gin/websocket/ws_handle.go:38	close tcp [::1]:8887->[::1]:53781: use of closed network connection
[go_vue_admin]2024-09-04 22:52:25.442	[31merror[0m	/Users/lihao/project/mall-pro/admin-gin/websocket/ws_handle.go:38	close tcp [::1]:8887->[::1]:53751: use of closed network connection
[go_vue_admin]2024-09-04 22:52:25.442	[31merror[0m	/Users/lihao/project/mall-pro/admin-gin/websocket/ws_handle.go:38	close tcp [::1]:8887->[::1]:53986: use of closed network connection
[go_vue_admin]2024-09-04 22:52:25.442	[31merror[0m	/Users/lihao/project/mall-pro/admin-gin/websocket/ws_handle.go:38	close tcp [::1]:8887->[::1]:53949: use of closed network connection
[go_vue_admin]2024-09-04 22:52:25.442	[31merror[0m	/Users/lihao/project/mall-pro/admin-gin/websocket/ws_handle.go:38	close tcp [::1]:8887->[::1]:53929: use of closed network connection
[go_vue_admin]2024-09-04 22:52:25.442	[31merror[0m	/Users/lihao/project/mall-pro/admin-gin/websocket/ws_handle.go:38	close tcp [::1]:8887->[::1]:54023: use of closed network connection
[go_vue_admin]2024-09-04 22:52:25.442	[31merror[0m	/Users/lihao/project/mall-pro/admin-gin/websocket/ws_handle.go:38	close tcp [::1]:8887->[::1]:54050: use of closed network connection
[go_vue_admin]2024-09-04 22:52:25.442	[31merror[0m	/Users/lihao/project/mall-pro/admin-gin/websocket/ws_handle.go:38	close tcp [::1]:8887->[::1]:53201: use of closed network connection
[go_vue_admin]2024-09-04 22:52:25.443	[31merror[0m	/Users/lihao/project/mall-pro/admin-gin/websocket/ws_handle.go:38	close tcp [::1]:8887->[::1]:53302: use of closed network connection
[go_vue_admin]2024-09-04 22:52:25.443	[31merror[0m	/Users/lihao/project/mall-pro/admin-gin/websocket/ws_handle.go:38	close tcp [::1]:8887->[::1]:53884: use of closed network connection
[go_vue_admin]2024-09-04 22:52:25.443	[31merror[0m	/Users/lihao/project/mall-pro/admin-gin/websocket/ws_handle.go:38	close tcp [::1]:8887->[::1]:54007: use of closed network connection
[go_vue_admin]2024-09-04 22:52:25.443	[31merror[0m	/Users/lihao/project/mall-pro/admin-gin/websocket/ws_handle.go:38	close tcp [::1]:8887->[::1]:53970: use of closed network connection
[go_vue_admin]2024-09-04 22:52:25.443	[31merror[0m	/Users/lihao/project/mall-pro/admin-gin/websocket/ws_handle.go:38	close tcp [::1]:8887->[::1]:52830: use of closed network connection
[go_vue_admin]2024-09-04 22:52:25.443	[31merror[0m	/Users/lihao/project/mall-pro/admin-gin/websocket/ws_handle.go:70	read tcp [::1]:8887->[::1]:54271: use of closed network connection
[go_vue_admin]2024-09-04 22:52:25.442	[31merror[0m	/Users/lihao/project/mall-pro/admin-gin/websocket/ws_handle.go:38	close tcp [::1]:8887->[::1]:52814: use of closed network connection
[go_vue_admin]2024-09-04 22:52:25.446	[31merror[0m	/Users/lihao/project/mall-pro/admin-gin/core/server.go:44	accept tcp [::]:8887: use of closed network connection
[go_vue_admin]2024-09-04 22:53:08.486	[31merror[0m	/Users/lihao/project/mall-pro/admin-gin/core/server.go:44	accept tcp [::]:8887: use of closed network connection
[go_vue_admin]2024-09-04 22:53:57.041	[31merror[0m	/Users/lihao/project/mall-pro/admin-gin/websocket/ws_handle.go:70	read tcp [::1]:8887->[::1]:58602: use of closed network connection
[go_vue_admin]2024-09-04 22:53:57.041	[31merror[0m	/Users/lihao/project/mall-pro/admin-gin/core/server.go:44	accept tcp [::]:8887: use of closed network connection
[go_vue_admin]2024-09-04 22:54:07.180	[31merror[0m	/Users/lihao/project/mall-pro/admin-gin/websocket/ws_handle.go:70	websocket: close 1001 (going away)
[go_vue_admin]2024-09-04 23:07:03.963	[31merror[0m	/Users/lihao/project/mall-pro/admin-gin/websocket/ws_handle.go:38	close tcp [::1]:8887->[::1]:58787: use of closed network connection
[go_vue_admin]2024-09-04 23:07:03.963	[31merror[0m	/Users/lihao/project/mall-pro/admin-gin/websocket/ws_handle.go:70	read tcp [::1]:8887->[::1]:58807: use of closed network connection
[go_vue_admin]2024-09-04 23:07:03.963	[31merror[0m	/Users/lihao/project/mall-pro/admin-gin/core/server.go:44	accept tcp [::]:8887: use of closed network connection
[go_vue_admin]2024-09-04 23:08:19.981	[31merror[0m	/Users/lihao/project/mall-pro/admin-gin/core/server.go:44	accept tcp [::]:8887: use of closed network connection
[go_vue_admin]2024-09-04 23:12:00.737	[31merror[0m	/Users/lihao/project/mall-pro/admin-gin/websocket/ws_handle.go:70	read tcp [::1]:8887->[::1]:62361: use of closed network connection
[go_vue_admin]2024-09-04 23:12:00.737	[31merror[0m	/Users/lihao/project/mall-pro/admin-gin/core/server.go:44	accept tcp [::]:8887: use of closed network connection
