[go_vue_admin]2024-07-21 08:26:19.781	[31merror[0m	/Users/lihao/project/mall-pro/admin-gin/websocket/ws_handle.go:69	websocket: close 1001 (going away)
[go_vue_admin]2024-07-21 08:26:33.383	[31merror[0m	/Users/lihao/project/mall-pro/admin-gin/websocket/ws_handle.go:69	websocket: close 1001 (going away)
[go_vue_admin]2024-07-21 08:27:40.581	[31merror[0m	/Users/lihao/project/mall-pro/admin-gin/websocket/ws_handle.go:69	websocket: close 1001 (going away)
[go_vue_admin]2024-07-21 08:37:41.782	[31merror[0m	/Users/lihao/project/mall-pro/admin-gin/websocket/ws_handle.go:69	websocket: close 1001 (going away)
[go_vue_admin]2024-07-21 08:37:53.105	[31merror[0m	/Users/lihao/project/mall-pro/admin-gin/websocket/ws_handle.go:69	websocket: close 1001 (going away)
[go_vue_admin]2024-07-21 08:38:51.580	[31merror[0m	/Users/lihao/project/mall-pro/admin-gin/websocket/ws_handle.go:69	websocket: close 1001 (going away)
[go_vue_admin]2024-07-21 08:39:21.646	[31merror[0m	/Users/lihao/project/mall-pro/admin-gin/websocket/ws_handle.go:69	websocket: close 1001 (going away)
[go_vue_admin]2024-07-21 09:15:51.109	[31merror[0m	/Users/lihao/project/mall-pro/admin-gin/websocket/ws_handle.go:69	websocket: close 1001 (going away)
[go_vue_admin]2024-07-21 09:16:02.895	[31merror[0m	/Users/lihao/project/mall-pro/admin-gin/websocket/ws_handle.go:69	websocket: close 1001 (going away)
[go_vue_admin]2024-07-21 09:17:28.192	[31merror[0m	/Users/lihao/project/mall-pro/admin-gin/websocket/ws_handle.go:69	websocket: close 1001 (going away)
[go_vue_admin]2024-07-21 09:17:39.717	[31merror[0m	/Users/lihao/project/mall-pro/admin-gin/websocket/ws_handle.go:69	websocket: close 1001 (going away)
[go_vue_admin]2024-07-21 09:18:01.383	[31merror[0m	/Users/lihao/project/mall-pro/admin-gin/websocket/ws_handle.go:69	websocket: close 1001 (going away)
[go_vue_admin]2024-07-21 09:19:26.325	[31merror[0m	/Users/lihao/project/mall-pro/admin-gin/websocket/ws_handle.go:69	websocket: close 1001 (going away)
[go_vue_admin]2024-07-21 09:30:08.322	[31merror[0m	/Users/lihao/project/mall-pro/admin-gin/websocket/ws_handle.go:69	websocket: close 1001 (going away)
[go_vue_admin]2024-07-21 09:34:43.099	[31merror[0m	/Users/lihao/project/mall-pro/admin-gin/websocket/ws_handle.go:69	websocket: close 1001 (going away)
[go_vue_admin]2024-07-21 09:37:27.886	[31merror[0m	/Users/lihao/project/mall-pro/admin-gin/websocket/ws_handle.go:69	websocket: close 1001 (going away)
[go_vue_admin]2024-07-21 09:38:04.863	[31merror[0m	/Users/lihao/project/mall-pro/admin-gin/websocket/ws_handle.go:69	websocket: close 1001 (going away)
[go_vue_admin]2024-07-21 09:40:06.047	[31merror[0m	/Users/lihao/project/mall-pro/admin-gin/websocket/ws_handle.go:69	websocket: close 1001 (going away)
[go_vue_admin]2024-07-21 09:48:41.505	[31merror[0m	/Users/lihao/project/mall-pro/admin-gin/websocket/ws_handle.go:69	websocket: close 1001 (going away)
[go_vue_admin]2024-07-21 09:49:30.508	[31merror[0m	/Users/lihao/project/mall-pro/admin-gin/websocket/ws_handle.go:69	websocket: close 1001 (going away)
[go_vue_admin]2024-07-21 09:55:28.208	[31merror[0m	/Users/lihao/project/mall-pro/admin-gin/websocket/ws_handle.go:69	websocket: close 1001 (going away)
[go_vue_admin]2024-07-21 09:58:32.807	[31merror[0m	/Users/lihao/project/mall-pro/admin-gin/websocket/ws_handle.go:69	websocket: close 1001 (going away)
[go_vue_admin]2024-07-21 09:58:43.291	[31merror[0m	/Users/lihao/project/mall-pro/admin-gin/websocket/ws_handle.go:69	websocket: close 1001 (going away)
[go_vue_admin]2024-07-21 09:59:15.476	[31merror[0m	/Users/lihao/project/mall-pro/admin-gin/websocket/ws_handle.go:69	websocket: close 1001 (going away)
[go_vue_admin]2024-07-21 09:59:45.215	[31merror[0m	/Users/lihao/project/mall-pro/admin-gin/websocket/ws_handle.go:69	websocket: close 1001 (going away)
[go_vue_admin]2024-07-21 10:01:10.007	[31merror[0m	/Users/lihao/project/mall-pro/admin-gin/websocket/ws_handle.go:69	websocket: close 1001 (going away)
[go_vue_admin]2024-07-21 10:04:20.448	[31merror[0m	/Users/lihao/project/mall-pro/admin-gin/websocket/ws_handle.go:69	websocket: close 1001 (going away)
[go_vue_admin]2024-07-21 10:04:51.489	[31merror[0m	/Users/lihao/project/mall-pro/admin-gin/websocket/ws_handle.go:69	websocket: close 1001 (going away)
[go_vue_admin]2024-07-21 10:05:35.906	[31merror[0m	/Users/lihao/project/mall-pro/admin-gin/websocket/ws_handle.go:69	websocket: close 1001 (going away)
[go_vue_admin]2024-07-21 10:06:43.798	[31merror[0m	/Users/lihao/project/mall-pro/admin-gin/websocket/ws_handle.go:69	websocket: close 1001 (going away)
[go_vue_admin]2024-07-21 10:09:05.571	[31merror[0m	/Users/lihao/project/mall-pro/admin-gin/websocket/ws_handle.go:69	websocket: close 1001 (going away)
[go_vue_admin]2024-07-21 10:12:11.226	[31merror[0m	/Users/lihao/project/mall-pro/admin-gin/websocket/ws_handle.go:69	websocket: close 1001 (going away)
[go_vue_admin]2024-07-21 10:13:16.534	[31merror[0m	/Users/lihao/project/mall-pro/admin-gin/websocket/ws_handle.go:69	websocket: close 1001 (going away)
[go_vue_admin]2024-07-21 10:15:24.224	[31merror[0m	/Users/lihao/project/mall-pro/admin-gin/websocket/ws_handle.go:69	websocket: close 1001 (going away)
[go_vue_admin]2024-07-21 10:25:16.549	[31merror[0m	/Users/lihao/project/mall-pro/admin-gin/websocket/ws_handle.go:69	websocket: close 1001 (going away)
[go_vue_admin]2024-07-21 10:30:59.408	[31merror[0m	/Users/lihao/project/mall-pro/admin-gin/websocket/ws_handle.go:69	websocket: close 1001 (going away)
[go_vue_admin]2024-07-21 10:40:24.487	[31merror[0m	/Users/lihao/project/mall-pro/admin-gin/websocket/ws_handle.go:69	websocket: close 1001 (going away)
[go_vue_admin]2024-07-21 10:44:33.611	[31merror[0m	/Users/lihao/project/mall-pro/admin-gin/websocket/ws_handle.go:69	websocket: close 1001 (going away)
[go_vue_admin]2024-07-21 10:46:21.103	[31merror[0m	/Users/lihao/project/mall-pro/admin-gin/websocket/ws_handle.go:69	websocket: close 1001 (going away)
[go_vue_admin]2024-07-21 10:55:12.068	[31merror[0m	/Users/lihao/project/mall-pro/admin-gin/websocket/ws_handle.go:69	websocket: close 1001 (going away)
[go_vue_admin]2024-07-21 10:55:26.544	[31merror[0m	/Users/lihao/project/mall-pro/admin-gin/websocket/ws_handle.go:69	websocket: close 1001 (going away)
[go_vue_admin]2024-07-21 10:59:20.332	[31merror[0m	/Users/lihao/project/mall-pro/admin-gin/websocket/ws_handle.go:69	websocket: close 1001 (going away)
[go_vue_admin]2024-07-21 10:59:59.372	[31merror[0m	/Users/lihao/project/mall-pro/admin-gin/websocket/ws_handle.go:69	websocket: close 1001 (going away)
[go_vue_admin]2024-07-21 11:00:41.868	[31merror[0m	/Users/lihao/project/mall-pro/admin-gin/websocket/ws_handle.go:69	websocket: close 1001 (going away)
[go_vue_admin]2024-07-21 11:00:48.103	[31merror[0m	/Users/lihao/project/mall-pro/admin-gin/websocket/ws_handle.go:69	websocket: close 1001 (going away)
[go_vue_admin]2024-07-21 11:02:26.128	[31merror[0m	/Users/lihao/project/mall-pro/admin-gin/websocket/ws_handle.go:69	websocket: close 1001 (going away)
[go_vue_admin]2024-07-21 11:03:32.670	[31merror[0m	/Users/lihao/project/mall-pro/admin-gin/websocket/ws_handle.go:69	websocket: close 1001 (going away)
[go_vue_admin]2024-07-21 11:05:06.152	[31merror[0m	/Users/lihao/project/mall-pro/admin-gin/websocket/ws_handle.go:69	websocket: close 1001 (going away)
[go_vue_admin]2024-07-21 11:12:12.510	[31merror[0m	/Users/lihao/project/mall-pro/admin-gin/websocket/ws_handle.go:69	websocket: close 1001 (going away)
[go_vue_admin]2024-07-21 11:15:36.746	[31merror[0m	/Users/lihao/project/mall-pro/admin-gin/websocket/ws_handle.go:69	websocket: close 1001 (going away)
[go_vue_admin]2024-07-21 11:16:35.178	[31merror[0m	/Users/lihao/project/mall-pro/admin-gin/websocket/ws_handle.go:69	websocket: close 1001 (going away)
[go_vue_admin]2024-07-21 11:17:02.932	[31merror[0m	/Users/lihao/project/mall-pro/admin-gin/websocket/ws_handle.go:69	websocket: close 1001 (going away)
[go_vue_admin]2024-07-21 11:29:26.132	[31merror[0m	/Users/lihao/project/mall-pro/admin-gin/websocket/ws_handle.go:37	close tcp [::1]:8887->[::1]:57861: use of closed network connection
[go_vue_admin]2024-07-21 11:29:26.132	[31merror[0m	/Users/lihao/project/mall-pro/admin-gin/websocket/ws_handle.go:37	close tcp [::1]:8887->[::1]:62925: use of closed network connection
[go_vue_admin]2024-07-21 11:29:26.132	[31merror[0m	/Users/lihao/project/mall-pro/admin-gin/websocket/ws_handle.go:37	close tcp [::1]:8887->[::1]:50047: use of closed network connection
[go_vue_admin]2024-07-21 11:29:26.132	[31merror[0m	/Users/lihao/project/mall-pro/admin-gin/websocket/ws_handle.go:37	close tcp [::1]:8887->[::1]:51601: use of closed network connection
[go_vue_admin]2024-07-21 11:29:26.132	[31merror[0m	/Users/lihao/project/mall-pro/admin-gin/websocket/ws_handle.go:37	close tcp [::1]:8887->[::1]:62857: use of closed network connection
[go_vue_admin]2024-07-21 11:29:26.132	[31merror[0m	/Users/lihao/project/mall-pro/admin-gin/websocket/ws_handle.go:37	close tcp [::1]:8887->[::1]:50907: use of closed network connection
[go_vue_admin]2024-07-21 11:29:26.132	[31merror[0m	/Users/lihao/project/mall-pro/admin-gin/websocket/ws_handle.go:37	close tcp [::1]:8887->[::1]:55218: use of closed network connection
[go_vue_admin]2024-07-21 11:29:26.132	[31merror[0m	/Users/lihao/project/mall-pro/admin-gin/websocket/ws_handle.go:37	close tcp [::1]:8887->[::1]:50755: use of closed network connection
[go_vue_admin]2024-07-21 11:29:26.132	[31merror[0m	/Users/lihao/project/mall-pro/admin-gin/websocket/ws_handle.go:37	close tcp [::1]:8887->[::1]:50583: use of closed network connection
[go_vue_admin]2024-07-21 11:29:26.132	[31merror[0m	/Users/lihao/project/mall-pro/admin-gin/websocket/ws_handle.go:37	close tcp [::1]:8887->[::1]:51971: use of closed network connection
[go_vue_admin]2024-07-21 11:29:26.132	[31merror[0m	/Users/lihao/project/mall-pro/admin-gin/websocket/ws_handle.go:37	close tcp [::1]:8887->[::1]:49165: use of closed network connection
[go_vue_admin]2024-07-21 11:29:26.132	[31merror[0m	/Users/lihao/project/mall-pro/admin-gin/websocket/ws_handle.go:37	close tcp [::1]:8887->[::1]:50257: use of closed network connection
[go_vue_admin]2024-07-21 11:29:26.132	[31merror[0m	/Users/lihao/project/mall-pro/admin-gin/websocket/ws_handle.go:37	close tcp [::1]:8887->[::1]:51168: use of closed network connection
[go_vue_admin]2024-07-21 11:29:26.132	[31merror[0m	/Users/lihao/project/mall-pro/admin-gin/websocket/ws_handle.go:37	close tcp [::1]:8887->[::1]:50373: use of closed network connection
[go_vue_admin]2024-07-21 11:29:26.132	[31merror[0m	/Users/lihao/project/mall-pro/admin-gin/websocket/ws_handle.go:37	close tcp [::1]:8887->[::1]:65456: use of closed network connection
[go_vue_admin]2024-07-21 11:29:26.132	[31merror[0m	/Users/lihao/project/mall-pro/admin-gin/websocket/ws_handle.go:37	close tcp [::1]:8887->[::1]:64799: use of closed network connection
[go_vue_admin]2024-07-21 11:29:26.132	[31merror[0m	/Users/lihao/project/mall-pro/admin-gin/websocket/ws_handle.go:37	close tcp [::1]:8887->[::1]:51476: use of closed network connection
[go_vue_admin]2024-07-21 11:29:26.132	[31merror[0m	/Users/lihao/project/mall-pro/admin-gin/websocket/ws_handle.go:37	close tcp [::1]:8887->[::1]:51869: use of closed network connection
[go_vue_admin]2024-07-21 11:29:26.132	[31merror[0m	/Users/lihao/project/mall-pro/admin-gin/websocket/ws_handle.go:37	close tcp [::1]:8887->[::1]:52212: use of closed network connection
[go_vue_admin]2024-07-21 11:29:26.132	[31merror[0m	/Users/lihao/project/mall-pro/admin-gin/websocket/ws_handle.go:37	close tcp [::1]:8887->[::1]:65498: use of closed network connection
[go_vue_admin]2024-07-21 11:29:26.132	[31merror[0m	/Users/lihao/project/mall-pro/admin-gin/websocket/ws_handle.go:37	close tcp [::1]:8887->[::1]:51368: use of closed network connection
[go_vue_admin]2024-07-21 11:29:26.132	[31merror[0m	/Users/lihao/project/mall-pro/admin-gin/websocket/ws_handle.go:37	close tcp [::1]:8887->[::1]:49418: use of closed network connection
[go_vue_admin]2024-07-21 11:29:26.132	[31merror[0m	/Users/lihao/project/mall-pro/admin-gin/websocket/ws_handle.go:37	close tcp [::1]:8887->[::1]:49690: use of closed network connection
[go_vue_admin]2024-07-21 11:29:26.132	[31merror[0m	/Users/lihao/project/mall-pro/admin-gin/websocket/ws_handle.go:37	close tcp [::1]:8887->[::1]:49593: use of closed network connection
[go_vue_admin]2024-07-21 11:29:26.132	[31merror[0m	/Users/lihao/project/mall-pro/admin-gin/websocket/ws_handle.go:37	close tcp [::1]:8887->[::1]:65480: use of closed network connection
[go_vue_admin]2024-07-21 11:29:26.132	[31merror[0m	/Users/lihao/project/mall-pro/admin-gin/websocket/ws_handle.go:37	close tcp [::1]:8887->[::1]:56345: use of closed network connection
[go_vue_admin]2024-07-21 11:29:26.132	[31merror[0m	/Users/lihao/project/mall-pro/admin-gin/websocket/ws_handle.go:37	close tcp [::1]:8887->[::1]:50503: use of closed network connection
[go_vue_admin]2024-07-21 11:29:26.132	[31merror[0m	/Users/lihao/project/mall-pro/admin-gin/websocket/ws_handle.go:37	close tcp [::1]:8887->[::1]:63240: use of closed network connection
[go_vue_admin]2024-07-21 11:29:26.132	[31merror[0m	/Users/lihao/project/mall-pro/admin-gin/websocket/ws_handle.go:37	close tcp [::1]:8887->[::1]:64753: use of closed network connection
[go_vue_admin]2024-07-21 11:29:26.132	[31merror[0m	/Users/lihao/project/mall-pro/admin-gin/websocket/ws_handle.go:37	close tcp [::1]:8887->[::1]:50199: use of closed network connection
[go_vue_admin]2024-07-21 11:29:26.132	[31merror[0m	/Users/lihao/project/mall-pro/admin-gin/websocket/ws_handle.go:37	close tcp [::1]:8887->[::1]:49731: use of closed network connection
[go_vue_admin]2024-07-21 11:29:26.132	[31merror[0m	/Users/lihao/project/mall-pro/admin-gin/websocket/ws_handle.go:37	close tcp [::1]:8887->[::1]:50981: use of closed network connection
[go_vue_admin]2024-07-21 11:29:26.132	[31merror[0m	/Users/lihao/project/mall-pro/admin-gin/websocket/ws_handle.go:69	read tcp [::1]:8887->[::1]:56471: use of closed network connection
[go_vue_admin]2024-07-21 11:29:26.132	[31merror[0m	/Users/lihao/project/mall-pro/admin-gin/websocket/ws_handle.go:37	close tcp [::1]:8887->[::1]:51220: use of closed network connection
[go_vue_admin]2024-07-21 11:29:26.132	[31merror[0m	/Users/lihao/project/mall-pro/admin-gin/websocket/ws_handle.go:37	close tcp [::1]:8887->[::1]:51676: use of closed network connection
[go_vue_admin]2024-07-21 11:29:26.132	[31merror[0m	/Users/lihao/project/mall-pro/admin-gin/websocket/ws_handle.go:37	close tcp [::1]:8887->[::1]:53351: use of closed network connection
[go_vue_admin]2024-07-21 11:29:26.132	[31merror[0m	/Users/lihao/project/mall-pro/admin-gin/websocket/ws_handle.go:69	read tcp [::1]:8887->[::1]:52174: use of closed network connection
[go_vue_admin]2024-07-21 11:29:26.132	[31merror[0m	/Users/lihao/project/mall-pro/admin-gin/websocket/ws_handle.go:37	close tcp [::1]:8887->[::1]:56095: use of closed network connection
[go_vue_admin]2024-07-21 11:29:26.132	[31merror[0m	/Users/lihao/project/mall-pro/admin-gin/websocket/ws_handle.go:37	close tcp [::1]:8887->[::1]:50476: use of closed network connection
[go_vue_admin]2024-07-21 11:29:26.132	[31merror[0m	/Users/lihao/project/mall-pro/admin-gin/websocket/ws_handle.go:37	close tcp [::1]:8887->[::1]:52928: use of closed network connection
[go_vue_admin]2024-07-21 11:29:26.132	[31merror[0m	/Users/lihao/project/mall-pro/admin-gin/websocket/ws_handle.go:37	close tcp [::1]:8887->[::1]:50336: use of closed network connection
[go_vue_admin]2024-07-21 11:29:26.132	[31merror[0m	/Users/lihao/project/mall-pro/admin-gin/websocket/ws_handle.go:37	close tcp [::1]:8887->[::1]:54087: use of closed network connection
[go_vue_admin]2024-07-21 11:29:26.132	[31merror[0m	/Users/lihao/project/mall-pro/admin-gin/websocket/ws_handle.go:37	close tcp [::1]:8887->[::1]:50319: use of closed network connection
[go_vue_admin]2024-07-21 11:29:26.132	[31merror[0m	/Users/lihao/project/mall-pro/admin-gin/websocket/ws_handle.go:37	close tcp [::1]:8887->[::1]:50283: use of closed network connection
[go_vue_admin]2024-07-21 11:29:26.132	[31merror[0m	/Users/lihao/project/mall-pro/admin-gin/websocket/ws_handle.go:37	close tcp [::1]:8887->[::1]:51721: use of closed network connection
[go_vue_admin]2024-07-21 11:29:26.132	[31merror[0m	/Users/lihao/project/mall-pro/admin-gin/websocket/ws_handle.go:37	close tcp [::1]:8887->[::1]:65353: use of closed network connection
[go_vue_admin]2024-07-21 11:29:26.132	[31merror[0m	/Users/lihao/project/mall-pro/admin-gin/websocket/ws_handle.go:37	close tcp [::1]:8887->[::1]:64777: use of closed network connection
[go_vue_admin]2024-07-21 11:29:26.133	[31merror[0m	/Users/lihao/project/mall-pro/admin-gin/websocket/ws_handle.go:37	close tcp [::1]:8887->[::1]:49665: use of closed network connection
[go_vue_admin]2024-07-21 11:29:26.132	[31merror[0m	/Users/lihao/project/mall-pro/admin-gin/websocket/ws_handle.go:37	close tcp [::1]:8887->[::1]:65396: use of closed network connection
[go_vue_admin]2024-07-21 11:29:26.133	[31merror[0m	/Users/lihao/project/mall-pro/admin-gin/websocket/ws_handle.go:37	close tcp [::1]:8887->[::1]:51855: use of closed network connection
[go_vue_admin]2024-07-21 11:29:26.133	[31merror[0m	/Users/lihao/project/mall-pro/admin-gin/websocket/ws_handle.go:37	close tcp [::1]:8887->[::1]:50080: use of closed network connection
[go_vue_admin]2024-07-21 11:29:26.133	[31merror[0m	/Users/lihao/project/mall-pro/admin-gin/websocket/ws_handle.go:37	close tcp [::1]:8887->[::1]:52647: use of closed network connection
[go_vue_admin]2024-07-21 11:29:26.133	[31merror[0m	/Users/lihao/project/mall-pro/admin-gin/websocket/ws_handle.go:37	close tcp [::1]:8887->[::1]:51936: use of closed network connection
[go_vue_admin]2024-07-21 11:29:26.133	[31merror[0m	/Users/lihao/project/mall-pro/admin-gin/websocket/ws_handle.go:37	close tcp [::1]:8887->[::1]:64707: use of closed network connection
[go_vue_admin]2024-07-21 11:29:26.135	[31merror[0m	/Users/lihao/project/mall-pro/admin-gin/core/server.go:44	accept tcp [::]:8887: use of closed network connection
[go_vue_admin]2024-07-21 17:09:29.687	[31merror[0m	/Users/lihao/project/mall-pro/admin-gin/websocket/ws_handle.go:69	websocket: close 1001 (going away)
[go_vue_admin]2024-07-21 17:20:50.696	[31merror[0m	/Users/lihao/project/mall-pro/admin-gin/websocket/ws_handle.go:69	websocket: close 1006 (abnormal closure): unexpected EOF
[go_vue_admin]2024-07-21 17:20:50.698	[31merror[0m	/Users/lihao/project/mall-pro/admin-gin/websocket/ws_handle.go:69	websocket: close 1006 (abnormal closure): unexpected EOF
[go_vue_admin]2024-07-21 17:54:03.012	[31merror[0m	/Users/lihao/project/mall-pro/admin-gin/websocket/ws_handle.go:69	websocket: close 1006 (abnormal closure): unexpected EOF
[go_vue_admin]2024-07-21 17:54:03.012	[31merror[0m	/Users/lihao/project/mall-pro/admin-gin/websocket/ws_handle.go:69	websocket: close 1006 (abnormal closure): unexpected EOF
[go_vue_admin]2024-07-21 18:16:54.064	[31merror[0m	/Users/lihao/project/mall-pro/admin-gin/api/v1/system/sys_menu.go:29	è·å–å¤±è´¥!	{"error": "invalid connection"}
[go_vue_admin]2024-07-21 18:16:54.591	[31merror[0m	/Users/lihao/project/mall-pro/admin-gin/api/v1/system/sys_menu.go:29	è·å–å¤±è´¥!	{"error": "invalid connection"}
[go_vue_admin]2024-07-21 18:24:36.029	[31merror[0m	/Users/lihao/project/mall-pro/admin-gin/websocket/ws_handle.go:69	websocket: close 1001 (going away)
[go_vue_admin]2024-07-21 18:24:40.498	[31merror[0m	/Users/lihao/project/mall-pro/admin-gin/websocket/ws_handle.go:69	websocket: close 1001 (going away)
[go_vue_admin]2024-07-21 18:25:12.211	[31merror[0m	/Users/lihao/project/mall-pro/admin-gin/service/product/pro_goods.go:26	invalid connection
[go_vue_admin]2024-07-21 18:25:16.569	[31merror[0m	/Users/lihao/project/mall-pro/admin-gin/websocket/ws_handle.go:69	websocket: close 1001 (going away)
[go_vue_admin]2024-07-21 18:27:16.261	[31merror[0m	/Users/lihao/project/mall-pro/admin-gin/websocket/ws_handle.go:69	websocket: close 1001 (going away)
[go_vue_admin]2024-07-21 18:37:04.780	[31merror[0m	/Users/lihao/project/mall-pro/admin-gin/websocket/ws_handle.go:69	websocket: close 1001 (going away)
[go_vue_admin]2024-07-21 18:38:19.576	[31merror[0m	/Users/lihao/project/mall-pro/admin-gin/websocket/ws_handle.go:69	websocket: close 1001 (going away)
[go_vue_admin]2024-07-21 18:40:07.985	[31merror[0m	/Users/lihao/project/mall-pro/admin-gin/websocket/ws_handle.go:69	websocket: close 1001 (going away)
[go_vue_admin]2024-07-21 18:41:21.514	[31merror[0m	/Users/lihao/project/mall-pro/admin-gin/service/product/goods_grab/pro_goods_grab.go:185	æœåŠ¡å™¨é”™è¯¯,id: 460åˆ†ç±»åç§°ï¼šå¨æˆ¿ç”¨çº¸
[go_vue_admin]2024-07-21 18:41:21.514	[31merror[0m	/Users/lihao/project/mall-pro/admin-gin/service/product/goods_grab/pro_goods_grab.go:185	æœåŠ¡å™¨é”™è¯¯,id: 462åˆ†ç±»åç§°ï¼šç”²é†›æ¸…é™¤å‰‚/ç”²é†›æµ‹è¯•
[go_vue_admin]2024-07-21 18:41:21.514	[31merror[0m	/Users/lihao/project/mall-pro/admin-gin/service/product/goods_grab/pro_goods_grab.go:185	æœåŠ¡å™¨é”™è¯¯,id: 463åˆ†ç±»åç§°ï¼šå†°ç®±é™¤å‘³å‰‚
[go_vue_admin]2024-07-21 18:41:21.514	[31merror[0m	/Users/lihao/project/mall-pro/admin-gin/service/product/goods_grab/pro_goods_grab.go:185	æœåŠ¡å™¨é”™è¯¯,id: 482åˆ†ç±»åç§°ï¼šæ¸…æ´æ…•æ–¯
[go_vue_admin]2024-07-21 18:41:21.514	[31merror[0m	/Users/lihao/project/mall-pro/admin-gin/service/product/goods_grab/pro_goods_grab.go:185	æœåŠ¡å™¨é”™è¯¯,id: 461åˆ†ç±»åç§°ï¼šç©ºæ°”æ¸…æ–°/å‡€åŒ–/èŠ³é¦™å‰‚
[go_vue_admin]2024-07-21 18:41:21.514	[31merror[0m	/Users/lihao/project/mall-pro/admin-gin/service/product/goods_grab/pro_goods_grab.go:185	æœåŠ¡å™¨é”™è¯¯,id: 497åˆ†ç±»åç§°ï¼šå®¶åŠ¡/åœ°æ¿æ¸…æ´ç”¨å…·
[go_vue_admin]2024-07-21 18:41:21.514	[31merror[0m	/Users/lihao/project/mall-pro/admin-gin/service/product/goods_grab/pro_goods_grab.go:185	æœåŠ¡å™¨é”™è¯¯,id: 483åˆ†ç±»åç§°ï¼šé¦™è–°ç”¨å“
[go_vue_admin]2024-07-21 18:41:21.514	[31merror[0m	/Users/lihao/project/mall-pro/admin-gin/service/product/goods_grab/pro_goods_grab.go:185	æœåŠ¡å™¨é”™è¯¯,id: 480åˆ†ç±»åç§°ï¼šå®¶ç§æ¸…æ´/çš®å…·æŠ¤ç†å‰‚
[go_vue_admin]2024-07-21 18:41:21.514	[31merror[0m	/Users/lihao/project/mall-pro/admin-gin/service/product/goods_grab/pro_goods_grab.go:185	æœåŠ¡å™¨é”™è¯¯,id: 478åˆ†ç±»åç§°ï¼šé©±èšŠæ¶²/é©±èšŠå‡éœ²/é©±èšŠå–·é›¾
[go_vue_admin]2024-07-21 18:41:21.514	[31merror[0m	/Users/lihao/project/mall-pro/admin-gin/service/product/goods_grab/pro_goods_grab.go:185	æœåŠ¡å™¨é”™è¯¯,id: 496åˆ†ç±»åç§°ï¼šä¸ªäººæ´—æŠ¤æ¸…æ´ç”¨å…·
[go_vue_admin]2024-07-21 18:41:21.568	[31merror[0m	/Users/lihao/project/mall-pro/admin-gin/service/product/goods_grab/pro_goods_grab.go:185	æœåŠ¡å™¨é”™è¯¯,id: 469åˆ†ç±»åç§°ï¼šæ´—è¡£æ¶²/æ´—è¡£å‡ç /ç•™é¦™ç 
[go_vue_admin]2024-07-21 18:41:21.568	[31merror[0m	/Users/lihao/project/mall-pro/admin-gin/service/product/goods_grab/pro_goods_grab.go:185	æœåŠ¡å™¨é”™è¯¯,id: 467åˆ†ç±»åç§°ï¼šå±…å®¶æ¸…æ´
[go_vue_admin]2024-07-21 18:41:21.568	[31merror[0m	/Users/lihao/project/mall-pro/admin-gin/service/product/goods_grab/pro_goods_grab.go:185	æœåŠ¡å™¨é”™è¯¯,id: 472åˆ†ç±»åç§°ï¼šæŸ”é¡ºå‰‚/å¸è‰²ç‰‡/ç»‡ç‰©å–·é›¾
[go_vue_admin]2024-07-21 18:41:21.568	[31merror[0m	/Users/lihao/project/mall-pro/admin-gin/service/product/goods_grab/pro_goods_grab.go:185	æœåŠ¡å™¨é”™è¯¯,id: 466åˆ†ç±»åç§°ï¼šå¨æˆ¿æ¸…æ´
[go_vue_admin]2024-07-21 18:41:21.568	[31merror[0m	/Users/lihao/project/mall-pro/admin-gin/service/product/goods_grab/pro_goods_grab.go:185	æœåŠ¡å™¨é”™è¯¯,id: 465åˆ†ç±»åç§°ï¼šå¹²ç‡¥å‰‚
[go_vue_admin]2024-07-21 18:41:21.568	[31merror[0m	/Users/lihao/project/mall-pro/admin-gin/service/product/goods_grab/pro_goods_grab.go:185	æœåŠ¡å™¨é”™è¯¯,id: 473åˆ†ç±»åç§°ï¼šå…¶ä»–è¡£ç‰©æ´—æ¶¤å‰‚
[go_vue_admin]2024-07-21 18:41:21.568	[31merror[0m	/Users/lihao/project/mall-pro/admin-gin/service/product/goods_grab/pro_goods_grab.go:185	æœåŠ¡å™¨é”™è¯¯,id: 471åˆ†ç±»åç§°ï¼šæ´—è¡£çš‚/å†…è¡£çš‚
[go_vue_admin]2024-07-21 18:41:21.568	[31merror[0m	/Users/lihao/project/mall-pro/admin-gin/service/product/goods_grab/pro_goods_grab.go:185	æœåŠ¡å™¨é”™è¯¯,id: 468åˆ†ç±»åç§°ï¼šæ¶ˆæ¯’ç”¨å“
[go_vue_admin]2024-07-21 18:41:21.568	[31merror[0m	/Users/lihao/project/mall-pro/admin-gin/service/product/goods_grab/pro_goods_grab.go:185	æœåŠ¡å™¨é”™è¯¯,id: 464åˆ†ç±»åç§°ï¼šé™¤è‡­å–·é›¾/å‰‚/é™¤è‡­ç”¨å“
[go_vue_admin]2024-07-21 18:41:21.568	[31merror[0m	/Users/lihao/project/mall-pro/admin-gin/service/product/goods_grab/pro_goods_grab.go:185	æœåŠ¡å™¨é”™è¯¯,id: 470åˆ†ç±»åç§°ï¼šæ´—è¡£ç²‰/çˆ†ç‚¸ç›/æ¼‚ç™½å‰‚
[go_vue_admin]2024-07-21 18:41:22.170	[31merror[0m	/Users/lihao/project/mall-pro/admin-gin/service/product/goods_grab/pro_goods_grab.go:185	æœåŠ¡å™¨é”™è¯¯,id: 479åˆ†ç±»åç§°ï¼šå…¶ä»–é©±è™«ç”¨å“
[go_vue_admin]2024-07-21 18:41:23.041	[31merror[0m	/Users/lihao/project/mall-pro/admin-gin/service/product/goods_grab/pro_goods_grab.go:185	æœåŠ¡å™¨é”™è¯¯,id: 418åˆ†ç±»åç§°ï¼šå…¶ä»–
[go_vue_admin]2024-07-21 18:41:40.754	[31merror[0m	/Users/lihao/project/mall-pro/admin-gin/websocket/ws_handle.go:69	websocket: close 1001 (going away)
[go_vue_admin]2024-07-21 18:41:46.318	[31merror[0m	/Users/lihao/project/mall-pro/admin-gin/service/product/goods_grab/pro_goods_grab.go:185	æœåŠ¡å™¨é”™è¯¯,id: 33åˆ†ç±»åç§°ï¼šæ£åˆ¶å“
[go_vue_admin]2024-07-21 18:41:46.318	[31merror[0m	/Users/lihao/project/mall-pro/admin-gin/service/product/goods_grab/pro_goods_grab.go:185	æœåŠ¡å™¨é”™è¯¯,id: 117åˆ†ç±»åç§°ï¼šç”µè§†
[go_vue_admin]2024-07-21 18:41:46.318	[31merror[0m	/Users/lihao/project/mall-pro/admin-gin/service/product/goods_grab/pro_goods_grab.go:185	æœåŠ¡å™¨é”™è¯¯,id: 118åˆ†ç±»åç§°ï¼šç©ºè°ƒ
[go_vue_admin]2024-07-21 18:41:46.318	[31merror[0m	/Users/lihao/project/mall-pro/admin-gin/service/product/goods_grab/pro_goods_grab.go:185	æœåŠ¡å™¨é”™è¯¯,id: 34åˆ†ç±»åç§°ï¼šå·§å…‹åŠ›
[go_vue_admin]2024-07-21 18:41:46.326	[31merror[0m	/Users/lihao/project/mall-pro/admin-gin/service/product/goods_grab/pro_goods_grab.go:185	æœåŠ¡å™¨é”™è¯¯,id: 40åˆ†ç±»åç§°ï¼šæµ·è‹”/å³é£Ÿæµ·äº§
[go_vue_admin]2024-07-21 18:41:46.326	[31merror[0m	/Users/lihao/project/mall-pro/admin-gin/service/product/goods_grab/pro_goods_grab.go:185	æœåŠ¡å™¨é”™è¯¯,id: 120åˆ†ç±»åç§°ï¼šæ´—è¡£æœº
[go_vue_admin]2024-07-21 18:41:46.326	[31merror[0m	/Users/lihao/project/mall-pro/admin-gin/service/product/goods_grab/pro_goods_grab.go:185	æœåŠ¡å™¨é”™è¯¯,id: 63åˆ†ç±»åç§°ï¼šç”·å£«è£¤è£…
[go_vue_admin]2024-07-21 18:41:46.326	[31merror[0m	/Users/lihao/project/mall-pro/admin-gin/service/product/goods_grab/pro_goods_grab.go:185	æœåŠ¡å™¨é”™è¯¯,id: 119åˆ†ç±»åç§°ï¼šå†°ç®±
[go_vue_admin]2024-07-21 18:41:46.335	[31merror[0m	/Users/lihao/project/mall-pro/admin-gin/service/product/goods_grab/pro_goods_grab.go:185	æœåŠ¡å™¨é”™è¯¯,id: 64åˆ†ç±»åç§°ï¼šç”·å£«å¤–å¥—
[go_vue_admin]2024-07-21 18:41:46.335	[31merror[0m	/Users/lihao/project/mall-pro/admin-gin/service/product/goods_grab/pro_goods_grab.go:185	æœåŠ¡å™¨é”™è¯¯,id: 36åˆ†ç±»åç§°ï¼šèœœé¥¯/æœå¹²
[go_vue_admin]2024-07-21 18:41:46.335	[31merror[0m	/Users/lihao/project/mall-pro/admin-gin/service/product/goods_grab/pro_goods_grab.go:185	æœåŠ¡å™¨é”™è¯¯,id: 77åˆ†ç±»åç§°ï¼šç²¾å
[go_vue_admin]2024-07-21 18:41:46.335	[31merror[0m	/Users/lihao/project/mall-pro/admin-gin/service/product/goods_grab/pro_goods_grab.go:185	æœåŠ¡å™¨é”™è¯¯,id: 121åˆ†ç±»åç§°ï¼šå¨æˆ¿å¤§å®¶ç”µ
[go_vue_admin]2024-07-21 18:41:46.335	[31merror[0m	/Users/lihao/project/mall-pro/admin-gin/service/product/goods_grab/pro_goods_grab.go:185	æœåŠ¡å™¨é”™è¯¯,id: 65åˆ†ç±»åç§°ï¼šç”·å£«å†…æ­
[go_vue_admin]2024-07-21 18:41:46.375	[31merror[0m	/Users/lihao/project/mall-pro/admin-gin/service/product/goods_grab/pro_goods_grab.go:185	æœåŠ¡å™¨é”™è¯¯,id: 79åˆ†ç±»åç§°ï¼šæ´é¢
[go_vue_admin]2024-07-21 18:41:46.375	[31merror[0m	/Users/lihao/project/mall-pro/admin-gin/service/product/goods_grab/pro_goods_grab.go:185	æœåŠ¡å™¨é”™è¯¯,id: 83åˆ†ç±»åç§°ï¼šä¹³æ¶²é¢éœœ
[go_vue_admin]2024-07-21 18:41:46.375	[31merror[0m	/Users/lihao/project/mall-pro/admin-gin/service/product/goods_grab/pro_goods_grab.go:185	æœåŠ¡å™¨é”™è¯¯,id: 42åˆ†ç±»åç§°ï¼šä¹³åˆ¶å“/å¥¶åˆ¶å“
[go_vue_admin]2024-07-21 18:41:46.375	[31merror[0m	/Users/lihao/project/mall-pro/admin-gin/service/product/goods_grab/pro_goods_grab.go:185	æœåŠ¡å™¨é”™è¯¯,id: 85åˆ†ç±»åç§°ï¼šé¦™æ°´é¦™è†
[go_vue_admin]2024-07-21 18:41:46.375	[31merror[0m	/Users/lihao/project/mall-pro/admin-gin/service/product/goods_grab/pro_goods_grab.go:185	æœåŠ¡å™¨é”™è¯¯,id: 122åˆ†ç±»åç§°ï¼šçƒ­æ°´å™¨
[go_vue_admin]2024-07-21 18:41:46.375	[31merror[0m	/Users/lihao/project/mall-pro/admin-gin/service/product/goods_grab/pro_goods_grab.go:185	æœåŠ¡å™¨é”™è¯¯,id: 41åˆ†ç±»åç§°ï¼šé¥®æ–™
[go_vue_admin]2024-07-21 18:41:46.375	[31merror[0m	/Users/lihao/project/mall-pro/admin-gin/service/product/goods_grab/pro_goods_grab.go:185	æœåŠ¡å™¨é”™è¯¯,id: 70åˆ†ç±»åç§°ï¼šå†…è£¤
[go_vue_admin]2024-07-21 18:41:46.375	[31merror[0m	/Users/lihao/project/mall-pro/admin-gin/service/product/goods_grab/pro_goods_grab.go:185	æœåŠ¡å™¨é”™è¯¯,id: 37åˆ†ç±»åç§°ï¼šç³–æœ
[go_vue_admin]2024-07-21 18:41:46.375	[31merror[0m	/Users/lihao/project/mall-pro/admin-gin/service/product/goods_grab/pro_goods_grab.go:185	æœåŠ¡å™¨é”™è¯¯,id: 81åˆ†ç±»åç§°ï¼šæŠ¤è‚¤å¥—è£…
[go_vue_admin]2024-07-21 18:41:46.375	[31merror[0m	/Users/lihao/project/mall-pro/admin-gin/service/product/goods_grab/pro_goods_grab.go:185	æœåŠ¡å™¨é”™è¯¯,id: 133åˆ†ç±»åç§°ï¼šç²®æ²¹ç±³é¢
[go_vue_admin]2024-07-21 18:41:46.375	[31merror[0m	/Users/lihao/project/mall-pro/admin-gin/service/product/goods_grab/pro_goods_grab.go:185	æœåŠ¡å™¨é”™è¯¯,id: 134åˆ†ç±»åç§°ï¼šå—åŒ—å¹²è´§
[go_vue_admin]2024-07-21 18:41:46.375	[31merror[0m	/Users/lihao/project/mall-pro/admin-gin/service/product/goods_grab/pro_goods_grab.go:185	æœåŠ¡å™¨é”™è¯¯,id: 69åˆ†ç±»åç§°ï¼šæ–‡èƒ¸å¡‘èº«
[go_vue_admin]2024-07-21 18:41:46.375	[31merror[0m	/Users/lihao/project/mall-pro/admin-gin/service/product/goods_grab/pro_goods_grab.go:185	æœåŠ¡å™¨é”™è¯¯,id: 135åˆ†ç±»åç§°ï¼šè°ƒå‘³å“
[go_vue_admin]2024-07-21 18:41:46.375	[31merror[0m	/Users/lihao/project/mall-pro/admin-gin/service/product/goods_grab/pro_goods_grab.go:185	æœåŠ¡å™¨é”™è¯¯,id: 140åˆ†ç±»åç§°ï¼šå…¶ä»–æ•°ç é…ä»¶
[go_vue_admin]2024-07-21 18:41:46.375	[31merror[0m	/Users/lihao/project/mall-pro/admin-gin/service/product/goods_grab/pro_goods_grab.go:185	æœåŠ¡å™¨é”™è¯¯,id: 71åˆ†ç±»åç§°ï¼šå®¶å±…æœ
[go_vue_admin]2024-07-21 18:41:46.375	[31merror[0m	/Users/lihao/project/mall-pro/admin-gin/service/product/goods_grab/pro_goods_grab.go:185	æœåŠ¡å™¨é”™è¯¯,id: 82åˆ†ç±»åç§°ï¼šé˜²æ™’
[go_vue_admin]2024-07-21 18:41:46.375	[31merror[0m	/Users/lihao/project/mall-pro/admin-gin/service/product/goods_grab/pro_goods_grab.go:185	æœåŠ¡å™¨é”™è¯¯,id: 76åˆ†ç±»åç§°ï¼šé¢è†œ
[go_vue_admin]2024-07-21 18:41:46.375	[31merror[0m	/Users/lihao/project/mall-pro/admin-gin/service/product/goods_grab/pro_goods_grab.go:185	æœåŠ¡å™¨é”™è¯¯,id: 84åˆ†ç±»åç§°ï¼šå¸å¦†
[go_vue_admin]2024-07-21 18:41:46.375	[31merror[0m	/Users/lihao/project/mall-pro/admin-gin/service/product/goods_grab/pro_goods_grab.go:185	æœåŠ¡å™¨é”™è¯¯,id: 39åˆ†ç±»åç§°ï¼šè±†å¹²
[go_vue_admin]2024-07-21 18:41:46.375	[31merror[0m	/Users/lihao/project/mall-pro/admin-gin/service/product/goods_grab/pro_goods_grab.go:185	æœåŠ¡å™¨é”™è¯¯,id: 138åˆ†ç±»åç§°ï¼šæ‰‹æœºé…ä»¶
[go_vue_admin]2024-07-21 18:41:46.375	[31merror[0m	/Users/lihao/project/mall-pro/admin-gin/service/product/goods_grab/pro_goods_grab.go:185	æœåŠ¡å™¨é”™è¯¯,id: 139åˆ†ç±»åç§°ï¼šç”µè„‘é…ä»¶
[go_vue_admin]2024-07-21 18:41:46.375	[31merror[0m	/Users/lihao/project/mall-pro/admin-gin/service/product/goods_grab/pro_goods_grab.go:185	æœåŠ¡å™¨é”™è¯¯,id: 141åˆ†ç±»åç§°ï¼šæ‰“ç«æœº/çœ¼é•œ
[go_vue_admin]2024-07-21 18:41:46.388	[31merror[0m	/Users/lihao/project/mall-pro/admin-gin/service/product/goods_grab/pro_goods_grab.go:185	æœåŠ¡å™¨é”™è¯¯,id: 78åˆ†ç±»åç§°ï¼šçœ¼éƒ¨æŠ¤ç†
[go_vue_admin]2024-07-21 18:41:46.388	[31merror[0m	/Users/lihao/project/mall-pro/admin-gin/service/product/goods_grab/pro_goods_grab.go:185	æœåŠ¡å™¨é”™è¯¯,id: 43åˆ†ç±»åç§°ï¼šå’–å•¡å†²é¥®
[go_vue_admin]2024-07-21 18:41:46.388	[31merror[0m	/Users/lihao/project/mall-pro/admin-gin/service/product/goods_grab/pro_goods_grab.go:185	æœåŠ¡å™¨é”™è¯¯,id: 142åˆ†ç±»åç§°ï¼šå¸½å­/å›´å·¾/æ‰‹å¥—
[go_vue_admin]2024-07-21 18:41:46.437	[31merror[0m	/Users/lihao/project/mall-pro/admin-gin/service/product/goods_grab/pro_goods_grab.go:185	æœåŠ¡å™¨é”™è¯¯,id: 143åˆ†ç±»åç§°ï¼šå…¶ä»–é…é¥°
[go_vue_admin]2024-07-21 18:41:46.490	[31merror[0m	/Users/lihao/project/mall-pro/admin-gin/service/product/goods_grab/pro_goods_grab.go:185	æœåŠ¡å™¨é”™è¯¯,id: 149åˆ†ç±»åç§°ï¼šç™½é…’
[go_vue_admin]2024-07-21 18:41:46.553	[31merror[0m	/Users/lihao/project/mall-pro/admin-gin/service/product/goods_grab/pro_goods_grab.go:185	æœåŠ¡å™¨é”™è¯¯,id: 150åˆ†ç±»åç§°ï¼šè‘¡è„é…’
[go_vue_admin]2024-07-21 18:41:46.623	[31merror[0m	/Users/lihao/project/mall-pro/admin-gin/service/product/goods_grab/pro_goods_grab.go:185	æœåŠ¡å™¨é”™è¯¯,id: 151åˆ†ç±»åç§°ï¼šæ´‹é…’
[go_vue_admin]2024-07-21 18:41:46.697	[31merror[0m	/Users/lihao/project/mall-pro/admin-gin/service/product/goods_grab/pro_goods_grab.go:185	æœåŠ¡å™¨é”™è¯¯,id: 152åˆ†ç±»åç§°ï¼šé»„é…’/ç±³é…’
[go_vue_admin]2024-07-21 18:41:46.747	[31merror[0m	/Users/lihao/project/mall-pro/admin-gin/service/product/goods_grab/pro_goods_grab.go:185	æœåŠ¡å™¨é”™è¯¯,id: 153åˆ†ç±»åç§°ï¼šé¢„è°ƒé…’/æœé…’
[go_vue_admin]2024-07-21 18:41:46.799	[31merror[0m	/Users/lihao/project/mall-pro/admin-gin/service/product/goods_grab/pro_goods_grab.go:185	æœåŠ¡å™¨é”™è¯¯,id: 154åˆ†ç±»åç§°ï¼šç»¿èŒ¶
[go_vue_admin]2024-07-21 18:41:46.869	[31merror[0m	/Users/lihao/project/mall-pro/admin-gin/service/product/goods_grab/pro_goods_grab.go:185	æœåŠ¡å™¨é”™è¯¯,id: 155åˆ†ç±»åç§°ï¼šçº¢èŒ¶
[go_vue_admin]2024-07-21 18:41:46.948	[31merror[0m	/Users/lihao/project/mall-pro/admin-gin/service/product/goods_grab/pro_goods_grab.go:185	æœåŠ¡å™¨é”™è¯¯,id: 156åˆ†ç±»åç§°ï¼šæ™®æ´±
[go_vue_admin]2024-07-21 18:41:47.033	[31merror[0m	/Users/lihao/project/mall-pro/admin-gin/service/product/goods_grab/pro_goods_grab.go:185	æœåŠ¡å™¨é”™è¯¯,id: 157åˆ†ç±»åç§°ï¼šé»‘èŒ¶/ç™½èŒ¶
[go_vue_admin]2024-07-21 18:41:47.127	[31merror[0m	/Users/lihao/project/mall-pro/admin-gin/service/product/goods_grab/pro_goods_grab.go:185	æœåŠ¡å™¨é”™è¯¯,id: 158åˆ†ç±»åç§°ï¼šèŠ±æœèŒ¶
[go_vue_admin]2024-07-21 18:41:47.196	[31merror[0m	/Users/lihao/project/mall-pro/admin-gin/service/product/goods_grab/pro_goods_grab.go:185	æœåŠ¡å™¨é”™è¯¯,id: 159åˆ†ç±»åç§°ï¼šèŒ¶åˆ¶å“
[go_vue_admin]2024-07-21 18:41:47.240	[31merror[0m	/Users/lihao/project/mall-pro/admin-gin/service/product/goods_grab/pro_goods_grab.go:185	æœåŠ¡å™¨é”™è¯¯,id: 160åˆ†ç±»åç§°ï¼šè¢œå­
[go_vue_admin]2024-07-21 18:41:47.378	[31merror[0m	/Users/lihao/project/mall-pro/admin-gin/service/product/goods_grab/pro_goods_grab.go:185	æœåŠ¡å™¨é”™è¯¯,id: 164åˆ†ç±»åç§°ï¼šåŸºç¡€å»ºæ
[go_vue_admin]2024-07-21 18:41:47.411	[31merror[0m	/Users/lihao/project/mall-pro/admin-gin/service/product/goods_grab/pro_goods_grab.go:185	æœåŠ¡å™¨é”™è¯¯,id: 165åˆ†ç±»åç§°ï¼šäº”é‡‘å·¥å…·
[go_vue_admin]2024-07-21 18:41:47.487	[31merror[0m	/Users/lihao/project/mall-pro/admin-gin/service/product/goods_grab/pro_goods_grab.go:185	æœåŠ¡å™¨é”™è¯¯,id: 166åˆ†ç±»åç§°ï¼šå®¶è£…ä¸»æ
[go_vue_admin]2024-07-21 18:41:47.541	[31merror[0m	/Users/lihao/project/mall-pro/admin-gin/service/product/goods_grab/pro_goods_grab.go:185	æœåŠ¡å™¨é”™è¯¯,id: 167åˆ†ç±»åç§°ï¼šç¯é¥°ç…§æ˜
[go_vue_admin]2024-07-21 18:41:47.576	[31merror[0m	/Users/lihao/project/mall-pro/admin-gin/service/product/goods_grab/pro_goods_grab.go:185	æœåŠ¡å™¨é”™è¯¯,id: 168åˆ†ç±»åç§°ï¼šå®¶å…·è£…é¥°
[go_vue_admin]2024-07-21 18:41:47.620	[31merror[0m	/Users/lihao/project/mall-pro/admin-gin/service/product/goods_grab/pro_goods_grab.go:185	æœåŠ¡å™¨é”™è¯¯,id: 175åˆ†ç±»åç§°ï¼šå©´ç«¥å°¿è£¤
[go_vue_admin]2024-07-21 18:41:47.666	[31merror[0m	/Users/lihao/project/mall-pro/admin-gin/service/product/goods_grab/pro_goods_grab.go:185	æœåŠ¡å™¨é”™è¯¯,id: 176åˆ†ç±»åç§°ï¼šå„¿ç«¥é¤å…·
[go_vue_admin]2024-07-21 18:41:47.729	[31merror[0m	/Users/lihao/project/mall-pro/admin-gin/service/product/goods_grab/pro_goods_grab.go:185	æœåŠ¡å™¨é”™è¯¯,id: 177åˆ†ç±»åç§°ï¼šç«¥è½¦åº§æ¤…
[go_vue_admin]2024-07-21 18:41:47.780	[31merror[0m	/Users/lihao/project/mall-pro/admin-gin/service/product/goods_grab/pro_goods_grab.go:185	æœåŠ¡å™¨é”™è¯¯,id: 178åˆ†ç±»åç§°ï¼šå©´å¹¼ä¸ªæŠ¤
[go_vue_admin]2024-07-21 18:41:47.832	[31merror[0m	/Users/lihao/project/mall-pro/admin-gin/service/product/goods_grab/pro_goods_grab.go:185	æœåŠ¡å™¨é”™è¯¯,id: 179åˆ†ç±»åç§°ï¼šå–‚å…»ç”¨å“
[go_vue_admin]2024-07-21 18:41:47.937	[31merror[0m	/Users/lihao/project/mall-pro/admin-gin/service/product/goods_grab/pro_goods_grab.go:185	æœåŠ¡å™¨é”™è¯¯,id: 181åˆ†ç±»åç§°ï¼šå®å®æŠ¤è‚¤
[go_vue_admin]2024-07-21 18:41:47.992	[31merror[0m	/Users/lihao/project/mall-pro/admin-gin/service/product/goods_grab/pro_goods_grab.go:185	æœåŠ¡å™¨é”™è¯¯,id: 182åˆ†ç±»åç§°ï¼šå­•å¦‡ä¸ªæŠ¤
[go_vue_admin]2024-07-21 18:41:48.047	[31merror[0m	/Users/lihao/project/mall-pro/admin-gin/service/product/goods_grab/pro_goods_grab.go:185	æœåŠ¡å™¨é”™è¯¯,id: 184åˆ†ç±»åç§°ï¼šå­•å¦‡å®¶å±…
[go_vue_admin]2024-07-21 18:41:48.094	[31merror[0m	/Users/lihao/project/mall-pro/admin-gin/service/product/goods_grab/pro_goods_grab.go:185	æœåŠ¡å™¨é”™è¯¯,id: 185åˆ†ç±»åç§°ï¼šå­•å¦‡è¥å…»
[go_vue_admin]2024-07-21 18:41:48.158	[31merror[0m	/Users/lihao/project/mall-pro/admin-gin/service/product/goods_grab/pro_goods_grab.go:185	æœåŠ¡å™¨é”™è¯¯,id: 186åˆ†ç±»åç§°ï¼šå­•å¦‡é…ä»¶
[go_vue_admin]2024-07-21 18:41:48.232	[31merror[0m	/Users/lihao/project/mall-pro/admin-gin/service/product/goods_grab/pro_goods_grab.go:185	æœåŠ¡å™¨é”™è¯¯,id: 187åˆ†ç±»åç§°ï¼šéª¨ç›†å¸¦/å¡‘èº«è¡£
[go_vue_admin]2024-07-21 18:41:48.362	[31merror[0m	/Users/lihao/project/mall-pro/admin-gin/service/product/goods_grab/pro_goods_grab.go:185	æœåŠ¡å™¨é”™è¯¯,id: 189åˆ†ç±»åç§°ï¼šäº²å­è£…
[go_vue_admin]2024-07-21 18:41:48.372	[31merror[0m	/Users/lihao/project/mall-pro/admin-gin/service/product/goods_grab/pro_goods_grab.go:185	æœåŠ¡å™¨é”™è¯¯,id: 45åˆ†ç±»åç§°ï¼šè†³é£Ÿä¿å¥
[go_vue_admin]2024-07-21 18:41:48.424	[31merror[0m	/Users/lihao/project/mall-pro/admin-gin/service/product/goods_grab/pro_goods_grab.go:185	æœåŠ¡å™¨é”™è¯¯,id: 190åˆ†ç±»åç§°ï¼šå„¿ç«¥ä¸‹è£…
[go_vue_admin]2024-07-21 18:41:48.498	[31merror[0m	/Users/lihao/project/mall-pro/admin-gin/service/product/goods_grab/pro_goods_grab.go:185	æœåŠ¡å™¨é”™è¯¯,id: 191åˆ†ç±»åç§°ï¼šå†…è¡£è£¤è¢œ
[go_vue_admin]2024-07-21 18:41:48.568	[31merror[0m	/Users/lihao/project/mall-pro/admin-gin/service/product/goods_grab/pro_goods_grab.go:185	æœåŠ¡å™¨é”™è¯¯,id: 192åˆ†ç±»åç§°ï¼šå„¿ç«¥å¥—è£…
[go_vue_admin]2024-07-21 18:41:48.629	[31merror[0m	/Users/lihao/project/mall-pro/admin-gin/service/product/goods_grab/pro_goods_grab.go:185	æœåŠ¡å™¨é”™è¯¯,id: 193åˆ†ç±»åç§°ï¼šå„¿ç«¥é…é¥°
[go_vue_admin]2024-07-21 18:41:48.809	[31merror[0m	/Users/lihao/project/mall-pro/admin-gin/service/product/goods_grab/pro_goods_grab.go:185	æœåŠ¡å™¨é”™è¯¯,id: 194åˆ†ç±»åç§°ï¼šå„¿ç«¥å¤–å¥—
[go_vue_admin]2024-07-21 18:41:48.865	[31merror[0m	/Users/lihao/project/mall-pro/admin-gin/service/product/goods_grab/pro_goods_grab.go:185	æœåŠ¡å™¨é”™è¯¯,id: 195åˆ†ç±»åç§°ï¼šå©´å„¿è°ƒå‘³
[go_vue_admin]2024-07-21 18:41:48.865	[31merror[0m	/Users/lihao/project/mall-pro/admin-gin/service/product/goods_grab/pro_goods_grab.go:185	æœåŠ¡å™¨é”™è¯¯,id: 29åˆ†ç±»åç§°ï¼šå°é›¶é£Ÿ
[go_vue_admin]2024-07-21 18:41:48.876	[31merror[0m	/Users/lihao/project/mall-pro/admin-gin/service/product/goods_grab/pro_goods_grab.go:185	æœåŠ¡å™¨é”™è¯¯,id: 86åˆ†ç±»åç§°ï¼šå£çº¢
[go_vue_admin]2024-07-21 18:41:48.917	[31merror[0m	/Users/lihao/project/mall-pro/admin-gin/service/product/goods_grab/pro_goods_grab.go:185	æœåŠ¡å™¨é”™è¯¯,id: 35åˆ†ç±»åç§°ï¼šè†¨åŒ–é£Ÿå“
[go_vue_admin]2024-07-21 18:41:48.918	[31merror[0m	/Users/lihao/project/mall-pro/admin-gin/service/product/goods_grab/pro_goods_grab.go:185	æœåŠ¡å™¨é”™è¯¯,id: 196åˆ†ç±»åç§°ï¼šè¾…é£Ÿé›¶é£Ÿ
[go_vue_admin]2024-07-21 18:41:48.980	[31merror[0m	/Users/lihao/project/mall-pro/admin-gin/service/product/goods_grab/pro_goods_grab.go:185	æœåŠ¡å™¨é”™è¯¯,id: 44åˆ†ç±»åç§°ï¼šè¥å…»è†³è¡¥
[go_vue_admin]2024-07-21 18:41:48.980	[31merror[0m	/Users/lihao/project/mall-pro/admin-gin/service/product/goods_grab/pro_goods_grab.go:185	æœåŠ¡å™¨é”™è¯¯,id: 197åˆ†ç±»åç§°ï¼šå„¿ç«¥è¥å…»
[go_vue_admin]2024-07-21 18:41:49.039	[31merror[0m	/Users/lihao/project/mall-pro/admin-gin/service/product/goods_grab/pro_goods_grab.go:185	æœåŠ¡å™¨é”™è¯¯,id: 198åˆ†ç±»åç§°ï¼šå¥¶ç²‰
[go_vue_admin]2024-07-21 18:41:49.087	[31merror[0m	/Users/lihao/project/mall-pro/admin-gin/service/product/goods_grab/pro_goods_grab.go:185	æœåŠ¡å™¨é”™è¯¯,id: 199åˆ†ç±»åç§°ï¼šå„¿ç«¥æ‹–é‹
[go_vue_admin]2024-07-21 18:41:49.129	[31merror[0m	/Users/lihao/project/mall-pro/admin-gin/service/product/goods_grab/pro_goods_grab.go:185	æœåŠ¡å™¨é”™è¯¯,id: 200åˆ†ç±»åç§°ï¼šå„¿ç«¥å‡‰é‹
[go_vue_admin]2024-07-21 18:41:49.192	[31merror[0m	/Users/lihao/project/mall-pro/admin-gin/service/product/goods_grab/pro_goods_grab.go:185	æœåŠ¡å™¨é”™è¯¯,id: 201åˆ†ç±»åç§°ï¼šä¼‘é—²é‹
[go_vue_admin]2024-07-21 18:41:49.255	[31merror[0m	/Users/lihao/project/mall-pro/admin-gin/service/product/goods_grab/pro_goods_grab.go:185	æœåŠ¡å™¨é”™è¯¯,id: 202åˆ†ç±»åç§°ï¼šå­¦æ­¥é‹
[go_vue_admin]2024-07-21 18:41:49.304	[31merror[0m	/Users/lihao/project/mall-pro/admin-gin/service/product/goods_grab/pro_goods_grab.go:185	æœåŠ¡å™¨é”™è¯¯,id: 203åˆ†ç±»åç§°ï¼šè¿åŠ¨é‹
[go_vue_admin]2024-07-21 18:41:49.407	[31merror[0m	/Users/lihao/project/mall-pro/admin-gin/service/product/goods_grab/pro_goods_grab.go:185	æœåŠ¡å™¨é”™è¯¯,id: 204åˆ†ç±»åç§°ï¼šå„¿ç«¥çš®é‹
[go_vue_admin]2024-07-21 18:41:49.447	[31merror[0m	/Users/lihao/project/mall-pro/admin-gin/service/product/goods_grab/pro_goods_grab.go:185	æœåŠ¡å™¨é”™è¯¯,id: 30åˆ†ç±»åç§°ï¼šåšæœ
[go_vue_admin]2024-07-21 18:41:49.454	[31merror[0m	/Users/lihao/project/mall-pro/admin-gin/service/product/goods_grab/pro_goods_grab.go:185	æœåŠ¡å™¨é”™è¯¯,id: 206åˆ†ç±»åç§°ï¼šçˆ½è‚¤æ°´
[go_vue_admin]2024-07-21 18:41:49.527	[31merror[0m	/Users/lihao/project/mall-pro/admin-gin/service/product/goods_grab/pro_goods_grab.go:185	æœåŠ¡å™¨é”™è¯¯,id: 213åˆ†ç±»åç§°ï¼šè€äººæœº
[go_vue_admin]2024-07-21 18:41:49.575	[31merror[0m	/Users/lihao/project/mall-pro/admin-gin/service/product/goods_grab/pro_goods_grab.go:185	æœåŠ¡å™¨é”™è¯¯,id: 214åˆ†ç±»åç§°ï¼šæ¸¸æˆæ‰‹æœº
[go_vue_admin]2024-07-21 18:41:49.634	[31merror[0m	/Users/lihao/project/mall-pro/admin-gin/service/product/goods_grab/pro_goods_grab.go:185	æœåŠ¡å™¨é”™è¯¯,id: 215åˆ†ç±»åç§°ï¼šå½±éŸ³å¨±ä¹
[go_vue_admin]2024-07-21 18:41:49.691	[31merror[0m	/Users/lihao/project/mall-pro/admin-gin/service/product/goods_grab/pro_goods_grab.go:185	æœåŠ¡å™¨é”™è¯¯,id: 216åˆ†ç±»åç§°ï¼šæ™ºèƒ½è®¾å¤‡
[go_vue_admin]2024-07-21 18:41:49.746	[31merror[0m	/Users/lihao/project/mall-pro/admin-gin/service/product/goods_grab/pro_goods_grab.go:185	æœåŠ¡å™¨é”™è¯¯,id: 217åˆ†ç±»åç§°ï¼šå°å¼æœº
[go_vue_admin]2024-07-21 18:41:49.817	[31merror[0m	/Users/lihao/project/mall-pro/admin-gin/service/product/goods_grab/pro_goods_grab.go:185	æœåŠ¡å™¨é”™è¯¯,id: 218åˆ†ç±»åç§°ï¼šç¬”è®°æœ¬
[go_vue_admin]2024-07-21 18:41:49.893	[31merror[0m	/Users/lihao/project/mall-pro/admin-gin/service/product/goods_grab/pro_goods_grab.go:185	æœåŠ¡å™¨é”™è¯¯,id: 219åˆ†ç±»åç§°ï¼šå¹³æ¿
[go_vue_admin]2024-07-21 18:41:49.939	[31merror[0m	/Users/lihao/project/mall-pro/admin-gin/service/product/goods_grab/pro_goods_grab.go:185	æœåŠ¡å™¨é”™è¯¯,id: 89åˆ†ç±»åç§°ï¼šçœ‰ç¬”
[go_vue_admin]2024-07-21 18:41:50.023	[31merror[0m	/Users/lihao/project/mall-pro/admin-gin/service/product/goods_grab/pro_goods_grab.go:185	æœåŠ¡å™¨é”™è¯¯,id: 220åˆ†ç±»åç§°ï¼šé”®ç›˜é¼ æ ‡
[go_vue_admin]2024-07-21 18:41:50.074	[31merror[0m	/Users/lihao/project/mall-pro/admin-gin/service/product/goods_grab/pro_goods_grab.go:185	æœåŠ¡å™¨é”™è¯¯,id: 221åˆ†ç±»åç§°ï¼šåŠå…¬è®¾å¤‡
[go_vue_admin]2024-07-21 18:41:50.123	[31merror[0m	/Users/lihao/project/mall-pro/admin-gin/service/product/goods_grab/pro_goods_grab.go:185	æœåŠ¡å™¨é”™è¯¯,id: 223åˆ†ç±»åç§°ï¼šä¸ªæŠ¤å®¶ç”µ
[go_vue_admin]2024-07-21 18:41:50.185	[31merror[0m	/Users/lihao/project/mall-pro/admin-gin/service/product/goods_grab/pro_goods_grab.go:185	æœåŠ¡å™¨é”™è¯¯,id: 224åˆ†ç±»åç§°ï¼šç”Ÿæ´»ç”µå™¨
[go_vue_admin]2024-07-21 18:41:50.238	[31merror[0m	/Users/lihao/project/mall-pro/admin-gin/service/product/goods_grab/pro_goods_grab.go:185	æœåŠ¡å™¨é”™è¯¯,id: 225åˆ†ç±»åç§°ï¼šå¨æˆ¿å°ç”µ
[go_vue_admin]2024-07-21 18:41:50.339	[31merror[0m	/Users/lihao/project/mall-pro/admin-gin/service/product/goods_grab/pro_goods_grab.go:185	æœåŠ¡å™¨é”™è¯¯,id: 228åˆ†ç±»åç§°ï¼šé£Ÿå“æ·»åŠ å‰‚/è¾…æ–™
[go_vue_admin]2024-07-21 18:41:50.394	[31merror[0m	/Users/lihao/project/mall-pro/admin-gin/service/product/goods_grab/pro_goods_grab.go:185	æœåŠ¡å™¨é”™è¯¯,id: 229åˆ†ç±»åç§°ï¼šæ–¹ä¾¿é€Ÿé£Ÿ
[go_vue_admin]2024-07-21 18:41:50.440	[31merror[0m	/Users/lihao/project/mall-pro/admin-gin/service/product/goods_grab/pro_goods_grab.go:185	æœåŠ¡å™¨é”™è¯¯,id: 230åˆ†ç±»åç§°ï¼šæ¸æ
[go_vue_admin]2024-07-21 18:41:50.491	[31merror[0m	/Users/lihao/project/mall-pro/admin-gin/service/product/goods_grab/pro_goods_grab.go:185	æœåŠ¡å™¨é”™è¯¯,id: 231åˆ†ç±»åç§°ï¼šé˜¿èƒ¶
[go_vue_admin]2024-07-21 18:41:50.541	[31merror[0m	/Users/lihao/project/mall-pro/admin-gin/service/product/goods_grab/pro_goods_grab.go:185	æœåŠ¡å™¨é”™è¯¯,id: 232åˆ†ç±»åç§°ï¼šèœ‚èœœ
[go_vue_admin]2024-07-21 18:41:50.575	[31merror[0m	/Users/lihao/project/mall-pro/admin-gin/service/product/goods_grab/pro_goods_grab.go:185	æœåŠ¡å™¨é”™è¯¯,id: 233åˆ†ç±»åç§°ï¼šç‡•çª
[go_vue_admin]2024-07-21 18:41:50.619	[31merror[0m	/Users/lihao/project/mall-pro/admin-gin/service/product/goods_grab/pro_goods_grab.go:185	æœåŠ¡å™¨é”™è¯¯,id: 234åˆ†ç±»åç§°ï¼šå‚èŒ¸è´µç»†
[go_vue_admin]2024-07-21 18:41:50.685	[31merror[0m	/Users/lihao/project/mall-pro/admin-gin/service/product/goods_grab/pro_goods_grab.go:185	æœåŠ¡å™¨é”™è¯¯,id: 235åˆ†ç±»åç§°ï¼šå…»ç”ŸåŸæ–™
[go_vue_admin]2024-07-21 18:41:50.920	[31merror[0m	/Users/lihao/project/mall-pro/admin-gin/service/product/goods_grab/pro_goods_grab.go:185	æœåŠ¡å™¨é”™è¯¯,id: 236åˆ†ç±»åç§°ï¼šå…¶ä»–æ»‹è¡¥å“
[go_vue_admin]2024-07-21 18:41:50.986	[31merror[0m	/Users/lihao/project/mall-pro/admin-gin/service/product/goods_grab/pro_goods_grab.go:185	æœåŠ¡å™¨é”™è¯¯,id: 238åˆ†ç±»åç§°ï¼šé£Ÿç–—æ»‹è¡¥
[go_vue_admin]2024-07-21 18:41:51.009	[31merror[0m	/Users/lihao/project/mall-pro/admin-gin/service/product/goods_grab/pro_goods_grab.go:185	æœåŠ¡å™¨é”™è¯¯,id: 90åˆ†ç±»åç§°ï¼šç«æ¯›è†
[go_vue_admin]2024-07-21 18:41:51.045	[31merror[0m	/Users/lihao/project/mall-pro/admin-gin/service/product/goods_grab/pro_goods_grab.go:185	æœåŠ¡å™¨é”™è¯¯,id: 239åˆ†ç±»åç§°ï¼šçŒªè‚‰ç±»
[go_vue_admin]2024-07-21 18:41:51.101	[31merror[0m	/Users/lihao/project/mall-pro/admin-gin/service/product/goods_grab/pro_goods_grab.go:185	æœåŠ¡å™¨é”™è¯¯,id: 240åˆ†ç±»åç§°ï¼šç‰›ç¾Šè‚‰ç±»
[go_vue_admin]2024-07-21 18:41:51.145	[31merror[0m	/Users/lihao/project/mall-pro/admin-gin/service/product/goods_grab/pro_goods_grab.go:185	æœåŠ¡å™¨é”™è¯¯,id: 241åˆ†ç±»åç§°ï¼šé¸¡é¸­è‚‰ç±»
[go_vue_admin]2024-07-21 18:41:51.196	[31merror[0m	/Users/lihao/project/mall-pro/admin-gin/service/product/goods_grab/pro_goods_grab.go:185	æœåŠ¡å™¨é”™è¯¯,id: 242åˆ†ç±»åç§°ï¼šè‚‰åˆ¶å“
[go_vue_admin]2024-07-21 18:41:51.233	[31merror[0m	/Users/lihao/project/mall-pro/admin-gin/service/product/goods_grab/pro_goods_grab.go:185	æœåŠ¡å™¨é”™è¯¯,id: 243åˆ†ç±»åç§°ï¼šåŒ…ç‚¹/é¢ç‚¹
[go_vue_admin]2024-07-21 18:41:51.335	[31merror[0m	/Users/lihao/project/mall-pro/admin-gin/service/product/goods_grab/pro_goods_grab.go:185	æœåŠ¡å™¨é”™è¯¯,id: 245åˆ†ç±»åç§°ï¼šæ°´é¥ºé¦„é¥¨
[go_vue_admin]2024-07-21 18:41:51.406	[31merror[0m	/Users/lihao/project/mall-pro/admin-gin/service/product/goods_grab/pro_goods_grab.go:185	æœåŠ¡å™¨é”™è¯¯,id: 246åˆ†ç±»åç§°ï¼šå†°æ·‡æ·‹
[go_vue_admin]2024-07-21 18:41:51.472	[31merror[0m	/Users/lihao/project/mall-pro/admin-gin/service/product/goods_grab/pro_goods_grab.go:185	æœåŠ¡å™¨é”™è¯¯,id: 247åˆ†ç±»åç§°ï¼šå†»åŠæˆå“
[go_vue_admin]2024-07-21 18:41:51.570	[31merror[0m	/Users/lihao/project/mall-pro/admin-gin/service/product/goods_grab/pro_goods_grab.go:185	æœåŠ¡å™¨é”™è¯¯,id: 248åˆ†ç±»åç§°ï¼šèŸ¹ç±»
[go_vue_admin]2024-07-21 18:41:51.631	[31merror[0m	/Users/lihao/project/mall-pro/admin-gin/service/product/goods_grab/pro_goods_grab.go:185	æœåŠ¡å™¨é”™è¯¯,id: 249åˆ†ç±»åç§°ï¼šæµ·é²œåˆ¶å“
[go_vue_admin]2024-07-21 18:41:51.685	[31merror[0m	/Users/lihao/project/mall-pro/admin-gin/service/product/goods_grab/pro_goods_grab.go:185	æœåŠ¡å™¨é”™è¯¯,id: 250åˆ†ç±»åç§°ï¼šæµ·å‚
[go_vue_admin]2024-07-21 18:41:51.727	[31merror[0m	/Users/lihao/project/mall-pro/admin-gin/service/product/goods_grab/pro_goods_grab.go:185	æœåŠ¡å™¨é”™è¯¯,id: 251åˆ†ç±»åç§°ï¼šè´ç±»
[go_vue_admin]2024-07-21 18:41:51.821	[31merror[0m	/Users/lihao/project/mall-pro/admin-gin/service/product/goods_grab/pro_goods_grab.go:185	æœåŠ¡å™¨é”™è¯¯,id: 252åˆ†ç±»åç§°ï¼šè™¾ç±»
[go_vue_admin]2024-07-21 18:41:51.877	[31merror[0m	/Users/lihao/project/mall-pro/admin-gin/service/product/goods_grab/pro_goods_grab.go:185	æœåŠ¡å™¨é”™è¯¯,id: 253åˆ†ç±»åç§°ï¼šé±¼ç±»
[go_vue_admin]2024-07-21 18:41:51.890	[31merror[0m	/Users/lihao/project/mall-pro/admin-gin/service/product/goods_grab/pro_goods_grab.go:185	æœåŠ¡å™¨é”™è¯¯,id: 31åˆ†ç±»åç§°ï¼šé¥¼å¹²
[go_vue_admin]2024-07-21 18:41:51.937	[31merror[0m	/Users/lihao/project/mall-pro/admin-gin/service/product/goods_grab/pro_goods_grab.go:185	æœåŠ¡å™¨é”™è¯¯,id: 254åˆ†ç±»åç§°ï¼šå…¶ä»–æµ·äº§
[go_vue_admin]2024-07-21 18:41:52.027	[31merror[0m	/Users/lihao/project/mall-pro/admin-gin/service/product/goods_grab/pro_goods_grab.go:185	æœåŠ¡å™¨é”™è¯¯,id: 255åˆ†ç±»åç§°ï¼šå¶èœç±»
[go_vue_admin]2024-07-21 18:41:52.097	[31merror[0m	/Users/lihao/project/mall-pro/admin-gin/service/product/goods_grab/pro_goods_grab.go:185	æœåŠ¡å™¨é”™è¯¯,id: 256åˆ†ç±»åç§°ï¼šæ ¹èŒç±»
[go_vue_admin]2024-07-21 18:41:52.152	[31merror[0m	/Users/lihao/project/mall-pro/admin-gin/service/product/goods_grab/pro_goods_grab.go:185	æœåŠ¡å™¨é”™è¯¯,id: 257åˆ†ç±»åç§°ï¼šé²œèŒè‡
[go_vue_admin]2024-07-21 18:41:52.183	[31merror[0m	/Users/lihao/project/mall-pro/admin-gin/service/product/goods_grab/pro_goods_grab.go:185	æœåŠ¡å™¨é”™è¯¯,id: 258åˆ†ç±»åç§°ï¼šèŒ„æœç“œç±»
[go_vue_admin]2024-07-21 18:41:52.226	[31merror[0m	/Users/lihao/project/mall-pro/admin-gin/service/product/goods_grab/pro_goods_grab.go:185	æœåŠ¡å™¨é”™è¯¯,id: 259åˆ†ç±»åç§°ï¼šå¿«æ‰‹èœ
[go_vue_admin]2024-07-21 18:41:52.327	[31merror[0m	/Users/lihao/project/mall-pro/admin-gin/service/product/goods_grab/pro_goods_grab.go:185	æœåŠ¡å™¨é”™è¯¯,id: 261åˆ†ç±»åç§°ï¼šè›‹å“
[go_vue_admin]2024-07-21 18:43:26.474	[31merror[0m	/Users/lihao/project/mall-pro/admin-gin/websocket/ws_handle.go:69	websocket: close 1001 (going away)
[go_vue_admin]2024-07-21 18:44:01.392	[31merror[0m	/Users/lihao/project/mall-pro/admin-gin/websocket/ws_handle.go:69	websocket: close 1001 (going away)
[go_vue_admin]2024-07-21 18:44:08.462	[31merror[0m	/Users/lihao/project/mall-pro/admin-gin/websocket/ws_handle.go:69	websocket: close 1001 (going away)
[go_vue_admin]2024-07-21 18:46:30.846	[31merror[0m	/Users/lihao/project/mall-pro/admin-gin/websocket/ws_handle.go:69	websocket: close 1001 (going away)
[go_vue_admin]2024-07-21 18:49:46.512	[31merror[0m	/Users/lihao/project/mall-pro/admin-gin/websocket/ws_handle.go:69	websocket: close 1001 (going away)
[go_vue_admin]2024-07-21 18:50:55.542	[31merror[0m	/Users/lihao/project/mall-pro/admin-gin/websocket/ws_handle.go:69	websocket: close 1001 (going away)
[go_vue_admin]2024-07-21 18:57:23.211	[31merror[0m	/Users/lihao/project/mall-pro/admin-gin/websocket/ws_handle.go:69	websocket: close 1001 (going away)
[go_vue_admin]2024-07-21 18:58:02.705	[31merror[0m	/Users/lihao/project/mall-pro/admin-gin/websocket/ws_handle.go:69	websocket: close 1001 (going away)
[go_vue_admin]2024-07-21 19:06:55.353	[31merror[0m	/Users/lihao/project/mall-pro/admin-gin/websocket/ws_handle.go:69	websocket: close 1006 (abnormal closure): unexpected EOF
[go_vue_admin]2024-07-21 19:06:55.354	[31merror[0m	/Users/lihao/project/mall-pro/admin-gin/websocket/ws_handle.go:69	websocket: close 1006 (abnormal closure): unexpected EOF
[go_vue_admin]2024-07-21 22:02:18.652	[31merror[0m	/Users/lihao/project/mall-pro/admin-gin/websocket/ws_handle.go:69	websocket: close 1006 (abnormal closure): unexpected EOF
[go_vue_admin]2024-07-21 22:02:18.653	[31merror[0m	/Users/lihao/project/mall-pro/admin-gin/websocket/ws_handle.go:69	websocket: close 1006 (abnormal closure): unexpected EOF
[go_vue_admin]2024-07-21 22:10:49.918	[31merror[0m	/Users/lihao/project/mall-pro/admin-gin/websocket/ws_handle.go:69	websocket: close 1006 (abnormal closure): unexpected EOF
[go_vue_admin]2024-07-21 22:10:49.918	[31merror[0m	/Users/lihao/project/mall-pro/admin-gin/websocket/ws_handle.go:69	websocket: close 1006 (abnormal closure): unexpected EOF
