[go_vue_admin]2024-07-21 07:54:24.861	[34minfo[0m	/Users/lihao/project/mall-pro/admin-gin/websocket/ws_handle.go:48	websocket è¿æ¥æˆåŠŸ
[go_vue_admin]2024-07-21 08:07:49.997	[34minfo[0m	/Users/lihao/project/mall-pro/admin-gin/websocket/ws_handle.go:48	websocket è¿æ¥æˆåŠŸ
[go_vue_admin]2024-07-21 08:26:19.852	[34minfo[0m	/Users/lihao/project/mall-pro/admin-gin/websocket/ws_handle.go:48	websocket è¿æ¥æˆåŠŸ
[go_vue_admin]2024-07-21 08:26:33.603	[34minfo[0m	/Users/lihao/project/mall-pro/admin-gin/websocket/ws_handle.go:48	websocket è¿æ¥æˆåŠŸ
[go_vue_admin]2024-07-21 08:27:40.819	[34minfo[0m	/Users/lihao/project/mall-pro/admin-gin/websocket/ws_handle.go:48	websocket è¿æ¥æˆåŠŸ
[go_vue_admin]2024-07-21 08:37:41.850	[34minfo[0m	/Users/lihao/project/mall-pro/admin-gin/websocket/ws_handle.go:48	websocket è¿æ¥æˆåŠŸ
[go_vue_admin]2024-07-21 08:37:53.154	[34minfo[0m	/Users/lihao/project/mall-pro/admin-gin/websocket/ws_handle.go:48	websocket è¿æ¥æˆåŠŸ
[go_vue_admin]2024-07-21 08:38:51.834	[34minfo[0m	/Users/lihao/project/mall-pro/admin-gin/websocket/ws_handle.go:48	websocket è¿æ¥æˆåŠŸ
[go_vue_admin]2024-07-21 08:39:21.831	[34minfo[0m	/Users/lihao/project/mall-pro/admin-gin/websocket/ws_handle.go:48	websocket è¿æ¥æˆåŠŸ
[go_vue_admin]2024-07-21 09:15:51.167	[34minfo[0m	/Users/lihao/project/mall-pro/admin-gin/websocket/ws_handle.go:48	websocket è¿æ¥æˆåŠŸ
[go_vue_admin]2024-07-21 09:16:02.940	[34minfo[0m	/Users/lihao/project/mall-pro/admin-gin/websocket/ws_handle.go:48	websocket è¿æ¥æˆåŠŸ
[go_vue_admin]2024-07-21 09:17:28.258	[34minfo[0m	/Users/lihao/project/mall-pro/admin-gin/websocket/ws_handle.go:48	websocket è¿æ¥æˆåŠŸ
[go_vue_admin]2024-07-21 09:17:39.904	[34minfo[0m	/Users/lihao/project/mall-pro/admin-gin/websocket/ws_handle.go:48	websocket è¿æ¥æˆåŠŸ
[go_vue_admin]2024-07-21 09:18:01.435	[34minfo[0m	/Users/lihao/project/mall-pro/admin-gin/websocket/ws_handle.go:48	websocket è¿æ¥æˆåŠŸ
[go_vue_admin]2024-07-21 09:19:26.541	[34minfo[0m	/Users/lihao/project/mall-pro/admin-gin/websocket/ws_handle.go:48	websocket è¿æ¥æˆåŠŸ
[go_vue_admin]2024-07-21 09:30:08.420	[34minfo[0m	/Users/lihao/project/mall-pro/admin-gin/websocket/ws_handle.go:48	websocket è¿æ¥æˆåŠŸ
[go_vue_admin]2024-07-21 09:34:43.157	[34minfo[0m	/Users/lihao/project/mall-pro/admin-gin/websocket/ws_handle.go:48	websocket è¿æ¥æˆåŠŸ
[go_vue_admin]2024-07-21 09:37:27.954	[34minfo[0m	/Users/lihao/project/mall-pro/admin-gin/websocket/ws_handle.go:48	websocket è¿æ¥æˆåŠŸ
[go_vue_admin]2024-07-21 09:38:04.933	[34minfo[0m	/Users/lihao/project/mall-pro/admin-gin/websocket/ws_handle.go:48	websocket è¿æ¥æˆåŠŸ
[go_vue_admin]2024-07-21 09:40:06.111	[34minfo[0m	/Users/lihao/project/mall-pro/admin-gin/websocket/ws_handle.go:48	websocket è¿æ¥æˆåŠŸ
[go_vue_admin]2024-07-21 09:48:41.562	[34minfo[0m	/Users/lihao/project/mall-pro/admin-gin/websocket/ws_handle.go:48	websocket è¿æ¥æˆåŠŸ
[go_vue_admin]2024-07-21 09:49:30.556	[34minfo[0m	/Users/lihao/project/mall-pro/admin-gin/websocket/ws_handle.go:48	websocket è¿æ¥æˆåŠŸ
[go_vue_admin]2024-07-21 09:55:28.264	[34minfo[0m	/Users/lihao/project/mall-pro/admin-gin/websocket/ws_handle.go:48	websocket è¿æ¥æˆåŠŸ
[go_vue_admin]2024-07-21 09:58:32.860	[34minfo[0m	/Users/lihao/project/mall-pro/admin-gin/websocket/ws_handle.go:48	websocket è¿æ¥æˆåŠŸ
[go_vue_admin]2024-07-21 09:58:43.340	[34minfo[0m	/Users/lihao/project/mall-pro/admin-gin/websocket/ws_handle.go:48	websocket è¿æ¥æˆåŠŸ
[go_vue_admin]2024-07-21 09:59:15.525	[34minfo[0m	/Users/lihao/project/mall-pro/admin-gin/websocket/ws_handle.go:48	websocket è¿æ¥æˆåŠŸ
[go_vue_admin]2024-07-21 09:59:45.263	[34minfo[0m	/Users/lihao/project/mall-pro/admin-gin/websocket/ws_handle.go:48	websocket è¿æ¥æˆåŠŸ
[go_vue_admin]2024-07-21 10:01:10.065	[34minfo[0m	/Users/lihao/project/mall-pro/admin-gin/websocket/ws_handle.go:48	websocket è¿æ¥æˆåŠŸ
[go_vue_admin]2024-07-21 10:01:30.561	[34minfo[0m	/Users/lihao/project/mall-pro/admin-gin/service/product/goods_grab/pro_goods_grab.go:176	è¿›å£ä¹¦ç±é‡‡é›†å®Œæˆï¼
[go_vue_admin]2024-07-21 10:01:32.033	[34minfo[0m	/Users/lihao/project/mall-pro/admin-gin/service/product/goods_grab/pro_goods_grab.go:176	è¿›å£ä¹¦ç±é‡‡é›†å®Œæˆï¼
[go_vue_admin]2024-07-21 10:01:34.700	[34minfo[0m	/Users/lihao/project/mall-pro/admin-gin/service/product/goods_grab/pro_goods_grab.go:176	è¿›å£ä¹¦ç±é‡‡é›†å®Œæˆï¼
[go_vue_admin]2024-07-21 10:01:36.282	[34minfo[0m	/Users/lihao/project/mall-pro/admin-gin/service/product/goods_grab/pro_goods_grab.go:176	è¿›å£ä¹¦ç±é‡‡é›†å®Œæˆï¼
[go_vue_admin]2024-07-21 10:01:37.354	[34minfo[0m	/Users/lihao/project/mall-pro/admin-gin/service/product/goods_grab/pro_goods_grab.go:176	è¿›å£ä¹¦ç±é‡‡é›†å®Œæˆï¼
[go_vue_admin]2024-07-21 10:01:38.560	[34minfo[0m	/Users/lihao/project/mall-pro/admin-gin/service/product/goods_grab/pro_goods_grab.go:176	è¿›å£ä¹¦ç±é‡‡é›†å®Œæˆï¼
[go_vue_admin]2024-07-21 10:01:41.470	[34minfo[0m	/Users/lihao/project/mall-pro/admin-gin/service/product/goods_grab/pro_goods_grab.go:176	è¿›å£ä¹¦ç±é‡‡é›†å®Œæˆï¼
[go_vue_admin]2024-07-21 10:01:42.735	[34minfo[0m	/Users/lihao/project/mall-pro/admin-gin/service/product/goods_grab/pro_goods_grab.go:176	è¿›å£ä¹¦ç±é‡‡é›†å®Œæˆï¼
[go_vue_admin]2024-07-21 10:01:53.772	[34minfo[0m	/Users/lihao/project/mall-pro/admin-gin/service/product/goods_grab/pro_goods_grab.go:176	è¿›å£ä¹¦ç±é‡‡é›†å®Œæˆï¼
[go_vue_admin]2024-07-21 10:01:54.694	[34minfo[0m	/Users/lihao/project/mall-pro/admin-gin/service/product/goods_grab/pro_goods_grab.go:176	æ•™æè¾…å¯¼ç±»é‡‡é›†å®Œæˆï¼
[go_vue_admin]2024-07-21 10:02:05.031	[34minfo[0m	/Users/lihao/project/mall-pro/admin-gin/service/product/goods_grab/pro_goods_grab.go:176	è¿›å£ä¹¦ç±é‡‡é›†å®Œæˆï¼
[go_vue_admin]2024-07-21 10:02:07.056	[34minfo[0m	/Users/lihao/project/mall-pro/admin-gin/service/product/goods_grab/pro_goods_grab.go:176	æ•™æè¾…å¯¼ç±»é‡‡é›†å®Œæˆï¼
[go_vue_admin]2024-07-21 10:02:09.035	[34minfo[0m	/Users/lihao/project/mall-pro/admin-gin/service/product/goods_grab/pro_goods_grab.go:176	ç¤¾ä¼šç§‘å­¦ç±»é‡‡é›†å®Œæˆï¼
[go_vue_admin]2024-07-21 10:02:17.833	[34minfo[0m	/Users/lihao/project/mall-pro/admin-gin/service/product/goods_grab/pro_goods_grab.go:176	ç«¥è½¦åº§æ¤…é‡‡é›†å®Œæˆï¼
[go_vue_admin]2024-07-21 10:02:23.823	[34minfo[0m	/Users/lihao/project/mall-pro/admin-gin/service/product/goods_grab/pro_goods_grab.go:176	å–‚å…»ç”¨å“é‡‡é›†å®Œæˆï¼
[go_vue_admin]2024-07-21 10:02:31.818	[34minfo[0m	/Users/lihao/project/mall-pro/admin-gin/service/product/goods_grab/pro_goods_grab.go:176	å„¿ç«¥é¤å…·é‡‡é›†å®Œæˆï¼
[go_vue_admin]2024-07-21 10:02:38.844	[34minfo[0m	/Users/lihao/project/mall-pro/admin-gin/service/product/goods_grab/pro_goods_grab.go:176	å­•å¦‡ä¸ªæŠ¤é‡‡é›†å®Œæˆï¼
[go_vue_admin]2024-07-21 10:02:39.831	[34minfo[0m	/Users/lihao/project/mall-pro/admin-gin/service/product/goods_grab/pro_goods_grab.go:176	å©´ç«¥å°¿è£¤é‡‡é›†å®Œæˆï¼
[go_vue_admin]2024-07-21 10:04:20.621	[34minfo[0m	/Users/lihao/project/mall-pro/admin-gin/websocket/ws_handle.go:48	websocket è¿æ¥æˆåŠŸ
[go_vue_admin]2024-07-21 10:04:29.544	[34minfo[0m	/Users/lihao/project/mall-pro/admin-gin/service/product/goods_grab/pro_goods_grab.go:176	è¿›å£ä¹¦ç±é‡‡é›†å®Œæˆï¼
[go_vue_admin]2024-07-21 10:04:31.421	[34minfo[0m	/Users/lihao/project/mall-pro/admin-gin/service/product/goods_grab/pro_goods_grab.go:176	è¿›å£ä¹¦ç±é‡‡é›†å®Œæˆï¼
[go_vue_admin]2024-07-21 10:04:32.633	[34minfo[0m	/Users/lihao/project/mall-pro/admin-gin/service/product/goods_grab/pro_goods_grab.go:176	è¿›å£ä¹¦ç±é‡‡é›†å®Œæˆï¼
[go_vue_admin]2024-07-21 10:04:34.565	[34minfo[0m	/Users/lihao/project/mall-pro/admin-gin/service/product/goods_grab/pro_goods_grab.go:176	è¿›å£ä¹¦ç±é‡‡é›†å®Œæˆï¼
[go_vue_admin]2024-07-21 10:04:51.640	[34minfo[0m	/Users/lihao/project/mall-pro/admin-gin/websocket/ws_handle.go:48	websocket è¿æ¥æˆåŠŸ
[go_vue_admin]2024-07-21 10:05:36.079	[34minfo[0m	/Users/lihao/project/mall-pro/admin-gin/websocket/ws_handle.go:48	websocket è¿æ¥æˆåŠŸ
[go_vue_admin]2024-07-21 10:05:50.278	[34minfo[0m	/Users/lihao/project/mall-pro/admin-gin/service/product/goods_grab/pro_goods_grab.go:176	æ•™æè¾…å¯¼ç±»é‡‡é›†å®Œæˆï¼
[go_vue_admin]2024-07-21 10:05:52.275	[34minfo[0m	/Users/lihao/project/mall-pro/admin-gin/service/product/goods_grab/pro_goods_grab.go:176	è¿›å£ä¹¦ç±é‡‡é›†å®Œæˆï¼
[go_vue_admin]2024-07-21 10:06:08.258	[34minfo[0m	/Users/lihao/project/mall-pro/admin-gin/websocket/internal/action/grab_action.go:42	grab_lock is exist
[go_vue_admin]2024-07-21 10:06:15.221	[34minfo[0m	/Users/lihao/project/mall-pro/admin-gin/service/product/goods_grab/pro_goods_grab.go:176	æ•™æè¾…å¯¼ç±»é‡‡é›†å®Œæˆï¼
[go_vue_admin]2024-07-21 10:06:20.215	[34minfo[0m	/Users/lihao/project/mall-pro/admin-gin/service/product/goods_grab/pro_goods_grab.go:176	è¿›å£ä¹¦ç±é‡‡é›†å®Œæˆï¼
[go_vue_admin]2024-07-21 10:06:21.219	[34minfo[0m	/Users/lihao/project/mall-pro/admin-gin/service/product/goods_grab/pro_goods_grab.go:176	æ–‡å­¦å°è¯´ç±»é‡‡é›†å®Œæˆï¼
[go_vue_admin]2024-07-21 10:06:33.284	[34minfo[0m	/Users/lihao/project/mall-pro/admin-gin/service/product/goods_grab/pro_goods_grab.go:176	æ•™æè¾…å¯¼ç±»é‡‡é›†å®Œæˆï¼
[go_vue_admin]2024-07-21 10:06:38.280	[34minfo[0m	/Users/lihao/project/mall-pro/admin-gin/service/product/goods_grab/pro_goods_grab.go:176	è¿›å£ä¹¦ç±é‡‡é›†å®Œæˆï¼
[go_vue_admin]2024-07-21 10:06:44.002	[34minfo[0m	/Users/lihao/project/mall-pro/admin-gin/websocket/ws_handle.go:48	websocket è¿æ¥æˆåŠŸ
[go_vue_admin]2024-07-21 10:06:56.335	[34minfo[0m	/Users/lihao/project/mall-pro/admin-gin/service/product/goods_grab/pro_goods_grab.go:176	æ•™æè¾…å¯¼ç±»é‡‡é›†å®Œæˆï¼
[go_vue_admin]2024-07-21 10:07:00.332	[34minfo[0m	/Users/lihao/project/mall-pro/admin-gin/service/product/goods_grab/pro_goods_grab.go:176	è¿›å£ä¹¦ç±é‡‡é›†å®Œæˆï¼
[go_vue_admin]2024-07-21 10:07:04.769	[34minfo[0m	/Users/lihao/project/mall-pro/admin-gin/service/product/goods_grab/pro_goods_grab.go:176	è¿›å£ä¹¦ç±é‡‡é›†å®Œæˆï¼
[go_vue_admin]2024-07-21 10:07:22.036	[34minfo[0m	/Users/lihao/project/mall-pro/admin-gin/service/product/goods_grab/pro_goods_grab.go:176	è¿›å£ä¹¦ç±é‡‡é›†å®Œæˆï¼
[go_vue_admin]2024-07-21 10:07:22.885	[34minfo[0m	/Users/lihao/project/mall-pro/admin-gin/service/product/goods_grab/pro_goods_grab.go:176	æ•™æè¾…å¯¼ç±»é‡‡é›†å®Œæˆï¼
[go_vue_admin]2024-07-21 10:08:52.210	[34minfo[0m	/Users/lihao/project/mall-pro/admin-gin/service/product/goods_grab/pro_goods_grab.go:176	è¿›å£ä¹¦ç±é‡‡é›†å®Œæˆï¼
[go_vue_admin]2024-07-21 10:08:53.152	[34minfo[0m	/Users/lihao/project/mall-pro/admin-gin/service/product/goods_grab/pro_goods_grab.go:176	æ•™æè¾…å¯¼ç±»é‡‡é›†å®Œæˆï¼
[go_vue_admin]2024-07-21 10:09:05.636	[34minfo[0m	/Users/lihao/project/mall-pro/admin-gin/websocket/ws_handle.go:48	websocket è¿æ¥æˆåŠŸ
[go_vue_admin]2024-07-21 10:09:13.076	[34minfo[0m	/Users/lihao/project/mall-pro/admin-gin/service/product/goods_grab/pro_goods_grab.go:176	è¿›å£ä¹¦ç±é‡‡é›†å®Œæˆï¼
[go_vue_admin]2024-07-21 10:09:35.570	[34minfo[0m	/Users/lihao/project/mall-pro/admin-gin/service/product/goods_grab/pro_goods_grab.go:176	è¿›å£ä¹¦ç±é‡‡é›†å®Œæˆï¼
[go_vue_admin]2024-07-21 10:09:38.683	[34minfo[0m	/Users/lihao/project/mall-pro/admin-gin/service/product/goods_grab/pro_goods_grab.go:176	è¿›å£ä¹¦ç±é‡‡é›†å®Œæˆï¼
[go_vue_admin]2024-07-21 10:09:45.870	[34minfo[0m	/Users/lihao/project/mall-pro/admin-gin/service/product/goods_grab/pro_goods_grab.go:176	ç«¥è½¦åº§æ¤…é‡‡é›†å®Œæˆï¼
[go_vue_admin]2024-07-21 10:09:52.866	[34minfo[0m	/Users/lihao/project/mall-pro/admin-gin/service/product/goods_grab/pro_goods_grab.go:176	å–‚å…»ç”¨å“é‡‡é›†å®Œæˆï¼
[go_vue_admin]2024-07-21 10:12:11.279	[34minfo[0m	/Users/lihao/project/mall-pro/admin-gin/websocket/ws_handle.go:48	websocket è¿æ¥æˆåŠŸ
[go_vue_admin]2024-07-21 10:12:21.134	[34minfo[0m	/Users/lihao/project/mall-pro/admin-gin/service/product/goods_grab/pro_goods_grab.go:176	è¿›å£ä¹¦ç±é‡‡é›†å®Œæˆï¼
[go_vue_admin]2024-07-21 10:12:23.425	[34minfo[0m	/Users/lihao/project/mall-pro/admin-gin/service/product/goods_grab/pro_goods_grab.go:176	è¿›å£ä¹¦ç±é‡‡é›†å®Œæˆï¼
[go_vue_admin]2024-07-21 10:12:25.810	[34minfo[0m	/Users/lihao/project/mall-pro/admin-gin/service/product/goods_grab/pro_goods_grab.go:176	è¿›å£ä¹¦ç±é‡‡é›†å®Œæˆï¼
[go_vue_admin]2024-07-21 10:12:31.191	[34minfo[0m	/Users/lihao/project/mall-pro/admin-gin/service/product/goods_grab/pro_goods_grab.go:176	ç«¥è½¦åº§æ¤…é‡‡é›†å®Œæˆï¼
[go_vue_admin]2024-07-21 10:12:46.836	[34minfo[0m	/Users/lihao/project/mall-pro/admin-gin/service/product/goods_grab/pro_goods_grab.go:176	ç«¥è½¦åº§æ¤…é‡‡é›†å®Œæˆï¼
[go_vue_admin]2024-07-21 10:12:54.816	[34minfo[0m	/Users/lihao/project/mall-pro/admin-gin/service/product/goods_grab/pro_goods_grab.go:176	å–‚å…»ç”¨å“é‡‡é›†å®Œæˆï¼
[go_vue_admin]2024-07-21 10:12:58.814	[34minfo[0m	/Users/lihao/project/mall-pro/admin-gin/service/product/goods_grab/pro_goods_grab.go:176	å„¿ç«¥é¤å…·é‡‡é›†å®Œæˆï¼
[go_vue_admin]2024-07-21 10:13:09.617	[34minfo[0m	/Users/lihao/project/mall-pro/admin-gin/service/product/goods_grab/pro_goods_grab.go:176	è¿›å£ä¹¦ç±é‡‡é›†å®Œæˆï¼
[go_vue_admin]2024-07-21 10:13:16.590	[34minfo[0m	/Users/lihao/project/mall-pro/admin-gin/websocket/ws_handle.go:48	websocket è¿æ¥æˆåŠŸ
[go_vue_admin]2024-07-21 10:13:29.606	[34minfo[0m	/Users/lihao/project/mall-pro/admin-gin/service/product/goods_grab/pro_goods_grab.go:176	è¿›å£ä¹¦ç±é‡‡é›†å®Œæˆï¼
[go_vue_admin]2024-07-21 10:15:24.269	[34minfo[0m	/Users/lihao/project/mall-pro/admin-gin/websocket/ws_handle.go:48	websocket è¿æ¥æˆåŠŸ
[go_vue_admin]2024-07-21 10:25:16.607	[34minfo[0m	/Users/lihao/project/mall-pro/admin-gin/websocket/ws_handle.go:48	websocket è¿æ¥æˆåŠŸ
[go_vue_admin]2024-07-21 10:30:59.468	[34minfo[0m	/Users/lihao/project/mall-pro/admin-gin/websocket/ws_handle.go:48	websocket è¿æ¥æˆåŠŸ
[go_vue_admin]2024-07-21 10:40:24.542	[34minfo[0m	/Users/lihao/project/mall-pro/admin-gin/websocket/ws_handle.go:48	websocket è¿æ¥æˆåŠŸ
[go_vue_admin]2024-07-21 10:44:33.670	[34minfo[0m	/Users/lihao/project/mall-pro/admin-gin/websocket/ws_handle.go:48	websocket è¿æ¥æˆåŠŸ
[go_vue_admin]2024-07-21 10:46:21.157	[34minfo[0m	/Users/lihao/project/mall-pro/admin-gin/websocket/ws_handle.go:48	websocket è¿æ¥æˆåŠŸ
[go_vue_admin]2024-07-21 10:55:12.127	[34minfo[0m	/Users/lihao/project/mall-pro/admin-gin/websocket/ws_handle.go:48	websocket è¿æ¥æˆåŠŸ
[go_vue_admin]2024-07-21 10:55:26.723	[34minfo[0m	/Users/lihao/project/mall-pro/admin-gin/websocket/ws_handle.go:48	websocket è¿æ¥æˆåŠŸ
[go_vue_admin]2024-07-21 10:59:20.387	[34minfo[0m	/Users/lihao/project/mall-pro/admin-gin/websocket/ws_handle.go:48	websocket è¿æ¥æˆåŠŸ
[go_vue_admin]2024-07-21 10:59:59.492	[34minfo[0m	/Users/lihao/project/mall-pro/admin-gin/websocket/ws_handle.go:48	websocket è¿æ¥æˆåŠŸ
[go_vue_admin]2024-07-21 11:00:41.924	[34minfo[0m	/Users/lihao/project/mall-pro/admin-gin/websocket/ws_handle.go:48	websocket è¿æ¥æˆåŠŸ
[go_vue_admin]2024-07-21 11:00:48.215	[34minfo[0m	/Users/lihao/project/mall-pro/admin-gin/websocket/ws_handle.go:48	websocket è¿æ¥æˆåŠŸ
[go_vue_admin]2024-07-21 11:02:26.246	[34minfo[0m	/Users/lihao/project/mall-pro/admin-gin/websocket/ws_handle.go:48	websocket è¿æ¥æˆåŠŸ
[go_vue_admin]2024-07-21 11:03:32.789	[34minfo[0m	/Users/lihao/project/mall-pro/admin-gin/websocket/ws_handle.go:48	websocket è¿æ¥æˆåŠŸ
[go_vue_admin]2024-07-21 11:05:06.271	[34minfo[0m	/Users/lihao/project/mall-pro/admin-gin/websocket/ws_handle.go:48	websocket è¿æ¥æˆåŠŸ
[go_vue_admin]2024-07-21 11:12:12.653	[34minfo[0m	/Users/lihao/project/mall-pro/admin-gin/websocket/ws_handle.go:48	websocket è¿æ¥æˆåŠŸ
[go_vue_admin]2024-07-21 11:15:36.865	[34minfo[0m	/Users/lihao/project/mall-pro/admin-gin/websocket/ws_handle.go:48	websocket è¿æ¥æˆåŠŸ
[go_vue_admin]2024-07-21 11:16:35.297	[34minfo[0m	/Users/lihao/project/mall-pro/admin-gin/websocket/ws_handle.go:48	websocket è¿æ¥æˆåŠŸ
[go_vue_admin]2024-07-21 11:17:03.055	[34minfo[0m	/Users/lihao/project/mall-pro/admin-gin/websocket/ws_handle.go:48	websocket è¿æ¥æˆåŠŸ
[go_vue_admin]2024-07-21 17:08:53.231	[34minfo[0m	/Users/lihao/project/mall-pro/admin-gin/websocket/ws_handle.go:48	websocket è¿æ¥æˆåŠŸ
[go_vue_admin]2024-07-21 17:09:29.740	[34minfo[0m	/Users/lihao/project/mall-pro/admin-gin/websocket/ws_handle.go:48	websocket è¿æ¥æˆåŠŸ
[go_vue_admin]2024-07-21 17:10:36.443	[34minfo[0m	/Users/lihao/project/mall-pro/admin-gin/websocket/ws_handle.go:48	websocket è¿æ¥æˆåŠŸ
[go_vue_admin]2024-07-21 17:20:50.763	[34minfo[0m	/Users/lihao/project/mall-pro/admin-gin/websocket/ws_handle.go:48	websocket è¿æ¥æˆåŠŸ
[go_vue_admin]2024-07-21 17:20:50.782	[34minfo[0m	/Users/lihao/project/mall-pro/admin-gin/websocket/ws_handle.go:48	websocket è¿æ¥æˆåŠŸ
[go_vue_admin]2024-07-21 17:54:03.111	[34minfo[0m	/Users/lihao/project/mall-pro/admin-gin/websocket/ws_handle.go:48	websocket è¿æ¥æˆåŠŸ
[go_vue_admin]2024-07-21 17:54:03.122	[34minfo[0m	/Users/lihao/project/mall-pro/admin-gin/websocket/ws_handle.go:48	websocket è¿æ¥æˆåŠŸ
[go_vue_admin]2024-07-21 18:24:36.794	[34minfo[0m	/Users/lihao/project/mall-pro/admin-gin/websocket/ws_handle.go:48	websocket è¿æ¥æˆåŠŸ
[go_vue_admin]2024-07-21 18:24:40.539	[34minfo[0m	/Users/lihao/project/mall-pro/admin-gin/websocket/ws_handle.go:48	websocket è¿æ¥æˆåŠŸ
[go_vue_admin]2024-07-21 18:25:16.617	[34minfo[0m	/Users/lihao/project/mall-pro/admin-gin/websocket/ws_handle.go:48	websocket è¿æ¥æˆåŠŸ
[go_vue_admin]2024-07-21 18:30:56.202	[34minfo[0m	/Users/lihao/project/mall-pro/admin-gin/websocket/ws_handle.go:48	websocket è¿æ¥æˆåŠŸ
[go_vue_admin]2024-07-21 18:37:04.834	[34minfo[0m	/Users/lihao/project/mall-pro/admin-gin/websocket/ws_handle.go:48	websocket è¿æ¥æˆåŠŸ
[go_vue_admin]2024-07-21 18:38:19.631	[34minfo[0m	/Users/lihao/project/mall-pro/admin-gin/websocket/ws_handle.go:48	websocket è¿æ¥æˆåŠŸ
[go_vue_admin]2024-07-21 18:40:04.242	[34minfo[0m	/Users/lihao/project/mall-pro/admin-gin/service/product/goods_grab/pro_goods_grab.go:176	çƒ˜ç„™è›‹ç³•å¡åˆ¸é‡‡é›†å®Œæˆï¼
[go_vue_admin]2024-07-21 18:40:08.034	[34minfo[0m	/Users/lihao/project/mall-pro/admin-gin/websocket/ws_handle.go:48	websocket è¿æ¥æˆåŠŸ
[go_vue_admin]2024-07-21 18:40:23.106	[34minfo[0m	/Users/lihao/project/mall-pro/admin-gin/service/product/goods_grab/pro_goods_grab.go:176	å…¶ä»–é‡‡é›†å®Œæˆï¼
[go_vue_admin]2024-07-21 18:41:40.804	[34minfo[0m	/Users/lihao/project/mall-pro/admin-gin/websocket/ws_handle.go:48	websocket è¿æ¥æˆåŠŸ
[go_vue_admin]2024-07-21 18:42:06.673	[34minfo[0m	/Users/lihao/project/mall-pro/admin-gin/service/product/goods_grab/pro_goods_grab.go:176	æ£åˆ¶å“é‡‡é›†å®Œæˆï¼
[go_vue_admin]2024-07-21 18:42:44.439	[34minfo[0m	/Users/lihao/project/mall-pro/admin-gin/websocket/internal/action/grab_action.go:42	grab_lock is exist
[go_vue_admin]2024-07-21 18:42:46.912	[34minfo[0m	/Users/lihao/project/mall-pro/admin-gin/websocket/internal/action/grab_action.go:42	grab_lock is exist
[go_vue_admin]2024-07-21 18:42:47.422	[34minfo[0m	/Users/lihao/project/mall-pro/admin-gin/websocket/internal/action/grab_action.go:42	grab_lock is exist
[go_vue_admin]2024-07-21 18:42:47.656	[34minfo[0m	/Users/lihao/project/mall-pro/admin-gin/websocket/internal/action/grab_action.go:42	grab_lock is exist
[go_vue_admin]2024-07-21 18:43:26.533	[34minfo[0m	/Users/lihao/project/mall-pro/admin-gin/websocket/ws_handle.go:48	websocket è¿æ¥æˆåŠŸ
[go_vue_admin]2024-07-21 18:44:01.511	[34minfo[0m	/Users/lihao/project/mall-pro/admin-gin/websocket/ws_handle.go:48	websocket è¿æ¥æˆåŠŸ
[go_vue_admin]2024-07-21 18:44:08.576	[34minfo[0m	/Users/lihao/project/mall-pro/admin-gin/websocket/ws_handle.go:48	websocket è¿æ¥æˆåŠŸ
[go_vue_admin]2024-07-21 18:44:54.350	[34minfo[0m	/Users/lihao/project/mall-pro/admin-gin/service/product/goods_grab/pro_goods_grab.go:176	æ£åˆ¶å“é‡‡é›†å®Œæˆï¼
[go_vue_admin]2024-07-21 18:45:27.774	[34minfo[0m	/Users/lihao/project/mall-pro/admin-gin/websocket/internal/action/grab_action.go:42	grab_lock is exist
[go_vue_admin]2024-07-21 18:45:42.424	[34minfo[0m	/Users/lihao/project/mall-pro/admin-gin/service/product/goods_grab/pro_goods_grab.go:176	æ£åˆ¶å“é‡‡é›†å®Œæˆï¼
[go_vue_admin]2024-07-21 18:46:30.889	[34minfo[0m	/Users/lihao/project/mall-pro/admin-gin/websocket/ws_handle.go:48	websocket è¿æ¥æˆåŠŸ
[go_vue_admin]2024-07-21 18:49:46.564	[34minfo[0m	/Users/lihao/project/mall-pro/admin-gin/websocket/ws_handle.go:48	websocket è¿æ¥æˆåŠŸ
[go_vue_admin]2024-07-21 18:50:56.062	[34minfo[0m	/Users/lihao/project/mall-pro/admin-gin/websocket/ws_handle.go:48	websocket è¿æ¥æˆåŠŸ
[go_vue_admin]2024-07-21 18:57:23.270	[34minfo[0m	/Users/lihao/project/mall-pro/admin-gin/websocket/ws_handle.go:48	websocket è¿æ¥æˆåŠŸ
[go_vue_admin]2024-07-21 18:58:02.756	[34minfo[0m	/Users/lihao/project/mall-pro/admin-gin/websocket/ws_handle.go:48	websocket è¿æ¥æˆåŠŸ
[go_vue_admin]2024-07-21 19:06:55.525	[34minfo[0m	/Users/lihao/project/mall-pro/admin-gin/websocket/ws_handle.go:48	websocket è¿æ¥æˆåŠŸ
[go_vue_admin]2024-07-21 19:06:55.547	[34minfo[0m	/Users/lihao/project/mall-pro/admin-gin/websocket/ws_handle.go:48	websocket è¿æ¥æˆåŠŸ
[go_vue_admin]2024-07-21 22:02:18.771	[34minfo[0m	/Users/lihao/project/mall-pro/admin-gin/websocket/ws_handle.go:48	websocket è¿æ¥æˆåŠŸ
[go_vue_admin]2024-07-21 22:02:18.784	[34minfo[0m	/Users/lihao/project/mall-pro/admin-gin/websocket/ws_handle.go:48	websocket è¿æ¥æˆåŠŸ
[go_vue_admin]2024-07-21 22:10:50.196	[34minfo[0m	/Users/lihao/project/mall-pro/admin-gin/websocket/ws_handle.go:48	websocket è¿æ¥æˆåŠŸ
[go_vue_admin]2024-07-21 22:10:50.208	[34minfo[0m	/Users/lihao/project/mall-pro/admin-gin/websocket/ws_handle.go:48	websocket è¿æ¥æˆåŠŸ
