[go_vue_admin]2024-08-03 00:02:12.804	[34minfo[0m	/Users/lihao/project/mall-pro/admin-gin/websocket/ws_handle.go:49	websocket è¿æ¥æˆåŠŸ
[go_vue_admin]2024-08-03 00:02:36.515	[34minfo[0m	/Users/lihao/project/mall-pro/admin-gin/websocket/ws_handle.go:49	websocket è¿æ¥æˆåŠŸ
[go_vue_admin]2024-08-03 00:02:53.038	[34minfo[0m	/Users/lihao/project/mall-pro/admin-gin/websocket/ws_handle.go:49	websocket è¿æ¥æˆåŠŸ
[go_vue_admin]2024-08-03 09:09:07.079	[34minfo[0m	/Users/lihao/project/mall-pro/admin-gin/websocket/ws_handle.go:49	websocket è¿æ¥æˆåŠŸ
[go_vue_admin]2024-08-03 10:00:49.870	[34minfo[0m	/Users/lihao/project/mall-pro/admin-gin/websocket/ws_handle.go:49	websocket è¿æ¥æˆåŠŸ
[go_vue_admin]2024-08-03 10:04:56.943	[34minfo[0m	/Users/lihao/project/mall-pro/admin-gin/websocket/ws_handle.go:49	websocket è¿æ¥æˆåŠŸ
[go_vue_admin]2024-08-03 10:06:52.442	[34minfo[0m	/Users/lihao/project/mall-pro/admin-gin/websocket/ws_handle.go:49	websocket è¿æ¥æˆåŠŸ
[go_vue_admin]2024-08-03 10:07:58.127	[34minfo[0m	/Users/lihao/project/mall-pro/admin-gin/websocket/ws_handle.go:49	websocket è¿æ¥æˆåŠŸ
[go_vue_admin]2024-08-03 10:08:36.839	[34minfo[0m	/Users/lihao/project/mall-pro/admin-gin/websocket/ws_handle.go:49	websocket è¿æ¥æˆåŠŸ
[go_vue_admin]2024-08-03 10:08:53.997	[34minfo[0m	/Users/lihao/project/mall-pro/admin-gin/websocket/ws_handle.go:49	websocket è¿æ¥æˆåŠŸ
[go_vue_admin]2024-08-03 10:10:04.412	[34minfo[0m	/Users/lihao/project/mall-pro/admin-gin/websocket/ws_handle.go:49	websocket è¿æ¥æˆåŠŸ
[go_vue_admin]2024-08-03 10:10:59.749	[34minfo[0m	/Users/lihao/project/mall-pro/admin-gin/websocket/ws_handle.go:49	websocket è¿æ¥æˆåŠŸ
[go_vue_admin]2024-08-03 10:12:04.939	[34minfo[0m	/Users/lihao/project/mall-pro/admin-gin/websocket/ws_handle.go:49	websocket è¿æ¥æˆåŠŸ
[go_vue_admin]2024-08-03 10:12:47.914	[34minfo[0m	/Users/lihao/project/mall-pro/admin-gin/websocket/ws_handle.go:49	websocket è¿æ¥æˆåŠŸ
[go_vue_admin]2024-08-03 10:13:59.521	[34minfo[0m	/Users/lihao/project/mall-pro/admin-gin/websocket/ws_handle.go:49	websocket è¿æ¥æˆåŠŸ
[go_vue_admin]2024-08-03 10:14:56.794	[34minfo[0m	/Users/lihao/project/mall-pro/admin-gin/websocket/ws_handle.go:49	websocket è¿æ¥æˆåŠŸ
[go_vue_admin]2024-08-03 10:16:19.799	[34minfo[0m	/Users/lihao/project/mall-pro/admin-gin/websocket/ws_handle.go:49	websocket è¿æ¥æˆåŠŸ
[go_vue_admin]2024-08-03 10:17:34.961	[34minfo[0m	/Users/lihao/project/mall-pro/admin-gin/websocket/ws_handle.go:49	websocket è¿æ¥æˆåŠŸ
[go_vue_admin]2024-08-03 10:18:45.604	[34minfo[0m	/Users/lihao/project/mall-pro/admin-gin/websocket/ws_handle.go:49	websocket è¿æ¥æˆåŠŸ
[go_vue_admin]2024-08-03 10:19:34.791	[34minfo[0m	/Users/lihao/project/mall-pro/admin-gin/websocket/ws_handle.go:49	websocket è¿æ¥æˆåŠŸ
[go_vue_admin]2024-08-03 10:21:18.278	[34minfo[0m	/Users/lihao/project/mall-pro/admin-gin/websocket/ws_handle.go:49	websocket è¿æ¥æˆåŠŸ
[go_vue_admin]2024-08-03 10:22:45.697	[34minfo[0m	/Users/lihao/project/mall-pro/admin-gin/websocket/ws_handle.go:49	websocket è¿æ¥æˆåŠŸ
[go_vue_admin]2024-08-03 12:16:41.654	[34minfo[0m	/Users/lihao/project/mall-pro/admin-gin/websocket/ws_handle.go:49	websocket è¿æ¥æˆåŠŸ
[go_vue_admin]2024-08-03 12:21:36.784	[34minfo[0m	/Users/lihao/project/mall-pro/admin-gin/websocket/ws_handle.go:49	websocket è¿æ¥æˆåŠŸ
[go_vue_admin]2024-08-03 12:21:52.114	[34minfo[0m	/Users/lihao/project/mall-pro/admin-gin/service/product/goods_grab/pro_goods_grab.go:166	æ£åˆ¶å“é‡‡é›†å®Œæˆï¼
[go_vue_admin]2024-08-03 12:25:18.456	[34minfo[0m	/Users/lihao/project/mall-pro/admin-gin/websocket/ws_handle.go:49	websocket è¿æ¥æˆåŠŸ
[go_vue_admin]2024-08-03 12:25:24.334	[34minfo[0m	/Users/lihao/project/mall-pro/admin-gin/service/product/goods_grab/pro_goods_grab.go:166	æ£åˆ¶å“é‡‡é›†å®Œæˆï¼
[go_vue_admin]2024-08-03 12:28:44.361	[34minfo[0m	/Users/lihao/project/mall-pro/admin-gin/service/product/goods_grab/pro_goods_grab.go:166	å·§å…‹åŠ›é‡‡é›†å®Œæˆï¼
[go_vue_admin]2024-08-03 12:29:30.441	[34minfo[0m	/Users/lihao/project/mall-pro/admin-gin/websocket/ws_handle.go:49	websocket è¿æ¥æˆåŠŸ
[go_vue_admin]2024-08-03 12:29:31.880	[34minfo[0m	/Users/lihao/project/mall-pro/admin-gin/websocket/ws_handle.go:49	websocket è¿æ¥æˆåŠŸ
[go_vue_admin]2024-08-03 15:42:44.479	[34minfo[0m	/Users/lihao/project/mall-pro/admin-gin/websocket/ws_handle.go:49	websocket è¿æ¥æˆåŠŸ
[go_vue_admin]2024-08-03 15:43:51.838	[34minfo[0m	/Users/lihao/project/mall-pro/admin-gin/service/product/simulate/simulate_coupon.go:52	æ¨¡æ‹Ÿä¼˜æƒ åˆ¸å®Œæˆ, å…±è®¡ç”Ÿæˆ100ä¸ªæ•°æ®
[go_vue_admin]2024-08-03 15:49:04.249	[34minfo[0m	/Users/lihao/project/mall-pro/admin-gin/websocket/ws_handle.go:49	websocket è¿æ¥æˆåŠŸ
[go_vue_admin]2024-08-03 15:49:30.749	[34minfo[0m	/Users/lihao/project/mall-pro/admin-gin/websocket/ws_handle.go:49	websocket è¿æ¥æˆåŠŸ
[go_vue_admin]2024-08-03 15:49:34.545	[34minfo[0m	/Users/lihao/project/mall-pro/admin-gin/service/product/goods_grab/pro_goods_grab.go:166	çŒªè‚‰ç±»é‡‡é›†å®Œæˆï¼
[go_vue_admin]2024-08-03 15:50:10.657	[34minfo[0m	/Users/lihao/project/mall-pro/admin-gin/service/product/goods_grab/pro_goods_grab.go:166	è‚‰åˆ¶å“é‡‡é›†å®Œæˆï¼
[go_vue_admin]2024-08-03 15:50:19.550	[34minfo[0m	/Users/lihao/project/mall-pro/admin-gin/service/product/goods_grab/pro_goods_grab.go:166	ç…é¥¼ç±»é‡‡é›†å®Œæˆï¼
[go_vue_admin]2024-08-03 15:50:59.073	[34minfo[0m	/Users/lihao/project/mall-pro/admin-gin/websocket/ws_handle.go:49	websocket è¿æ¥æˆåŠŸ
[go_vue_admin]2024-08-03 15:51:20.449	[34minfo[0m	/Users/lihao/project/mall-pro/admin-gin/service/product/simulate/common.go:54	æ¸…ç†æ¨¡æ‹ŸåŒ…åŸºç¡€æ•°æ®
[go_vue_admin]2024-08-03 16:06:01.794	[34minfo[0m	/Users/lihao/project/mall-pro/admin-gin/websocket/ws_handle.go:49	websocket è¿æ¥æˆåŠŸ
[go_vue_admin]2024-08-03 16:06:05.232	[34minfo[0m	/Users/lihao/project/mall-pro/admin-gin/service/product/goods_grab/pro_goods_grab.go:166	æ£åˆ¶å“é‡‡é›†å®Œæˆï¼
[go_vue_admin]2024-08-03 16:10:34.792	[34minfo[0m	/Users/lihao/project/mall-pro/admin-gin/websocket/ws_handle.go:49	websocket è¿æ¥æˆåŠŸ
[go_vue_admin]2024-08-03 16:10:37.008	[34minfo[0m	/Users/lihao/project/mall-pro/admin-gin/service/product/goods_grab/pro_goods_grab.go:166	æ£åˆ¶å“é‡‡é›†å®Œæˆï¼
[go_vue_admin]2024-08-03 16:13:56.974	[34minfo[0m	/Users/lihao/project/mall-pro/admin-gin/service/product/goods_grab/pro_goods_grab.go:166	å·§å…‹åŠ›é‡‡é›†å®Œæˆï¼
[go_vue_admin]2024-08-03 16:16:35.911	[34minfo[0m	/Users/lihao/project/mall-pro/admin-gin/websocket/ws_handle.go:49	websocket è¿æ¥æˆåŠŸ
[go_vue_admin]2024-08-03 16:17:02.634	[34minfo[0m	/Users/lihao/project/mall-pro/admin-gin/websocket/ws_handle.go:49	websocket è¿æ¥æˆåŠŸ
[go_vue_admin]2024-08-03 16:17:03.728	[34minfo[0m	/Users/lihao/project/mall-pro/admin-gin/websocket/ws_handle.go:49	websocket è¿æ¥æˆåŠŸ
[go_vue_admin]2024-08-03 16:17:13.869	[34minfo[0m	/Users/lihao/project/mall-pro/admin-gin/websocket/ws_handle.go:49	websocket è¿æ¥æˆåŠŸ
[go_vue_admin]2024-08-03 16:17:44.058	[34minfo[0m	/Users/lihao/project/mall-pro/admin-gin/websocket/ws_handle.go:49	websocket è¿æ¥æˆåŠŸ
[go_vue_admin]2024-08-03 16:17:46.994	[34minfo[0m	/Users/lihao/project/mall-pro/admin-gin/websocket/ws_handle.go:49	websocket è¿æ¥æˆåŠŸ
[go_vue_admin]2024-08-03 16:17:48.910	[34minfo[0m	/Users/lihao/project/mall-pro/admin-gin/websocket/ws_handle.go:49	websocket è¿æ¥æˆåŠŸ
[go_vue_admin]2024-08-03 16:18:28.472	[34minfo[0m	/Users/lihao/project/mall-pro/admin-gin/websocket/ws_handle.go:49	websocket è¿æ¥æˆåŠŸ
[go_vue_admin]2024-08-03 16:19:46.151	[34minfo[0m	/Users/lihao/project/mall-pro/admin-gin/websocket/ws_handle.go:49	websocket è¿æ¥æˆåŠŸ
[go_vue_admin]2024-08-03 16:20:10.032	[34minfo[0m	/Users/lihao/project/mall-pro/admin-gin/websocket/ws_handle.go:49	websocket è¿æ¥æˆåŠŸ
[go_vue_admin]2024-08-03 16:20:41.748	[34minfo[0m	/Users/lihao/project/mall-pro/admin-gin/websocket/ws_handle.go:49	websocket è¿æ¥æˆåŠŸ
[go_vue_admin]2024-08-03 16:21:22.192	[34minfo[0m	/Users/lihao/project/mall-pro/admin-gin/websocket/ws_handle.go:49	websocket è¿æ¥æˆåŠŸ
[go_vue_admin]2024-08-03 16:21:59.858	[34minfo[0m	/Users/lihao/project/mall-pro/admin-gin/websocket/ws_handle.go:49	websocket è¿æ¥æˆåŠŸ
[go_vue_admin]2024-08-03 16:23:04.379	[34minfo[0m	/Users/lihao/project/mall-pro/admin-gin/websocket/ws_handle.go:49	websocket è¿æ¥æˆåŠŸ
[go_vue_admin]2024-08-03 16:30:15.405	[34minfo[0m	/Users/lihao/project/mall-pro/admin-gin/websocket/ws_handle.go:49	websocket è¿æ¥æˆåŠŸ
[go_vue_admin]2024-08-03 16:31:29.784	[34minfo[0m	/Users/lihao/project/mall-pro/admin-gin/websocket/ws_handle.go:49	websocket è¿æ¥æˆåŠŸ
[go_vue_admin]2024-08-03 16:31:39.807	[34minfo[0m	/Users/lihao/project/mall-pro/admin-gin/service/product/goods_grab/pro_goods_grab.go:166	æ£åˆ¶å“é‡‡é›†å®Œæˆï¼
[go_vue_admin]2024-08-03 16:35:40.013	[34minfo[0m	/Users/lihao/project/mall-pro/admin-gin/websocket/ws_handle.go:49	websocket è¿æ¥æˆåŠŸ
[go_vue_admin]2024-08-03 16:35:42.058	[34minfo[0m	/Users/lihao/project/mall-pro/admin-gin/service/product/goods_grab/pro_goods_grab.go:167	æ£åˆ¶å“é‡‡é›†å®Œæˆï¼
[go_vue_admin]2024-08-03 16:36:54.197	[34minfo[0m	/Users/lihao/project/mall-pro/admin-gin/websocket/ws_handle.go:49	websocket è¿æ¥æˆåŠŸ
[go_vue_admin]2024-08-03 16:36:57.428	[34minfo[0m	/Users/lihao/project/mall-pro/admin-gin/service/product/goods_grab/pro_goods_grab.go:167	æ£åˆ¶å“é‡‡é›†å®Œæˆï¼
[go_vue_admin]2024-08-03 16:53:46.930	[34minfo[0m	/Users/lihao/project/mall-pro/admin-gin/websocket/ws_handle.go:49	websocket è¿æ¥æˆåŠŸ
[go_vue_admin]2024-08-03 16:53:50.496	[34minfo[0m	/Users/lihao/project/mall-pro/admin-gin/websocket/ws_handle.go:49	websocket è¿æ¥æˆåŠŸ
[go_vue_admin]2024-08-03 16:55:53.677	[34minfo[0m	/Users/lihao/project/mall-pro/admin-gin/websocket/ws_handle.go:49	websocket è¿æ¥æˆåŠŸ
[go_vue_admin]2024-08-03 16:55:58.718	[34minfo[0m	/Users/lihao/project/mall-pro/admin-gin/service/product/goods_grab/pro_goods_grab.go:166	æ£åˆ¶å“é‡‡é›†å®Œæˆï¼
[go_vue_admin]2024-08-03 17:03:10.981	[34minfo[0m	/Users/lihao/project/mall-pro/admin-gin/websocket/ws_handle.go:49	websocket è¿æ¥æˆåŠŸ
[go_vue_admin]2024-08-03 17:03:14.585	[34minfo[0m	/Users/lihao/project/mall-pro/admin-gin/service/product/goods_grab/pro_goods_grab.go:166	æ£åˆ¶å“é‡‡é›†å®Œæˆï¼
[go_vue_admin]2024-08-03 17:06:56.268	[34minfo[0m	/Users/lihao/project/mall-pro/admin-gin/websocket/ws_handle.go:49	websocket è¿æ¥æˆåŠŸ
[go_vue_admin]2024-08-03 17:06:58.823	[34minfo[0m	/Users/lihao/project/mall-pro/admin-gin/service/product/goods_grab/pro_goods_grab.go:166	æ£åˆ¶å“é‡‡é›†å®Œæˆï¼
[go_vue_admin]2024-08-03 17:07:10.789	[34minfo[0m	/Users/lihao/project/mall-pro/admin-gin/websocket/ws_handle.go:49	websocket è¿æ¥æˆåŠŸ
[go_vue_admin]2024-08-03 17:09:19.915	[34minfo[0m	/Users/lihao/project/mall-pro/admin-gin/websocket/ws_handle.go:49	websocket è¿æ¥æˆåŠŸ
[go_vue_admin]2024-08-03 17:09:22.414	[34minfo[0m	/Users/lihao/project/mall-pro/admin-gin/service/product/goods_grab/pro_goods_grab.go:166	æ£åˆ¶å“é‡‡é›†å®Œæˆï¼
[go_vue_admin]2024-08-03 17:10:02.742	[34minfo[0m	/Users/lihao/project/mall-pro/admin-gin/websocket/ws_handle.go:49	websocket è¿æ¥æˆåŠŸ
[go_vue_admin]2024-08-03 17:10:05.427	[34minfo[0m	/Users/lihao/project/mall-pro/admin-gin/service/product/goods_grab/pro_goods_grab.go:166	æ£åˆ¶å“é‡‡é›†å®Œæˆï¼
[go_vue_admin]2024-08-03 17:10:49.406	[34minfo[0m	/Users/lihao/project/mall-pro/admin-gin/websocket/ws_handle.go:49	websocket è¿æ¥æˆåŠŸ
[go_vue_admin]2024-08-03 17:10:51.481	[34minfo[0m	/Users/lihao/project/mall-pro/admin-gin/service/product/goods_grab/pro_goods_grab.go:166	æ£åˆ¶å“é‡‡é›†å®Œæˆï¼
[go_vue_admin]2024-08-03 17:11:06.022	[34minfo[0m	/Users/lihao/project/mall-pro/admin-gin/websocket/ws_handle.go:49	websocket è¿æ¥æˆåŠŸ
[go_vue_admin]2024-08-03 17:11:08.078	[34minfo[0m	/Users/lihao/project/mall-pro/admin-gin/service/product/goods_grab/pro_goods_grab.go:166	æ£åˆ¶å“é‡‡é›†å®Œæˆï¼
[go_vue_admin]2024-08-03 17:12:38.584	[34minfo[0m	/Users/lihao/project/mall-pro/admin-gin/websocket/ws_handle.go:49	websocket è¿æ¥æˆåŠŸ
[go_vue_admin]2024-08-03 17:12:39.128	[34minfo[0m	/Users/lihao/project/mall-pro/admin-gin/websocket/ws_handle.go:49	websocket è¿æ¥æˆåŠŸ
[go_vue_admin]2024-08-03 17:12:42.118	[34minfo[0m	/Users/lihao/project/mall-pro/admin-gin/service/product/goods_grab/pro_goods_grab.go:166	æ£åˆ¶å“é‡‡é›†å®Œæˆï¼
[go_vue_admin]2024-08-03 17:20:02.169	[34minfo[0m	/Users/lihao/project/mall-pro/admin-gin/websocket/ws_handle.go:49	websocket è¿æ¥æˆåŠŸ
[go_vue_admin]2024-08-03 17:20:05.133	[34minfo[0m	/Users/lihao/project/mall-pro/admin-gin/service/product/goods_grab/pro_goods_grab.go:166	æ£åˆ¶å“é‡‡é›†å®Œæˆï¼
[go_vue_admin]2024-08-03 17:20:57.014	[34minfo[0m	/Users/lihao/project/mall-pro/admin-gin/websocket/ws_handle.go:49	websocket è¿æ¥æˆåŠŸ
[go_vue_admin]2024-08-03 17:20:59.504	[34minfo[0m	/Users/lihao/project/mall-pro/admin-gin/service/product/goods_grab/pro_goods_grab.go:166	æ£åˆ¶å“é‡‡é›†å®Œæˆï¼
[go_vue_admin]2024-08-03 17:21:55.365	[34minfo[0m	/Users/lihao/project/mall-pro/admin-gin/service/product/simulate/common.go:54	æ¸…ç†æ¨¡æ‹ŸåŒ…åŸºç¡€æ•°æ®
[go_vue_admin]2024-08-03 17:22:13.762	[34minfo[0m	/Users/lihao/project/mall-pro/admin-gin/service/product/goods_grab/pro_goods_grab.go:166	æ£åˆ¶å“é‡‡é›†å®Œæˆï¼
[go_vue_admin]2024-08-03 17:23:05.002	[34minfo[0m	/Users/lihao/project/mall-pro/admin-gin/websocket/ws_handle.go:49	websocket è¿æ¥æˆåŠŸ
[go_vue_admin]2024-08-03 17:23:07.866	[34minfo[0m	/Users/lihao/project/mall-pro/admin-gin/service/product/goods_grab/pro_goods_grab.go:166	æ£åˆ¶å“é‡‡é›†å®Œæˆï¼
[go_vue_admin]2024-08-03 17:29:32.805	[34minfo[0m	/Users/lihao/project/mall-pro/admin-gin/websocket/ws_handle.go:49	websocket è¿æ¥æˆåŠŸ
[go_vue_admin]2024-08-03 17:29:36.138	[34minfo[0m	/Users/lihao/project/mall-pro/admin-gin/service/product/goods_grab/pro_goods_grab.go:166	æ£åˆ¶å“é‡‡é›†å®Œæˆï¼
[go_vue_admin]2024-08-03 17:37:57.969	[34minfo[0m	/Users/lihao/project/mall-pro/admin-gin/websocket/ws_handle.go:49	websocket è¿æ¥æˆåŠŸ
[go_vue_admin]2024-08-03 17:38:23.827	[34minfo[0m	/Users/lihao/project/mall-pro/admin-gin/websocket/ws_handle.go:49	websocket è¿æ¥æˆåŠŸ
[go_vue_admin]2024-08-03 17:39:40.018	[34minfo[0m	/Users/lihao/project/mall-pro/admin-gin/websocket/ws_handle.go:49	websocket è¿æ¥æˆåŠŸ
[go_vue_admin]2024-08-03 17:52:49.071	[34minfo[0m	/Users/lihao/project/mall-pro/admin-gin/service/product/goods_grab/pro_goods_grab.go:166	å·§å…‹åŠ›é‡‡é›†å®Œæˆï¼
[go_vue_admin]2024-08-03 18:15:59.778	[34minfo[0m	/Users/lihao/project/mall-pro/admin-gin/service/product/goods_grab/pro_goods_grab.go:166	åšæœé‡‡é›†å®Œæˆï¼
[go_vue_admin]2024-08-03 18:16:23.391	[34minfo[0m	/Users/lihao/project/mall-pro/admin-gin/websocket/ws_handle.go:49	websocket è¿æ¥æˆåŠŸ
[go_vue_admin]2024-08-03 18:16:32.051	[34minfo[0m	/Users/lihao/project/mall-pro/admin-gin/websocket/ws_handle.go:49	websocket è¿æ¥æˆåŠŸ
[go_vue_admin]2024-08-03 18:17:04.568	[34minfo[0m	/Users/lihao/project/mall-pro/admin-gin/websocket/ws_handle.go:49	websocket è¿æ¥æˆåŠŸ
[go_vue_admin]2024-08-03 18:17:04.934	[34minfo[0m	/Users/lihao/project/mall-pro/admin-gin/websocket/ws_handle.go:49	websocket è¿æ¥æˆåŠŸ
[go_vue_admin]2024-08-03 18:28:02.048	[34minfo[0m	/Users/lihao/project/mall-pro/admin-gin/service/product/goods_grab/pro_goods_grab.go:166	è†¨åŒ–é£Ÿå“é‡‡é›†å®Œæˆï¼
[go_vue_admin]2024-08-03 18:34:27.114	[34minfo[0m	/Users/lihao/project/mall-pro/admin-gin/service/product/goods_grab/pro_goods_grab.go:166	é¥¼å¹²é‡‡é›†å®Œæˆï¼
[go_vue_admin]2024-08-03 19:09:15.245	[34minfo[0m	/Users/lihao/project/mall-pro/admin-gin/service/product/goods_grab/pro_goods_grab.go:166	è±†å¹²é‡‡é›†å®Œæˆï¼
[go_vue_admin]2024-08-03 19:22:53.830	[34minfo[0m	/Users/lihao/project/mall-pro/admin-gin/websocket/ws_handle.go:49	websocket è¿æ¥æˆåŠŸ
[go_vue_admin]2024-08-03 19:22:56.362	[34minfo[0m	/Users/lihao/project/mall-pro/admin-gin/service/product/goods_grab/pro_goods_grab.go:166	æ£åˆ¶å“é‡‡é›†å®Œæˆï¼
[go_vue_admin]2024-08-03 19:25:26.597	[34minfo[0m	/Users/lihao/project/mall-pro/admin-gin/websocket/ws_handle.go:49	websocket è¿æ¥æˆåŠŸ
[go_vue_admin]2024-08-03 19:28:07.203	[34minfo[0m	/Users/lihao/project/mall-pro/admin-gin/service/product/goods_grab/pro_goods_grab.go:166	å·§å…‹åŠ›é‡‡é›†å®Œæˆï¼
[go_vue_admin]2024-08-03 19:33:19.267	[34minfo[0m	/Users/lihao/project/mall-pro/admin-gin/websocket/ws_handle.go:49	websocket è¿æ¥æˆåŠŸ
[go_vue_admin]2024-08-03 19:33:22.390	[34minfo[0m	/Users/lihao/project/mall-pro/admin-gin/service/product/goods_grab/pro_goods_grab.go:166	æ£åˆ¶å“é‡‡é›†å®Œæˆï¼
[go_vue_admin]2024-08-03 19:36:40.390	[34minfo[0m	/Users/lihao/project/mall-pro/admin-gin/service/product/goods_grab/pro_goods_grab.go:166	å·§å…‹åŠ›é‡‡é›†å®Œæˆï¼
[go_vue_admin]2024-08-03 19:42:55.810	[34minfo[0m	/Users/lihao/project/mall-pro/admin-gin/service/product/goods_grab/pro_goods_grab.go:166	åšæœé‡‡é›†å®Œæˆï¼
[go_vue_admin]2024-08-03 19:46:00.187	[34minfo[0m	/Users/lihao/project/mall-pro/admin-gin/service/product/goods_grab/pro_goods_grab.go:166	è†¨åŒ–é£Ÿå“é‡‡é›†å®Œæˆï¼
[go_vue_admin]2024-08-03 19:47:20.406	[34minfo[0m	/Users/lihao/project/mall-pro/admin-gin/service/product/goods_grab/pro_goods_grab.go:166	é¥¼å¹²é‡‡é›†å®Œæˆï¼
[go_vue_admin]2024-08-03 19:56:33.340	[34minfo[0m	/Users/lihao/project/mall-pro/admin-gin/service/product/goods_grab/pro_goods_grab.go:166	è±†å¹²é‡‡é›†å®Œæˆï¼
[go_vue_admin]2024-08-03 20:01:25.798	[34minfo[0m	/Users/lihao/project/mall-pro/admin-gin/service/product/goods_grab/pro_goods_grab.go:166	èœœé¥¯/æœå¹²é‡‡é›†å®Œæˆï¼
[go_vue_admin]2024-08-03 20:01:43.801	[34minfo[0m	/Users/lihao/project/mall-pro/admin-gin/service/product/goods_grab/pro_goods_grab.go:166	æµ·è‹”/å³é£Ÿæµ·äº§é‡‡é›†å®Œæˆï¼
[go_vue_admin]2024-08-03 20:03:00.428	[34minfo[0m	/Users/lihao/project/mall-pro/admin-gin/service/product/goods_grab/pro_goods_grab.go:166	ç³–æœé‡‡é›†å®Œæˆï¼
[go_vue_admin]2024-08-03 20:08:39.993	[34minfo[0m	/Users/lihao/project/mall-pro/admin-gin/service/product/goods_grab/pro_goods_grab.go:166	è†³é£Ÿä¿å¥é‡‡é›†å®Œæˆï¼
[go_vue_admin]2024-08-03 20:09:26.898	[34minfo[0m	/Users/lihao/project/mall-pro/admin-gin/service/product/goods_grab/pro_goods_grab.go:166	çš®å¸¦/æ‰‹è¡¨é‡‡é›†å®Œæˆï¼
[go_vue_admin]2024-08-03 20:10:02.876	[34minfo[0m	/Users/lihao/project/mall-pro/admin-gin/service/product/goods_grab/pro_goods_grab.go:166	è¥å…»è†³è¡¥é‡‡é›†å®Œæˆï¼
[go_vue_admin]2024-08-03 20:10:45.033	[34minfo[0m	/Users/lihao/project/mall-pro/admin-gin/service/product/goods_grab/pro_goods_grab.go:166	ç”·å£«å¤–å¥—é‡‡é›†å®Œæˆï¼
[go_vue_admin]2024-08-03 20:11:22.803	[34minfo[0m	/Users/lihao/project/mall-pro/admin-gin/service/product/goods_grab/pro_goods_grab.go:166	ç”·å£«è£¤è£…é‡‡é›†å®Œæˆï¼
[go_vue_admin]2024-08-03 20:11:36.911	[34minfo[0m	/Users/lihao/project/mall-pro/admin-gin/service/product/goods_grab/pro_goods_grab.go:166	ç”·å£«å†…æ­é‡‡é›†å®Œæˆï¼
[go_vue_admin]2024-08-03 20:14:55.144	[34minfo[0m	/Users/lihao/project/mall-pro/admin-gin/service/product/goods_grab/pro_goods_grab.go:166	æ–‡èƒ¸å¡‘èº«é‡‡é›†å®Œæˆï¼
[go_vue_admin]2024-08-03 20:15:03.157	[34minfo[0m	/Users/lihao/project/mall-pro/admin-gin/service/product/goods_grab/pro_goods_grab.go:166	å†…è£¤é‡‡é›†å®Œæˆï¼
[go_vue_admin]2024-08-03 20:17:09.554	[34minfo[0m	/Users/lihao/project/mall-pro/admin-gin/service/product/goods_grab/pro_goods_grab.go:166	é¢è†œé‡‡é›†å®Œæˆï¼
[go_vue_admin]2024-08-03 20:17:15.782	[34minfo[0m	/Users/lihao/project/mall-pro/admin-gin/service/product/goods_grab/pro_goods_grab.go:166	ä¹³åˆ¶å“/å¥¶åˆ¶å“é‡‡é›†å®Œæˆï¼
[go_vue_admin]2024-08-03 20:17:35.556	[34minfo[0m	/Users/lihao/project/mall-pro/admin-gin/service/product/goods_grab/pro_goods_grab.go:166	çœ¼éƒ¨æŠ¤ç†é‡‡é›†å®Œæˆï¼
[go_vue_admin]2024-08-03 20:18:35.682	[34minfo[0m	/Users/lihao/project/mall-pro/admin-gin/service/product/goods_grab/pro_goods_grab.go:166	ç²¾åé‡‡é›†å®Œæˆï¼
[go_vue_admin]2024-08-03 20:18:37.788	[34minfo[0m	/Users/lihao/project/mall-pro/admin-gin/service/product/goods_grab/pro_goods_grab.go:166	å®¶å±…æœé‡‡é›†å®Œæˆï¼
[go_vue_admin]2024-08-03 20:18:59.809	[34minfo[0m	/Users/lihao/project/mall-pro/admin-gin/service/product/goods_grab/pro_goods_grab.go:166	æ´é¢é‡‡é›†å®Œæˆï¼
[go_vue_admin]2024-08-03 20:19:25.846	[34minfo[0m	/Users/lihao/project/mall-pro/admin-gin/service/product/goods_grab/pro_goods_grab.go:166	æŠ¤è‚¤å¥—è£…é‡‡é›†å®Œæˆï¼
[go_vue_admin]2024-08-03 20:20:00.226	[34minfo[0m	/Users/lihao/project/mall-pro/admin-gin/service/product/goods_grab/pro_goods_grab.go:166	å¸å¦†é‡‡é›†å®Œæˆï¼
[go_vue_admin]2024-08-03 20:20:06.083	[34minfo[0m	/Users/lihao/project/mall-pro/admin-gin/service/product/goods_grab/pro_goods_grab.go:166	ä¹³æ¶²é¢éœœé‡‡é›†å®Œæˆï¼
[go_vue_admin]2024-08-03 20:20:08.010	[34minfo[0m	/Users/lihao/project/mall-pro/admin-gin/service/product/goods_grab/pro_goods_grab.go:166	é˜²æ™’é‡‡é›†å®Œæˆï¼
[go_vue_admin]2024-08-03 20:20:24.088	[34minfo[0m	/Users/lihao/project/mall-pro/admin-gin/service/product/goods_grab/pro_goods_grab.go:166	éš”ç¦»é‡‡é›†å®Œæˆï¼
[go_vue_admin]2024-08-03 20:20:56.358	[34minfo[0m	/Users/lihao/project/mall-pro/admin-gin/service/product/goods_grab/pro_goods_grab.go:166	çœ‰ç¬”é‡‡é›†å®Œæˆï¼
[go_vue_admin]2024-08-03 20:21:06.309	[34minfo[0m	/Users/lihao/project/mall-pro/admin-gin/service/product/goods_grab/pro_goods_grab.go:166	é¦™æ°´é¦™è†é‡‡é›†å®Œæˆï¼
[go_vue_admin]2024-08-03 20:21:10.338	[34minfo[0m	/Users/lihao/project/mall-pro/admin-gin/service/product/goods_grab/pro_goods_grab.go:166	æ™ºèƒ½æ‰‹æœºé‡‡é›†å®Œæˆï¼
[go_vue_admin]2024-08-03 20:21:12.263	[34minfo[0m	/Users/lihao/project/mall-pro/admin-gin/service/product/goods_grab/pro_goods_grab.go:166	ç”µè§†é‡‡é›†å®Œæˆï¼
[go_vue_admin]2024-08-03 20:21:16.470	[34minfo[0m	/Users/lihao/project/mall-pro/admin-gin/service/product/goods_grab/pro_goods_grab.go:166	ç©ºè°ƒé‡‡é›†å®Œæˆï¼
[go_vue_admin]2024-08-03 20:21:16.613	[34minfo[0m	/Users/lihao/project/mall-pro/admin-gin/service/product/goods_grab/pro_goods_grab.go:166	ç«æ¯›è†é‡‡é›†å®Œæˆï¼
[go_vue_admin]2024-08-03 20:21:19.311	[34minfo[0m	/Users/lihao/project/mall-pro/admin-gin/service/product/goods_grab/pro_goods_grab.go:166	æ´—è¡£æœºé‡‡é›†å®Œæˆï¼
[go_vue_admin]2024-08-03 20:21:20.311	[34minfo[0m	/Users/lihao/project/mall-pro/admin-gin/service/product/goods_grab/pro_goods_grab.go:166	å†°ç®±é‡‡é›†å®Œæˆï¼
[go_vue_admin]2024-08-03 20:21:21.308	[34minfo[0m	/Users/lihao/project/mall-pro/admin-gin/service/product/goods_grab/pro_goods_grab.go:166	å¨æˆ¿å¤§å®¶ç”µé‡‡é›†å®Œæˆï¼
[go_vue_admin]2024-08-03 20:21:24.310	[34minfo[0m	/Users/lihao/project/mall-pro/admin-gin/service/product/goods_grab/pro_goods_grab.go:166	çƒ­æ°´å™¨é‡‡é›†å®Œæˆï¼
[go_vue_admin]2024-08-03 20:22:26.458	[34minfo[0m	/Users/lihao/project/mall-pro/admin-gin/service/product/goods_grab/pro_goods_grab.go:166	å£çº¢é‡‡é›†å®Œæˆï¼
[go_vue_admin]2024-08-03 20:23:20.615	[34minfo[0m	/Users/lihao/project/mall-pro/admin-gin/service/product/goods_grab/pro_goods_grab.go:166	å’–å•¡å†²é¥®é‡‡é›†å®Œæˆï¼
[go_vue_admin]2024-08-03 20:25:51.306	[34minfo[0m	/Users/lihao/project/mall-pro/admin-gin/service/product/goods_grab/pro_goods_grab.go:166	æ‰‹æœºé…ä»¶é‡‡é›†å®Œæˆï¼
[go_vue_admin]2024-08-03 20:25:53.110	[34minfo[0m	/Users/lihao/project/mall-pro/admin-gin/service/product/goods_grab/pro_goods_grab.go:166	å—åŒ—å¹²è´§é‡‡é›†å®Œæˆï¼
[go_vue_admin]2024-08-03 20:25:55.206	[34minfo[0m	/Users/lihao/project/mall-pro/admin-gin/service/product/goods_grab/pro_goods_grab.go:166	ç”µè„‘é…ä»¶é‡‡é›†å®Œæˆï¼
[go_vue_admin]2024-08-03 20:26:41.139	[34minfo[0m	/Users/lihao/project/mall-pro/admin-gin/service/product/goods_grab/pro_goods_grab.go:166	æ‰“ç«æœº/çœ¼é•œé‡‡é›†å®Œæˆï¼
[go_vue_admin]2024-08-03 20:27:51.254	[34minfo[0m	/Users/lihao/project/mall-pro/admin-gin/service/product/goods_grab/pro_goods_grab.go:166	å¸½å­/å›´å·¾/æ‰‹å¥—é‡‡é›†å®Œæˆï¼
[go_vue_admin]2024-08-03 20:28:27.320	[34minfo[0m	/Users/lihao/project/mall-pro/admin-gin/service/product/goods_grab/pro_goods_grab.go:166	å…¶ä»–æ•°ç é…ä»¶é‡‡é›†å®Œæˆï¼
[go_vue_admin]2024-08-03 20:31:03.722	[34minfo[0m	/Users/lihao/project/mall-pro/admin-gin/service/product/goods_grab/pro_goods_grab.go:166	å…¶ä»–é…é¥°é‡‡é›†å®Œæˆï¼
[go_vue_admin]2024-08-03 20:31:55.742	[34minfo[0m	/Users/lihao/project/mall-pro/admin-gin/service/product/goods_grab/pro_goods_grab.go:166	è‘¡è„é…’é‡‡é›†å®Œæˆï¼
[go_vue_admin]2024-08-03 20:32:17.610	[34minfo[0m	/Users/lihao/project/mall-pro/admin-gin/service/product/goods_grab/pro_goods_grab.go:166	æ´‹é…’é‡‡é›†å®Œæˆï¼
[go_vue_admin]2024-08-03 20:32:51.683	[34minfo[0m	/Users/lihao/project/mall-pro/admin-gin/service/product/goods_grab/pro_goods_grab.go:166	é»„é…’/ç±³é…’é‡‡é›†å®Œæˆï¼
[go_vue_admin]2024-08-03 20:33:45.873	[34minfo[0m	/Users/lihao/project/mall-pro/admin-gin/service/product/goods_grab/pro_goods_grab.go:166	ç™½é…’é‡‡é›†å®Œæˆï¼
[go_vue_admin]2024-08-03 20:34:03.773	[34minfo[0m	/Users/lihao/project/mall-pro/admin-gin/service/product/goods_grab/pro_goods_grab.go:166	é¢„è°ƒé…’/æœé…’é‡‡é›†å®Œæˆï¼
[go_vue_admin]2024-08-03 20:35:09.827	[34minfo[0m	/Users/lihao/project/mall-pro/admin-gin/service/product/goods_grab/pro_goods_grab.go:166	ç»¿èŒ¶é‡‡é›†å®Œæˆï¼
[go_vue_admin]2024-08-03 20:35:13.920	[34minfo[0m	/Users/lihao/project/mall-pro/admin-gin/service/product/goods_grab/pro_goods_grab.go:166	æ™®æ´±é‡‡é›†å®Œæˆï¼
[go_vue_admin]2024-08-03 20:35:45.846	[34minfo[0m	/Users/lihao/project/mall-pro/admin-gin/service/product/goods_grab/pro_goods_grab.go:166	çº¢èŒ¶é‡‡é›†å®Œæˆï¼
[go_vue_admin]2024-08-03 20:36:28.057	[34minfo[0m	/Users/lihao/project/mall-pro/admin-gin/service/product/goods_grab/pro_goods_grab.go:166	é»‘èŒ¶/ç™½èŒ¶é‡‡é›†å®Œæˆï¼
[go_vue_admin]2024-08-03 20:36:42.089	[34minfo[0m	/Users/lihao/project/mall-pro/admin-gin/service/product/goods_grab/pro_goods_grab.go:166	èŒ¶åˆ¶å“é‡‡é›†å®Œæˆï¼
[go_vue_admin]2024-08-03 20:37:22.081	[34minfo[0m	/Users/lihao/project/mall-pro/admin-gin/service/product/goods_grab/pro_goods_grab.go:166	ç”µå­ç”µå·¥é‡‡é›†å®Œæˆï¼
[go_vue_admin]2024-08-03 20:37:46.116	[34minfo[0m	/Users/lihao/project/mall-pro/admin-gin/service/product/goods_grab/pro_goods_grab.go:166	åŸºç¡€å»ºæé‡‡é›†å®Œæˆï¼
[go_vue_admin]2024-08-03 20:38:00.179	[34minfo[0m	/Users/lihao/project/mall-pro/admin-gin/service/product/goods_grab/pro_goods_grab.go:166	äº”é‡‘å·¥å…·é‡‡é›†å®Œæˆï¼
[go_vue_admin]2024-08-03 20:39:08.332	[34minfo[0m	/Users/lihao/project/mall-pro/admin-gin/service/product/goods_grab/pro_goods_grab.go:166	å®¶è£…ä¸»æé‡‡é›†å®Œæˆï¼
[go_vue_admin]2024-08-03 20:39:12.146	[34minfo[0m	/Users/lihao/project/mall-pro/admin-gin/service/product/goods_grab/pro_goods_grab.go:166	èŠ±æœèŒ¶é‡‡é›†å®Œæˆï¼
[go_vue_admin]2024-08-03 20:39:22.500	[34minfo[0m	/Users/lihao/project/mall-pro/admin-gin/service/product/goods_grab/pro_goods_grab.go:166	ç¯é¥°ç…§æ˜é‡‡é›†å®Œæˆï¼
[go_vue_admin]2024-08-03 20:40:07.120	[34minfo[0m	/Users/lihao/project/mall-pro/admin-gin/service/product/goods_grab/pro_goods_grab.go:166	å©´ç«¥å°¿è£¤é‡‡é›†å®Œæˆï¼
[go_vue_admin]2024-08-03 20:40:33.245	[34minfo[0m	/Users/lihao/project/mall-pro/admin-gin/service/product/goods_grab/pro_goods_grab.go:166	å„¿ç«¥é¤å…·é‡‡é›†å®Œæˆï¼
[go_vue_admin]2024-08-03 20:40:37.252	[34minfo[0m	/Users/lihao/project/mall-pro/admin-gin/service/product/goods_grab/pro_goods_grab.go:166	ç«¥è½¦åº§æ¤…é‡‡é›†å®Œæˆï¼
[go_vue_admin]2024-08-03 20:40:39.021	[34minfo[0m	/Users/lihao/project/mall-pro/admin-gin/service/product/goods_grab/pro_goods_grab.go:166	å®¶å…·è£…é¥°é‡‡é›†å®Œæˆï¼
[go_vue_admin]2024-08-03 20:40:57.173	[34minfo[0m	/Users/lihao/project/mall-pro/admin-gin/service/product/goods_grab/pro_goods_grab.go:166	å–‚å…»ç”¨å“é‡‡é›†å®Œæˆï¼
[go_vue_admin]2024-08-03 20:41:15.125	[34minfo[0m	/Users/lihao/project/mall-pro/admin-gin/service/product/goods_grab/pro_goods_grab.go:166	è¢œå­é‡‡é›†å®Œæˆï¼
[go_vue_admin]2024-08-03 20:41:19.324	[34minfo[0m	/Users/lihao/project/mall-pro/admin-gin/service/product/goods_grab/pro_goods_grab.go:166	ç²®æ²¹ç±³é¢é‡‡é›†å®Œæˆï¼
[go_vue_admin]2024-08-03 20:41:23.123	[34minfo[0m	/Users/lihao/project/mall-pro/admin-gin/service/product/goods_grab/pro_goods_grab.go:166	å­•å¦‡å®¶å±…é‡‡é›†å®Œæˆï¼
[go_vue_admin]2024-08-03 20:41:27.186	[34minfo[0m	/Users/lihao/project/mall-pro/admin-gin/service/product/goods_grab/pro_goods_grab.go:166	å­•å¦‡è¥å…»é‡‡é›†å®Œæˆï¼
[go_vue_admin]2024-08-03 20:41:29.136	[34minfo[0m	/Users/lihao/project/mall-pro/admin-gin/service/product/goods_grab/pro_goods_grab.go:166	å­•å¦‡ä¸ªæŠ¤é‡‡é›†å®Œæˆï¼
[go_vue_admin]2024-08-03 20:41:31.197	[34minfo[0m	/Users/lihao/project/mall-pro/admin-gin/service/product/goods_grab/pro_goods_grab.go:166	å­•å¦‡é…ä»¶é‡‡é›†å®Œæˆï¼
[go_vue_admin]2024-08-03 20:41:31.198	[34minfo[0m	/Users/lihao/project/mall-pro/admin-gin/service/product/goods_grab/pro_goods_grab.go:166	éª¨ç›†å¸¦/å¡‘èº«è¡£é‡‡é›†å®Œæˆï¼
[go_vue_admin]2024-08-03 20:41:35.414	[34minfo[0m	/Users/lihao/project/mall-pro/admin-gin/service/product/goods_grab/pro_goods_grab.go:166	äº²å­è£…é‡‡é›†å®Œæˆï¼
[go_vue_admin]2024-08-03 20:42:03.273	[34minfo[0m	/Users/lihao/project/mall-pro/admin-gin/service/product/goods_grab/pro_goods_grab.go:166	å„¿ç«¥ä¸‹è£…é‡‡é›†å®Œæˆï¼
[go_vue_admin]2024-08-03 20:42:03.275	[34minfo[0m	/Users/lihao/project/mall-pro/admin-gin/service/product/goods_grab/pro_goods_grab.go:166	å®å®æŠ¤è‚¤é‡‡é›†å®Œæˆï¼
[go_vue_admin]2024-08-03 20:42:51.374	[34minfo[0m	/Users/lihao/project/mall-pro/admin-gin/service/product/goods_grab/pro_goods_grab.go:166	å†…è¡£è£¤è¢œé‡‡é›†å®Œæˆï¼
[go_vue_admin]2024-08-03 20:43:09.482	[34minfo[0m	/Users/lihao/project/mall-pro/admin-gin/service/product/goods_grab/pro_goods_grab.go:166	å„¿ç«¥å¥—è£…é‡‡é›†å®Œæˆï¼
[go_vue_admin]2024-08-03 20:43:15.505	[34minfo[0m	/Users/lihao/project/mall-pro/admin-gin/service/product/goods_grab/pro_goods_grab.go:166	å„¿ç«¥é…é¥°é‡‡é›†å®Œæˆï¼
[go_vue_admin]2024-08-03 20:43:21.483	[34minfo[0m	/Users/lihao/project/mall-pro/admin-gin/service/product/goods_grab/pro_goods_grab.go:166	å„¿ç«¥å¤–å¥—é‡‡é›†å®Œæˆï¼
[go_vue_admin]2024-08-03 20:43:31.378	[34minfo[0m	/Users/lihao/project/mall-pro/admin-gin/service/product/goods_grab/pro_goods_grab.go:166	å©´å„¿è°ƒå‘³é‡‡é›†å®Œæˆï¼
[go_vue_admin]2024-08-03 20:43:39.363	[34minfo[0m	/Users/lihao/project/mall-pro/admin-gin/service/product/goods_grab/pro_goods_grab.go:166	å©´å¹¼ä¸ªæŠ¤é‡‡é›†å®Œæˆï¼
[go_vue_admin]2024-08-03 20:43:43.618	[34minfo[0m	/Users/lihao/project/mall-pro/admin-gin/service/product/goods_grab/pro_goods_grab.go:166	å„¿ç«¥ä¸Šè¡£é‡‡é›†å®Œæˆï¼
[go_vue_admin]2024-08-03 20:43:45.542	[34minfo[0m	/Users/lihao/project/mall-pro/admin-gin/service/product/goods_grab/pro_goods_grab.go:166	å¥¶ç²‰é‡‡é›†å®Œæˆï¼
[go_vue_admin]2024-08-03 20:43:51.636	[34minfo[0m	/Users/lihao/project/mall-pro/admin-gin/service/product/goods_grab/pro_goods_grab.go:166	å„¿ç«¥è¥å…»é‡‡é›†å®Œæˆï¼
[go_vue_admin]2024-08-03 20:43:53.564	[34minfo[0m	/Users/lihao/project/mall-pro/admin-gin/service/product/goods_grab/pro_goods_grab.go:166	å„¿ç«¥å‡‰é‹é‡‡é›†å®Œæˆï¼
[go_vue_admin]2024-08-03 20:43:55.523	[34minfo[0m	/Users/lihao/project/mall-pro/admin-gin/service/product/goods_grab/pro_goods_grab.go:166	å­¦æ­¥é‹é‡‡é›†å®Œæˆï¼
[go_vue_admin]2024-08-03 20:43:57.675	[34minfo[0m	/Users/lihao/project/mall-pro/admin-gin/service/product/goods_grab/pro_goods_grab.go:166	ä¼‘é—²é‹é‡‡é›†å®Œæˆï¼
[go_vue_admin]2024-08-03 20:43:57.768	[34minfo[0m	/Users/lihao/project/mall-pro/admin-gin/service/product/goods_grab/pro_goods_grab.go:166	å„¿ç«¥çš®é‹é‡‡é›†å®Œæˆï¼
[go_vue_admin]2024-08-03 20:43:59.666	[34minfo[0m	/Users/lihao/project/mall-pro/admin-gin/service/product/goods_grab/pro_goods_grab.go:166	è¿åŠ¨é‹é‡‡é›†å®Œæˆï¼
[go_vue_admin]2024-08-03 20:44:01.655	[34minfo[0m	/Users/lihao/project/mall-pro/admin-gin/service/product/goods_grab/pro_goods_grab.go:166	è€äººæœºé‡‡é›†å®Œæˆï¼
[go_vue_admin]2024-08-03 20:44:03.639	[34minfo[0m	/Users/lihao/project/mall-pro/admin-gin/service/product/goods_grab/pro_goods_grab.go:166	æ¸¸æˆæ‰‹æœºé‡‡é›†å®Œæˆï¼
[go_vue_admin]2024-08-03 20:44:04.634	[34minfo[0m	/Users/lihao/project/mall-pro/admin-gin/service/product/goods_grab/pro_goods_grab.go:166	å„¿ç«¥æ‹–é‹é‡‡é›†å®Œæˆï¼
[go_vue_admin]2024-08-03 20:44:11.637	[34minfo[0m	/Users/lihao/project/mall-pro/admin-gin/service/product/goods_grab/pro_goods_grab.go:166	æ™ºèƒ½è®¾å¤‡é‡‡é›†å®Œæˆï¼
[go_vue_admin]2024-08-03 20:44:17.741	[34minfo[0m	/Users/lihao/project/mall-pro/admin-gin/service/product/goods_grab/pro_goods_grab.go:166	å°å¼æœºé‡‡é›†å®Œæˆï¼
[go_vue_admin]2024-08-03 20:44:19.386	[34minfo[0m	/Users/lihao/project/mall-pro/admin-gin/service/product/goods_grab/pro_goods_grab.go:166	ç¬”è®°æœ¬é‡‡é›†å®Œæˆï¼
[go_vue_admin]2024-08-03 20:44:20.637	[34minfo[0m	/Users/lihao/project/mall-pro/admin-gin/service/product/goods_grab/pro_goods_grab.go:166	çˆ½è‚¤æ°´é‡‡é›†å®Œæˆï¼
[go_vue_admin]2024-08-03 20:44:24.656	[34minfo[0m	/Users/lihao/project/mall-pro/admin-gin/service/product/goods_grab/pro_goods_grab.go:166	é”®ç›˜é¼ æ ‡é‡‡é›†å®Œæˆï¼
[go_vue_admin]2024-08-03 20:44:25.634	[34minfo[0m	/Users/lihao/project/mall-pro/admin-gin/service/product/goods_grab/pro_goods_grab.go:166	å¹³æ¿é‡‡é›†å®Œæˆï¼
[go_vue_admin]2024-08-03 20:44:32.638	[34minfo[0m	/Users/lihao/project/mall-pro/admin-gin/service/product/goods_grab/pro_goods_grab.go:166	è¾…é£Ÿé›¶é£Ÿé‡‡é›†å®Œæˆï¼
[go_vue_admin]2024-08-03 20:44:34.640	[34minfo[0m	/Users/lihao/project/mall-pro/admin-gin/service/product/goods_grab/pro_goods_grab.go:166	åŠå…¬è®¾å¤‡é‡‡é›†å®Œæˆï¼
[go_vue_admin]2024-08-03 20:45:01.465	[34minfo[0m	/Users/lihao/project/mall-pro/admin-gin/service/product/goods_grab/pro_goods_grab.go:166	å½±éŸ³å¨±ä¹é‡‡é›†å®Œæˆï¼
[go_vue_admin]2024-08-03 20:45:23.699	[34minfo[0m	/Users/lihao/project/mall-pro/admin-gin/service/product/goods_grab/pro_goods_grab.go:166	å¨æˆ¿å°ç”µé‡‡é›†å®Œæˆï¼
[go_vue_admin]2024-08-03 20:45:27.667	[34minfo[0m	/Users/lihao/project/mall-pro/admin-gin/service/product/goods_grab/pro_goods_grab.go:166	ä¸ªæŠ¤å®¶ç”µé‡‡é›†å®Œæˆï¼
[go_vue_admin]2024-08-03 20:45:59.692	[34minfo[0m	/Users/lihao/project/mall-pro/admin-gin/service/product/goods_grab/pro_goods_grab.go:166	ç”Ÿæ´»ç”µå™¨é‡‡é›†å®Œæˆï¼
[go_vue_admin]2024-08-03 20:46:47.739	[34minfo[0m	/Users/lihao/project/mall-pro/admin-gin/service/product/goods_grab/pro_goods_grab.go:166	æ¸æé‡‡é›†å®Œæˆï¼
[go_vue_admin]2024-08-03 20:47:12.229	[34minfo[0m	/Users/lihao/project/mall-pro/admin-gin/service/product/goods_grab/pro_goods_grab.go:166	é£Ÿå“æ·»åŠ å‰‚/è¾…æ–™é‡‡é›†å®Œæˆï¼
[go_vue_admin]2024-08-03 20:47:20.058	[34minfo[0m	/Users/lihao/project/mall-pro/admin-gin/service/product/goods_grab/pro_goods_grab.go:166	é˜¿èƒ¶é‡‡é›†å®Œæˆï¼
[go_vue_admin]2024-08-03 20:47:36.308	[34minfo[0m	/Users/lihao/project/mall-pro/admin-gin/service/product/goods_grab/pro_goods_grab.go:166	è°ƒå‘³å“é‡‡é›†å®Œæˆï¼
[go_vue_admin]2024-08-03 20:47:42.275	[34minfo[0m	/Users/lihao/project/mall-pro/admin-gin/service/product/goods_grab/pro_goods_grab.go:166	ç‡•çªé‡‡é›†å®Œæˆï¼
[go_vue_admin]2024-08-03 20:47:50.261	[34minfo[0m	/Users/lihao/project/mall-pro/admin-gin/service/product/goods_grab/pro_goods_grab.go:166	èœ‚èœœé‡‡é›†å®Œæˆï¼
[go_vue_admin]2024-08-03 20:47:58.283	[34minfo[0m	/Users/lihao/project/mall-pro/admin-gin/service/product/goods_grab/pro_goods_grab.go:166	å…»ç”ŸåŸæ–™é‡‡é›†å®Œæˆï¼
[go_vue_admin]2024-08-03 20:48:16.134	[34minfo[0m	/Users/lihao/project/mall-pro/admin-gin/service/product/goods_grab/pro_goods_grab.go:166	å‚èŒ¸è´µç»†é‡‡é›†å®Œæˆï¼
[go_vue_admin]2024-08-03 20:48:36.469	[34minfo[0m	/Users/lihao/project/mall-pro/admin-gin/service/product/goods_grab/pro_goods_grab.go:166	å…¶ä»–æ»‹è¡¥å“é‡‡é›†å®Œæˆï¼
[go_vue_admin]2024-08-03 20:49:02.582	[34minfo[0m	/Users/lihao/project/mall-pro/admin-gin/service/product/goods_grab/pro_goods_grab.go:166	çŒªè‚‰ç±»é‡‡é›†å®Œæˆï¼
[go_vue_admin]2024-08-03 20:49:07.669	[34minfo[0m	/Users/lihao/project/mall-pro/admin-gin/websocket/ws_handle.go:49	websocket è¿æ¥æˆåŠŸ
[go_vue_admin]2024-08-03 20:50:21.159	[34minfo[0m	/Users/lihao/project/mall-pro/admin-gin/service/product/goods_grab/pro_goods_grab.go:166	é£Ÿç–—æ»‹è¡¥é‡‡é›†å®Œæˆï¼
[go_vue_admin]2024-08-03 20:51:30.579	[34minfo[0m	/Users/lihao/project/mall-pro/admin-gin/websocket/ws_handle.go:49	websocket è¿æ¥æˆåŠŸ
[go_vue_admin]2024-08-03 20:51:43.613	[34minfo[0m	/Users/lihao/project/mall-pro/admin-gin/service/product/goods_grab/pro_goods_grab.go:166	ç‰›ç¾Šè‚‰ç±»é‡‡é›†å®Œæˆï¼
[go_vue_admin]2024-08-03 20:51:47.576	[34minfo[0m	/Users/lihao/project/mall-pro/admin-gin/service/product/goods_grab/pro_goods_grab.go:166	é¸¡é¸­è‚‰ç±»é‡‡é›†å®Œæˆï¼
[go_vue_admin]2024-08-03 20:52:23.488	[34minfo[0m	/Users/lihao/project/mall-pro/admin-gin/websocket/ws_handle.go:49	websocket è¿æ¥æˆåŠŸ
[go_vue_admin]2024-08-03 20:52:42.086	[34minfo[0m	/Users/lihao/project/mall-pro/admin-gin/service/product/goods_grab/pro_goods_grab.go:166	è‚‰åˆ¶å“é‡‡é›†å®Œæˆï¼
[go_vue_admin]2024-08-03 20:53:08.204	[34minfo[0m	/Users/lihao/project/mall-pro/admin-gin/service/product/goods_grab/pro_goods_grab.go:166	ç…é¥¼ç±»é‡‡é›†å®Œæˆï¼
[go_vue_admin]2024-08-03 20:53:13.952	[34minfo[0m	/Users/lihao/project/mall-pro/admin-gin/service/product/goods_grab/pro_goods_grab.go:166	å†°æ·‡æ·‹é‡‡é›†å®Œæˆï¼
[go_vue_admin]2024-08-03 20:53:30.236	[34minfo[0m	/Users/lihao/project/mall-pro/admin-gin/service/product/goods_grab/pro_goods_grab.go:166	æ°´é¥ºé¦„é¥¨é‡‡é›†å®Œæˆï¼
[go_vue_admin]2024-08-03 20:53:40.250	[34minfo[0m	/Users/lihao/project/mall-pro/admin-gin/service/product/goods_grab/pro_goods_grab.go:166	èŸ¹ç±»é‡‡é›†å®Œæˆï¼
[go_vue_admin]2024-08-03 20:54:40.182	[34minfo[0m	/Users/lihao/project/mall-pro/admin-gin/service/product/goods_grab/pro_goods_grab.go:166	æµ·é²œåˆ¶å“é‡‡é›†å®Œæˆï¼
[go_vue_admin]2024-08-03 20:54:44.262	[34minfo[0m	/Users/lihao/project/mall-pro/admin-gin/service/product/goods_grab/pro_goods_grab.go:166	æµ·å‚é‡‡é›†å®Œæˆï¼
[go_vue_admin]2024-08-03 20:55:00.139	[34minfo[0m	/Users/lihao/project/mall-pro/admin-gin/service/product/goods_grab/pro_goods_grab.go:166	è´ç±»é‡‡é›†å®Œæˆï¼
[go_vue_admin]2024-08-03 20:55:54.293	[34minfo[0m	/Users/lihao/project/mall-pro/admin-gin/service/product/goods_grab/pro_goods_grab.go:166	è™¾ç±»é‡‡é›†å®Œæˆï¼
[go_vue_admin]2024-08-03 20:56:18.267	[34minfo[0m	/Users/lihao/project/mall-pro/admin-gin/service/product/goods_grab/pro_goods_grab.go:166	å†»åŠæˆå“é‡‡é›†å®Œæˆï¼
[go_vue_admin]2024-08-03 20:56:22.414	[34minfo[0m	/Users/lihao/project/mall-pro/admin-gin/service/product/goods_grab/pro_goods_grab.go:166	åŒ…ç‚¹/é¢ç‚¹é‡‡é›†å®Œæˆï¼
[go_vue_admin]2024-08-03 20:56:36.365	[34minfo[0m	/Users/lihao/project/mall-pro/admin-gin/service/product/goods_grab/pro_goods_grab.go:166	é±¼ç±»é‡‡é›†å®Œæˆï¼
[go_vue_admin]2024-08-03 20:57:08.617	[34minfo[0m	/Users/lihao/project/mall-pro/admin-gin/service/product/goods_grab/pro_goods_grab.go:166	å¶èœç±»é‡‡é›†å®Œæˆï¼
[go_vue_admin]2024-08-03 20:57:14.424	[34minfo[0m	/Users/lihao/project/mall-pro/admin-gin/service/product/goods_grab/pro_goods_grab.go:166	é²œèŒè‡é‡‡é›†å®Œæˆï¼
[go_vue_admin]2024-08-03 20:58:41.251	[34minfo[0m	/Users/lihao/project/mall-pro/admin-gin/service/product/goods_grab/pro_goods_grab.go:166	å…¶ä»–æµ·äº§é‡‡é›†å®Œæˆï¼
[go_vue_admin]2024-08-03 20:58:47.424	[34minfo[0m	/Users/lihao/project/mall-pro/admin-gin/service/product/goods_grab/pro_goods_grab.go:166	èŒ„æœç“œç±»é‡‡é›†å®Œæˆï¼
[go_vue_admin]2024-08-03 20:59:03.432	[34minfo[0m	/Users/lihao/project/mall-pro/admin-gin/service/product/goods_grab/pro_goods_grab.go:166	è‘±å§œè’œæ¤’é‡‡é›†å®Œæˆï¼
[go_vue_admin]2024-08-03 20:59:09.258	[34minfo[0m	/Users/lihao/project/mall-pro/admin-gin/service/product/goods_grab/pro_goods_grab.go:166	å¿«æ‰‹èœé‡‡é›†å®Œæˆï¼
[go_vue_admin]2024-08-03 20:59:15.238	[34minfo[0m	/Users/lihao/project/mall-pro/admin-gin/service/product/goods_grab/pro_goods_grab.go:166	æ ¹èŒç±»é‡‡é›†å®Œæˆï¼
[go_vue_admin]2024-08-03 21:00:33.403	[34minfo[0m	/Users/lihao/project/mall-pro/admin-gin/service/product/goods_grab/pro_goods_grab.go:166	æŸ‘æ©˜æ©™æŸšé‡‡é›†å®Œæˆï¼
[go_vue_admin]2024-08-03 21:00:45.439	[34minfo[0m	/Users/lihao/project/mall-pro/admin-gin/websocket/ws_handle.go:49	websocket è¿æ¥æˆåŠŸ
[go_vue_admin]2024-08-03 21:00:55.538	[34minfo[0m	/Users/lihao/project/mall-pro/admin-gin/service/product/goods_grab/pro_goods_grab.go:166	è‘¡æè“æœé‡‡é›†å®Œæˆï¼
[go_vue_admin]2024-08-03 21:01:19.686	[34minfo[0m	/Users/lihao/project/mall-pro/admin-gin/service/product/goods_grab/pro_goods_grab.go:166	è›‹å“é‡‡é›†å®Œæˆï¼
[go_vue_admin]2024-08-03 21:02:11.672	[34minfo[0m	/Users/lihao/project/mall-pro/admin-gin/service/product/goods_grab/pro_goods_grab.go:166	è‹¹æœè•‰æ¢¨é‡‡é›†å®Œæˆï¼
[go_vue_admin]2024-08-03 21:02:29.892	[34minfo[0m	/Users/lihao/project/mall-pro/admin-gin/service/product/goods_grab/pro_goods_grab.go:166	æ¡ƒæææ£é‡‡é›†å®Œæˆï¼
[go_vue_admin]2024-08-03 21:02:43.829	[34minfo[0m	/Users/lihao/project/mall-pro/admin-gin/service/product/goods_grab/pro_goods_grab.go:166	çŒ•çŒ´æ¡ƒé‡‡é›†å®Œæˆï¼
[go_vue_admin]2024-08-03 21:02:59.819	[34minfo[0m	/Users/lihao/project/mall-pro/admin-gin/service/product/goods_grab/pro_goods_grab.go:166	æ°´æœç¤¼ç›’é‡‡é›†å®Œæˆï¼
[go_vue_admin]2024-08-03 21:07:16.941	[34minfo[0m	/Users/lihao/project/mall-pro/admin-gin/websocket/ws_handle.go:49	websocket è¿æ¥æˆåŠŸ
[go_vue_admin]2024-08-03 21:07:29.737	[34minfo[0m	/Users/lihao/project/mall-pro/admin-gin/websocket/ws_handle.go:49	websocket è¿æ¥æˆåŠŸ
[go_vue_admin]2024-08-03 21:07:42.028	[34minfo[0m	/Users/lihao/project/mall-pro/admin-gin/websocket/ws_handle.go:49	websocket è¿æ¥æˆåŠŸ
[go_vue_admin]2024-08-03 21:07:47.471	[34minfo[0m	/Users/lihao/project/mall-pro/admin-gin/websocket/ws_handle.go:49	websocket è¿æ¥æˆåŠŸ
[go_vue_admin]2024-08-03 21:13:37.508	[34minfo[0m	/Users/lihao/project/mall-pro/admin-gin/websocket/ws_handle.go:49	websocket è¿æ¥æˆåŠŸ
[go_vue_admin]2024-08-03 21:21:10.212	[34minfo[0m	/Users/lihao/project/mall-pro/admin-gin/websocket/ws_handle.go:49	websocket è¿æ¥æˆåŠŸ
[go_vue_admin]2024-08-03 21:22:41.626	[34minfo[0m	/Users/lihao/project/mall-pro/admin-gin/websocket/ws_handle.go:49	websocket è¿æ¥æˆåŠŸ
[go_vue_admin]2024-08-03 21:39:26.031	[34minfo[0m	/Users/lihao/project/mall-pro/admin-gin/websocket/ws_handle.go:49	websocket è¿æ¥æˆåŠŸ
[go_vue_admin]2024-08-03 21:39:38.778	[34minfo[0m	/Users/lihao/project/mall-pro/admin-gin/websocket/ws_handle.go:49	websocket è¿æ¥æˆåŠŸ
[go_vue_admin]2024-08-03 21:40:18.438	[34minfo[0m	/Users/lihao/project/mall-pro/admin-gin/websocket/ws_handle.go:49	websocket è¿æ¥æˆåŠŸ
[go_vue_admin]2024-08-03 21:40:19.435	[34minfo[0m	/Users/lihao/project/mall-pro/admin-gin/websocket/ws_handle.go:49	websocket è¿æ¥æˆåŠŸ
[go_vue_admin]2024-08-03 21:40:34.034	[34minfo[0m	/Users/lihao/project/mall-pro/admin-gin/websocket/ws_handle.go:49	websocket è¿æ¥æˆåŠŸ
[go_vue_admin]2024-08-03 21:44:45.984	[34minfo[0m	/Users/lihao/project/mall-pro/admin-gin/websocket/ws_handle.go:49	websocket è¿æ¥æˆåŠŸ
[go_vue_admin]2024-08-03 21:44:47.707	[34minfo[0m	/Users/lihao/project/mall-pro/admin-gin/websocket/ws_handle.go:49	websocket è¿æ¥æˆåŠŸ
[go_vue_admin]2024-08-03 21:45:09.067	[34minfo[0m	/Users/lihao/project/mall-pro/admin-gin/websocket/ws_handle.go:49	websocket è¿æ¥æˆåŠŸ
[go_vue_admin]2024-08-03 22:35:09.808	[34minfo[0m	/Users/lihao/project/mall-pro/admin-gin/websocket/ws_handle.go:49	websocket è¿æ¥æˆåŠŸ
[go_vue_admin]2024-08-03 22:35:26.629	[34minfo[0m	/Users/lihao/project/mall-pro/admin-gin/websocket/ws_handle.go:49	websocket è¿æ¥æˆåŠŸ
[go_vue_admin]2024-08-03 22:35:36.527	[34minfo[0m	/Users/lihao/project/mall-pro/admin-gin/websocket/ws_handle.go:49	websocket è¿æ¥æˆåŠŸ
[go_vue_admin]2024-08-03 22:35:44.616	[34minfo[0m	/Users/lihao/project/mall-pro/admin-gin/websocket/ws_handle.go:49	websocket è¿æ¥æˆåŠŸ
[go_vue_admin]2024-08-03 22:35:59.015	[34minfo[0m	/Users/lihao/project/mall-pro/admin-gin/websocket/ws_handle.go:49	websocket è¿æ¥æˆåŠŸ
[go_vue_admin]2024-08-03 22:36:00.286	[34minfo[0m	/Users/lihao/project/mall-pro/admin-gin/websocket/ws_handle.go:49	websocket è¿æ¥æˆåŠŸ
[go_vue_admin]2024-08-03 22:36:21.473	[34minfo[0m	/Users/lihao/project/mall-pro/admin-gin/websocket/ws_handle.go:49	websocket è¿æ¥æˆåŠŸ
[go_vue_admin]2024-08-03 22:40:59.036	[34minfo[0m	/Users/lihao/project/mall-pro/admin-gin/websocket/ws_handle.go:49	websocket è¿æ¥æˆåŠŸ
[go_vue_admin]2024-08-03 23:04:20.454	[34minfo[0m	/Users/lihao/project/mall-pro/admin-gin/websocket/ws_handle.go:49	websocket è¿æ¥æˆåŠŸ
[go_vue_admin]2024-08-03 23:04:27.312	[34minfo[0m	/Users/lihao/project/mall-pro/admin-gin/websocket/ws_handle.go:49	websocket è¿æ¥æˆåŠŸ
[go_vue_admin]2024-08-03 23:04:33.281	[34minfo[0m	/Users/lihao/project/mall-pro/admin-gin/websocket/ws_handle.go:49	websocket è¿æ¥æˆåŠŸ
[go_vue_admin]2024-08-03 23:04:35.582	[34minfo[0m	/Users/lihao/project/mall-pro/admin-gin/websocket/ws_handle.go:49	websocket è¿æ¥æˆåŠŸ
[go_vue_admin]2024-08-03 23:06:30.286	[34minfo[0m	/Users/lihao/project/mall-pro/admin-gin/websocket/ws_handle.go:49	websocket è¿æ¥æˆåŠŸ
[go_vue_admin]2024-08-03 23:10:01.631	[34minfo[0m	/Users/lihao/project/mall-pro/admin-gin/websocket/ws_handle.go:49	websocket è¿æ¥æˆåŠŸ
[go_vue_admin]2024-08-03 23:10:05.185	[34minfo[0m	/Users/lihao/project/mall-pro/admin-gin/websocket/ws_handle.go:49	websocket è¿æ¥æˆåŠŸ
[go_vue_admin]2024-08-03 23:10:10.859	[34minfo[0m	/Users/lihao/project/mall-pro/admin-gin/websocket/ws_handle.go:49	websocket è¿æ¥æˆåŠŸ
[go_vue_admin]2024-08-03 23:10:17.736	[34minfo[0m	/Users/lihao/project/mall-pro/admin-gin/websocket/ws_handle.go:49	websocket è¿æ¥æˆåŠŸ
[go_vue_admin]2024-08-03 23:10:21.335	[34minfo[0m	/Users/lihao/project/mall-pro/admin-gin/websocket/ws_handle.go:49	websocket è¿æ¥æˆåŠŸ
[go_vue_admin]2024-08-03 23:10:32.615	[34minfo[0m	/Users/lihao/project/mall-pro/admin-gin/websocket/ws_handle.go:49	websocket è¿æ¥æˆåŠŸ
[go_vue_admin]2024-08-03 23:10:34.995	[34minfo[0m	/Users/lihao/project/mall-pro/admin-gin/websocket/ws_handle.go:49	websocket è¿æ¥æˆåŠŸ
[go_vue_admin]2024-08-03 23:11:16.355	[34minfo[0m	/Users/lihao/project/mall-pro/admin-gin/websocket/ws_handle.go:49	websocket è¿æ¥æˆåŠŸ
[go_vue_admin]2024-08-03 23:11:23.129	[34minfo[0m	/Users/lihao/project/mall-pro/admin-gin/websocket/ws_handle.go:49	websocket è¿æ¥æˆåŠŸ
[go_vue_admin]2024-08-03 23:11:48.353	[34minfo[0m	/Users/lihao/project/mall-pro/admin-gin/websocket/ws_handle.go:49	websocket è¿æ¥æˆåŠŸ
[go_vue_admin]2024-08-03 23:11:55.639	[34minfo[0m	/Users/lihao/project/mall-pro/admin-gin/websocket/ws_handle.go:49	websocket è¿æ¥æˆåŠŸ
[go_vue_admin]2024-08-03 23:16:18.287	[34minfo[0m	/Users/lihao/project/mall-pro/admin-gin/websocket/ws_handle.go:49	websocket è¿æ¥æˆåŠŸ
[go_vue_admin]2024-08-03 23:16:39.042	[34minfo[0m	/Users/lihao/project/mall-pro/admin-gin/websocket/ws_handle.go:49	websocket è¿æ¥æˆåŠŸ
[go_vue_admin]2024-08-03 23:16:50.040	[34minfo[0m	/Users/lihao/project/mall-pro/admin-gin/websocket/ws_handle.go:49	websocket è¿æ¥æˆåŠŸ
[go_vue_admin]2024-08-03 23:21:46.059	[34minfo[0m	/Users/lihao/project/mall-pro/admin-gin/websocket/ws_handle.go:49	websocket è¿æ¥æˆåŠŸ
[go_vue_admin]2024-08-03 23:21:55.826	[34minfo[0m	/Users/lihao/project/mall-pro/admin-gin/websocket/ws_handle.go:49	websocket è¿æ¥æˆåŠŸ
[go_vue_admin]2024-08-03 23:21:57.419	[34minfo[0m	/Users/lihao/project/mall-pro/admin-gin/websocket/ws_handle.go:49	websocket è¿æ¥æˆåŠŸ
[go_vue_admin]2024-08-03 23:22:17.512	[34minfo[0m	/Users/lihao/project/mall-pro/admin-gin/websocket/ws_handle.go:49	websocket è¿æ¥æˆåŠŸ
[go_vue_admin]2024-08-03 23:22:28.704	[34minfo[0m	/Users/lihao/project/mall-pro/admin-gin/websocket/ws_handle.go:49	websocket è¿æ¥æˆåŠŸ
[go_vue_admin]2024-08-03 23:22:42.809	[34minfo[0m	/Users/lihao/project/mall-pro/admin-gin/websocket/ws_handle.go:49	websocket è¿æ¥æˆåŠŸ
[go_vue_admin]2024-08-03 23:22:43.705	[34minfo[0m	/Users/lihao/project/mall-pro/admin-gin/websocket/ws_handle.go:49	websocket è¿æ¥æˆåŠŸ
[go_vue_admin]2024-08-03 23:23:00.632	[34minfo[0m	/Users/lihao/project/mall-pro/admin-gin/websocket/ws_handle.go:49	websocket è¿æ¥æˆåŠŸ
[go_vue_admin]2024-08-03 23:23:08.203	[34minfo[0m	/Users/lihao/project/mall-pro/admin-gin/websocket/ws_handle.go:49	websocket è¿æ¥æˆåŠŸ
[go_vue_admin]2024-08-03 23:23:40.135	[34minfo[0m	/Users/lihao/project/mall-pro/admin-gin/websocket/ws_handle.go:49	websocket è¿æ¥æˆåŠŸ
[go_vue_admin]2024-08-03 23:23:53.546	[34minfo[0m	/Users/lihao/project/mall-pro/admin-gin/websocket/ws_handle.go:49	websocket è¿æ¥æˆåŠŸ
[go_vue_admin]2024-08-03 23:23:59.576	[34minfo[0m	/Users/lihao/project/mall-pro/admin-gin/websocket/ws_handle.go:49	websocket è¿æ¥æˆåŠŸ
[go_vue_admin]2024-08-03 23:24:04.421	[34minfo[0m	/Users/lihao/project/mall-pro/admin-gin/websocket/ws_handle.go:49	websocket è¿æ¥æˆåŠŸ
[go_vue_admin]2024-08-03 23:24:07.003	[34minfo[0m	/Users/lihao/project/mall-pro/admin-gin/websocket/ws_handle.go:49	websocket è¿æ¥æˆåŠŸ
[go_vue_admin]2024-08-03 23:24:16.817	[34minfo[0m	/Users/lihao/project/mall-pro/admin-gin/websocket/ws_handle.go:49	websocket è¿æ¥æˆåŠŸ
[go_vue_admin]2024-08-03 23:24:24.621	[34minfo[0m	/Users/lihao/project/mall-pro/admin-gin/websocket/ws_handle.go:49	websocket è¿æ¥æˆåŠŸ
[go_vue_admin]2024-08-03 23:24:39.181	[34minfo[0m	/Users/lihao/project/mall-pro/admin-gin/websocket/ws_handle.go:49	websocket è¿æ¥æˆåŠŸ
[go_vue_admin]2024-08-03 23:24:42.863	[34minfo[0m	/Users/lihao/project/mall-pro/admin-gin/websocket/ws_handle.go:49	websocket è¿æ¥æˆåŠŸ
[go_vue_admin]2024-08-03 23:24:58.240	[34minfo[0m	/Users/lihao/project/mall-pro/admin-gin/websocket/ws_handle.go:49	websocket è¿æ¥æˆåŠŸ
[go_vue_admin]2024-08-03 23:25:25.697	[34minfo[0m	/Users/lihao/project/mall-pro/admin-gin/websocket/ws_handle.go:49	websocket è¿æ¥æˆåŠŸ
[go_vue_admin]2024-08-03 23:25:30.901	[34minfo[0m	/Users/lihao/project/mall-pro/admin-gin/websocket/ws_handle.go:49	websocket è¿æ¥æˆåŠŸ
[go_vue_admin]2024-08-03 23:25:32.844	[34minfo[0m	/Users/lihao/project/mall-pro/admin-gin/websocket/ws_handle.go:49	websocket è¿æ¥æˆåŠŸ
[go_vue_admin]2024-08-03 23:29:34.504	[34minfo[0m	/Users/lihao/project/mall-pro/admin-gin/websocket/ws_handle.go:49	websocket è¿æ¥æˆåŠŸ
[go_vue_admin]2024-08-03 23:29:36.692	[34minfo[0m	/Users/lihao/project/mall-pro/admin-gin/websocket/ws_handle.go:49	websocket è¿æ¥æˆåŠŸ
[go_vue_admin]2024-08-03 23:29:40.251	[34minfo[0m	/Users/lihao/project/mall-pro/admin-gin/websocket/ws_handle.go:49	websocket è¿æ¥æˆåŠŸ
[go_vue_admin]2024-08-03 23:29:42.559	[34minfo[0m	/Users/lihao/project/mall-pro/admin-gin/websocket/ws_handle.go:49	websocket è¿æ¥æˆåŠŸ
[go_vue_admin]2024-08-03 23:29:45.604	[34minfo[0m	/Users/lihao/project/mall-pro/admin-gin/websocket/ws_handle.go:49	websocket è¿æ¥æˆåŠŸ
[go_vue_admin]2024-08-03 23:35:40.520	[34minfo[0m	/Users/lihao/project/mall-pro/admin-gin/websocket/ws_handle.go:49	websocket è¿æ¥æˆåŠŸ
[go_vue_admin]2024-08-03 23:35:58.756	[34minfo[0m	/Users/lihao/project/mall-pro/admin-gin/websocket/ws_handle.go:49	websocket è¿æ¥æˆåŠŸ
[go_vue_admin]2024-08-03 23:36:08.907	[34minfo[0m	/Users/lihao/project/mall-pro/admin-gin/websocket/ws_handle.go:49	websocket è¿æ¥æˆåŠŸ
[go_vue_admin]2024-08-03 23:36:10.893	[34minfo[0m	/Users/lihao/project/mall-pro/admin-gin/websocket/ws_handle.go:49	websocket è¿æ¥æˆåŠŸ
[go_vue_admin]2024-08-03 23:36:49.059	[34minfo[0m	/Users/lihao/project/mall-pro/admin-gin/websocket/ws_handle.go:49	websocket è¿æ¥æˆåŠŸ
[go_vue_admin]2024-08-03 23:36:53.735	[34minfo[0m	/Users/lihao/project/mall-pro/admin-gin/websocket/ws_handle.go:49	websocket è¿æ¥æˆåŠŸ
[go_vue_admin]2024-08-03 23:36:56.399	[34minfo[0m	/Users/lihao/project/mall-pro/admin-gin/websocket/ws_handle.go:49	websocket è¿æ¥æˆåŠŸ
[go_vue_admin]2024-08-03 23:36:58.529	[34minfo[0m	/Users/lihao/project/mall-pro/admin-gin/websocket/ws_handle.go:49	websocket è¿æ¥æˆåŠŸ
[go_vue_admin]2024-08-03 23:37:05.853	[34minfo[0m	/Users/lihao/project/mall-pro/admin-gin/websocket/ws_handle.go:49	websocket è¿æ¥æˆåŠŸ
[go_vue_admin]2024-08-03 23:37:18.023	[34minfo[0m	/Users/lihao/project/mall-pro/admin-gin/websocket/ws_handle.go:49	websocket è¿æ¥æˆåŠŸ
[go_vue_admin]2024-08-03 23:37:22.158	[34minfo[0m	/Users/lihao/project/mall-pro/admin-gin/websocket/ws_handle.go:49	websocket è¿æ¥æˆåŠŸ
[go_vue_admin]2024-08-03 23:37:23.946	[34minfo[0m	/Users/lihao/project/mall-pro/admin-gin/websocket/ws_handle.go:49	websocket è¿æ¥æˆåŠŸ
[go_vue_admin]2024-08-03 23:37:25.185	[34minfo[0m	/Users/lihao/project/mall-pro/admin-gin/websocket/ws_handle.go:49	websocket è¿æ¥æˆåŠŸ
[go_vue_admin]2024-08-03 23:37:27.399	[34minfo[0m	/Users/lihao/project/mall-pro/admin-gin/websocket/ws_handle.go:49	websocket è¿æ¥æˆåŠŸ
[go_vue_admin]2024-08-03 23:37:36.612	[34minfo[0m	/Users/lihao/project/mall-pro/admin-gin/websocket/ws_handle.go:49	websocket è¿æ¥æˆåŠŸ
[go_vue_admin]2024-08-03 23:37:37.529	[34minfo[0m	/Users/lihao/project/mall-pro/admin-gin/websocket/ws_handle.go:49	websocket è¿æ¥æˆåŠŸ
[go_vue_admin]2024-08-03 23:38:08.542	[34minfo[0m	/Users/lihao/project/mall-pro/admin-gin/websocket/ws_handle.go:49	websocket è¿æ¥æˆåŠŸ
[go_vue_admin]2024-08-03 23:38:45.875	[34minfo[0m	/Users/lihao/project/mall-pro/admin-gin/websocket/ws_handle.go:49	websocket è¿æ¥æˆåŠŸ
[go_vue_admin]2024-08-03 23:38:47.637	[34minfo[0m	/Users/lihao/project/mall-pro/admin-gin/websocket/ws_handle.go:49	websocket è¿æ¥æˆåŠŸ
[go_vue_admin]2024-08-03 23:39:40.676	[34minfo[0m	/Users/lihao/project/mall-pro/admin-gin/websocket/ws_handle.go:49	websocket è¿æ¥æˆåŠŸ
[go_vue_admin]2024-08-03 23:39:43.496	[34minfo[0m	/Users/lihao/project/mall-pro/admin-gin/websocket/ws_handle.go:49	websocket è¿æ¥æˆåŠŸ
