[go_vue_admin]2024-07-26 00:06:01.484	[31merror[0m	/Users/lihao/project/mall-pro/admin-gin/websocket/ws_handle.go:69	websocket: close 1001 (going away)
[go_vue_admin]2024-07-26 00:07:37.493	[31merror[0m	/Users/lihao/project/mall-pro/admin-gin/websocket/ws_handle.go:69	websocket: close 1001 (going away)
[go_vue_admin]2024-07-26 00:23:44.049	[31merror[0m	/Users/lihao/project/mall-pro/admin-gin/websocket/ws_handle.go:69	websocket: close 1001 (going away)
[go_vue_admin]2024-07-26 00:28:31.410	[31merror[0m	/Users/lihao/project/mall-pro/admin-gin/websocket/ws_handle.go:69	websocket: close 1001 (going away)
[go_vue_admin]2024-07-26 00:29:02.546	[31merror[0m	/Users/lihao/project/mall-pro/admin-gin/core/server.go:44	net.Listen error: listen tcp 0.0.0.0:8887: bind: address already in use
[go_vue_admin]2024-07-26 00:29:44.338	[31merror[0m	/Users/lihao/project/mall-pro/admin-gin/websocket/ws_handle.go:37	close tcp [::1]:8887->[::1]:55198: use of closed network connection
[go_vue_admin]2024-07-26 00:29:44.338	[31merror[0m	/Users/lihao/project/mall-pro/admin-gin/websocket/ws_handle.go:37	close tcp [::1]:8887->[::1]:56505: use of closed network connection
[go_vue_admin]2024-07-26 00:29:44.338	[31merror[0m	/Users/lihao/project/mall-pro/admin-gin/websocket/ws_handle.go:37	close tcp [::1]:8887->[::1]:54776: use of closed network connection
[go_vue_admin]2024-07-26 00:29:44.338	[31merror[0m	/Users/lihao/project/mall-pro/admin-gin/websocket/ws_handle.go:37	close tcp [::1]:8887->[::1]:52659: use of closed network connection
[go_vue_admin]2024-07-26 00:29:44.339	[31merror[0m	/Users/lihao/project/mall-pro/admin-gin/websocket/ws_handle.go:37	close tcp [::1]:8887->[::1]:51891: use of closed network connection
[go_vue_admin]2024-07-26 00:29:44.339	[31merror[0m	/Users/lihao/project/mall-pro/admin-gin/core/server.go:44	accept tcp [::]:8887: use of closed network connection
[go_vue_admin]2024-07-26 00:29:54.374	[31merror[0m	/Users/lihao/project/mall-pro/admin-gin/core/server.go:44	accept tcp [::]:8887: use of closed network connection
[go_vue_admin]2024-07-26 09:35:11.736	[31merror[0m	/Users/lihao/project/mall-pro/admin-gin/websocket/ws_handle.go:69	read tcp [::1]:8887->[::1]:51265: use of closed network connection
[go_vue_admin]2024-07-26 09:35:11.738	[31merror[0m	/Users/lihao/project/mall-pro/admin-gin/core/server.go:44	accept tcp [::]:8887: use of closed network connection
[go_vue_admin]2024-07-26 10:03:38.663	[31merror[0m	/Users/lihao/project/mall-pro/admin-gin/websocket/ws_handle.go:69	websocket: close 1001 (going away)
[go_vue_admin]2024-07-26 10:06:03.840	[31merror[0m	/Users/lihao/project/mall-pro/admin-gin/websocket/ws_handle.go:69	websocket: close 1001 (going away)
[go_vue_admin]2024-07-26 10:26:42.553	[31merror[0m	/Users/lihao/project/mall-pro/admin-gin/websocket/ws_handle.go:69	websocket: close 1001 (going away)
[go_vue_admin]2024-07-26 10:27:56.261	[31merror[0m	/Users/lihao/project/mall-pro/admin-gin/websocket/ws_handle.go:69	websocket: close 1001 (going away)
[go_vue_admin]2024-07-26 14:57:02.846	[31merror[0m	/Users/lihao/project/mall-pro/admin-gin/core/server.go:44	accept tcp [::]:8887: use of closed network connection
[go_vue_admin]2024-07-26 14:57:02.846	[31merror[0m	/Users/lihao/project/mall-pro/admin-gin/websocket/ws_handle.go:37	close tcp [::1]:8887->[::1]:58394: use of closed network connection
[go_vue_admin]2024-07-26 14:57:02.846	[31merror[0m	/Users/lihao/project/mall-pro/admin-gin/websocket/ws_handle.go:37	close tcp [::1]:8887->[::1]:57667: use of closed network connection
[go_vue_admin]2024-07-26 15:15:49.786	[31merror[0m	/Users/lihao/project/mall-pro/admin-gin/websocket/ws_handle.go:69	read tcp [::1]:8887->[::1]:56067: use of closed network connection
[go_vue_admin]2024-07-26 15:15:49.787	[31merror[0m	/Users/lihao/project/mall-pro/admin-gin/core/server.go:44	accept tcp [::]:8887: use of closed network connection
[go_vue_admin]2024-07-26 15:17:36.067	[31merror[0m	/Users/lihao/project/mall-pro/admin-gin/websocket/ws_handle.go:69	read tcp [::1]:8887->[::1]:61325: use of closed network connection
[go_vue_admin]2024-07-26 15:17:36.068	[31merror[0m	/Users/lihao/project/mall-pro/admin-gin/core/server.go:44	accept tcp [::]:8887: use of closed network connection
[go_vue_admin]2024-07-26 15:18:52.066	[31merror[0m	/Users/lihao/project/mall-pro/admin-gin/websocket/ws_handle.go:69	read tcp [::1]:8887->[::1]:61840: use of closed network connection
[go_vue_admin]2024-07-26 15:18:52.066	[31merror[0m	/Users/lihao/project/mall-pro/admin-gin/core/server.go:44	accept tcp [::]:8887: use of closed network connection
[go_vue_admin]2024-07-26 15:50:54.201	[31merror[0m	/Users/lihao/project/mall-pro/admin-gin/websocket/ws_handle.go:69	websocket: close 1001 (going away)
[go_vue_admin]2024-07-26 15:54:03.951	[31merror[0m	/Users/lihao/project/mall-pro/admin-gin/websocket/ws_handle.go:69	websocket: close 1001 (going away)
[go_vue_admin]2024-07-26 15:54:50.119	[31merror[0m	/Users/lihao/project/mall-pro/admin-gin/websocket/ws_handle.go:69	websocket: close 1001 (going away)
[go_vue_admin]2024-07-26 15:54:55.129	[31merror[0m	/Users/lihao/project/mall-pro/admin-gin/websocket/ws_handle.go:69	websocket: close 1001 (going away)
[go_vue_admin]2024-07-26 15:57:01.171	[31merror[0m	/Users/lihao/project/mall-pro/admin-gin/websocket/ws_handle.go:69	websocket: close 1001 (going away)
[go_vue_admin]2024-07-26 16:01:26.207	[31merror[0m	/Users/lihao/project/mall-pro/admin-gin/websocket/ws_handle.go:69	websocket: close 1001 (going away)
[go_vue_admin]2024-07-26 16:03:18.118	[31merror[0m	/Users/lihao/project/mall-pro/admin-gin/websocket/ws_handle.go:69	websocket: close 1001 (going away)
[go_vue_admin]2024-07-26 16:03:34.137	[31merror[0m	/Users/lihao/project/mall-pro/admin-gin/websocket/ws_handle.go:69	websocket: close 1001 (going away)
[go_vue_admin]2024-07-26 16:04:03.777	[31merror[0m	/Users/lihao/project/mall-pro/admin-gin/websocket/ws_handle.go:69	websocket: close 1001 (going away)
[go_vue_admin]2024-07-26 16:04:33.131	[31merror[0m	/Users/lihao/project/mall-pro/admin-gin/websocket/ws_handle.go:69	websocket: close 1001 (going away)
[go_vue_admin]2024-07-26 16:04:39.411	[31merror[0m	/Users/lihao/project/mall-pro/admin-gin/websocket/ws_handle.go:69	websocket: close 1001 (going away)
[go_vue_admin]2024-07-26 16:05:27.170	[31merror[0m	/Users/lihao/project/mall-pro/admin-gin/websocket/ws_handle.go:69	websocket: close 1001 (going away)
[go_vue_admin]2024-07-26 16:05:49.711	[31merror[0m	/Users/lihao/project/mall-pro/admin-gin/websocket/ws_handle.go:69	websocket: close 1001 (going away)
[go_vue_admin]2024-07-26 16:06:13.560	[31merror[0m	/Users/lihao/project/mall-pro/admin-gin/websocket/ws_handle.go:69	websocket: close 1001 (going away)
[go_vue_admin]2024-07-26 16:06:32.079	[31merror[0m	/Users/lihao/project/mall-pro/admin-gin/websocket/ws_handle.go:69	websocket: close 1001 (going away)
[go_vue_admin]2024-07-26 16:06:51.311	[31merror[0m	/Users/lihao/project/mall-pro/admin-gin/websocket/ws_handle.go:69	websocket: close 1001 (going away)
[go_vue_admin]2024-07-26 16:08:48.839	[31merror[0m	/Users/lihao/project/mall-pro/admin-gin/websocket/ws_handle.go:69	websocket: close 1001 (going away)
[go_vue_admin]2024-07-26 16:09:37.763	[31merror[0m	/Users/lihao/project/mall-pro/admin-gin/websocket/ws_handle.go:69	websocket: close 1001 (going away)
[go_vue_admin]2024-07-26 16:09:41.937	[31merror[0m	/Users/lihao/project/mall-pro/admin-gin/websocket/ws_handle.go:69	websocket: close 1001 (going away)
[go_vue_admin]2024-07-26 16:09:59.839	[31merror[0m	/Users/lihao/project/mall-pro/admin-gin/websocket/ws_handle.go:69	websocket: close 1001 (going away)
[go_vue_admin]2024-07-26 16:11:51.369	[31merror[0m	/Users/lihao/project/mall-pro/admin-gin/websocket/ws_handle.go:69	websocket: close 1001 (going away)
[go_vue_admin]2024-07-26 16:13:08.256	[31merror[0m	/Users/lihao/project/mall-pro/admin-gin/websocket/ws_handle.go:69	websocket: close 1001 (going away)
[go_vue_admin]2024-07-26 16:19:38.101	[31merror[0m	/Users/lihao/project/mall-pro/admin-gin/websocket/ws_handle.go:69	websocket: close 1001 (going away)
[go_vue_admin]2024-07-26 16:21:13.628	[31merror[0m	/Users/lihao/project/mall-pro/admin-gin/websocket/ws_handle.go:69	websocket: close 1001 (going away)
[go_vue_admin]2024-07-26 16:21:22.443	[31merror[0m	/Users/lihao/project/mall-pro/admin-gin/websocket/ws_handle.go:69	websocket: close 1001 (going away)
[go_vue_admin]2024-07-26 16:22:31.376	[31merror[0m	/Users/lihao/project/mall-pro/admin-gin/websocket/ws_handle.go:69	websocket: close 1001 (going away)
[go_vue_admin]2024-07-26 16:22:41.725	[31merror[0m	/Users/lihao/project/mall-pro/admin-gin/websocket/ws_handle.go:69	websocket: close 1001 (going away)
[go_vue_admin]2024-07-26 16:23:27.137	[31merror[0m	/Users/lihao/project/mall-pro/admin-gin/websocket/ws_handle.go:69	websocket: close 1001 (going away)
[go_vue_admin]2024-07-26 16:23:29.776	[31merror[0m	/Users/lihao/project/mall-pro/admin-gin/websocket/ws_handle.go:69	websocket: close 1001 (going away)
[go_vue_admin]2024-07-26 16:24:17.795	[31merror[0m	/Users/lihao/project/mall-pro/admin-gin/websocket/ws_handle.go:69	websocket: close 1001 (going away)
[go_vue_admin]2024-07-26 16:24:28.257	[31merror[0m	/Users/lihao/project/mall-pro/admin-gin/websocket/ws_handle.go:69	websocket: close 1001 (going away)
[go_vue_admin]2024-07-26 16:24:40.433	[31merror[0m	/Users/lihao/project/mall-pro/admin-gin/websocket/ws_handle.go:69	websocket: close 1001 (going away)
[go_vue_admin]2024-07-26 16:25:13.566	[31merror[0m	/Users/lihao/project/mall-pro/admin-gin/websocket/ws_handle.go:69	websocket: close 1001 (going away)
[go_vue_admin]2024-07-26 16:26:23.774	[31merror[0m	/Users/lihao/project/mall-pro/admin-gin/websocket/ws_handle.go:69	websocket: close 1001 (going away)
[go_vue_admin]2024-07-26 16:26:29.862	[31merror[0m	/Users/lihao/project/mall-pro/admin-gin/websocket/ws_handle.go:69	websocket: close 1001 (going away)
[go_vue_admin]2024-07-26 16:26:53.227	[31merror[0m	/Users/lihao/project/mall-pro/admin-gin/websocket/ws_handle.go:69	websocket: close 1001 (going away)
[go_vue_admin]2024-07-26 16:27:21.508	[31merror[0m	/Users/lihao/project/mall-pro/admin-gin/websocket/ws_handle.go:69	websocket: close 1001 (going away)
[go_vue_admin]2024-07-26 16:27:24.185	[31merror[0m	/Users/lihao/project/mall-pro/admin-gin/websocket/ws_handle.go:69	websocket: close 1001 (going away)
[go_vue_admin]2024-07-26 16:29:13.544	[31merror[0m	/Users/lihao/project/mall-pro/admin-gin/websocket/ws_handle.go:69	websocket: close 1001 (going away)
[go_vue_admin]2024-07-26 16:29:22.717	[31merror[0m	/Users/lihao/project/mall-pro/admin-gin/websocket/ws_handle.go:69	websocket: close 1001 (going away)
[go_vue_admin]2024-07-26 16:29:46.783	[31merror[0m	/Users/lihao/project/mall-pro/admin-gin/websocket/ws_handle.go:69	websocket: close 1001 (going away)
[go_vue_admin]2024-07-26 16:30:32.387	[31merror[0m	/Users/lihao/project/mall-pro/admin-gin/websocket/ws_handle.go:69	websocket: close 1001 (going away)
[go_vue_admin]2024-07-26 16:30:45.570	[31merror[0m	/Users/lihao/project/mall-pro/admin-gin/websocket/ws_handle.go:69	websocket: close 1001 (going away)
[go_vue_admin]2024-07-26 16:31:07.462	[31merror[0m	/Users/lihao/project/mall-pro/admin-gin/websocket/ws_handle.go:69	websocket: close 1001 (going away)
[go_vue_admin]2024-07-26 16:31:14.012	[31merror[0m	/Users/lihao/project/mall-pro/admin-gin/websocket/ws_handle.go:69	websocket: close 1001 (going away)
[go_vue_admin]2024-07-26 16:31:52.125	[31merror[0m	/Users/lihao/project/mall-pro/admin-gin/websocket/ws_handle.go:69	websocket: close 1001 (going away)
[go_vue_admin]2024-07-26 16:32:21.119	[31merror[0m	/Users/lihao/project/mall-pro/admin-gin/websocket/ws_handle.go:69	websocket: close 1001 (going away)
[go_vue_admin]2024-07-26 16:33:14.444	[31merror[0m	/Users/lihao/project/mall-pro/admin-gin/websocket/ws_handle.go:69	websocket: close 1001 (going away)
[go_vue_admin]2024-07-26 16:33:33.464	[31merror[0m	/Users/lihao/project/mall-pro/admin-gin/websocket/ws_handle.go:69	websocket: close 1001 (going away)
[go_vue_admin]2024-07-26 16:33:33.657	[31merror[0m	/Users/lihao/project/mall-pro/admin-gin/websocket/ws_handle.go:69	websocket: close 1001 (going away)
[go_vue_admin]2024-07-26 16:33:33.865	[31merror[0m	/Users/lihao/project/mall-pro/admin-gin/websocket/ws_handle.go:69	websocket: close 1001 (going away)
[go_vue_admin]2024-07-26 16:34:02.327	[31merror[0m	/Users/lihao/project/mall-pro/admin-gin/websocket/ws_handle.go:69	websocket: close 1001 (going away)
[go_vue_admin]2024-07-26 16:34:23.561	[31merror[0m	/Users/lihao/project/mall-pro/admin-gin/websocket/ws_handle.go:69	websocket: close 1001 (going away)
[go_vue_admin]2024-07-26 16:35:08.292	[31merror[0m	/Users/lihao/project/mall-pro/admin-gin/websocket/ws_handle.go:69	websocket: close 1001 (going away)
[go_vue_admin]2024-07-26 16:35:45.752	[31merror[0m	/Users/lihao/project/mall-pro/admin-gin/websocket/ws_handle.go:69	websocket: close 1001 (going away)
[go_vue_admin]2024-07-26 16:36:09.505	[31merror[0m	/Users/lihao/project/mall-pro/admin-gin/websocket/ws_handle.go:69	websocket: close 1001 (going away)
[go_vue_admin]2024-07-26 16:36:28.049	[31merror[0m	/Users/lihao/project/mall-pro/admin-gin/websocket/ws_handle.go:69	websocket: close 1001 (going away)
[go_vue_admin]2024-07-26 16:36:32.405	[31merror[0m	/Users/lihao/project/mall-pro/admin-gin/websocket/ws_handle.go:69	websocket: close 1001 (going away)
[go_vue_admin]2024-07-26 16:37:27.805	[31merror[0m	/Users/lihao/project/mall-pro/admin-gin/websocket/ws_handle.go:69	websocket: close 1001 (going away)
[go_vue_admin]2024-07-26 16:37:34.083	[31merror[0m	/Users/lihao/project/mall-pro/admin-gin/websocket/ws_handle.go:69	websocket: close 1001 (going away)
[go_vue_admin]2024-07-26 16:37:40.474	[31merror[0m	/Users/lihao/project/mall-pro/admin-gin/websocket/ws_handle.go:69	websocket: close 1001 (going away)
[go_vue_admin]2024-07-26 16:38:41.491	[31merror[0m	/Users/lihao/project/mall-pro/admin-gin/websocket/ws_handle.go:69	websocket: close 1001 (going away)
[go_vue_admin]2024-07-26 16:47:03.940	[31merror[0m	/Users/lihao/project/mall-pro/admin-gin/websocket/ws_handle.go:69	websocket: close 1001 (going away)
[go_vue_admin]2024-07-26 16:47:46.835	[31merror[0m	/Users/lihao/project/mall-pro/admin-gin/websocket/ws_handle.go:69	websocket: close 1001 (going away)
[go_vue_admin]2024-07-26 16:48:00.130	[31merror[0m	/Users/lihao/project/mall-pro/admin-gin/websocket/ws_handle.go:69	websocket: close 1001 (going away)
[go_vue_admin]2024-07-26 16:48:50.661	[31merror[0m	/Users/lihao/project/mall-pro/admin-gin/websocket/ws_handle.go:69	websocket: close 1001 (going away)
[go_vue_admin]2024-07-26 16:50:08.048	[31merror[0m	/Users/lihao/project/mall-pro/admin-gin/websocket/ws_handle.go:69	websocket: close 1001 (going away)
[go_vue_admin]2024-07-26 16:51:06.008	[31merror[0m	/Users/lihao/project/mall-pro/admin-gin/websocket/ws_handle.go:69	websocket: close 1001 (going away)
[go_vue_admin]2024-07-26 16:54:32.511	[31merror[0m	/Users/lihao/project/mall-pro/admin-gin/websocket/ws_handle.go:69	websocket: close 1001 (going away)
[go_vue_admin]2024-07-26 16:55:43.734	[31merror[0m	/Users/lihao/project/mall-pro/admin-gin/websocket/ws_handle.go:69	websocket: close 1001 (going away)
[go_vue_admin]2024-07-26 17:18:38.212	[31merror[0m	/Users/lihao/project/mall-pro/admin-gin/websocket/ws_handle.go:69	read tcp [::1]:8887->[::1]:57371: use of closed network connection
[go_vue_admin]2024-07-26 17:18:38.213	[31merror[0m	/Users/lihao/project/mall-pro/admin-gin/websocket/ws_handle.go:37	close tcp [::1]:8887->[::1]:55377: use of closed network connection
[go_vue_admin]2024-07-26 17:18:38.213	[31merror[0m	/Users/lihao/project/mall-pro/admin-gin/websocket/ws_handle.go:37	close tcp [::1]:8887->[::1]:59369: use of closed network connection
[go_vue_admin]2024-07-26 17:18:38.213	[31merror[0m	/Users/lihao/project/mall-pro/admin-gin/websocket/ws_handle.go:37	close tcp [::1]:8887->[::1]:51227: use of closed network connection
[go_vue_admin]2024-07-26 17:18:38.212	[31merror[0m	/Users/lihao/project/mall-pro/admin-gin/websocket/ws_handle.go:37	close tcp [::1]:8887->[::1]:50186: use of closed network connection
[go_vue_admin]2024-07-26 17:18:38.212	[31merror[0m	/Users/lihao/project/mall-pro/admin-gin/websocket/ws_handle.go:37	close tcp [::1]:8887->[::1]:51344: use of closed network connection
[go_vue_admin]2024-07-26 17:18:38.212	[31merror[0m	/Users/lihao/project/mall-pro/admin-gin/websocket/ws_handle.go:37	close tcp [::1]:8887->[::1]:52163: use of closed network connection
[go_vue_admin]2024-07-26 17:18:38.212	[31merror[0m	/Users/lihao/project/mall-pro/admin-gin/websocket/ws_handle.go:37	close tcp [::1]:8887->[::1]:64281: use of closed network connection
[go_vue_admin]2024-07-26 17:18:38.213	[31merror[0m	/Users/lihao/project/mall-pro/admin-gin/websocket/ws_handle.go:37	close tcp [::1]:8887->[::1]:59275: use of closed network connection
[go_vue_admin]2024-07-26 17:18:38.213	[31merror[0m	/Users/lihao/project/mall-pro/admin-gin/websocket/ws_handle.go:37	close tcp [::1]:8887->[::1]:50687: use of closed network connection
[go_vue_admin]2024-07-26 17:18:38.212	[31merror[0m	/Users/lihao/project/mall-pro/admin-gin/websocket/ws_handle.go:37	close tcp [::1]:8887->[::1]:51075: use of closed network connection
[go_vue_admin]2024-07-26 17:18:38.212	[31merror[0m	/Users/lihao/project/mall-pro/admin-gin/websocket/ws_handle.go:37	close tcp [::1]:8887->[::1]:58472: use of closed network connection
[go_vue_admin]2024-07-26 17:18:38.212	[31merror[0m	/Users/lihao/project/mall-pro/admin-gin/websocket/ws_handle.go:37	close tcp [::1]:8887->[::1]:55223: use of closed network connection
[go_vue_admin]2024-07-26 17:18:38.212	[31merror[0m	/Users/lihao/project/mall-pro/admin-gin/websocket/ws_handle.go:37	close tcp [::1]:8887->[::1]:63608: use of closed network connection
[go_vue_admin]2024-07-26 17:18:38.212	[31merror[0m	/Users/lihao/project/mall-pro/admin-gin/websocket/ws_handle.go:37	close tcp [::1]:8887->[::1]:63671: use of closed network connection
[go_vue_admin]2024-07-26 17:18:38.212	[31merror[0m	/Users/lihao/project/mall-pro/admin-gin/websocket/ws_handle.go:37	close tcp [::1]:8887->[::1]:54401: use of closed network connection
[go_vue_admin]2024-07-26 17:18:38.213	[31merror[0m	/Users/lihao/project/mall-pro/admin-gin/websocket/ws_handle.go:37	close tcp [::1]:8887->[::1]:55030: use of closed network connection
[go_vue_admin]2024-07-26 17:18:38.213	[31merror[0m	/Users/lihao/project/mall-pro/admin-gin/websocket/ws_handle.go:37	close tcp [::1]:8887->[::1]:58218: use of closed network connection
[go_vue_admin]2024-07-26 17:18:38.216	[31merror[0m	/Users/lihao/project/mall-pro/admin-gin/core/server.go:44	accept tcp [::]:8887: use of closed network connection
[go_vue_admin]2024-07-26 17:18:38.213	[31merror[0m	/Users/lihao/project/mall-pro/admin-gin/websocket/ws_handle.go:37	close tcp [::1]:8887->[::1]:55871: use of closed network connection
[go_vue_admin]2024-07-26 17:18:38.213	[31merror[0m	/Users/lihao/project/mall-pro/admin-gin/websocket/ws_handle.go:37	close tcp [::1]:8887->[::1]:57062: use of closed network connection
[go_vue_admin]2024-07-26 17:18:38.213	[31merror[0m	/Users/lihao/project/mall-pro/admin-gin/websocket/ws_handle.go:37	close tcp [::1]:8887->[::1]:61245: use of closed network connection
[go_vue_admin]2024-07-26 17:20:37.562	[31merror[0m	/Users/lihao/project/mall-pro/admin-gin/websocket/ws_handle.go:69	websocket: close 1001 (going away)
[go_vue_admin]2024-07-26 17:21:44.830	[31merror[0m	/Users/lihao/project/mall-pro/admin-gin/websocket/ws_handle.go:69	websocket: close 1001 (going away)
[go_vue_admin]2024-07-26 17:22:06.519	[31merror[0m	/Users/lihao/project/mall-pro/admin-gin/websocket/ws_handle.go:69	websocket: close 1001 (going away)
[go_vue_admin]2024-07-26 17:23:36.701	[31merror[0m	/Users/lihao/project/mall-pro/admin-gin/websocket/ws_handle.go:69	websocket: close 1001 (going away)
[go_vue_admin]2024-07-26 17:23:53.809	[31merror[0m	/Users/lihao/project/mall-pro/admin-gin/websocket/ws_handle.go:69	websocket: close 1001 (going away)
[go_vue_admin]2024-07-26 17:24:40.677	[31merror[0m	/Users/lihao/project/mall-pro/admin-gin/websocket/ws_handle.go:69	websocket: close 1001 (going away)
[go_vue_admin]2024-07-26 17:26:31.012	[31merror[0m	/Users/lihao/project/mall-pro/admin-gin/websocket/ws_handle.go:69	websocket: close 1001 (going away)
[go_vue_admin]2024-07-26 17:26:47.063	[31merror[0m	/Users/lihao/project/mall-pro/admin-gin/websocket/ws_handle.go:69	websocket: close 1001 (going away)
[go_vue_admin]2024-07-26 17:27:33.229	[31merror[0m	/Users/lihao/project/mall-pro/admin-gin/websocket/ws_handle.go:69	websocket: close 1001 (going away)
[go_vue_admin]2024-07-26 17:41:58.073	[31merror[0m	/Users/lihao/project/mall-pro/admin-gin/websocket/ws_handle.go:69	websocket: close 1001 (going away)
[go_vue_admin]2024-07-26 17:42:04.906	[31merror[0m	/Users/lihao/project/mall-pro/admin-gin/websocket/ws_handle.go:69	websocket: close 1001 (going away)
[go_vue_admin]2024-07-26 17:42:36.268	[31merror[0m	/Users/lihao/project/mall-pro/admin-gin/websocket/ws_handle.go:69	websocket: close 1001 (going away)
[go_vue_admin]2024-07-26 17:42:51.659	[31merror[0m	/Users/lihao/project/mall-pro/admin-gin/websocket/ws_handle.go:69	websocket: close 1001 (going away)
[go_vue_admin]2024-07-26 17:44:24.456	[31merror[0m	/Users/lihao/project/mall-pro/admin-gin/websocket/ws_handle.go:69	websocket: close 1001 (going away)
[go_vue_admin]2024-07-26 17:50:43.929	[31merror[0m	/Users/lihao/project/mall-pro/admin-gin/websocket/ws_handle.go:69	websocket: close 1001 (going away)
[go_vue_admin]2024-07-26 17:51:17.897	[31merror[0m	/Users/lihao/project/mall-pro/admin-gin/websocket/ws_handle.go:69	websocket: close 1001 (going away)
[go_vue_admin]2024-07-26 17:53:45.459	[31merror[0m	/Users/lihao/project/mall-pro/admin-gin/websocket/ws_handle.go:69	websocket: close 1001 (going away)
[go_vue_admin]2024-07-26 17:55:24.851	[31merror[0m	/Users/lihao/project/mall-pro/admin-gin/websocket/ws_handle.go:69	websocket: close 1001 (going away)
[go_vue_admin]2024-07-26 17:55:29.904	[31merror[0m	/Users/lihao/project/mall-pro/admin-gin/websocket/ws_handle.go:69	websocket: close 1001 (going away)
[go_vue_admin]2024-07-26 17:55:45.499	[31merror[0m	/Users/lihao/project/mall-pro/admin-gin/websocket/ws_handle.go:69	websocket: close 1001 (going away)
[go_vue_admin]2024-07-26 17:56:43.974	[31merror[0m	/Users/lihao/project/mall-pro/admin-gin/websocket/ws_handle.go:69	websocket: close 1001 (going away)
[go_vue_admin]2024-07-26 17:56:53.960	[31merror[0m	/Users/lihao/project/mall-pro/admin-gin/websocket/ws_handle.go:69	websocket: close 1001 (going away)
[go_vue_admin]2024-07-26 17:57:02.526	[31merror[0m	/Users/lihao/project/mall-pro/admin-gin/websocket/ws_handle.go:69	websocket: close 1001 (going away)
[go_vue_admin]2024-07-26 17:58:59.577	[31merror[0m	/Users/lihao/project/mall-pro/admin-gin/websocket/ws_handle.go:69	websocket: close 1001 (going away)
[go_vue_admin]2024-07-26 17:59:17.456	[31merror[0m	/Users/lihao/project/mall-pro/admin-gin/websocket/ws_handle.go:69	websocket: close 1001 (going away)
[go_vue_admin]2024-07-26 17:59:35.810	[31merror[0m	/Users/lihao/project/mall-pro/admin-gin/websocket/ws_handle.go:69	websocket: close 1001 (going away)
[go_vue_admin]2024-07-26 17:59:55.428	[31merror[0m	/Users/lihao/project/mall-pro/admin-gin/websocket/ws_handle.go:69	websocket: close 1001 (going away)
[go_vue_admin]2024-07-26 18:00:01.561	[31merror[0m	/Users/lihao/project/mall-pro/admin-gin/websocket/ws_handle.go:69	websocket: close 1001 (going away)
[go_vue_admin]2024-07-26 18:00:07.752	[31merror[0m	/Users/lihao/project/mall-pro/admin-gin/websocket/ws_handle.go:69	websocket: close 1001 (going away)
[go_vue_admin]2024-07-26 18:00:25.265	[31merror[0m	/Users/lihao/project/mall-pro/admin-gin/websocket/ws_handle.go:69	websocket: close 1001 (going away)
[go_vue_admin]2024-07-26 18:00:32.726	[31merror[0m	/Users/lihao/project/mall-pro/admin-gin/websocket/ws_handle.go:69	websocket: close 1001 (going away)
[go_vue_admin]2024-07-26 18:00:46.238	[31merror[0m	/Users/lihao/project/mall-pro/admin-gin/websocket/ws_handle.go:69	websocket: close 1001 (going away)
[go_vue_admin]2024-07-26 18:01:12.663	[31merror[0m	/Users/lihao/project/mall-pro/admin-gin/websocket/ws_handle.go:69	websocket: close 1001 (going away)
[go_vue_admin]2024-07-26 18:02:19.543	[31merror[0m	/Users/lihao/project/mall-pro/admin-gin/websocket/ws_handle.go:69	websocket: close 1001 (going away)
[go_vue_admin]2024-07-26 18:03:03.826	[31merror[0m	/Users/lihao/project/mall-pro/admin-gin/websocket/ws_handle.go:69	websocket: close 1001 (going away)
[go_vue_admin]2024-07-26 18:03:39.415	[31merror[0m	/Users/lihao/project/mall-pro/admin-gin/websocket/ws_handle.go:69	websocket: close 1001 (going away)
[go_vue_admin]2024-07-26 18:04:02.512	[31merror[0m	/Users/lihao/project/mall-pro/admin-gin/websocket/ws_handle.go:69	websocket: close 1001 (going away)
[go_vue_admin]2024-07-26 18:04:19.039	[31merror[0m	/Users/lihao/project/mall-pro/admin-gin/websocket/ws_handle.go:69	websocket: close 1001 (going away)
[go_vue_admin]2024-07-26 18:06:03.884	[31merror[0m	/Users/lihao/project/mall-pro/admin-gin/websocket/ws_handle.go:69	websocket: close 1001 (going away)
[go_vue_admin]2024-07-26 18:07:20.965	[31merror[0m	/Users/lihao/project/mall-pro/admin-gin/websocket/ws_handle.go:69	websocket: close 1001 (going away)
[go_vue_admin]2024-07-26 18:07:23.700	[31merror[0m	/Users/lihao/project/mall-pro/admin-gin/websocket/ws_handle.go:69	websocket: close 1001 (going away)
[go_vue_admin]2024-07-26 18:07:34.372	[31merror[0m	/Users/lihao/project/mall-pro/admin-gin/websocket/ws_handle.go:69	websocket: close 1001 (going away)
[go_vue_admin]2024-07-26 18:24:10.981	[31merror[0m	/Users/lihao/project/mall-pro/admin-gin/websocket/ws_handle.go:69	websocket: close 1001 (going away)
[go_vue_admin]2024-07-26 18:26:26.363	[31merror[0m	/Users/lihao/project/mall-pro/admin-gin/websocket/ws_handle.go:69	websocket: close 1001 (going away)
[go_vue_admin]2024-07-26 18:26:32.569	[31merror[0m	/Users/lihao/project/mall-pro/admin-gin/websocket/ws_handle.go:69	websocket: close 1001 (going away)
[go_vue_admin]2024-07-26 18:27:05.690	[31merror[0m	/Users/lihao/project/mall-pro/admin-gin/websocket/ws_handle.go:69	websocket: close 1001 (going away)
[go_vue_admin]2024-07-26 18:27:34.058	[31merror[0m	/Users/lihao/project/mall-pro/admin-gin/websocket/ws_handle.go:69	websocket: close 1001 (going away)
[go_vue_admin]2024-07-26 18:29:08.272	[31merror[0m	/Users/lihao/project/mall-pro/admin-gin/websocket/ws_handle.go:69	websocket: close 1001 (going away)
[go_vue_admin]2024-07-26 18:30:16.482	[31merror[0m	/Users/lihao/project/mall-pro/admin-gin/websocket/ws_handle.go:69	websocket: close 1001 (going away)
[go_vue_admin]2024-07-26 18:31:12.207	[31merror[0m	/Users/lihao/project/mall-pro/admin-gin/websocket/ws_handle.go:69	websocket: close 1001 (going away)
[go_vue_admin]2024-07-26 18:31:35.449	[31merror[0m	/Users/lihao/project/mall-pro/admin-gin/websocket/ws_handle.go:69	websocket: close 1001 (going away)
[go_vue_admin]2024-07-26 18:31:43.347	[31merror[0m	/Users/lihao/project/mall-pro/admin-gin/websocket/ws_handle.go:69	websocket: close 1001 (going away)
[go_vue_admin]2024-07-26 18:32:19.193	[31merror[0m	/Users/lihao/project/mall-pro/admin-gin/websocket/ws_handle.go:69	websocket: close 1001 (going away)
[go_vue_admin]2024-07-26 18:32:33.380	[31merror[0m	/Users/lihao/project/mall-pro/admin-gin/websocket/ws_handle.go:69	websocket: close 1001 (going away)
[go_vue_admin]2024-07-26 18:32:40.638	[31merror[0m	/Users/lihao/project/mall-pro/admin-gin/websocket/ws_handle.go:69	websocket: close 1001 (going away)
[go_vue_admin]2024-07-26 18:34:00.192	[31merror[0m	/Users/lihao/project/mall-pro/admin-gin/websocket/ws_handle.go:69	websocket: close 1001 (going away)
[go_vue_admin]2024-07-26 18:40:47.813	[31merror[0m	/Users/lihao/project/mall-pro/admin-gin/websocket/ws_handle.go:69	websocket: close 1001 (going away)
[go_vue_admin]2024-07-26 18:43:00.901	[31merror[0m	/Users/lihao/project/mall-pro/admin-gin/websocket/ws_handle.go:69	websocket: close 1001 (going away)
[go_vue_admin]2024-07-26 18:43:33.164	[31merror[0m	/Users/lihao/project/mall-pro/admin-gin/websocket/ws_handle.go:69	websocket: close 1001 (going away)
[go_vue_admin]2024-07-26 18:44:05.917	[31merror[0m	/Users/lihao/project/mall-pro/admin-gin/websocket/ws_handle.go:69	websocket: close 1001 (going away)
[go_vue_admin]2024-07-26 18:44:58.171	[31merror[0m	/Users/lihao/project/mall-pro/admin-gin/websocket/ws_handle.go:69	websocket: close 1001 (going away)
[go_vue_admin]2024-07-26 18:45:41.956	[31merror[0m	/Users/lihao/project/mall-pro/admin-gin/websocket/ws_handle.go:69	websocket: close 1001 (going away)
[go_vue_admin]2024-07-26 18:45:44.522	[31merror[0m	/Users/lihao/project/mall-pro/admin-gin/websocket/ws_handle.go:69	websocket: close 1001 (going away)
[go_vue_admin]2024-07-26 18:46:13.076	[31merror[0m	/Users/lihao/project/mall-pro/admin-gin/websocket/ws_handle.go:69	websocket: close 1001 (going away)
[go_vue_admin]2024-07-26 18:46:59.756	[31merror[0m	/Users/lihao/project/mall-pro/admin-gin/websocket/ws_handle.go:69	websocket: close 1001 (going away)
[go_vue_admin]2024-07-26 18:47:12.107	[31merror[0m	/Users/lihao/project/mall-pro/admin-gin/websocket/ws_handle.go:69	websocket: close 1001 (going away)
[go_vue_admin]2024-07-26 18:51:05.809	[31merror[0m	/Users/lihao/project/mall-pro/admin-gin/websocket/ws_handle.go:69	websocket: close 1001 (going away)
[go_vue_admin]2024-07-26 18:57:53.099	[31merror[0m	/Users/lihao/project/mall-pro/admin-gin/websocket/ws_handle.go:69	websocket: close 1001 (going away)
[go_vue_admin]2024-07-26 19:00:11.211	[31merror[0m	/Users/lihao/project/mall-pro/admin-gin/websocket/ws_handle.go:69	websocket: close 1001 (going away)
[go_vue_admin]2024-07-26 19:00:29.455	[31merror[0m	/Users/lihao/project/mall-pro/admin-gin/websocket/ws_handle.go:69	websocket: close 1001 (going away)
[go_vue_admin]2024-07-26 19:01:29.279	[31merror[0m	/Users/lihao/project/mall-pro/admin-gin/websocket/ws_handle.go:69	websocket: close 1001 (going away)
[go_vue_admin]2024-07-26 19:05:17.622	[31merror[0m	/Users/lihao/project/mall-pro/admin-gin/websocket/ws_handle.go:69	websocket: close 1001 (going away)
[go_vue_admin]2024-07-26 19:06:52.848	[31merror[0m	/Users/lihao/project/mall-pro/admin-gin/websocket/ws_handle.go:69	websocket: close 1001 (going away)
[go_vue_admin]2024-07-26 19:08:23.132	[31merror[0m	/Users/lihao/project/mall-pro/admin-gin/websocket/ws_handle.go:69	websocket: close 1001 (going away)
[go_vue_admin]2024-07-26 19:08:55.123	[31merror[0m	/Users/lihao/project/mall-pro/admin-gin/websocket/ws_handle.go:69	websocket: close 1001 (going away)
[go_vue_admin]2024-07-26 19:09:00.909	[31merror[0m	/Users/lihao/project/mall-pro/admin-gin/websocket/ws_handle.go:69	websocket: close 1001 (going away)
[go_vue_admin]2024-07-26 19:10:11.038	[31merror[0m	/Users/lihao/project/mall-pro/admin-gin/websocket/ws_handle.go:69	websocket: close 1001 (going away)
[go_vue_admin]2024-07-26 19:11:57.048	[31merror[0m	/Users/lihao/project/mall-pro/admin-gin/websocket/ws_handle.go:69	websocket: close 1001 (going away)
[go_vue_admin]2024-07-26 19:13:02.258	[31merror[0m	/Users/lihao/project/mall-pro/admin-gin/websocket/ws_handle.go:69	websocket: close 1001 (going away)
[go_vue_admin]2024-07-26 19:13:10.071	[31merror[0m	/Users/lihao/project/mall-pro/admin-gin/websocket/ws_handle.go:69	websocket: close 1001 (going away)
[go_vue_admin]2024-07-26 19:13:15.166	[31merror[0m	/Users/lihao/project/mall-pro/admin-gin/websocket/ws_handle.go:69	websocket: close 1001 (going away)
[go_vue_admin]2024-07-26 19:13:28.801	[31merror[0m	/Users/lihao/project/mall-pro/admin-gin/websocket/ws_handle.go:69	websocket: close 1001 (going away)
[go_vue_admin]2024-07-26 19:13:35.757	[31merror[0m	/Users/lihao/project/mall-pro/admin-gin/websocket/ws_handle.go:69	websocket: close 1001 (going away)
[go_vue_admin]2024-07-26 19:14:48.652	[31merror[0m	/Users/lihao/project/mall-pro/admin-gin/websocket/ws_handle.go:69	websocket: close 1001 (going away)
[go_vue_admin]2024-07-26 19:14:56.124	[31merror[0m	/Users/lihao/project/mall-pro/admin-gin/websocket/ws_handle.go:69	websocket: close 1001 (going away)
[go_vue_admin]2024-07-26 19:16:26.666	[31merror[0m	/Users/lihao/project/mall-pro/admin-gin/websocket/ws_handle.go:69	websocket: close 1001 (going away)
[go_vue_admin]2024-07-26 19:17:06.200	[31merror[0m	/Users/lihao/project/mall-pro/admin-gin/websocket/ws_handle.go:69	websocket: close 1001 (going away)
[go_vue_admin]2024-07-26 19:17:30.068	[31merror[0m	/Users/lihao/project/mall-pro/admin-gin/websocket/ws_handle.go:69	websocket: close 1001 (going away)
[go_vue_admin]2024-07-26 19:21:05.640	[31merror[0m	/Users/lihao/project/mall-pro/admin-gin/websocket/ws_handle.go:69	websocket: close 1001 (going away)
[go_vue_admin]2024-07-26 19:21:24.752	[31merror[0m	/Users/lihao/project/mall-pro/admin-gin/websocket/ws_handle.go:69	websocket: close 1001 (going away)
[go_vue_admin]2024-07-26 19:21:42.520	[31merror[0m	/Users/lihao/project/mall-pro/admin-gin/websocket/ws_handle.go:69	websocket: close 1001 (going away)
[go_vue_admin]2024-07-26 19:29:09.560	[31merror[0m	/Users/lihao/project/mall-pro/admin-gin/websocket/ws_handle.go:69	websocket: close 1001 (going away)
[go_vue_admin]2024-07-26 19:29:34.681	[31merror[0m	/Users/lihao/project/mall-pro/admin-gin/websocket/ws_handle.go:69	websocket: close 1001 (going away)
[go_vue_admin]2024-07-26 19:30:00.430	[31merror[0m	/Users/lihao/project/mall-pro/admin-gin/websocket/ws_handle.go:69	websocket: close 1001 (going away)
[go_vue_admin]2024-07-26 19:30:53.078	[31merror[0m	/Users/lihao/project/mall-pro/admin-gin/websocket/ws_handle.go:69	websocket: close 1001 (going away)
[go_vue_admin]2024-07-26 19:31:42.177	[31merror[0m	/Users/lihao/project/mall-pro/admin-gin/websocket/ws_handle.go:69	websocket: close 1001 (going away)
[go_vue_admin]2024-07-26 19:36:33.590	[31merror[0m	/Users/lihao/project/mall-pro/admin-gin/websocket/ws_handle.go:69	websocket: close 1001 (going away)
[go_vue_admin]2024-07-26 19:43:30.089	[31merror[0m	/Users/lihao/project/mall-pro/admin-gin/websocket/ws_handle.go:69	websocket: close 1001 (going away)
[go_vue_admin]2024-07-26 19:45:23.703	[31merror[0m	/Users/lihao/project/mall-pro/admin-gin/websocket/ws_handle.go:69	websocket: close 1001 (going away)
[go_vue_admin]2024-07-26 19:45:39.199	[31merror[0m	/Users/lihao/project/mall-pro/admin-gin/websocket/ws_handle.go:69	websocket: close 1001 (going away)
[go_vue_admin]2024-07-26 19:45:45.175	[31merror[0m	/Users/lihao/project/mall-pro/admin-gin/websocket/ws_handle.go:69	websocket: close 1001 (going away)
[go_vue_admin]2024-07-26 19:49:04.860	[31merror[0m	/Users/lihao/project/mall-pro/admin-gin/websocket/ws_handle.go:69	websocket: close 1001 (going away)
[go_vue_admin]2024-07-26 19:49:18.537	[31merror[0m	/Users/lihao/project/mall-pro/admin-gin/websocket/ws_handle.go:69	websocket: close 1001 (going away)
[go_vue_admin]2024-07-26 19:50:02.559	[31merror[0m	/Users/lihao/project/mall-pro/admin-gin/websocket/ws_handle.go:69	websocket: close 1001 (going away)
[go_vue_admin]2024-07-26 19:50:41.889	[31merror[0m	/Users/lihao/project/mall-pro/admin-gin/websocket/ws_handle.go:69	websocket: close 1001 (going away)
[go_vue_admin]2024-07-26 19:53:43.253	[31merror[0m	/Users/lihao/project/mall-pro/admin-gin/websocket/ws_handle.go:69	websocket: close 1001 (going away)
[go_vue_admin]2024-07-26 19:53:56.028	[31merror[0m	/Users/lihao/project/mall-pro/admin-gin/websocket/ws_handle.go:69	websocket: close 1001 (going away)
[go_vue_admin]2024-07-26 19:54:31.454	[31merror[0m	/Users/lihao/project/mall-pro/admin-gin/websocket/ws_handle.go:69	websocket: close 1001 (going away)
[go_vue_admin]2024-07-26 19:56:27.205	[31merror[0m	/Users/lihao/project/mall-pro/admin-gin/websocket/ws_handle.go:69	websocket: close 1001 (going away)
[go_vue_admin]2024-07-26 19:56:44.024	[31merror[0m	/Users/lihao/project/mall-pro/admin-gin/websocket/ws_handle.go:69	websocket: close 1001 (going away)
[go_vue_admin]2024-07-26 19:56:54.851	[31merror[0m	/Users/lihao/project/mall-pro/admin-gin/websocket/ws_handle.go:69	websocket: close 1001 (going away)
[go_vue_admin]2024-07-26 19:57:08.843	[31merror[0m	/Users/lihao/project/mall-pro/admin-gin/websocket/ws_handle.go:69	websocket: close 1001 (going away)
[go_vue_admin]2024-07-26 20:00:15.929	[31merror[0m	/Users/lihao/project/mall-pro/admin-gin/websocket/ws_handle.go:69	websocket: close 1001 (going away)
[go_vue_admin]2024-07-26 20:04:17.054	[31merror[0m	/Users/lihao/project/mall-pro/admin-gin/websocket/ws_handle.go:69	websocket: close 1001 (going away)
[go_vue_admin]2024-07-26 21:23:05.544	[31merror[0m	/Users/lihao/project/mall-pro/admin-gin/websocket/ws_handle.go:69	websocket: close 1006 (abnormal closure): unexpected EOF
[go_vue_admin]2024-07-26 21:23:05.544	[31merror[0m	/Users/lihao/project/mall-pro/admin-gin/websocket/ws_handle.go:69	websocket: close 1006 (abnormal closure): unexpected EOF
[go_vue_admin]2024-07-26 21:24:20.554	[31merror[0m	/Users/lihao/project/mall-pro/admin-gin/websocket/ws_handle.go:69	websocket: close 1006 (abnormal closure): unexpected EOF
[go_vue_admin]2024-07-26 21:24:20.554	[31merror[0m	/Users/lihao/project/mall-pro/admin-gin/websocket/ws_handle.go:69	websocket: close 1006 (abnormal closure): unexpected EOF
[go_vue_admin]2024-07-26 23:14:14.055	[31merror[0m	/Users/lihao/project/mall-pro/admin-gin/websocket/ws_handle.go:69	websocket: close 1001 (going away)
[go_vue_admin]2024-07-26 23:17:01.369	[31merror[0m	/Users/lihao/project/mall-pro/admin-gin/websocket/ws_handle.go:69	websocket: close 1001 (going away)
[go_vue_admin]2024-07-26 23:21:52.709	[31merror[0m	/Users/lihao/project/mall-pro/admin-gin/websocket/ws_handle.go:69	websocket: close 1001 (going away)
[go_vue_admin]2024-07-26 23:22:04.608	[31merror[0m	/Users/lihao/project/mall-pro/admin-gin/websocket/ws_handle.go:69	websocket: close 1001 (going away)
[go_vue_admin]2024-07-26 23:22:39.581	[31merror[0m	/Users/lihao/project/mall-pro/admin-gin/websocket/ws_handle.go:69	websocket: close 1001 (going away)
[go_vue_admin]2024-07-26 23:25:18.794	[31merror[0m	/Users/lihao/project/mall-pro/admin-gin/websocket/ws_handle.go:69	websocket: close 1001 (going away)
[go_vue_admin]2024-07-26 23:25:52.557	[31merror[0m	/Users/lihao/project/mall-pro/admin-gin/websocket/ws_handle.go:69	websocket: close 1001 (going away)
[go_vue_admin]2024-07-26 23:26:02.766	[31merror[0m	/Users/lihao/project/mall-pro/admin-gin/websocket/ws_handle.go:69	websocket: close 1001 (going away)
[go_vue_admin]2024-07-26 23:29:23.090	[31merror[0m	/Users/lihao/project/mall-pro/admin-gin/websocket/ws_handle.go:69	websocket: close 1001 (going away)
[go_vue_admin]2024-07-26 23:30:29.552	[31merror[0m	/Users/lihao/project/mall-pro/admin-gin/websocket/ws_handle.go:69	websocket: close 1001 (going away)
[go_vue_admin]2024-07-26 23:31:23.336	[31merror[0m	/Users/lihao/project/mall-pro/admin-gin/websocket/ws_handle.go:69	websocket: close 1001 (going away)
[go_vue_admin]2024-07-26 23:33:18.029	[31merror[0m	/Users/lihao/project/mall-pro/admin-gin/websocket/ws_handle.go:69	websocket: close 1001 (going away)
[go_vue_admin]2024-07-26 23:35:06.111	[31merror[0m	/Users/lihao/project/mall-pro/admin-gin/websocket/ws_handle.go:69	websocket: close 1001 (going away)
[go_vue_admin]2024-07-26 23:35:49.124	[31merror[0m	/Users/lihao/project/mall-pro/admin-gin/websocket/ws_handle.go:69	websocket: close 1001 (going away)
[go_vue_admin]2024-07-26 23:36:13.990	[31merror[0m	/Users/lihao/project/mall-pro/admin-gin/websocket/ws_handle.go:69	websocket: close 1001 (going away)
[go_vue_admin]2024-07-26 23:38:13.092	[31merror[0m	/Users/lihao/project/mall-pro/admin-gin/websocket/ws_handle.go:69	websocket: close 1001 (going away)
[go_vue_admin]2024-07-26 23:38:26.881	[31merror[0m	/Users/lihao/project/mall-pro/admin-gin/websocket/ws_handle.go:69	websocket: close 1001 (going away)
[go_vue_admin]2024-07-26 23:38:38.865	[31merror[0m	/Users/lihao/project/mall-pro/admin-gin/websocket/ws_handle.go:69	websocket: close 1001 (going away)
[go_vue_admin]2024-07-26 23:38:52.772	[31merror[0m	/Users/lihao/project/mall-pro/admin-gin/websocket/ws_handle.go:69	websocket: close 1001 (going away)
[go_vue_admin]2024-07-26 23:40:02.272	[31merror[0m	/Users/lihao/project/mall-pro/admin-gin/websocket/ws_handle.go:69	websocket: close 1001 (going away)
[go_vue_admin]2024-07-26 23:41:20.315	[31merror[0m	/Users/lihao/project/mall-pro/admin-gin/websocket/ws_handle.go:69	websocket: close 1001 (going away)
[go_vue_admin]2024-07-26 23:41:41.603	[31merror[0m	/Users/lihao/project/mall-pro/admin-gin/websocket/ws_handle.go:69	websocket: close 1001 (going away)
[go_vue_admin]2024-07-26 23:46:36.877	[31merror[0m	/Users/lihao/project/mall-pro/admin-gin/websocket/ws_handle.go:69	websocket: close 1001 (going away)
[go_vue_admin]2024-07-26 23:53:21.062	[31merror[0m	/Users/lihao/project/mall-pro/admin-gin/websocket/ws_handle.go:69	websocket: close 1001 (going away)
[go_vue_admin]2024-07-26 23:54:31.153	[31merror[0m	/Users/lihao/project/mall-pro/admin-gin/websocket/ws_handle.go:69	websocket: close 1001 (going away)
[go_vue_admin]2024-07-26 23:54:51.057	[31merror[0m	/Users/lihao/project/mall-pro/admin-gin/websocket/ws_handle.go:69	websocket: close 1001 (going away)
[go_vue_admin]2024-07-26 23:56:10.141	[31merror[0m	/Users/lihao/project/mall-pro/admin-gin/websocket/ws_handle.go:69	websocket: close 1001 (going away)
[go_vue_admin]2024-07-26 23:56:27.418	[31merror[0m	/Users/lihao/project/mall-pro/admin-gin/websocket/ws_handle.go:69	websocket: close 1001 (going away)
[go_vue_admin]2024-07-26 23:56:46.024	[31merror[0m	/Users/lihao/project/mall-pro/admin-gin/websocket/ws_handle.go:69	websocket: close 1001 (going away)
[go_vue_admin]2024-07-26 23:59:48.174	[31merror[0m	/Users/lihao/project/mall-pro/admin-gin/websocket/ws_handle.go:69	websocket: close 1001 (going away)
