[go_vue_admin]2024-07-26 00:05:35.023	[34minfo[0m	/Users/lihao/project/mall-pro/admin-gin/websocket/internal/action/simulate_action.go:36	grab_lock is exist
[go_vue_admin]2024-07-26 00:05:36.269	[34minfo[0m	/Users/lihao/project/mall-pro/admin-gin/websocket/internal/action/simulate_action.go:36	grab_lock is exist
[go_vue_admin]2024-07-26 00:06:01.534	[34minfo[0m	/Users/lihao/project/mall-pro/admin-gin/websocket/ws_handle.go:48	websocket è¿æ¥æˆåŠŸ
[go_vue_admin]2024-07-26 00:07:37.540	[34minfo[0m	/Users/lihao/project/mall-pro/admin-gin/websocket/ws_handle.go:48	websocket è¿æ¥æˆåŠŸ
[go_vue_admin]2024-07-26 00:23:44.104	[34minfo[0m	/Users/lihao/project/mall-pro/admin-gin/websocket/ws_handle.go:48	websocket è¿æ¥æˆåŠŸ
[go_vue_admin]2024-07-26 09:21:16.437	[34minfo[0m	/Users/lihao/project/mall-pro/admin-gin/websocket/ws_handle.go:48	websocket è¿æ¥æˆåŠŸ
[go_vue_admin]2024-07-26 10:00:48.506	[34minfo[0m	/Users/lihao/project/mall-pro/admin-gin/websocket/ws_handle.go:48	websocket è¿æ¥æˆåŠŸ
[go_vue_admin]2024-07-26 10:03:39.100	[34minfo[0m	/Users/lihao/project/mall-pro/admin-gin/websocket/ws_handle.go:48	websocket è¿æ¥æˆåŠŸ
[go_vue_admin]2024-07-26 10:06:03.921	[34minfo[0m	/Users/lihao/project/mall-pro/admin-gin/websocket/ws_handle.go:48	websocket è¿æ¥æˆåŠŸ
[go_vue_admin]2024-07-26 10:26:43.566	[34minfo[0m	/Users/lihao/project/mall-pro/admin-gin/websocket/ws_handle.go:48	websocket è¿æ¥æˆåŠŸ
[go_vue_admin]2024-07-26 10:27:56.311	[34minfo[0m	/Users/lihao/project/mall-pro/admin-gin/websocket/ws_handle.go:48	websocket è¿æ¥æˆåŠŸ
[go_vue_admin]2024-07-26 14:57:14.088	[34minfo[0m	/Users/lihao/project/mall-pro/admin-gin/websocket/ws_handle.go:48	websocket è¿æ¥æˆåŠŸ
[go_vue_admin]2024-07-26 15:15:56.047	[34minfo[0m	/Users/lihao/project/mall-pro/admin-gin/websocket/ws_handle.go:48	websocket è¿æ¥æˆåŠŸ
[go_vue_admin]2024-07-26 15:16:03.696	[34minfo[0m	/Users/lihao/project/mall-pro/admin-gin/service/product/goods_grab/pro_goods_grab.go:167	æµ·é²œ/æ°´äº§å“/åˆ¶å“å¡åˆ¸é‡‡é›†å®Œæˆï¼
[go_vue_admin]2024-07-26 15:16:03.699	[34minfo[0m	/Users/lihao/project/mall-pro/admin-gin/service/product/goods_grab/pro_goods_grab.go:167	çƒ˜ç„™è›‹ç³•å¡åˆ¸é‡‡é›†å®Œæˆï¼
[go_vue_admin]2024-07-26 15:16:03.803	[34minfo[0m	/Users/lihao/project/mall-pro/admin-gin/service/product/goods_grab/pro_goods_grab.go:167	æ°´æœ/è‚‰è›‹/è”¬èœå¡åˆ¸é‡‡é›†å®Œæˆï¼
[go_vue_admin]2024-07-26 15:16:18.157	[34minfo[0m	/Users/lihao/project/mall-pro/admin-gin/service/product/goods_grab/pro_goods_grab.go:167	å†°æ·‡æ·‹é‡‡é›†å®Œæˆï¼
[go_vue_admin]2024-07-26 15:17:45.836	[34minfo[0m	/Users/lihao/project/mall-pro/admin-gin/websocket/ws_handle.go:48	websocket è¿æ¥æˆåŠŸ
[go_vue_admin]2024-07-26 15:17:48.394	[34minfo[0m	/Users/lihao/project/mall-pro/admin-gin/websocket/internal/action/grab_action.go:40	grab_lock is exist
[go_vue_admin]2024-07-26 15:50:49.994	[34minfo[0m	/Users/lihao/project/mall-pro/admin-gin/websocket/ws_handle.go:48	websocket è¿æ¥æˆåŠŸ
[go_vue_admin]2024-07-26 15:50:54.243	[34minfo[0m	/Users/lihao/project/mall-pro/admin-gin/websocket/ws_handle.go:48	websocket è¿æ¥æˆåŠŸ
[go_vue_admin]2024-07-26 15:54:04.003	[34minfo[0m	/Users/lihao/project/mall-pro/admin-gin/websocket/ws_handle.go:48	websocket è¿æ¥æˆåŠŸ
[go_vue_admin]2024-07-26 15:54:50.169	[34minfo[0m	/Users/lihao/project/mall-pro/admin-gin/websocket/ws_handle.go:48	websocket è¿æ¥æˆåŠŸ
[go_vue_admin]2024-07-26 15:54:55.175	[34minfo[0m	/Users/lihao/project/mall-pro/admin-gin/websocket/ws_handle.go:48	websocket è¿æ¥æˆåŠŸ
[go_vue_admin]2024-07-26 15:57:01.325	[34minfo[0m	/Users/lihao/project/mall-pro/admin-gin/websocket/ws_handle.go:48	websocket è¿æ¥æˆåŠŸ
[go_vue_admin]2024-07-26 16:01:26.347	[34minfo[0m	/Users/lihao/project/mall-pro/admin-gin/websocket/ws_handle.go:48	websocket è¿æ¥æˆåŠŸ
[go_vue_admin]2024-07-26 16:03:18.301	[34minfo[0m	/Users/lihao/project/mall-pro/admin-gin/websocket/ws_handle.go:48	websocket è¿æ¥æˆåŠŸ
[go_vue_admin]2024-07-26 16:03:34.467	[34minfo[0m	/Users/lihao/project/mall-pro/admin-gin/websocket/ws_handle.go:48	websocket è¿æ¥æˆåŠŸ
[go_vue_admin]2024-07-26 16:04:03.829	[34minfo[0m	/Users/lihao/project/mall-pro/admin-gin/websocket/ws_handle.go:48	websocket è¿æ¥æˆåŠŸ
[go_vue_admin]2024-07-26 16:04:33.183	[34minfo[0m	/Users/lihao/project/mall-pro/admin-gin/websocket/ws_handle.go:48	websocket è¿æ¥æˆåŠŸ
[go_vue_admin]2024-07-26 16:04:39.666	[34minfo[0m	/Users/lihao/project/mall-pro/admin-gin/websocket/ws_handle.go:48	websocket è¿æ¥æˆåŠŸ
[go_vue_admin]2024-07-26 16:05:27.224	[34minfo[0m	/Users/lihao/project/mall-pro/admin-gin/websocket/ws_handle.go:48	websocket è¿æ¥æˆåŠŸ
[go_vue_admin]2024-07-26 16:05:49.754	[34minfo[0m	/Users/lihao/project/mall-pro/admin-gin/websocket/ws_handle.go:48	websocket è¿æ¥æˆåŠŸ
[go_vue_admin]2024-07-26 16:06:13.606	[34minfo[0m	/Users/lihao/project/mall-pro/admin-gin/websocket/ws_handle.go:48	websocket è¿æ¥æˆåŠŸ
[go_vue_admin]2024-07-26 16:06:32.347	[34minfo[0m	/Users/lihao/project/mall-pro/admin-gin/websocket/ws_handle.go:48	websocket è¿æ¥æˆåŠŸ
[go_vue_admin]2024-07-26 16:06:51.360	[34minfo[0m	/Users/lihao/project/mall-pro/admin-gin/websocket/ws_handle.go:48	websocket è¿æ¥æˆåŠŸ
[go_vue_admin]2024-07-26 16:08:48.920	[34minfo[0m	/Users/lihao/project/mall-pro/admin-gin/websocket/ws_handle.go:48	websocket è¿æ¥æˆåŠŸ
[go_vue_admin]2024-07-26 16:09:37.818	[34minfo[0m	/Users/lihao/project/mall-pro/admin-gin/websocket/ws_handle.go:48	websocket è¿æ¥æˆåŠŸ
[go_vue_admin]2024-07-26 16:09:42.071	[34minfo[0m	/Users/lihao/project/mall-pro/admin-gin/websocket/ws_handle.go:48	websocket è¿æ¥æˆåŠŸ
[go_vue_admin]2024-07-26 16:09:59.900	[34minfo[0m	/Users/lihao/project/mall-pro/admin-gin/websocket/ws_handle.go:48	websocket è¿æ¥æˆåŠŸ
[go_vue_admin]2024-07-26 16:11:51.433	[34minfo[0m	/Users/lihao/project/mall-pro/admin-gin/websocket/ws_handle.go:48	websocket è¿æ¥æˆåŠŸ
[go_vue_admin]2024-07-26 16:13:08.308	[34minfo[0m	/Users/lihao/project/mall-pro/admin-gin/websocket/ws_handle.go:48	websocket è¿æ¥æˆåŠŸ
[go_vue_admin]2024-07-26 16:19:38.156	[34minfo[0m	/Users/lihao/project/mall-pro/admin-gin/websocket/ws_handle.go:48	websocket è¿æ¥æˆåŠŸ
[go_vue_admin]2024-07-26 16:21:13.706	[34minfo[0m	/Users/lihao/project/mall-pro/admin-gin/websocket/ws_handle.go:48	websocket è¿æ¥æˆåŠŸ
[go_vue_admin]2024-07-26 16:21:22.490	[34minfo[0m	/Users/lihao/project/mall-pro/admin-gin/websocket/ws_handle.go:48	websocket è¿æ¥æˆåŠŸ
[go_vue_admin]2024-07-26 16:22:31.478	[34minfo[0m	/Users/lihao/project/mall-pro/admin-gin/websocket/ws_handle.go:48	websocket è¿æ¥æˆåŠŸ
[go_vue_admin]2024-07-26 16:22:42.052	[34minfo[0m	/Users/lihao/project/mall-pro/admin-gin/websocket/ws_handle.go:48	websocket è¿æ¥æˆåŠŸ
[go_vue_admin]2024-07-26 16:23:27.322	[34minfo[0m	/Users/lihao/project/mall-pro/admin-gin/websocket/ws_handle.go:48	websocket è¿æ¥æˆåŠŸ
[go_vue_admin]2024-07-26 16:23:30.235	[34minfo[0m	/Users/lihao/project/mall-pro/admin-gin/websocket/ws_handle.go:48	websocket è¿æ¥æˆåŠŸ
[go_vue_admin]2024-07-26 16:24:18.147	[34minfo[0m	/Users/lihao/project/mall-pro/admin-gin/websocket/ws_handle.go:48	websocket è¿æ¥æˆåŠŸ
[go_vue_admin]2024-07-26 16:24:28.567	[34minfo[0m	/Users/lihao/project/mall-pro/admin-gin/websocket/ws_handle.go:48	websocket è¿æ¥æˆåŠŸ
[go_vue_admin]2024-07-26 16:24:40.913	[34minfo[0m	/Users/lihao/project/mall-pro/admin-gin/websocket/ws_handle.go:48	websocket è¿æ¥æˆåŠŸ
[go_vue_admin]2024-07-26 16:25:13.697	[34minfo[0m	/Users/lihao/project/mall-pro/admin-gin/websocket/ws_handle.go:48	websocket è¿æ¥æˆåŠŸ
[go_vue_admin]2024-07-26 16:26:24.300	[34minfo[0m	/Users/lihao/project/mall-pro/admin-gin/websocket/ws_handle.go:48	websocket è¿æ¥æˆåŠŸ
[go_vue_admin]2024-07-26 16:26:30.108	[34minfo[0m	/Users/lihao/project/mall-pro/admin-gin/websocket/ws_handle.go:48	websocket è¿æ¥æˆåŠŸ
[go_vue_admin]2024-07-26 16:26:53.367	[34minfo[0m	/Users/lihao/project/mall-pro/admin-gin/websocket/ws_handle.go:48	websocket è¿æ¥æˆåŠŸ
[go_vue_admin]2024-07-26 16:27:21.645	[34minfo[0m	/Users/lihao/project/mall-pro/admin-gin/websocket/ws_handle.go:48	websocket è¿æ¥æˆåŠŸ
[go_vue_admin]2024-07-26 16:27:24.321	[34minfo[0m	/Users/lihao/project/mall-pro/admin-gin/websocket/ws_handle.go:48	websocket è¿æ¥æˆåŠŸ
[go_vue_admin]2024-07-26 16:29:14.108	[34minfo[0m	/Users/lihao/project/mall-pro/admin-gin/websocket/ws_handle.go:48	websocket è¿æ¥æˆåŠŸ
[go_vue_admin]2024-07-26 16:29:23.102	[34minfo[0m	/Users/lihao/project/mall-pro/admin-gin/websocket/ws_handle.go:48	websocket è¿æ¥æˆåŠŸ
[go_vue_admin]2024-07-26 16:29:46.932	[34minfo[0m	/Users/lihao/project/mall-pro/admin-gin/websocket/ws_handle.go:48	websocket è¿æ¥æˆåŠŸ
[go_vue_admin]2024-07-26 16:30:32.523	[34minfo[0m	/Users/lihao/project/mall-pro/admin-gin/websocket/ws_handle.go:48	websocket è¿æ¥æˆåŠŸ
[go_vue_admin]2024-07-26 16:30:45.712	[34minfo[0m	/Users/lihao/project/mall-pro/admin-gin/websocket/ws_handle.go:48	websocket è¿æ¥æˆåŠŸ
[go_vue_admin]2024-07-26 16:31:07.534	[34minfo[0m	/Users/lihao/project/mall-pro/admin-gin/websocket/ws_handle.go:48	websocket è¿æ¥æˆåŠŸ
[go_vue_admin]2024-07-26 16:31:14.054	[34minfo[0m	/Users/lihao/project/mall-pro/admin-gin/websocket/ws_handle.go:48	websocket è¿æ¥æˆåŠŸ
[go_vue_admin]2024-07-26 16:31:52.218	[34minfo[0m	/Users/lihao/project/mall-pro/admin-gin/websocket/ws_handle.go:48	websocket è¿æ¥æˆåŠŸ
[go_vue_admin]2024-07-26 16:32:21.192	[34minfo[0m	/Users/lihao/project/mall-pro/admin-gin/websocket/ws_handle.go:48	websocket è¿æ¥æˆåŠŸ
[go_vue_admin]2024-07-26 16:33:14.511	[34minfo[0m	/Users/lihao/project/mall-pro/admin-gin/websocket/ws_handle.go:48	websocket è¿æ¥æˆåŠŸ
[go_vue_admin]2024-07-26 16:33:33.505	[34minfo[0m	/Users/lihao/project/mall-pro/admin-gin/websocket/ws_handle.go:48	websocket è¿æ¥æˆåŠŸ
[go_vue_admin]2024-07-26 16:33:33.689	[34minfo[0m	/Users/lihao/project/mall-pro/admin-gin/websocket/ws_handle.go:48	websocket è¿æ¥æˆåŠŸ
[go_vue_admin]2024-07-26 16:33:33.898	[34minfo[0m	/Users/lihao/project/mall-pro/admin-gin/websocket/ws_handle.go:48	websocket è¿æ¥æˆåŠŸ
[go_vue_admin]2024-07-26 16:34:02.599	[34minfo[0m	/Users/lihao/project/mall-pro/admin-gin/websocket/ws_handle.go:48	websocket è¿æ¥æˆåŠŸ
[go_vue_admin]2024-07-26 16:34:23.610	[34minfo[0m	/Users/lihao/project/mall-pro/admin-gin/websocket/ws_handle.go:48	websocket è¿æ¥æˆåŠŸ
[go_vue_admin]2024-07-26 16:35:08.344	[34minfo[0m	/Users/lihao/project/mall-pro/admin-gin/websocket/ws_handle.go:48	websocket è¿æ¥æˆåŠŸ
[go_vue_admin]2024-07-26 16:35:45.815	[34minfo[0m	/Users/lihao/project/mall-pro/admin-gin/websocket/ws_handle.go:48	websocket è¿æ¥æˆåŠŸ
[go_vue_admin]2024-07-26 16:36:09.573	[34minfo[0m	/Users/lihao/project/mall-pro/admin-gin/websocket/ws_handle.go:48	websocket è¿æ¥æˆåŠŸ
[go_vue_admin]2024-07-26 16:36:28.099	[34minfo[0m	/Users/lihao/project/mall-pro/admin-gin/websocket/ws_handle.go:48	websocket è¿æ¥æˆåŠŸ
[go_vue_admin]2024-07-26 16:36:34.165	[34minfo[0m	/Users/lihao/project/mall-pro/admin-gin/websocket/ws_handle.go:48	websocket è¿æ¥æˆåŠŸ
[go_vue_admin]2024-07-26 16:37:27.863	[34minfo[0m	/Users/lihao/project/mall-pro/admin-gin/websocket/ws_handle.go:48	websocket è¿æ¥æˆåŠŸ
[go_vue_admin]2024-07-26 16:37:34.345	[34minfo[0m	/Users/lihao/project/mall-pro/admin-gin/websocket/ws_handle.go:48	websocket è¿æ¥æˆåŠŸ
[go_vue_admin]2024-07-26 16:37:40.729	[34minfo[0m	/Users/lihao/project/mall-pro/admin-gin/websocket/ws_handle.go:48	websocket è¿æ¥æˆåŠŸ
[go_vue_admin]2024-07-26 16:38:41.552	[34minfo[0m	/Users/lihao/project/mall-pro/admin-gin/websocket/ws_handle.go:48	websocket è¿æ¥æˆåŠŸ
[go_vue_admin]2024-07-26 16:47:04.040	[34minfo[0m	/Users/lihao/project/mall-pro/admin-gin/websocket/ws_handle.go:48	websocket è¿æ¥æˆåŠŸ
[go_vue_admin]2024-07-26 16:47:47.180	[34minfo[0m	/Users/lihao/project/mall-pro/admin-gin/websocket/ws_handle.go:48	websocket è¿æ¥æˆåŠŸ
[go_vue_admin]2024-07-26 16:48:00.676	[34minfo[0m	/Users/lihao/project/mall-pro/admin-gin/websocket/ws_handle.go:48	websocket è¿æ¥æˆåŠŸ
[go_vue_admin]2024-07-26 16:48:51.290	[34minfo[0m	/Users/lihao/project/mall-pro/admin-gin/websocket/ws_handle.go:48	websocket è¿æ¥æˆåŠŸ
[go_vue_admin]2024-07-26 16:50:08.431	[34minfo[0m	/Users/lihao/project/mall-pro/admin-gin/websocket/ws_handle.go:48	websocket è¿æ¥æˆåŠŸ
[go_vue_admin]2024-07-26 16:51:06.287	[34minfo[0m	/Users/lihao/project/mall-pro/admin-gin/websocket/ws_handle.go:48	websocket è¿æ¥æˆåŠŸ
[go_vue_admin]2024-07-26 16:54:32.570	[34minfo[0m	/Users/lihao/project/mall-pro/admin-gin/websocket/ws_handle.go:48	websocket è¿æ¥æˆåŠŸ
[go_vue_admin]2024-07-26 16:55:43.800	[34minfo[0m	/Users/lihao/project/mall-pro/admin-gin/websocket/ws_handle.go:48	websocket è¿æ¥æˆåŠŸ
[go_vue_admin]2024-07-26 17:20:30.170	[34minfo[0m	/Users/lihao/project/mall-pro/admin-gin/websocket/ws_handle.go:48	websocket è¿æ¥æˆåŠŸ
[go_vue_admin]2024-07-26 17:20:37.612	[34minfo[0m	/Users/lihao/project/mall-pro/admin-gin/websocket/ws_handle.go:48	websocket è¿æ¥æˆåŠŸ
[go_vue_admin]2024-07-26 17:21:44.887	[34minfo[0m	/Users/lihao/project/mall-pro/admin-gin/websocket/ws_handle.go:48	websocket è¿æ¥æˆåŠŸ
[go_vue_admin]2024-07-26 17:22:06.564	[34minfo[0m	/Users/lihao/project/mall-pro/admin-gin/websocket/ws_handle.go:48	websocket è¿æ¥æˆåŠŸ
[go_vue_admin]2024-07-26 17:23:36.804	[34minfo[0m	/Users/lihao/project/mall-pro/admin-gin/websocket/ws_handle.go:48	websocket è¿æ¥æˆåŠŸ
[go_vue_admin]2024-07-26 17:23:53.868	[34minfo[0m	/Users/lihao/project/mall-pro/admin-gin/websocket/ws_handle.go:48	websocket è¿æ¥æˆåŠŸ
[go_vue_admin]2024-07-26 17:24:41.014	[34minfo[0m	/Users/lihao/project/mall-pro/admin-gin/websocket/ws_handle.go:48	websocket è¿æ¥æˆåŠŸ
[go_vue_admin]2024-07-26 17:26:31.253	[34minfo[0m	/Users/lihao/project/mall-pro/admin-gin/websocket/ws_handle.go:48	websocket è¿æ¥æˆåŠŸ
[go_vue_admin]2024-07-26 17:26:47.451	[34minfo[0m	/Users/lihao/project/mall-pro/admin-gin/websocket/ws_handle.go:48	websocket è¿æ¥æˆåŠŸ
[go_vue_admin]2024-07-26 17:27:33.601	[34minfo[0m	/Users/lihao/project/mall-pro/admin-gin/websocket/ws_handle.go:48	websocket è¿æ¥æˆåŠŸ
[go_vue_admin]2024-07-26 17:41:58.159	[34minfo[0m	/Users/lihao/project/mall-pro/admin-gin/websocket/ws_handle.go:48	websocket è¿æ¥æˆåŠŸ
[go_vue_admin]2024-07-26 17:42:04.952	[34minfo[0m	/Users/lihao/project/mall-pro/admin-gin/websocket/ws_handle.go:48	websocket è¿æ¥æˆåŠŸ
[go_vue_admin]2024-07-26 17:42:36.364	[34minfo[0m	/Users/lihao/project/mall-pro/admin-gin/websocket/ws_handle.go:48	websocket è¿æ¥æˆåŠŸ
[go_vue_admin]2024-07-26 17:42:51.712	[34minfo[0m	/Users/lihao/project/mall-pro/admin-gin/websocket/ws_handle.go:48	websocket è¿æ¥æˆåŠŸ
[go_vue_admin]2024-07-26 17:44:24.523	[34minfo[0m	/Users/lihao/project/mall-pro/admin-gin/websocket/ws_handle.go:48	websocket è¿æ¥æˆåŠŸ
[go_vue_admin]2024-07-26 17:50:44.076	[34minfo[0m	/Users/lihao/project/mall-pro/admin-gin/websocket/ws_handle.go:48	websocket è¿æ¥æˆåŠŸ
[go_vue_admin]2024-07-26 17:51:18.039	[34minfo[0m	/Users/lihao/project/mall-pro/admin-gin/websocket/ws_handle.go:48	websocket è¿æ¥æˆåŠŸ
[go_vue_admin]2024-07-26 17:53:45.602	[34minfo[0m	/Users/lihao/project/mall-pro/admin-gin/websocket/ws_handle.go:48	websocket è¿æ¥æˆåŠŸ
[go_vue_admin]2024-07-26 17:55:25.161	[34minfo[0m	/Users/lihao/project/mall-pro/admin-gin/websocket/ws_handle.go:48	websocket è¿æ¥æˆåŠŸ
[go_vue_admin]2024-07-26 17:55:30.045	[34minfo[0m	/Users/lihao/project/mall-pro/admin-gin/websocket/ws_handle.go:48	websocket è¿æ¥æˆåŠŸ
[go_vue_admin]2024-07-26 17:55:45.641	[34minfo[0m	/Users/lihao/project/mall-pro/admin-gin/websocket/ws_handle.go:48	websocket è¿æ¥æˆåŠŸ
[go_vue_admin]2024-07-26 17:56:44.405	[34minfo[0m	/Users/lihao/project/mall-pro/admin-gin/websocket/ws_handle.go:48	websocket è¿æ¥æˆåŠŸ
[go_vue_admin]2024-07-26 17:56:54.108	[34minfo[0m	/Users/lihao/project/mall-pro/admin-gin/websocket/ws_handle.go:48	websocket è¿æ¥æˆåŠŸ
[go_vue_admin]2024-07-26 17:57:02.855	[34minfo[0m	/Users/lihao/project/mall-pro/admin-gin/websocket/ws_handle.go:48	websocket è¿æ¥æˆåŠŸ
[go_vue_admin]2024-07-26 17:58:59.720	[34minfo[0m	/Users/lihao/project/mall-pro/admin-gin/websocket/ws_handle.go:48	websocket è¿æ¥æˆåŠŸ
[go_vue_admin]2024-07-26 17:59:17.661	[34minfo[0m	/Users/lihao/project/mall-pro/admin-gin/websocket/ws_handle.go:48	websocket è¿æ¥æˆåŠŸ
[go_vue_admin]2024-07-26 17:59:36.103	[34minfo[0m	/Users/lihao/project/mall-pro/admin-gin/websocket/ws_handle.go:48	websocket è¿æ¥æˆåŠŸ
[go_vue_admin]2024-07-26 17:59:55.647	[34minfo[0m	/Users/lihao/project/mall-pro/admin-gin/websocket/ws_handle.go:48	websocket è¿æ¥æˆåŠŸ
[go_vue_admin]2024-07-26 18:00:01.811	[34minfo[0m	/Users/lihao/project/mall-pro/admin-gin/websocket/ws_handle.go:48	websocket è¿æ¥æˆåŠŸ
[go_vue_admin]2024-07-26 18:00:08.147	[34minfo[0m	/Users/lihao/project/mall-pro/admin-gin/websocket/ws_handle.go:48	websocket è¿æ¥æˆåŠŸ
[go_vue_admin]2024-07-26 18:00:25.410	[34minfo[0m	/Users/lihao/project/mall-pro/admin-gin/websocket/ws_handle.go:48	websocket è¿æ¥æˆåŠŸ
[go_vue_admin]2024-07-26 18:00:32.866	[34minfo[0m	/Users/lihao/project/mall-pro/admin-gin/websocket/ws_handle.go:48	websocket è¿æ¥æˆåŠŸ
[go_vue_admin]2024-07-26 18:00:46.378	[34minfo[0m	/Users/lihao/project/mall-pro/admin-gin/websocket/ws_handle.go:48	websocket è¿æ¥æˆåŠŸ
[go_vue_admin]2024-07-26 18:01:12.799	[34minfo[0m	/Users/lihao/project/mall-pro/admin-gin/websocket/ws_handle.go:48	websocket è¿æ¥æˆåŠŸ
[go_vue_admin]2024-07-26 18:02:19.919	[34minfo[0m	/Users/lihao/project/mall-pro/admin-gin/websocket/ws_handle.go:48	websocket è¿æ¥æˆåŠŸ
[go_vue_admin]2024-07-26 18:03:03.995	[34minfo[0m	/Users/lihao/project/mall-pro/admin-gin/websocket/ws_handle.go:48	websocket è¿æ¥æˆåŠŸ
[go_vue_admin]2024-07-26 18:03:40.298	[34minfo[0m	/Users/lihao/project/mall-pro/admin-gin/websocket/ws_handle.go:48	websocket è¿æ¥æˆåŠŸ
[go_vue_admin]2024-07-26 18:04:02.770	[34minfo[0m	/Users/lihao/project/mall-pro/admin-gin/websocket/ws_handle.go:48	websocket è¿æ¥æˆåŠŸ
[go_vue_admin]2024-07-26 18:04:19.572	[34minfo[0m	/Users/lihao/project/mall-pro/admin-gin/websocket/ws_handle.go:48	websocket è¿æ¥æˆåŠŸ
[go_vue_admin]2024-07-26 18:06:04.028	[34minfo[0m	/Users/lihao/project/mall-pro/admin-gin/websocket/ws_handle.go:48	websocket è¿æ¥æˆåŠŸ
[go_vue_admin]2024-07-26 18:07:21.109	[34minfo[0m	/Users/lihao/project/mall-pro/admin-gin/websocket/ws_handle.go:48	websocket è¿æ¥æˆåŠŸ
[go_vue_admin]2024-07-26 18:07:23.818	[34minfo[0m	/Users/lihao/project/mall-pro/admin-gin/websocket/ws_handle.go:48	websocket è¿æ¥æˆåŠŸ
[go_vue_admin]2024-07-26 18:07:34.448	[34minfo[0m	/Users/lihao/project/mall-pro/admin-gin/websocket/ws_handle.go:48	websocket è¿æ¥æˆåŠŸ
[go_vue_admin]2024-07-26 18:24:09.449	[34minfo[0m	/Users/lihao/project/mall-pro/admin-gin/websocket/ws_handle.go:48	websocket è¿æ¥æˆåŠŸ
[go_vue_admin]2024-07-26 18:26:26.660	[34minfo[0m	/Users/lihao/project/mall-pro/admin-gin/websocket/ws_handle.go:48	websocket è¿æ¥æˆåŠŸ
[go_vue_admin]2024-07-26 18:26:32.828	[34minfo[0m	/Users/lihao/project/mall-pro/admin-gin/websocket/ws_handle.go:48	websocket è¿æ¥æˆåŠŸ
[go_vue_admin]2024-07-26 18:27:06.002	[34minfo[0m	/Users/lihao/project/mall-pro/admin-gin/websocket/ws_handle.go:48	websocket è¿æ¥æˆåŠŸ
[go_vue_admin]2024-07-26 18:27:34.481	[34minfo[0m	/Users/lihao/project/mall-pro/admin-gin/websocket/ws_handle.go:48	websocket è¿æ¥æˆåŠŸ
[go_vue_admin]2024-07-26 18:29:21.085	[34minfo[0m	/Users/lihao/project/mall-pro/admin-gin/websocket/ws_handle.go:48	websocket è¿æ¥æˆåŠŸ
[go_vue_admin]2024-07-26 18:30:16.575	[34minfo[0m	/Users/lihao/project/mall-pro/admin-gin/websocket/ws_handle.go:48	websocket è¿æ¥æˆåŠŸ
[go_vue_admin]2024-07-26 18:31:12.573	[34minfo[0m	/Users/lihao/project/mall-pro/admin-gin/websocket/ws_handle.go:48	websocket è¿æ¥æˆåŠŸ
[go_vue_admin]2024-07-26 18:31:35.551	[34minfo[0m	/Users/lihao/project/mall-pro/admin-gin/websocket/ws_handle.go:48	websocket è¿æ¥æˆåŠŸ
[go_vue_admin]2024-07-26 18:31:43.410	[34minfo[0m	/Users/lihao/project/mall-pro/admin-gin/websocket/ws_handle.go:48	websocket è¿æ¥æˆåŠŸ
[go_vue_admin]2024-07-26 18:32:19.295	[34minfo[0m	/Users/lihao/project/mall-pro/admin-gin/websocket/ws_handle.go:48	websocket è¿æ¥æˆåŠŸ
[go_vue_admin]2024-07-26 18:32:33.789	[34minfo[0m	/Users/lihao/project/mall-pro/admin-gin/websocket/ws_handle.go:48	websocket è¿æ¥æˆåŠŸ
[go_vue_admin]2024-07-26 18:32:40.698	[34minfo[0m	/Users/lihao/project/mall-pro/admin-gin/websocket/ws_handle.go:48	websocket è¿æ¥æˆåŠŸ
[go_vue_admin]2024-07-26 18:34:00.534	[34minfo[0m	/Users/lihao/project/mall-pro/admin-gin/websocket/ws_handle.go:48	websocket è¿æ¥æˆåŠŸ
[go_vue_admin]2024-07-26 18:40:48.466	[34minfo[0m	/Users/lihao/project/mall-pro/admin-gin/websocket/ws_handle.go:48	websocket è¿æ¥æˆåŠŸ
[go_vue_admin]2024-07-26 18:43:01.270	[34minfo[0m	/Users/lihao/project/mall-pro/admin-gin/websocket/ws_handle.go:48	websocket è¿æ¥æˆåŠŸ
[go_vue_admin]2024-07-26 18:43:33.241	[34minfo[0m	/Users/lihao/project/mall-pro/admin-gin/websocket/ws_handle.go:48	websocket è¿æ¥æˆåŠŸ
[go_vue_admin]2024-07-26 18:43:53.016	[34minfo[0m	/Users/lihao/project/mall-pro/admin-gin/websocket/ws_handle.go:48	websocket è¿æ¥æˆåŠŸ
[go_vue_admin]2024-07-26 18:44:05.961	[34minfo[0m	/Users/lihao/project/mall-pro/admin-gin/websocket/ws_handle.go:48	websocket è¿æ¥æˆåŠŸ
[go_vue_admin]2024-07-26 18:44:58.414	[34minfo[0m	/Users/lihao/project/mall-pro/admin-gin/websocket/ws_handle.go:48	websocket è¿æ¥æˆåŠŸ
[go_vue_admin]2024-07-26 18:45:42.045	[34minfo[0m	/Users/lihao/project/mall-pro/admin-gin/websocket/ws_handle.go:48	websocket è¿æ¥æˆåŠŸ
[go_vue_admin]2024-07-26 18:45:44.564	[34minfo[0m	/Users/lihao/project/mall-pro/admin-gin/websocket/ws_handle.go:48	websocket è¿æ¥æˆåŠŸ
[go_vue_admin]2024-07-26 18:46:13.143	[34minfo[0m	/Users/lihao/project/mall-pro/admin-gin/websocket/ws_handle.go:48	websocket è¿æ¥æˆåŠŸ
[go_vue_admin]2024-07-26 18:47:00.026	[34minfo[0m	/Users/lihao/project/mall-pro/admin-gin/websocket/ws_handle.go:48	websocket è¿æ¥æˆåŠŸ
[go_vue_admin]2024-07-26 18:47:12.142	[34minfo[0m	/Users/lihao/project/mall-pro/admin-gin/websocket/ws_handle.go:48	websocket è¿æ¥æˆåŠŸ
[go_vue_admin]2024-07-26 18:51:05.899	[34minfo[0m	/Users/lihao/project/mall-pro/admin-gin/websocket/ws_handle.go:48	websocket è¿æ¥æˆåŠŸ
[go_vue_admin]2024-07-26 18:57:53.406	[34minfo[0m	/Users/lihao/project/mall-pro/admin-gin/websocket/ws_handle.go:48	websocket è¿æ¥æˆåŠŸ
[go_vue_admin]2024-07-26 19:00:11.303	[34minfo[0m	/Users/lihao/project/mall-pro/admin-gin/websocket/ws_handle.go:48	websocket è¿æ¥æˆåŠŸ
[go_vue_admin]2024-07-26 19:00:29.518	[34minfo[0m	/Users/lihao/project/mall-pro/admin-gin/websocket/ws_handle.go:48	websocket è¿æ¥æˆåŠŸ
[go_vue_admin]2024-07-26 19:01:29.360	[34minfo[0m	/Users/lihao/project/mall-pro/admin-gin/websocket/ws_handle.go:48	websocket è¿æ¥æˆåŠŸ
[go_vue_admin]2024-07-26 19:05:17.701	[34minfo[0m	/Users/lihao/project/mall-pro/admin-gin/websocket/ws_handle.go:48	websocket è¿æ¥æˆåŠŸ
[go_vue_admin]2024-07-26 19:06:52.937	[34minfo[0m	/Users/lihao/project/mall-pro/admin-gin/websocket/ws_handle.go:48	websocket è¿æ¥æˆåŠŸ
[go_vue_admin]2024-07-26 19:08:23.213	[34minfo[0m	/Users/lihao/project/mall-pro/admin-gin/websocket/ws_handle.go:48	websocket è¿æ¥æˆåŠŸ
[go_vue_admin]2024-07-26 19:08:55.196	[34minfo[0m	/Users/lihao/project/mall-pro/admin-gin/websocket/ws_handle.go:48	websocket è¿æ¥æˆåŠŸ
[go_vue_admin]2024-07-26 19:09:01.112	[34minfo[0m	/Users/lihao/project/mall-pro/admin-gin/websocket/ws_handle.go:48	websocket è¿æ¥æˆåŠŸ
[go_vue_admin]2024-07-26 19:10:11.118	[34minfo[0m	/Users/lihao/project/mall-pro/admin-gin/websocket/ws_handle.go:48	websocket è¿æ¥æˆåŠŸ
[go_vue_admin]2024-07-26 19:11:57.127	[34minfo[0m	/Users/lihao/project/mall-pro/admin-gin/websocket/ws_handle.go:48	websocket è¿æ¥æˆåŠŸ
[go_vue_admin]2024-07-26 19:13:02.528	[34minfo[0m	/Users/lihao/project/mall-pro/admin-gin/websocket/ws_handle.go:48	websocket è¿æ¥æˆåŠŸ
[go_vue_admin]2024-07-26 19:13:10.276	[34minfo[0m	/Users/lihao/project/mall-pro/admin-gin/websocket/ws_handle.go:48	websocket è¿æ¥æˆåŠŸ
[go_vue_admin]2024-07-26 19:13:15.364	[34minfo[0m	/Users/lihao/project/mall-pro/admin-gin/websocket/ws_handle.go:48	websocket è¿æ¥æˆåŠŸ
[go_vue_admin]2024-07-26 19:13:29.057	[34minfo[0m	/Users/lihao/project/mall-pro/admin-gin/websocket/ws_handle.go:48	websocket è¿æ¥æˆåŠŸ
[go_vue_admin]2024-07-26 19:13:35.956	[34minfo[0m	/Users/lihao/project/mall-pro/admin-gin/websocket/ws_handle.go:48	websocket è¿æ¥æˆåŠŸ
[go_vue_admin]2024-07-26 19:14:48.896	[34minfo[0m	/Users/lihao/project/mall-pro/admin-gin/websocket/ws_handle.go:48	websocket è¿æ¥æˆåŠŸ
[go_vue_admin]2024-07-26 19:14:56.180	[34minfo[0m	/Users/lihao/project/mall-pro/admin-gin/websocket/ws_handle.go:48	websocket è¿æ¥æˆåŠŸ
[go_vue_admin]2024-07-26 19:16:26.748	[34minfo[0m	/Users/lihao/project/mall-pro/admin-gin/websocket/ws_handle.go:48	websocket è¿æ¥æˆåŠŸ
[go_vue_admin]2024-07-26 19:17:06.282	[34minfo[0m	/Users/lihao/project/mall-pro/admin-gin/websocket/ws_handle.go:48	websocket è¿æ¥æˆåŠŸ
[go_vue_admin]2024-07-26 19:17:30.387	[34minfo[0m	/Users/lihao/project/mall-pro/admin-gin/websocket/ws_handle.go:48	websocket è¿æ¥æˆåŠŸ
[go_vue_admin]2024-07-26 19:21:05.726	[34minfo[0m	/Users/lihao/project/mall-pro/admin-gin/websocket/ws_handle.go:48	websocket è¿æ¥æˆåŠŸ
[go_vue_admin]2024-07-26 19:21:24.828	[34minfo[0m	/Users/lihao/project/mall-pro/admin-gin/websocket/ws_handle.go:48	websocket è¿æ¥æˆåŠŸ
[go_vue_admin]2024-07-26 19:21:42.612	[34minfo[0m	/Users/lihao/project/mall-pro/admin-gin/websocket/ws_handle.go:48	websocket è¿æ¥æˆåŠŸ
[go_vue_admin]2024-07-26 19:29:09.640	[34minfo[0m	/Users/lihao/project/mall-pro/admin-gin/websocket/ws_handle.go:48	websocket è¿æ¥æˆåŠŸ
[go_vue_admin]2024-07-26 19:29:34.745	[34minfo[0m	/Users/lihao/project/mall-pro/admin-gin/websocket/ws_handle.go:48	websocket è¿æ¥æˆåŠŸ
[go_vue_admin]2024-07-26 19:30:00.631	[34minfo[0m	/Users/lihao/project/mall-pro/admin-gin/websocket/ws_handle.go:48	websocket è¿æ¥æˆåŠŸ
[go_vue_admin]2024-07-26 19:30:53.124	[34minfo[0m	/Users/lihao/project/mall-pro/admin-gin/websocket/ws_handle.go:48	websocket è¿æ¥æˆåŠŸ
[go_vue_admin]2024-07-26 19:31:42.241	[34minfo[0m	/Users/lihao/project/mall-pro/admin-gin/websocket/ws_handle.go:48	websocket è¿æ¥æˆåŠŸ
[go_vue_admin]2024-07-26 19:36:44.570	[34minfo[0m	/Users/lihao/project/mall-pro/admin-gin/websocket/ws_handle.go:48	websocket è¿æ¥æˆåŠŸ
[go_vue_admin]2024-07-26 19:43:30.179	[34minfo[0m	/Users/lihao/project/mall-pro/admin-gin/websocket/ws_handle.go:48	websocket è¿æ¥æˆåŠŸ
[go_vue_admin]2024-07-26 19:45:23.777	[34minfo[0m	/Users/lihao/project/mall-pro/admin-gin/websocket/ws_handle.go:48	websocket è¿æ¥æˆåŠŸ
[go_vue_admin]2024-07-26 19:45:39.253	[34minfo[0m	/Users/lihao/project/mall-pro/admin-gin/websocket/ws_handle.go:48	websocket è¿æ¥æˆåŠŸ
[go_vue_admin]2024-07-26 19:45:45.223	[34minfo[0m	/Users/lihao/project/mall-pro/admin-gin/websocket/ws_handle.go:48	websocket è¿æ¥æˆåŠŸ
[go_vue_admin]2024-07-26 19:49:04.953	[34minfo[0m	/Users/lihao/project/mall-pro/admin-gin/websocket/ws_handle.go:48	websocket è¿æ¥æˆåŠŸ
[go_vue_admin]2024-07-26 19:49:18.591	[34minfo[0m	/Users/lihao/project/mall-pro/admin-gin/websocket/ws_handle.go:48	websocket è¿æ¥æˆåŠŸ
[go_vue_admin]2024-07-26 19:50:02.634	[34minfo[0m	/Users/lihao/project/mall-pro/admin-gin/websocket/ws_handle.go:48	websocket è¿æ¥æˆåŠŸ
[go_vue_admin]2024-07-26 19:50:41.956	[34minfo[0m	/Users/lihao/project/mall-pro/admin-gin/websocket/ws_handle.go:48	websocket è¿æ¥æˆåŠŸ
[go_vue_admin]2024-07-26 19:53:43.341	[34minfo[0m	/Users/lihao/project/mall-pro/admin-gin/websocket/ws_handle.go:48	websocket è¿æ¥æˆåŠŸ
[go_vue_admin]2024-07-26 19:53:56.085	[34minfo[0m	/Users/lihao/project/mall-pro/admin-gin/websocket/ws_handle.go:48	websocket è¿æ¥æˆåŠŸ
[go_vue_admin]2024-07-26 19:54:31.770	[34minfo[0m	/Users/lihao/project/mall-pro/admin-gin/websocket/ws_handle.go:48	websocket è¿æ¥æˆåŠŸ
[go_vue_admin]2024-07-26 19:56:27.311	[34minfo[0m	/Users/lihao/project/mall-pro/admin-gin/websocket/ws_handle.go:48	websocket è¿æ¥æˆåŠŸ
[go_vue_admin]2024-07-26 19:56:44.341	[34minfo[0m	/Users/lihao/project/mall-pro/admin-gin/websocket/ws_handle.go:48	websocket è¿æ¥æˆåŠŸ
[go_vue_admin]2024-07-26 19:56:55.082	[34minfo[0m	/Users/lihao/project/mall-pro/admin-gin/websocket/ws_handle.go:48	websocket è¿æ¥æˆåŠŸ
[go_vue_admin]2024-07-26 19:57:09.127	[34minfo[0m	/Users/lihao/project/mall-pro/admin-gin/websocket/ws_handle.go:48	websocket è¿æ¥æˆåŠŸ
[go_vue_admin]2024-07-26 20:00:16.251	[34minfo[0m	/Users/lihao/project/mall-pro/admin-gin/websocket/ws_handle.go:48	websocket è¿æ¥æˆåŠŸ
[go_vue_admin]2024-07-26 20:04:17.141	[34minfo[0m	/Users/lihao/project/mall-pro/admin-gin/websocket/ws_handle.go:48	websocket è¿æ¥æˆåŠŸ
[go_vue_admin]2024-07-26 21:23:05.694	[34minfo[0m	/Users/lihao/project/mall-pro/admin-gin/websocket/ws_handle.go:48	websocket è¿æ¥æˆåŠŸ
[go_vue_admin]2024-07-26 21:23:05.707	[34minfo[0m	/Users/lihao/project/mall-pro/admin-gin/websocket/ws_handle.go:48	websocket è¿æ¥æˆåŠŸ
[go_vue_admin]2024-07-26 21:24:20.703	[34minfo[0m	/Users/lihao/project/mall-pro/admin-gin/websocket/ws_handle.go:48	websocket è¿æ¥æˆåŠŸ
[go_vue_admin]2024-07-26 21:24:20.718	[34minfo[0m	/Users/lihao/project/mall-pro/admin-gin/websocket/ws_handle.go:48	websocket è¿æ¥æˆåŠŸ
[go_vue_admin]2024-07-26 23:14:14.123	[34minfo[0m	/Users/lihao/project/mall-pro/admin-gin/websocket/ws_handle.go:48	websocket è¿æ¥æˆåŠŸ
[go_vue_admin]2024-07-26 23:17:01.434	[34minfo[0m	/Users/lihao/project/mall-pro/admin-gin/websocket/ws_handle.go:48	websocket è¿æ¥æˆåŠŸ
[go_vue_admin]2024-07-26 23:21:53.002	[34minfo[0m	/Users/lihao/project/mall-pro/admin-gin/websocket/ws_handle.go:48	websocket è¿æ¥æˆåŠŸ
[go_vue_admin]2024-07-26 23:22:04.859	[34minfo[0m	/Users/lihao/project/mall-pro/admin-gin/websocket/ws_handle.go:48	websocket è¿æ¥æˆåŠŸ
[go_vue_admin]2024-07-26 23:22:39.883	[34minfo[0m	/Users/lihao/project/mall-pro/admin-gin/websocket/ws_handle.go:48	websocket è¿æ¥æˆåŠŸ
[go_vue_admin]2024-07-26 23:25:18.916	[34minfo[0m	/Users/lihao/project/mall-pro/admin-gin/websocket/ws_handle.go:48	websocket è¿æ¥æˆåŠŸ
[go_vue_admin]2024-07-26 23:25:52.654	[34minfo[0m	/Users/lihao/project/mall-pro/admin-gin/websocket/ws_handle.go:48	websocket è¿æ¥æˆåŠŸ
[go_vue_admin]2024-07-26 23:26:02.872	[34minfo[0m	/Users/lihao/project/mall-pro/admin-gin/websocket/ws_handle.go:48	websocket è¿æ¥æˆåŠŸ
[go_vue_admin]2024-07-26 23:29:23.200	[34minfo[0m	/Users/lihao/project/mall-pro/admin-gin/websocket/ws_handle.go:48	websocket è¿æ¥æˆåŠŸ
[go_vue_admin]2024-07-26 23:30:29.832	[34minfo[0m	/Users/lihao/project/mall-pro/admin-gin/websocket/ws_handle.go:48	websocket è¿æ¥æˆåŠŸ
[go_vue_admin]2024-07-26 23:31:23.419	[34minfo[0m	/Users/lihao/project/mall-pro/admin-gin/websocket/ws_handle.go:48	websocket è¿æ¥æˆåŠŸ
[go_vue_admin]2024-07-26 23:33:18.840	[34minfo[0m	/Users/lihao/project/mall-pro/admin-gin/websocket/ws_handle.go:48	websocket è¿æ¥æˆåŠŸ
[go_vue_admin]2024-07-26 23:35:06.483	[34minfo[0m	/Users/lihao/project/mall-pro/admin-gin/websocket/ws_handle.go:48	websocket è¿æ¥æˆåŠŸ
[go_vue_admin]2024-07-26 23:35:49.256	[34minfo[0m	/Users/lihao/project/mall-pro/admin-gin/websocket/ws_handle.go:48	websocket è¿æ¥æˆåŠŸ
[go_vue_admin]2024-07-26 23:36:14.285	[34minfo[0m	/Users/lihao/project/mall-pro/admin-gin/websocket/ws_handle.go:48	websocket è¿æ¥æˆåŠŸ
[go_vue_admin]2024-07-26 23:38:13.221	[34minfo[0m	/Users/lihao/project/mall-pro/admin-gin/websocket/ws_handle.go:48	websocket è¿æ¥æˆåŠŸ
[go_vue_admin]2024-07-26 23:38:27.207	[34minfo[0m	/Users/lihao/project/mall-pro/admin-gin/websocket/ws_handle.go:48	websocket è¿æ¥æˆåŠŸ
[go_vue_admin]2024-07-26 23:38:39.186	[34minfo[0m	/Users/lihao/project/mall-pro/admin-gin/websocket/ws_handle.go:48	websocket è¿æ¥æˆåŠŸ
[go_vue_admin]2024-07-26 23:38:53.047	[34minfo[0m	/Users/lihao/project/mall-pro/admin-gin/websocket/ws_handle.go:48	websocket è¿æ¥æˆåŠŸ
[go_vue_admin]2024-07-26 23:40:02.541	[34minfo[0m	/Users/lihao/project/mall-pro/admin-gin/websocket/ws_handle.go:48	websocket è¿æ¥æˆåŠŸ
[go_vue_admin]2024-07-26 23:41:20.409	[34minfo[0m	/Users/lihao/project/mall-pro/admin-gin/websocket/ws_handle.go:48	websocket è¿æ¥æˆåŠŸ
[go_vue_admin]2024-07-26 23:41:41.928	[34minfo[0m	/Users/lihao/project/mall-pro/admin-gin/websocket/ws_handle.go:48	websocket è¿æ¥æˆåŠŸ
[go_vue_admin]2024-07-26 23:46:37.241	[34minfo[0m	/Users/lihao/project/mall-pro/admin-gin/websocket/ws_handle.go:48	websocket è¿æ¥æˆåŠŸ
[go_vue_admin]2024-07-26 23:53:21.420	[34minfo[0m	/Users/lihao/project/mall-pro/admin-gin/websocket/ws_handle.go:48	websocket è¿æ¥æˆåŠŸ
[go_vue_admin]2024-07-26 23:54:31.642	[34minfo[0m	/Users/lihao/project/mall-pro/admin-gin/websocket/ws_handle.go:48	websocket è¿æ¥æˆåŠŸ
[go_vue_admin]2024-07-26 23:54:51.131	[34minfo[0m	/Users/lihao/project/mall-pro/admin-gin/websocket/ws_handle.go:48	websocket è¿æ¥æˆåŠŸ
[go_vue_admin]2024-07-26 23:56:10.228	[34minfo[0m	/Users/lihao/project/mall-pro/admin-gin/websocket/ws_handle.go:48	websocket è¿æ¥æˆåŠŸ
[go_vue_admin]2024-07-26 23:56:27.528	[34minfo[0m	/Users/lihao/project/mall-pro/admin-gin/websocket/ws_handle.go:48	websocket è¿æ¥æˆåŠŸ
[go_vue_admin]2024-07-26 23:56:46.113	[34minfo[0m	/Users/lihao/project/mall-pro/admin-gin/websocket/ws_handle.go:48	websocket è¿æ¥æˆåŠŸ
[go_vue_admin]2024-07-26 23:59:48.311	[34minfo[0m	/Users/lihao/project/mall-pro/admin-gin/websocket/ws_handle.go:48	websocket è¿æ¥æˆåŠŸ
