[go_vue_admin]2024-07-16 00:01:56.650	[34minfo[0m	/Users/lihao/project/mall-pro/admin-gin/websocket/ws_handle.go:48	websocket è¿æ¥æˆåŠŸ
[go_vue_admin]2024-07-16 00:01:58.463	[34minfo[0m	/Users/lihao/project/mall-pro/admin-gin/websocket/ws_handle.go:48	websocket è¿æ¥æˆåŠŸ
[go_vue_admin]2024-07-16 00:02:12.595	[34minfo[0m	/Users/lihao/project/mall-pro/admin-gin/websocket/ws_handle.go:48	websocket è¿æ¥æˆåŠŸ
[go_vue_admin]2024-07-16 00:02:13.929	[34minfo[0m	/Users/lihao/project/mall-pro/admin-gin/websocket/ws_handle.go:48	websocket è¿æ¥æˆåŠŸ
[go_vue_admin]2024-07-16 00:02:46.853	[34minfo[0m	/Users/lihao/project/mall-pro/admin-gin/websocket/ws_handle.go:48	websocket è¿æ¥æˆåŠŸ
[go_vue_admin]2024-07-16 00:03:04.152	[34minfo[0m	/Users/lihao/project/mall-pro/admin-gin/websocket/ws_handle.go:48	websocket è¿æ¥æˆåŠŸ
[go_vue_admin]2024-07-16 00:03:13.318	[34minfo[0m	/Users/lihao/project/mall-pro/admin-gin/websocket/ws_handle.go:48	websocket è¿æ¥æˆåŠŸ
[go_vue_admin]2024-07-16 00:03:23.319	[34minfo[0m	/Users/lihao/project/mall-pro/admin-gin/websocket/ws_handle.go:48	websocket è¿æ¥æˆåŠŸ
[go_vue_admin]2024-07-16 00:03:29.140	[34minfo[0m	/Users/lihao/project/mall-pro/admin-gin/websocket/ws_handle.go:48	websocket è¿æ¥æˆåŠŸ
[go_vue_admin]2024-07-16 00:03:30.661	[34minfo[0m	/Users/lihao/project/mall-pro/admin-gin/websocket/ws_handle.go:48	websocket è¿æ¥æˆåŠŸ
[go_vue_admin]2024-07-16 00:03:31.595	[34minfo[0m	/Users/lihao/project/mall-pro/admin-gin/websocket/ws_handle.go:48	websocket è¿æ¥æˆåŠŸ
[go_vue_admin]2024-07-16 00:04:41.248	[34minfo[0m	/Users/lihao/project/mall-pro/admin-gin/websocket/ws_handle.go:48	websocket è¿æ¥æˆåŠŸ
[go_vue_admin]2024-07-16 00:04:43.068	[34minfo[0m	/Users/lihao/project/mall-pro/admin-gin/websocket/ws_handle.go:48	websocket è¿æ¥æˆåŠŸ
[go_vue_admin]2024-07-16 00:04:48.877	[34minfo[0m	/Users/lihao/project/mall-pro/admin-gin/websocket/ws_handle.go:48	websocket è¿æ¥æˆåŠŸ
[go_vue_admin]2024-07-16 00:04:50.104	[34minfo[0m	/Users/lihao/project/mall-pro/admin-gin/websocket/ws_handle.go:48	websocket è¿æ¥æˆåŠŸ
[go_vue_admin]2024-07-16 00:04:50.840	[34minfo[0m	/Users/lihao/project/mall-pro/admin-gin/websocket/ws_handle.go:48	websocket è¿æ¥æˆåŠŸ
[go_vue_admin]2024-07-16 00:04:52.225	[34minfo[0m	/Users/lihao/project/mall-pro/admin-gin/websocket/ws_handle.go:48	websocket è¿æ¥æˆåŠŸ
[go_vue_admin]2024-07-16 00:05:16.962	[34minfo[0m	/Users/lihao/project/mall-pro/admin-gin/websocket/ws_handle.go:48	websocket è¿æ¥æˆåŠŸ
[go_vue_admin]2024-07-16 00:05:23.092	[34minfo[0m	/Users/lihao/project/mall-pro/admin-gin/websocket/ws_handle.go:48	websocket è¿æ¥æˆåŠŸ
[go_vue_admin]2024-07-16 00:05:23.897	[34minfo[0m	/Users/lihao/project/mall-pro/admin-gin/websocket/ws_handle.go:48	websocket è¿æ¥æˆåŠŸ
[go_vue_admin]2024-07-16 00:05:24.219	[34minfo[0m	/Users/lihao/project/mall-pro/admin-gin/websocket/ws_handle.go:48	websocket è¿æ¥æˆåŠŸ
[go_vue_admin]2024-07-16 00:05:24.469	[34minfo[0m	/Users/lihao/project/mall-pro/admin-gin/websocket/ws_handle.go:48	websocket è¿æ¥æˆåŠŸ
[go_vue_admin]2024-07-16 00:05:44.469	[34minfo[0m	/Users/lihao/project/mall-pro/admin-gin/websocket/ws_handle.go:48	websocket è¿æ¥æˆåŠŸ
[go_vue_admin]2024-07-16 00:06:16.981	[34minfo[0m	/Users/lihao/project/mall-pro/admin-gin/websocket/ws_handle.go:48	websocket è¿æ¥æˆåŠŸ
[go_vue_admin]2024-07-16 00:06:27.314	[34minfo[0m	/Users/lihao/project/mall-pro/admin-gin/websocket/ws_handle.go:48	websocket è¿æ¥æˆåŠŸ
[go_vue_admin]2024-07-16 00:07:20.679	[34minfo[0m	/Users/lihao/project/mall-pro/admin-gin/websocket/ws_handle.go:48	websocket è¿æ¥æˆåŠŸ
[go_vue_admin]2024-07-16 00:07:32.487	[34minfo[0m	/Users/lihao/project/mall-pro/admin-gin/websocket/ws_handle.go:48	websocket è¿æ¥æˆåŠŸ
[go_vue_admin]2024-07-16 00:08:06.542	[34minfo[0m	/Users/lihao/project/mall-pro/admin-gin/websocket/ws_handle.go:48	websocket è¿æ¥æˆåŠŸ
[go_vue_admin]2024-07-16 00:08:45.738	[34minfo[0m	/Users/lihao/project/mall-pro/admin-gin/websocket/ws_handle.go:48	websocket è¿æ¥æˆåŠŸ
[go_vue_admin]2024-07-16 00:16:23.399	[34minfo[0m	/Users/lihao/project/mall-pro/admin-gin/websocket/ws_handle.go:48	websocket è¿æ¥æˆåŠŸ
[go_vue_admin]2024-07-16 00:18:06.118	[34minfo[0m	/Users/lihao/project/mall-pro/admin-gin/websocket/ws_handle.go:48	websocket è¿æ¥æˆåŠŸ
[go_vue_admin]2024-07-16 00:19:25.714	[34minfo[0m	/Users/lihao/project/mall-pro/admin-gin/websocket/ws_handle.go:48	websocket è¿æ¥æˆåŠŸ
[go_vue_admin]2024-07-16 00:20:00.645	[34minfo[0m	/Users/lihao/project/mall-pro/admin-gin/websocket/ws_handle.go:48	websocket è¿æ¥æˆåŠŸ
[go_vue_admin]2024-07-16 00:20:58.189	[34minfo[0m	/Users/lihao/project/mall-pro/admin-gin/websocket/ws_handle.go:48	websocket è¿æ¥æˆåŠŸ
[go_vue_admin]2024-07-16 00:25:22.933	[34minfo[0m	/Users/lihao/project/mall-pro/admin-gin/websocket/ws_handle.go:48	websocket è¿æ¥æˆåŠŸ
[go_vue_admin]2024-07-16 10:07:05.986	[34minfo[0m	/Users/lihao/project/mall-pro/admin-gin/websocket/ws_handle.go:48	websocket è¿æ¥æˆåŠŸ
[go_vue_admin]2024-07-16 10:18:04.578	[34minfo[0m	/Users/lihao/project/mall-pro/admin-gin/websocket/ws_handle.go:48	websocket è¿æ¥æˆåŠŸ
[go_vue_admin]2024-07-16 10:18:18.595	[34minfo[0m	/Users/lihao/project/mall-pro/admin-gin/websocket/ws_handle.go:48	websocket è¿æ¥æˆåŠŸ
[go_vue_admin]2024-07-16 10:19:11.654	[34minfo[0m	/Users/lihao/project/mall-pro/admin-gin/websocket/ws_handle.go:48	websocket è¿æ¥æˆåŠŸ
[go_vue_admin]2024-07-16 10:21:31.459	[34minfo[0m	/Users/lihao/project/mall-pro/admin-gin/websocket/ws_handle.go:48	websocket è¿æ¥æˆåŠŸ
[go_vue_admin]2024-07-16 10:22:37.199	[34minfo[0m	/Users/lihao/project/mall-pro/admin-gin/websocket/ws_handle.go:48	websocket è¿æ¥æˆåŠŸ
[go_vue_admin]2024-07-16 10:22:38.128	[34minfo[0m	/Users/lihao/project/mall-pro/admin-gin/websocket/ws_handle.go:48	websocket è¿æ¥æˆåŠŸ
[go_vue_admin]2024-07-16 10:23:26.645	[34minfo[0m	/Users/lihao/project/mall-pro/admin-gin/websocket/ws_handle.go:48	websocket è¿æ¥æˆåŠŸ
[go_vue_admin]2024-07-16 10:27:33.072	[34minfo[0m	/Users/lihao/project/mall-pro/admin-gin/websocket/ws_handle.go:48	websocket è¿æ¥æˆåŠŸ
[go_vue_admin]2024-07-16 10:28:10.036	[34minfo[0m	/Users/lihao/project/mall-pro/admin-gin/websocket/ws_handle.go:48	websocket è¿æ¥æˆåŠŸ
[go_vue_admin]2024-07-16 10:58:34.775	[34minfo[0m	/Users/lihao/project/mall-pro/admin-gin/websocket/ws_handle.go:48	websocket è¿æ¥æˆåŠŸ
[go_vue_admin]2024-07-16 10:59:13.134	[34minfo[0m	/Users/lihao/project/mall-pro/admin-gin/websocket/ws_handle.go:48	websocket è¿æ¥æˆåŠŸ
[go_vue_admin]2024-07-16 11:03:17.333	[34minfo[0m	/Users/lihao/project/mall-pro/admin-gin/websocket/ws_handle.go:48	websocket è¿æ¥æˆåŠŸ
[go_vue_admin]2024-07-16 11:03:38.560	[34minfo[0m	/Users/lihao/project/mall-pro/admin-gin/websocket/ws_handle.go:48	websocket è¿æ¥æˆåŠŸ
[go_vue_admin]2024-07-16 11:05:41.922	[34minfo[0m	/Users/lihao/project/mall-pro/admin-gin/websocket/ws_handle.go:48	websocket è¿æ¥æˆåŠŸ
[go_vue_admin]2024-07-16 11:13:25.907	[34minfo[0m	/Users/lihao/project/mall-pro/admin-gin/websocket/ws_handle.go:48	websocket è¿æ¥æˆåŠŸ
[go_vue_admin]2024-07-16 11:55:44.933	[34minfo[0m	/Users/lihao/project/mall-pro/admin-gin/websocket/ws_handle.go:48	websocket è¿æ¥æˆåŠŸ
[go_vue_admin]2024-07-16 11:55:52.751	[34minfo[0m	/Users/lihao/project/mall-pro/admin-gin/websocket/ws_handle.go:48	websocket è¿æ¥æˆåŠŸ
[go_vue_admin]2024-07-16 11:57:38.444	[34minfo[0m	/Users/lihao/project/mall-pro/admin-gin/websocket/ws_handle.go:48	websocket è¿æ¥æˆåŠŸ
[go_vue_admin]2024-07-16 11:58:03.221	[34minfo[0m	/Users/lihao/project/mall-pro/admin-gin/websocket/ws_handle.go:48	websocket è¿æ¥æˆåŠŸ
[go_vue_admin]2024-07-16 11:58:43.614	[34minfo[0m	/Users/lihao/project/mall-pro/admin-gin/websocket/ws_handle.go:48	websocket è¿æ¥æˆåŠŸ
[go_vue_admin]2024-07-16 11:59:27.133	[34minfo[0m	/Users/lihao/project/mall-pro/admin-gin/websocket/ws_handle.go:48	websocket è¿æ¥æˆåŠŸ
[go_vue_admin]2024-07-16 12:01:36.808	[34minfo[0m	/Users/lihao/project/mall-pro/admin-gin/websocket/ws_handle.go:48	websocket è¿æ¥æˆåŠŸ
[go_vue_admin]2024-07-16 12:14:47.328	[34minfo[0m	/Users/lihao/project/mall-pro/admin-gin/websocket/ws_handle.go:48	websocket è¿æ¥æˆåŠŸ
[go_vue_admin]2024-07-16 12:53:48.657	[34minfo[0m	/Users/lihao/project/mall-pro/admin-gin/websocket/ws_handle.go:48	websocket è¿æ¥æˆåŠŸ
[go_vue_admin]2024-07-16 12:57:18.540	[34minfo[0m	/Users/lihao/project/mall-pro/admin-gin/websocket/ws_handle.go:48	websocket è¿æ¥æˆåŠŸ
[go_vue_admin]2024-07-16 19:08:47.180	[34minfo[0m	/Users/lihao/project/mall-pro/admin-gin/websocket/ws_handle.go:48	websocket è¿æ¥æˆåŠŸ
[go_vue_admin]2024-07-16 19:23:13.029	[34minfo[0m	/Users/lihao/project/mall-pro/admin-gin/websocket/ws_handle.go:48	websocket è¿æ¥æˆåŠŸ
[go_vue_admin]2024-07-16 20:24:21.926	[34minfo[0m	/Users/lihao/project/mall-pro/admin-gin/websocket/ws_handle.go:48	websocket è¿æ¥æˆåŠŸ
[go_vue_admin]2024-07-16 20:24:30.917	[34minfo[0m	/Users/lihao/project/mall-pro/admin-gin/websocket/ws_handle.go:48	websocket è¿æ¥æˆåŠŸ
[go_vue_admin]2024-07-16 20:28:37.116	[34minfo[0m	/Users/lihao/project/mall-pro/admin-gin/websocket/ws_handle.go:48	websocket è¿æ¥æˆåŠŸ
[go_vue_admin]2024-07-16 21:42:28.874	[34minfo[0m	/Users/lihao/project/mall-pro/admin-gin/websocket/ws_handle.go:48	websocket è¿æ¥æˆåŠŸ
[go_vue_admin]2024-07-16 21:42:48.285	[34minfo[0m	/Users/lihao/project/mall-pro/admin-gin/websocket/ws_handle.go:48	websocket è¿æ¥æˆåŠŸ
[go_vue_admin]2024-07-16 21:42:49.668	[34minfo[0m	/Users/lihao/project/mall-pro/admin-gin/websocket/ws_handle.go:48	websocket è¿æ¥æˆåŠŸ
[go_vue_admin]2024-07-16 21:42:50.433	[34minfo[0m	/Users/lihao/project/mall-pro/admin-gin/websocket/ws_handle.go:48	websocket è¿æ¥æˆåŠŸ
[go_vue_admin]2024-07-16 21:42:56.914	[34minfo[0m	/Users/lihao/project/mall-pro/admin-gin/websocket/ws_handle.go:48	websocket è¿æ¥æˆåŠŸ
[go_vue_admin]2024-07-16 21:43:31.887	[34minfo[0m	/Users/lihao/project/mall-pro/admin-gin/websocket/ws_handle.go:48	websocket è¿æ¥æˆåŠŸ
[go_vue_admin]2024-07-16 21:44:24.141	[34minfo[0m	/Users/lihao/project/mall-pro/admin-gin/websocket/ws_handle.go:48	websocket è¿æ¥æˆåŠŸ
[go_vue_admin]2024-07-16 21:44:28.887	[34minfo[0m	/Users/lihao/project/mall-pro/admin-gin/websocket/internal/action/grab_action.go:41	grab_lock is exist
[go_vue_admin]2024-07-16 21:45:36.190	[34minfo[0m	/Users/lihao/project/mall-pro/admin-gin/websocket/ws_handle.go:48	websocket è¿æ¥æˆåŠŸ
[go_vue_admin]2024-07-16 21:46:44.864	[34minfo[0m	/Users/lihao/project/mall-pro/admin-gin/websocket/ws_handle.go:49	websocket è¿æ¥æˆåŠŸ
[go_vue_admin]2024-07-16 21:49:00.789	[34minfo[0m	/Users/lihao/project/mall-pro/admin-gin/websocket/ws_handle.go:48	websocket è¿æ¥æˆåŠŸ
[go_vue_admin]2024-07-16 21:49:20.842	[34minfo[0m	/Users/lihao/project/mall-pro/admin-gin/websocket/internal/action/grab_action.go:41	grab_lock is exist
[go_vue_admin]2024-07-16 21:49:26.408	[34minfo[0m	/Users/lihao/project/mall-pro/admin-gin/websocket/ws_handle.go:48	websocket è¿æ¥æˆåŠŸ
[go_vue_admin]2024-07-16 21:49:44.616	[34minfo[0m	/Users/lihao/project/mall-pro/admin-gin/websocket/ws_handle.go:48	websocket è¿æ¥æˆåŠŸ
[go_vue_admin]2024-07-16 21:49:47.637	[34minfo[0m	/Users/lihao/project/mall-pro/admin-gin/websocket/internal/action/grab_action.go:41	grab_lock is exist
[go_vue_admin]2024-07-16 21:49:57.971	[34minfo[0m	/Users/lihao/project/mall-pro/admin-gin/websocket/ws_handle.go:48	websocket è¿æ¥æˆåŠŸ
[go_vue_admin]2024-07-16 21:50:38.219	[34minfo[0m	/Users/lihao/project/mall-pro/admin-gin/websocket/ws_handle.go:48	websocket è¿æ¥æˆåŠŸ
[go_vue_admin]2024-07-16 21:51:10.463	[34minfo[0m	/Users/lihao/project/mall-pro/admin-gin/websocket/ws_handle.go:48	websocket è¿æ¥æˆåŠŸ
[go_vue_admin]2024-07-16 21:51:17.656	[34minfo[0m	/Users/lihao/project/mall-pro/admin-gin/websocket/ws_handle.go:48	websocket è¿æ¥æˆåŠŸ
[go_vue_admin]2024-07-16 21:51:33.698	[34minfo[0m	/Users/lihao/project/mall-pro/admin-gin/websocket/ws_handle.go:48	websocket è¿æ¥æˆåŠŸ
[go_vue_admin]2024-07-16 21:51:35.115	[34minfo[0m	/Users/lihao/project/mall-pro/admin-gin/websocket/internal/action/grab_action.go:41	grab_lock is exist
[go_vue_admin]2024-07-16 21:51:45.158	[34minfo[0m	/Users/lihao/project/mall-pro/admin-gin/websocket/ws_handle.go:48	websocket è¿æ¥æˆåŠŸ
[go_vue_admin]2024-07-16 21:51:50.116	[34minfo[0m	/Users/lihao/project/mall-pro/admin-gin/websocket/internal/action/grab_action.go:41	grab_lock is exist
[go_vue_admin]2024-07-16 21:53:31.555	[34minfo[0m	/Users/lihao/project/mall-pro/admin-gin/websocket/ws_handle.go:48	websocket è¿æ¥æˆåŠŸ
[go_vue_admin]2024-07-16 21:54:03.640	[34minfo[0m	/Users/lihao/project/mall-pro/admin-gin/websocket/ws_handle.go:48	websocket è¿æ¥æˆåŠŸ
[go_vue_admin]2024-07-16 21:54:42.109	[34minfo[0m	/Users/lihao/project/mall-pro/admin-gin/websocket/ws_handle.go:48	websocket è¿æ¥æˆåŠŸ
[go_vue_admin]2024-07-16 21:55:48.087	[34minfo[0m	/Users/lihao/project/mall-pro/admin-gin/websocket/ws_handle.go:48	websocket è¿æ¥æˆåŠŸ
[go_vue_admin]2024-07-16 21:57:29.272	[34minfo[0m	/Users/lihao/project/mall-pro/admin-gin/websocket/ws_handle.go:48	websocket è¿æ¥æˆåŠŸ
[go_vue_admin]2024-07-16 21:57:37.191	[34minfo[0m	/Users/lihao/project/mall-pro/admin-gin/service/product/goods_grab/pro_goods_grab.go:141	ç¾å¦†æŠ¤è‚¤é‡‡é›†å®Œæˆï¼
[go_vue_admin]2024-07-16 21:57:37.193	[34minfo[0m	/Users/lihao/project/mall-pro/admin-gin/service/product/goods_grab/pro_goods_grab.go:141	æ¯å©´ç«¥ç©é‡‡é›†å®Œæˆï¼
[go_vue_admin]2024-07-16 21:57:37.196	[34minfo[0m	/Users/lihao/project/mall-pro/admin-gin/service/product/goods_grab/pro_goods_grab.go:141	é…’ç±»/èŒ¶å¶é‡‡é›†å®Œæˆï¼
[go_vue_admin]2024-07-16 21:57:37.196	[34minfo[0m	/Users/lihao/project/mall-pro/admin-gin/service/product/goods_grab/pro_goods_grab.go:141	é£Ÿå“é¥®æ–™é‡‡é›†å®Œæˆï¼
[go_vue_admin]2024-07-16 21:57:37.199	[34minfo[0m	/Users/lihao/project/mall-pro/admin-gin/service/product/goods_grab/pro_goods_grab.go:141	æ—¥ç”¨å®¶å±…é‡‡é›†å®Œæˆï¼
[go_vue_admin]2024-07-16 21:57:38.182	[34minfo[0m	/Users/lihao/project/mall-pro/admin-gin/service/product/goods_grab/pro_goods_grab.go:141	3Cæ•°ç å®¶ç”µé‡‡é›†å®Œæˆï¼
[go_vue_admin]2024-07-16 21:57:39.187	[34minfo[0m	/Users/lihao/project/mall-pro/admin-gin/service/product/goods_grab/pro_goods_grab.go:141	ä¼‘é—²é›¶é£Ÿé‡‡é›†å®Œæˆï¼
[go_vue_admin]2024-07-16 21:57:40.206	[34minfo[0m	/Users/lihao/project/mall-pro/admin-gin/service/product/goods_grab/pro_goods_grab.go:141	ä¹³å“å†²é¥®é‡‡é›†å®Œæˆï¼
[go_vue_admin]2024-07-16 21:57:41.184	[34minfo[0m	/Users/lihao/project/mall-pro/admin-gin/service/product/goods_grab/pro_goods_grab.go:141	ç”Ÿé²œæ°´æœé‡‡é›†å®Œæˆï¼
[go_vue_admin]2024-07-16 21:57:42.187	[34minfo[0m	/Users/lihao/project/mall-pro/admin-gin/service/product/goods_grab/pro_goods_grab.go:141	æœé¥°é‹åŒ…é‡‡é›†å®Œæˆï¼
[go_vue_admin]2024-07-16 21:57:43.185	[34minfo[0m	/Users/lihao/project/mall-pro/admin-gin/service/product/goods_grab/pro_goods_grab.go:141	è¥å…»ä¿å¥é‡‡é›†å®Œæˆï¼
[go_vue_admin]2024-07-16 21:57:47.186	[34minfo[0m	/Users/lihao/project/mall-pro/admin-gin/service/product/goods_grab/pro_goods_grab.go:141	å¨å…·çƒ¹é¥ªé‡‡é›†å®Œæˆï¼
[go_vue_admin]2024-07-16 21:57:50.187	[34minfo[0m	/Users/lihao/project/mall-pro/admin-gin/service/product/goods_grab/pro_goods_grab.go:141	ç¾å®¹æœåŠ¡é‡‡é›†å®Œæˆï¼
[go_vue_admin]2024-07-16 21:57:53.188	[34minfo[0m	/Users/lihao/project/mall-pro/admin-gin/service/product/goods_grab/pro_goods_grab.go:141	è¡£ç‰©æ¸…æ´/æŠ¤ç†å‰‚é‡‡é›†å®Œæˆï¼
[go_vue_admin]2024-07-16 21:57:56.188	[34minfo[0m	/Users/lihao/project/mall-pro/admin-gin/service/product/goods_grab/pro_goods_grab.go:141	å¹³æ¿é‡‡é›†å®Œæˆï¼
[go_vue_admin]2024-07-16 21:58:00.186	[34minfo[0m	/Users/lihao/project/mall-pro/admin-gin/service/product/goods_grab/pro_goods_grab.go:141	å¹²ç‡¥å‰‚é‡‡é›†å®Œæˆï¼
[go_vue_admin]2024-07-16 21:58:01.185	[34minfo[0m	/Users/lihao/project/mall-pro/admin-gin/service/product/goods_grab/pro_goods_grab.go:141	é¦™è–°ç”¨å“é‡‡é›†å®Œæˆï¼
[go_vue_admin]2024-07-16 21:58:22.126	[34minfo[0m	/Users/lihao/project/mall-pro/admin-gin/websocket/ws_handle.go:48	websocket è¿æ¥æˆåŠŸ
[go_vue_admin]2024-07-16 21:58:29.437	[34minfo[0m	/Users/lihao/project/mall-pro/admin-gin/service/product/goods_grab/pro_goods_grab.go:141	ç”Ÿé²œæ°´æœé‡‡é›†å®Œæˆï¼
[go_vue_admin]2024-07-16 21:58:29.437	[34minfo[0m	/Users/lihao/project/mall-pro/admin-gin/service/product/goods_grab/pro_goods_grab.go:141	æœé¥°é‹åŒ…é‡‡é›†å®Œæˆï¼
[go_vue_admin]2024-07-16 21:58:29.438	[34minfo[0m	/Users/lihao/project/mall-pro/admin-gin/service/product/goods_grab/pro_goods_grab.go:141	ç¾å¦†æŠ¤è‚¤é‡‡é›†å®Œæˆï¼
[go_vue_admin]2024-07-16 21:58:29.438	[34minfo[0m	/Users/lihao/project/mall-pro/admin-gin/service/product/goods_grab/pro_goods_grab.go:141	æ—¥ç”¨å®¶å±…é‡‡é›†å®Œæˆï¼
[go_vue_admin]2024-07-16 21:58:29.438	[34minfo[0m	/Users/lihao/project/mall-pro/admin-gin/service/product/goods_grab/pro_goods_grab.go:141	é£Ÿå“é¥®æ–™é‡‡é›†å®Œæˆï¼
[go_vue_admin]2024-07-16 21:58:30.435	[34minfo[0m	/Users/lihao/project/mall-pro/admin-gin/service/product/goods_grab/pro_goods_grab.go:141	æ¯å©´ç«¥ç©é‡‡é›†å®Œæˆï¼
[go_vue_admin]2024-07-16 21:58:31.437	[34minfo[0m	/Users/lihao/project/mall-pro/admin-gin/service/product/goods_grab/pro_goods_grab.go:141	3Cæ•°ç å®¶ç”µé‡‡é›†å®Œæˆï¼
[go_vue_admin]2024-07-16 21:58:32.439	[34minfo[0m	/Users/lihao/project/mall-pro/admin-gin/service/product/goods_grab/pro_goods_grab.go:141	é…’ç±»/èŒ¶å¶é‡‡é›†å®Œæˆï¼
[go_vue_admin]2024-07-16 21:58:33.439	[34minfo[0m	/Users/lihao/project/mall-pro/admin-gin/service/product/goods_grab/pro_goods_grab.go:141	ä¼‘é—²é›¶é£Ÿé‡‡é›†å®Œæˆï¼
[go_vue_admin]2024-07-16 21:58:34.439	[34minfo[0m	/Users/lihao/project/mall-pro/admin-gin/service/product/goods_grab/pro_goods_grab.go:141	ä¹³å“å†²é¥®é‡‡é›†å®Œæˆï¼
[go_vue_admin]2024-07-16 21:58:35.440	[34minfo[0m	/Users/lihao/project/mall-pro/admin-gin/service/product/goods_grab/pro_goods_grab.go:141	è¥å…»ä¿å¥é‡‡é›†å®Œæˆï¼
[go_vue_admin]2024-07-16 21:58:45.438	[34minfo[0m	/Users/lihao/project/mall-pro/admin-gin/service/product/goods_grab/pro_goods_grab.go:141	æ£åˆ¶å“é‡‡é›†å®Œæˆï¼
[go_vue_admin]2024-07-16 22:02:13.445	[34minfo[0m	/Users/lihao/project/mall-pro/admin-gin/service/product/goods_grab/pro_goods_grab.go:141	å·§å…‹åŠ›é‡‡é›†å®Œæˆï¼
[go_vue_admin]2024-07-16 22:05:09.454	[34minfo[0m	/Users/lihao/project/mall-pro/admin-gin/service/product/goods_grab/pro_goods_grab.go:141	åšæœé‡‡é›†å®Œæˆï¼
[go_vue_admin]2024-07-16 22:06:59.451	[34minfo[0m	/Users/lihao/project/mall-pro/admin-gin/service/product/goods_grab/pro_goods_grab.go:141	è†¨åŒ–é£Ÿå“é‡‡é›†å®Œæˆï¼
[go_vue_admin]2024-07-16 22:09:36.455	[34minfo[0m	/Users/lihao/project/mall-pro/admin-gin/service/product/goods_grab/pro_goods_grab.go:141	æµ·è‹”/å³é£Ÿæµ·äº§é‡‡é›†å®Œæˆï¼
[go_vue_admin]2024-07-16 22:11:44.454	[34minfo[0m	/Users/lihao/project/mall-pro/admin-gin/service/product/goods_grab/pro_goods_grab.go:141	è±†å¹²é‡‡é›†å®Œæˆï¼
[go_vue_admin]2024-07-16 22:15:18.454	[34minfo[0m	/Users/lihao/project/mall-pro/admin-gin/service/product/goods_grab/pro_goods_grab.go:141	ç²¾é€‰è‚‰ç±»é‡‡é›†å®Œæˆï¼
[go_vue_admin]2024-07-16 22:15:23.452	[34minfo[0m	/Users/lihao/project/mall-pro/admin-gin/service/product/goods_grab/pro_goods_grab.go:141	è”¬èœè›‹å“é‡‡é›†å®Œæˆï¼
[go_vue_admin]2024-07-16 22:15:28.455	[34minfo[0m	/Users/lihao/project/mall-pro/admin-gin/service/product/goods_grab/pro_goods_grab.go:141	æ–°é²œæ°´æœé‡‡é›†å®Œæˆï¼
[go_vue_admin]2024-07-16 22:15:33.460	[34minfo[0m	/Users/lihao/project/mall-pro/admin-gin/service/product/goods_grab/pro_goods_grab.go:141	æµ·é²œæ°´äº§é‡‡é›†å®Œæˆï¼
[go_vue_admin]2024-07-16 22:15:43.453	[34minfo[0m	/Users/lihao/project/mall-pro/admin-gin/service/product/goods_grab/pro_goods_grab.go:141	æ—¥ç”¨ç™¾è´§é‡‡é›†å®Œæˆï¼
[go_vue_admin]2024-07-16 22:15:48.456	[34minfo[0m	/Users/lihao/project/mall-pro/admin-gin/service/product/goods_grab/pro_goods_grab.go:141	å®¶å…·å®¶è£…é‡‡é›†å®Œæˆï¼
[go_vue_admin]2024-07-16 22:15:53.453	[34minfo[0m	/Users/lihao/project/mall-pro/admin-gin/service/product/goods_grab/pro_goods_grab.go:141	é…’ç±»é‡‡é›†å®Œæˆï¼
[go_vue_admin]2024-07-16 22:15:58.451	[34minfo[0m	/Users/lihao/project/mall-pro/admin-gin/service/product/goods_grab/pro_goods_grab.go:141	ç å®é…é¥°é‡‡é›†å®Œæˆï¼
[go_vue_admin]2024-07-16 22:16:03.454	[34minfo[0m	/Users/lihao/project/mall-pro/admin-gin/service/product/goods_grab/pro_goods_grab.go:141	ç”·è£…é‡‡é›†å®Œæˆï¼
[go_vue_admin]2024-07-16 22:16:08.454	[34minfo[0m	/Users/lihao/project/mall-pro/admin-gin/service/product/goods_grab/pro_goods_grab.go:141	å¥³è£…é‡‡é›†å®Œæˆï¼
[go_vue_admin]2024-07-16 22:16:13.452	[34minfo[0m	/Users/lihao/project/mall-pro/admin-gin/service/product/goods_grab/pro_goods_grab.go:141	å†…è¡£è£¤/è¢œå­é‡‡é›†å®Œæˆï¼
[go_vue_admin]2024-07-16 22:16:38.453	[34minfo[0m	/Users/lihao/project/mall-pro/admin-gin/service/product/goods_grab/pro_goods_grab.go:141	çš®å¸¦/æ‰‹è¡¨é‡‡é›†å®Œæˆï¼
[go_vue_admin]2024-07-16 22:16:57.454	[34minfo[0m	/Users/lihao/project/mall-pro/admin-gin/service/product/goods_grab/pro_goods_grab.go:141	è¥å…»è†³è¡¥é‡‡é›†å®Œæˆï¼
[go_vue_admin]2024-07-16 22:17:21.457	[34minfo[0m	/Users/lihao/project/mall-pro/admin-gin/service/product/goods_grab/pro_goods_grab.go:141	ä¹³åˆ¶å“/å¥¶åˆ¶å“é‡‡é›†å®Œæˆï¼
[go_vue_admin]2024-07-16 22:17:22.457	[34minfo[0m	/Users/lihao/project/mall-pro/admin-gin/service/product/goods_grab/pro_goods_grab.go:141	ç”·å£«å¤–å¥—é‡‡é›†å®Œæˆï¼
[go_vue_admin]2024-07-16 22:17:35.460	[34minfo[0m	/Users/lihao/project/mall-pro/admin-gin/service/product/goods_grab/pro_goods_grab.go:141	è†³é£Ÿä¿å¥é‡‡é›†å®Œæˆï¼
[go_vue_admin]2024-07-16 22:17:38.464	[34minfo[0m	/Users/lihao/project/mall-pro/admin-gin/service/product/goods_grab/pro_goods_grab.go:141	ç”·å£«è£¤è£…é‡‡é›†å®Œæˆï¼
[go_vue_admin]2024-07-16 22:17:56.458	[34minfo[0m	/Users/lihao/project/mall-pro/admin-gin/service/product/goods_grab/pro_goods_grab.go:141	ç”·å£«å†…æ­é‡‡é›†å®Œæˆï¼
[go_vue_admin]2024-07-16 22:18:01.457	[34minfo[0m	/Users/lihao/project/mall-pro/admin-gin/service/product/goods_grab/pro_goods_grab.go:141	ç¾å®¹æŠ¤è‚¤é‡‡é›†å®Œæˆï¼
[go_vue_admin]2024-07-16 22:18:06.459	[34minfo[0m	/Users/lihao/project/mall-pro/admin-gin/service/product/goods_grab/pro_goods_grab.go:141	å½©å¦†é¦™æ°´é‡‡é›†å®Œæˆï¼
[go_vue_admin]2024-07-16 22:18:11.461	[34minfo[0m	/Users/lihao/project/mall-pro/admin-gin/service/product/goods_grab/pro_goods_grab.go:141	ç¾å®¹ç¾ä½“é‡‡é›†å®Œæˆï¼
[go_vue_admin]2024-07-16 22:19:12.458	[34minfo[0m	/Users/lihao/project/mall-pro/admin-gin/service/product/goods_grab/pro_goods_grab.go:141	æ–‡èƒ¸å¡‘èº«é‡‡é›†å®Œæˆï¼
[go_vue_admin]2024-07-16 22:19:15.461	[34minfo[0m	/Users/lihao/project/mall-pro/admin-gin/service/product/goods_grab/pro_goods_grab.go:141	å†…è£¤é‡‡é›†å®Œæˆï¼
[go_vue_admin]2024-07-16 22:19:26.461	[34minfo[0m	/Users/lihao/project/mall-pro/admin-gin/service/product/goods_grab/pro_goods_grab.go:141	é¢è†œé‡‡é›†å®Œæˆï¼
[go_vue_admin]2024-07-16 22:19:30.458	[34minfo[0m	/Users/lihao/project/mall-pro/admin-gin/service/product/goods_grab/pro_goods_grab.go:141	çœ¼éƒ¨æŠ¤ç†é‡‡é›†å®Œæˆï¼
[go_vue_admin]2024-07-16 22:19:33.461	[34minfo[0m	/Users/lihao/project/mall-pro/admin-gin/service/product/goods_grab/pro_goods_grab.go:141	å®¶å±…æœé‡‡é›†å®Œæˆï¼
[go_vue_admin]2024-07-16 22:20:00.461	[34minfo[0m	/Users/lihao/project/mall-pro/admin-gin/service/product/goods_grab/pro_goods_grab.go:141	æŠ¤è‚¤å¥—è£…é‡‡é›†å®Œæˆï¼
[go_vue_admin]2024-07-16 22:20:02.459	[34minfo[0m	/Users/lihao/project/mall-pro/admin-gin/service/product/goods_grab/pro_goods_grab.go:141	ç²¾åé‡‡é›†å®Œæˆï¼
[go_vue_admin]2024-07-16 22:20:16.460	[34minfo[0m	/Users/lihao/project/mall-pro/admin-gin/service/product/goods_grab/pro_goods_grab.go:141	æ´é¢é‡‡é›†å®Œæˆï¼
[go_vue_admin]2024-07-16 22:20:23.461	[34minfo[0m	/Users/lihao/project/mall-pro/admin-gin/service/product/goods_grab/pro_goods_grab.go:141	é˜²æ™’é‡‡é›†å®Œæˆï¼
[go_vue_admin]2024-07-16 22:20:27.461	[34minfo[0m	/Users/lihao/project/mall-pro/admin-gin/service/product/goods_grab/pro_goods_grab.go:141	å¸å¦†é‡‡é›†å®Œæˆï¼
[go_vue_admin]2024-07-16 22:20:35.461	[34minfo[0m	/Users/lihao/project/mall-pro/admin-gin/service/product/goods_grab/pro_goods_grab.go:141	éš”ç¦»é‡‡é›†å®Œæˆï¼
[go_vue_admin]2024-07-16 22:20:43.460	[34minfo[0m	/Users/lihao/project/mall-pro/admin-gin/service/product/goods_grab/pro_goods_grab.go:141	é¦™æ°´é¦™è†é‡‡é›†å®Œæˆï¼
[go_vue_admin]2024-07-16 22:20:44.459	[34minfo[0m	/Users/lihao/project/mall-pro/admin-gin/service/product/goods_grab/pro_goods_grab.go:141	ä¹³æ¶²é¢éœœé‡‡é›†å®Œæˆï¼
[go_vue_admin]2024-07-16 22:20:48.475	[34minfo[0m	/Users/lihao/project/mall-pro/admin-gin/service/product/goods_grab/pro_goods_grab.go:141	ç«¥é‹é‡‡é›†å®Œæˆï¼
[go_vue_admin]2024-07-16 22:20:49.460	[34minfo[0m	/Users/lihao/project/mall-pro/admin-gin/service/product/goods_grab/pro_goods_grab.go:141	å©´ç«¥ç”¨å“é‡‡é›†å®Œæˆï¼
[go_vue_admin]2024-07-16 22:20:52.460	[34minfo[0m	/Users/lihao/project/mall-pro/admin-gin/service/product/goods_grab/pro_goods_grab.go:141	çœ‰ç¬”é‡‡é›†å®Œæˆï¼
[go_vue_admin]2024-07-16 22:20:53.461	[34minfo[0m	/Users/lihao/project/mall-pro/admin-gin/service/product/goods_grab/pro_goods_grab.go:141	å­•å¦‡ç”¨å“é‡‡é›†å®Œæˆï¼
[go_vue_admin]2024-07-16 22:20:54.461	[34minfo[0m	/Users/lihao/project/mall-pro/admin-gin/service/product/goods_grab/pro_goods_grab.go:141	ç«¥è£…é‡‡é›†å®Œæˆï¼
[go_vue_admin]2024-07-16 22:20:55.459	[34minfo[0m	/Users/lihao/project/mall-pro/admin-gin/service/product/goods_grab/pro_goods_grab.go:141	ç«æ¯›è†é‡‡é›†å®Œæˆï¼
[go_vue_admin]2024-07-16 22:20:57.462	[34minfo[0m	/Users/lihao/project/mall-pro/admin-gin/service/product/goods_grab/pro_goods_grab.go:141	æ‰‹æœºé‡‡é›†å®Œæˆï¼
[go_vue_admin]2024-07-16 22:20:58.477	[34minfo[0m	/Users/lihao/project/mall-pro/admin-gin/service/product/goods_grab/pro_goods_grab.go:141	å¤§å®¶ç”µé‡‡é›†å®Œæˆï¼
[go_vue_admin]2024-07-16 22:21:04.459	[34minfo[0m	/Users/lihao/project/mall-pro/admin-gin/service/product/goods_grab/pro_goods_grab.go:141	æ™ºèƒ½æ‰‹æœºé‡‡é›†å®Œæˆï¼
[go_vue_admin]2024-07-16 22:21:05.463	[34minfo[0m	/Users/lihao/project/mall-pro/admin-gin/service/product/goods_grab/pro_goods_grab.go:141	ç”µè§†é‡‡é›†å®Œæˆï¼
[go_vue_admin]2024-07-16 22:21:07.462	[34minfo[0m	/Users/lihao/project/mall-pro/admin-gin/service/product/goods_grab/pro_goods_grab.go:141	ç©ºè°ƒé‡‡é›†å®Œæˆï¼
[go_vue_admin]2024-07-16 22:21:08.460	[34minfo[0m	/Users/lihao/project/mall-pro/admin-gin/service/product/goods_grab/pro_goods_grab.go:141	å†°ç®±é‡‡é›†å®Œæˆï¼
[go_vue_admin]2024-07-16 22:21:10.466	[34minfo[0m	/Users/lihao/project/mall-pro/admin-gin/service/product/goods_grab/pro_goods_grab.go:141	å¨æˆ¿å¤§å®¶ç”µé‡‡é›†å®Œæˆï¼
[go_vue_admin]2024-07-16 22:21:13.462	[34minfo[0m	/Users/lihao/project/mall-pro/admin-gin/service/product/goods_grab/pro_goods_grab.go:141	å…¶ä»–é‡‡é›†å®Œæˆï¼
[go_vue_admin]2024-07-16 22:21:14.459	[34minfo[0m	/Users/lihao/project/mall-pro/admin-gin/service/product/goods_grab/pro_goods_grab.go:141	æ´—è¡£æœºé‡‡é›†å®Œæˆï¼
[go_vue_admin]2024-07-16 22:21:15.480	[34minfo[0m	/Users/lihao/project/mall-pro/admin-gin/service/product/goods_grab/pro_goods_grab.go:141	å¥¶ç²‰è¾…é£Ÿé‡‡é›†å®Œæˆï¼
[go_vue_admin]2024-07-16 22:21:17.458	[34minfo[0m	/Users/lihao/project/mall-pro/admin-gin/service/product/goods_grab/pro_goods_grab.go:141	çƒ­æ°´å™¨é‡‡é›†å®Œæˆï¼
[go_vue_admin]2024-07-16 22:21:18.460	[34minfo[0m	/Users/lihao/project/mall-pro/admin-gin/service/product/goods_grab/pro_goods_grab.go:141	ç²®æ²¹é€Ÿé£Ÿé‡‡é›†å®Œæˆï¼
[go_vue_admin]2024-07-16 22:21:23.461	[34minfo[0m	/Users/lihao/project/mall-pro/admin-gin/service/product/goods_grab/pro_goods_grab.go:141	3Cæ•°ç é…ä»¶é‡‡é›†å®Œæˆï¼
[go_vue_admin]2024-07-16 22:21:41.461	[34minfo[0m	/Users/lihao/project/mall-pro/admin-gin/service/product/goods_grab/pro_goods_grab.go:141	å£çº¢é‡‡é›†å®Œæˆï¼
[go_vue_admin]2024-07-16 22:21:51.460	[34minfo[0m	/Users/lihao/project/mall-pro/admin-gin/service/product/goods_grab/pro_goods_grab.go:141	ç”µè„‘é…ä»¶é‡‡é›†å®Œæˆï¼
[go_vue_admin]2024-07-16 22:22:43.461	[34minfo[0m	/Users/lihao/project/mall-pro/admin-gin/service/product/goods_grab/pro_goods_grab.go:141	æ‰‹æœºé…ä»¶é‡‡é›†å®Œæˆï¼
[go_vue_admin]2024-07-16 22:23:16.463	[34minfo[0m	/Users/lihao/project/mall-pro/admin-gin/service/product/goods_grab/pro_goods_grab.go:141	å…¶ä»–æ•°ç é…ä»¶é‡‡é›†å®Œæˆï¼
[go_vue_admin]2024-07-16 22:23:18.461	[34minfo[0m	/Users/lihao/project/mall-pro/admin-gin/service/product/goods_grab/pro_goods_grab.go:141	æ‰“ç«æœº/çœ¼é•œé‡‡é›†å®Œæˆï¼
[go_vue_admin]2024-07-16 22:23:25.463	[34minfo[0m	/Users/lihao/project/mall-pro/admin-gin/service/product/goods_grab/pro_goods_grab.go:141	å—åŒ—å¹²è´§é‡‡é›†å®Œæˆï¼
[go_vue_admin]2024-07-16 22:23:30.459	[34minfo[0m	/Users/lihao/project/mall-pro/admin-gin/service/product/goods_grab/pro_goods_grab.go:141	èŒ—èŒ¶é‡‡é›†å®Œæˆï¼
[go_vue_admin]2024-07-16 22:23:56.461	[34minfo[0m	/Users/lihao/project/mall-pro/admin-gin/service/product/goods_grab/pro_goods_grab.go:141	å¸½å­/å›´å·¾/æ‰‹å¥—é‡‡é›†å®Œæˆï¼
[go_vue_admin]2024-07-16 22:24:31.462	[34minfo[0m	/Users/lihao/project/mall-pro/admin-gin/service/product/goods_grab/pro_goods_grab.go:141	è‘¡è„é…’é‡‡é›†å®Œæˆï¼
[go_vue_admin]2024-07-16 22:24:51.460	[34minfo[0m	/Users/lihao/project/mall-pro/admin-gin/service/product/goods_grab/pro_goods_grab.go:141	æ´‹é…’é‡‡é›†å®Œæˆï¼
[go_vue_admin]2024-07-16 22:25:10.463	[34minfo[0m	/Users/lihao/project/mall-pro/admin-gin/service/product/goods_grab/pro_goods_grab.go:141	å…¶ä»–é…é¥°é‡‡é›†å®Œæˆï¼
[go_vue_admin]2024-07-16 22:25:16.465	[34minfo[0m	/Users/lihao/project/mall-pro/admin-gin/service/product/goods_grab/pro_goods_grab.go:141	é»„é…’/ç±³é…’é‡‡é›†å®Œæˆï¼
[go_vue_admin]2024-07-16 22:25:54.468	[34minfo[0m	/Users/lihao/project/mall-pro/admin-gin/service/product/goods_grab/pro_goods_grab.go:141	é¢„è°ƒé…’/æœé…’é‡‡é›†å®Œæˆï¼
[go_vue_admin]2024-07-16 22:26:02.460	[34minfo[0m	/Users/lihao/project/mall-pro/admin-gin/service/product/goods_grab/pro_goods_grab.go:141	ç™½é…’é‡‡é›†å®Œæˆï¼
[go_vue_admin]2024-07-16 22:26:06.459	[34minfo[0m	/Users/lihao/project/mall-pro/admin-gin/service/product/goods_grab/pro_goods_grab.go:141	ç»¿èŒ¶é‡‡é›†å®Œæˆï¼
[go_vue_admin]2024-07-16 22:26:32.461	[34minfo[0m	/Users/lihao/project/mall-pro/admin-gin/service/product/goods_grab/pro_goods_grab.go:141	æ™®æ´±é‡‡é›†å®Œæˆï¼
[go_vue_admin]2024-07-16 22:26:46.466	[34minfo[0m	/Users/lihao/project/mall-pro/admin-gin/service/product/goods_grab/pro_goods_grab.go:141	é»‘èŒ¶/ç™½èŒ¶é‡‡é›†å®Œæˆï¼
[go_vue_admin]2024-07-16 22:26:49.465	[34minfo[0m	/Users/lihao/project/mall-pro/admin-gin/service/product/goods_grab/pro_goods_grab.go:141	çº¢èŒ¶é‡‡é›†å®Œæˆï¼
[go_vue_admin]2024-07-16 22:27:21.464	[34minfo[0m	/Users/lihao/project/mall-pro/admin-gin/service/product/goods_grab/pro_goods_grab.go:141	èŒ¶åˆ¶å“é‡‡é›†å®Œæˆï¼
[go_vue_admin]2024-07-16 22:27:26.465	[34minfo[0m	/Users/lihao/project/mall-pro/admin-gin/service/product/goods_grab/pro_goods_grab.go:141	å†·é¥®å†»é£Ÿé‡‡é›†å®Œæˆï¼
[go_vue_admin]2024-07-16 22:27:31.465	[34minfo[0m	/Users/lihao/project/mall-pro/admin-gin/service/product/goods_grab/pro_goods_grab.go:141	å¨å…·çƒ¹é¥ªé‡‡é›†å®Œæˆï¼
[go_vue_admin]2024-07-16 22:27:56.463	[34minfo[0m	/Users/lihao/project/mall-pro/admin-gin/service/product/goods_grab/pro_goods_grab.go:141	ç”µå­ç”µå·¥é‡‡é›†å®Œæˆï¼
[go_vue_admin]2024-07-16 22:28:16.468	[34minfo[0m	/Users/lihao/project/mall-pro/admin-gin/service/product/goods_grab/pro_goods_grab.go:141	åŸºç¡€å»ºæé‡‡é›†å®Œæˆï¼
[go_vue_admin]2024-07-16 22:28:31.465	[34minfo[0m	/Users/lihao/project/mall-pro/admin-gin/service/product/goods_grab/pro_goods_grab.go:141	äº”é‡‘å·¥å…·é‡‡é›†å®Œæˆï¼
[go_vue_admin]2024-07-16 22:28:52.465	[34minfo[0m	/Users/lihao/project/mall-pro/admin-gin/service/product/goods_grab/pro_goods_grab.go:141	èŠ±æœèŒ¶é‡‡é›†å®Œæˆï¼
[go_vue_admin]2024-07-16 22:29:07.466	[34minfo[0m	/Users/lihao/project/mall-pro/admin-gin/service/product/goods_grab/pro_goods_grab.go:141	ç¯é¥°ç…§æ˜é‡‡é›†å®Œæˆï¼
[go_vue_admin]2024-07-16 22:29:11.467	[34minfo[0m	/Users/lihao/project/mall-pro/admin-gin/service/product/goods_grab/pro_goods_grab.go:141	å®¶è£…ä¸»æé‡‡é›†å®Œæˆï¼
[go_vue_admin]2024-07-16 22:29:16.466	[34minfo[0m	/Users/lihao/project/mall-pro/admin-gin/service/product/goods_grab/pro_goods_grab.go:141	ä¼ ç»Ÿæ»‹è¡¥é‡‡é›†å®Œæˆï¼
[go_vue_admin]2024-07-16 22:29:24.466	[34minfo[0m	/Users/lihao/project/mall-pro/admin-gin/service/product/goods_grab/pro_goods_grab.go:141	è¢œå­é‡‡é›†å®Œæˆï¼
[go_vue_admin]2024-07-16 22:29:40.464	[34minfo[0m	/Users/lihao/project/mall-pro/admin-gin/service/product/goods_grab/pro_goods_grab.go:141	ç«¥è½¦åº§æ¤…é‡‡é›†å®Œæˆï¼
[go_vue_admin]2024-07-16 22:29:44.465	[34minfo[0m	/Users/lihao/project/mall-pro/admin-gin/service/product/goods_grab/pro_goods_grab.go:141	å„¿ç«¥é¤å…·é‡‡é›†å®Œæˆï¼
[go_vue_admin]2024-07-16 22:29:46.466	[34minfo[0m	/Users/lihao/project/mall-pro/admin-gin/service/product/goods_grab/pro_goods_grab.go:141	å©´ç«¥å°¿è£¤é‡‡é›†å®Œæˆï¼
[go_vue_admin]2024-07-16 22:29:55.494	[34minfo[0m	/Users/lihao/project/mall-pro/admin-gin/service/product/goods_grab/pro_goods_grab.go:141	å–‚å…»ç”¨å“é‡‡é›†å®Œæˆï¼
[go_vue_admin]2024-07-16 22:30:01.468	[34minfo[0m	/Users/lihao/project/mall-pro/admin-gin/service/product/goods_grab/pro_goods_grab.go:141	å­•å¦‡ä¸ªæŠ¤é‡‡é›†å®Œæˆï¼
[go_vue_admin]2024-07-16 22:30:05.466	[34minfo[0m	/Users/lihao/project/mall-pro/admin-gin/service/product/goods_grab/pro_goods_grab.go:141	å­•å¦‡å®¶å±…é‡‡é›†å®Œæˆï¼
[go_vue_admin]2024-07-16 22:30:07.468	[34minfo[0m	/Users/lihao/project/mall-pro/admin-gin/service/product/goods_grab/pro_goods_grab.go:141	å®¶å…·è£…é¥°é‡‡é›†å®Œæˆï¼
[go_vue_admin]2024-07-16 22:30:11.466	[34minfo[0m	/Users/lihao/project/mall-pro/admin-gin/service/product/goods_grab/pro_goods_grab.go:141	å­•å¦‡è¥å…»é‡‡é›†å®Œæˆï¼
[go_vue_admin]2024-07-16 22:30:15.465	[34minfo[0m	/Users/lihao/project/mall-pro/admin-gin/service/product/goods_grab/pro_goods_grab.go:141	å­•å¦‡é…ä»¶é‡‡é›†å®Œæˆï¼
[go_vue_admin]2024-07-16 22:30:17.465	[34minfo[0m	/Users/lihao/project/mall-pro/admin-gin/service/product/goods_grab/pro_goods_grab.go:141	éª¨ç›†å¸¦/å¡‘èº«è¡£é‡‡é›†å®Œæˆï¼
[go_vue_admin]2024-07-16 22:30:24.465	[34minfo[0m	/Users/lihao/project/mall-pro/admin-gin/service/product/goods_grab/pro_goods_grab.go:141	å®å®æŠ¤è‚¤é‡‡é›†å®Œæˆï¼
[go_vue_admin]2024-07-16 22:30:25.466	[34minfo[0m	/Users/lihao/project/mall-pro/admin-gin/service/product/goods_grab/pro_goods_grab.go:141	äº²å­è£…é‡‡é›†å®Œæˆï¼
[go_vue_admin]2024-07-16 22:30:38.464	[34minfo[0m	/Users/lihao/project/mall-pro/admin-gin/service/product/goods_grab/pro_goods_grab.go:141	å„¿ç«¥ä¸‹è£…é‡‡é›†å®Œæˆï¼
[go_vue_admin]2024-07-16 22:30:52.466	[34minfo[0m	/Users/lihao/project/mall-pro/admin-gin/service/product/goods_grab/pro_goods_grab.go:141	å†…è¡£è£¤è¢œé‡‡é›†å®Œæˆï¼
[go_vue_admin]2024-07-16 22:30:58.466	[34minfo[0m	/Users/lihao/project/mall-pro/admin-gin/service/product/goods_grab/pro_goods_grab.go:141	å„¿ç«¥é…é¥°é‡‡é›†å®Œæˆï¼
[go_vue_admin]2024-07-16 22:31:00.473	[34minfo[0m	/Users/lihao/project/mall-pro/admin-gin/service/product/goods_grab/pro_goods_grab.go:141	å„¿ç«¥å¥—è£…é‡‡é›†å®Œæˆï¼
[go_vue_admin]2024-07-16 22:31:07.467	[34minfo[0m	/Users/lihao/project/mall-pro/admin-gin/service/product/goods_grab/pro_goods_grab.go:141	å„¿ç«¥å¤–å¥—é‡‡é›†å®Œæˆï¼
[go_vue_admin]2024-07-16 22:31:13.467	[34minfo[0m	/Users/lihao/project/mall-pro/admin-gin/service/product/goods_grab/pro_goods_grab.go:141	å©´å„¿è°ƒå‘³é‡‡é›†å®Œæˆï¼
[go_vue_admin]2024-07-16 22:31:14.466	[34minfo[0m	/Users/lihao/project/mall-pro/admin-gin/service/product/goods_grab/pro_goods_grab.go:141	å©´å¹¼ä¸ªæŠ¤é‡‡é›†å®Œæˆï¼
[go_vue_admin]2024-07-16 22:31:21.484	[34minfo[0m	/Users/lihao/project/mall-pro/admin-gin/service/product/goods_grab/pro_goods_grab.go:141	å„¿ç«¥ä¸Šè¡£é‡‡é›†å®Œæˆï¼
[go_vue_admin]2024-07-16 22:31:23.468	[34minfo[0m	/Users/lihao/project/mall-pro/admin-gin/service/product/goods_grab/pro_goods_grab.go:141	å¥¶ç²‰é‡‡é›†å®Œæˆï¼
[go_vue_admin]2024-07-16 22:31:27.465	[34minfo[0m	/Users/lihao/project/mall-pro/admin-gin/service/product/goods_grab/pro_goods_grab.go:141	å„¿ç«¥è¥å…»é‡‡é›†å®Œæˆï¼
[go_vue_admin]2024-07-16 22:31:31.465	[34minfo[0m	/Users/lihao/project/mall-pro/admin-gin/service/product/goods_grab/pro_goods_grab.go:141	å„¿ç«¥å‡‰é‹é‡‡é›†å®Œæˆï¼
[go_vue_admin]2024-07-16 22:31:33.469	[34minfo[0m	/Users/lihao/project/mall-pro/admin-gin/service/product/goods_grab/pro_goods_grab.go:141	ä¼‘é—²é‹é‡‡é›†å®Œæˆï¼
[go_vue_admin]2024-07-16 22:31:34.467	[34minfo[0m	/Users/lihao/project/mall-pro/admin-gin/service/product/goods_grab/pro_goods_grab.go:141	å„¿ç«¥æ‹–é‹é‡‡é›†å®Œæˆï¼
[go_vue_admin]2024-07-16 22:31:37.466	[34minfo[0m	/Users/lihao/project/mall-pro/admin-gin/service/product/goods_grab/pro_goods_grab.go:141	å­¦æ­¥é‹é‡‡é›†å®Œæˆï¼
[go_vue_admin]2024-07-16 22:31:38.466	[34minfo[0m	/Users/lihao/project/mall-pro/admin-gin/service/product/goods_grab/pro_goods_grab.go:141	å„¿ç«¥çš®é‹é‡‡é›†å®Œæˆï¼
[go_vue_admin]2024-07-16 22:31:41.466	[34minfo[0m	/Users/lihao/project/mall-pro/admin-gin/service/product/goods_grab/pro_goods_grab.go:141	è¿åŠ¨é‹é‡‡é›†å®Œæˆï¼
[go_vue_admin]2024-07-16 22:31:42.464	[34minfo[0m	/Users/lihao/project/mall-pro/admin-gin/service/product/goods_grab/pro_goods_grab.go:141	å©´å¹¼ç©å…·é‡‡é›†å®Œæˆï¼
[go_vue_admin]2024-07-16 22:31:43.466	[34minfo[0m	/Users/lihao/project/mall-pro/admin-gin/service/product/goods_grab/pro_goods_grab.go:141	ç”µè„‘åŠå…¬é‡‡é›†å®Œæˆï¼
[go_vue_admin]2024-07-16 22:31:46.467	[34minfo[0m	/Users/lihao/project/mall-pro/admin-gin/service/product/goods_grab/pro_goods_grab.go:141	å½±éŸ³æ™ºèƒ½é‡‡é›†å®Œæˆï¼
[go_vue_admin]2024-07-16 22:31:48.467	[34minfo[0m	/Users/lihao/project/mall-pro/admin-gin/service/product/goods_grab/pro_goods_grab.go:141	æ¸¸æˆæ‰‹æœºé‡‡é›†å®Œæˆï¼
[go_vue_admin]2024-07-16 22:31:50.467	[34minfo[0m	/Users/lihao/project/mall-pro/admin-gin/service/product/goods_grab/pro_goods_grab.go:141	è¾…é£Ÿé›¶é£Ÿé‡‡é›†å®Œæˆï¼
[go_vue_admin]2024-07-16 22:31:52.465	[34minfo[0m	/Users/lihao/project/mall-pro/admin-gin/service/product/goods_grab/pro_goods_grab.go:141	è€äººæœºé‡‡é›†å®Œæˆï¼
[go_vue_admin]2024-07-16 22:31:54.466	[34minfo[0m	/Users/lihao/project/mall-pro/admin-gin/service/product/goods_grab/pro_goods_grab.go:141	çˆ½è‚¤æ°´é‡‡é›†å®Œæˆï¼
[go_vue_admin]2024-07-16 22:31:58.465	[34minfo[0m	/Users/lihao/project/mall-pro/admin-gin/service/product/goods_grab/pro_goods_grab.go:141	æ™ºèƒ½è®¾å¤‡é‡‡é›†å®Œæˆï¼
[go_vue_admin]2024-07-16 22:32:00.466	[34minfo[0m	/Users/lihao/project/mall-pro/admin-gin/service/product/goods_grab/pro_goods_grab.go:141	å°å¼æœºé‡‡é›†å®Œæˆï¼
[go_vue_admin]2024-07-16 22:32:02.465	[34minfo[0m	/Users/lihao/project/mall-pro/admin-gin/service/product/goods_grab/pro_goods_grab.go:141	ç¬”è®°æœ¬é‡‡é›†å®Œæˆï¼
[go_vue_admin]2024-07-16 22:32:04.467	[34minfo[0m	/Users/lihao/project/mall-pro/admin-gin/service/product/goods_grab/pro_goods_grab.go:141	å¹³æ¿é‡‡é›†å®Œæˆï¼
[go_vue_admin]2024-07-16 22:32:07.466	[34minfo[0m	/Users/lihao/project/mall-pro/admin-gin/service/product/goods_grab/pro_goods_grab.go:141	ç”Ÿæ´»å®¶ç”µé‡‡é›†å®Œæˆï¼
[go_vue_admin]2024-07-16 22:32:08.465	[34minfo[0m	/Users/lihao/project/mall-pro/admin-gin/service/product/goods_grab/pro_goods_grab.go:141	é”®ç›˜é¼ æ ‡é‡‡é›†å®Œæˆï¼
[go_vue_admin]2024-07-16 22:32:10.465	[34minfo[0m	/Users/lihao/project/mall-pro/admin-gin/service/product/goods_grab/pro_goods_grab.go:141	åŠå…¬è®¾å¤‡é‡‡é›†å®Œæˆï¼
[go_vue_admin]2024-07-16 22:32:26.467	[34minfo[0m	/Users/lihao/project/mall-pro/admin-gin/service/product/goods_grab/pro_goods_grab.go:141	å½±éŸ³å¨±ä¹é‡‡é›†å®Œæˆï¼
[go_vue_admin]2024-07-16 22:32:38.466	[34minfo[0m	/Users/lihao/project/mall-pro/admin-gin/service/product/goods_grab/pro_goods_grab.go:141	å¨æˆ¿å°ç”µé‡‡é›†å®Œæˆï¼
[go_vue_admin]2024-07-16 22:32:44.464	[34minfo[0m	/Users/lihao/project/mall-pro/admin-gin/service/product/goods_grab/pro_goods_grab.go:141	ä¸ªæŠ¤å®¶ç”µé‡‡é›†å®Œæˆï¼
[go_vue_admin]2024-07-16 22:32:52.467	[34minfo[0m	/Users/lihao/project/mall-pro/admin-gin/service/product/goods_grab/pro_goods_grab.go:141	ç”Ÿæ´»ç”µå™¨é‡‡é›†å®Œæˆï¼
[go_vue_admin]2024-07-16 22:33:12.480	[34minfo[0m	/Users/lihao/project/mall-pro/admin-gin/service/product/goods_grab/pro_goods_grab.go:141	é˜¿èƒ¶é‡‡é›†å®Œæˆï¼
[go_vue_admin]2024-07-16 22:33:14.465	[34minfo[0m	/Users/lihao/project/mall-pro/admin-gin/service/product/goods_grab/pro_goods_grab.go:141	æ¸æé‡‡é›†å®Œæˆï¼
[go_vue_admin]2024-07-16 22:33:34.461	[34minfo[0m	/Users/lihao/project/mall-pro/admin-gin/service/product/goods_grab/pro_goods_grab.go:141	ç‡•çªé‡‡é›†å®Œæˆï¼
[go_vue_admin]2024-07-16 22:33:36.467	[34minfo[0m	/Users/lihao/project/mall-pro/admin-gin/service/product/goods_grab/pro_goods_grab.go:141	é£Ÿå“æ·»åŠ å‰‚/è¾…æ–™é‡‡é›†å®Œæˆï¼
[go_vue_admin]2024-07-16 22:33:42.464	[34minfo[0m	/Users/lihao/project/mall-pro/admin-gin/service/product/goods_grab/pro_goods_grab.go:141	èœ‚èœœé‡‡é›†å®Œæˆï¼
[go_vue_admin]2024-07-16 22:33:51.464	[34minfo[0m	/Users/lihao/project/mall-pro/admin-gin/service/product/goods_grab/pro_goods_grab.go:141	å…»ç”ŸåŸæ–™é‡‡é›†å®Œæˆï¼
[go_vue_admin]2024-07-16 22:34:04.464	[34minfo[0m	/Users/lihao/project/mall-pro/admin-gin/service/product/goods_grab/pro_goods_grab.go:141	å‚èŒ¸è´µç»†é‡‡é›†å®Œæˆï¼
[go_vue_admin]2024-07-16 22:34:07.463	[34minfo[0m	/Users/lihao/project/mall-pro/admin-gin/service/product/goods_grab/pro_goods_grab.go:141	å…¶ä»–æ»‹è¡¥å“é‡‡é›†å®Œæˆï¼
[go_vue_admin]2024-07-16 22:34:39.464	[34minfo[0m	/Users/lihao/project/mall-pro/admin-gin/service/product/goods_grab/pro_goods_grab.go:141	çŒªè‚‰ç±»é‡‡é›†å®Œæˆï¼
[go_vue_admin]2024-07-16 22:35:06.464	[34minfo[0m	/Users/lihao/project/mall-pro/admin-gin/service/product/goods_grab/pro_goods_grab.go:141	é£Ÿç–—æ»‹è¡¥é‡‡é›†å®Œæˆï¼
[go_vue_admin]2024-07-16 22:35:46.465	[34minfo[0m	/Users/lihao/project/mall-pro/admin-gin/service/product/goods_grab/pro_goods_grab.go:141	ç‰›ç¾Šè‚‰ç±»é‡‡é›†å®Œæˆï¼
[go_vue_admin]2024-07-16 22:36:09.467	[34minfo[0m	/Users/lihao/project/mall-pro/admin-gin/service/product/goods_grab/pro_goods_grab.go:141	é¸¡é¸­è‚‰ç±»é‡‡é›†å®Œæˆï¼
[go_vue_admin]2024-07-16 22:36:22.462	[34minfo[0m	/Users/lihao/project/mall-pro/admin-gin/service/product/goods_grab/pro_goods_grab.go:141	è‚‰åˆ¶å“é‡‡é›†å®Œæˆï¼
[go_vue_admin]2024-07-16 22:36:54.466	[34minfo[0m	/Users/lihao/project/mall-pro/admin-gin/service/product/goods_grab/pro_goods_grab.go:141	ç…é¥¼ç±»é‡‡é›†å®Œæˆï¼
[go_vue_admin]2024-07-16 22:36:57.464	[34minfo[0m	/Users/lihao/project/mall-pro/admin-gin/service/product/goods_grab/pro_goods_grab.go:141	æ°´é¥ºé¦„é¥¨é‡‡é›†å®Œæˆï¼
[go_vue_admin]2024-07-16 22:37:04.464	[34minfo[0m	/Users/lihao/project/mall-pro/admin-gin/service/product/goods_grab/pro_goods_grab.go:141	å†°æ·‡æ·‹é‡‡é›†å®Œæˆï¼
[go_vue_admin]2024-07-16 22:37:14.464	[34minfo[0m	/Users/lihao/project/mall-pro/admin-gin/service/product/goods_grab/pro_goods_grab.go:141	èŸ¹ç±»é‡‡é›†å®Œæˆï¼
[go_vue_admin]2024-07-16 22:37:54.462	[34minfo[0m	/Users/lihao/project/mall-pro/admin-gin/service/product/goods_grab/pro_goods_grab.go:141	æµ·é²œåˆ¶å“é‡‡é›†å®Œæˆï¼
[go_vue_admin]2024-07-16 22:38:04.468	[34minfo[0m	/Users/lihao/project/mall-pro/admin-gin/service/product/goods_grab/pro_goods_grab.go:141	æµ·å‚é‡‡é›†å®Œæˆï¼
[go_vue_admin]2024-07-16 22:38:11.462	[34minfo[0m	/Users/lihao/project/mall-pro/admin-gin/service/product/goods_grab/pro_goods_grab.go:141	åŒ…ç‚¹/é¢ç‚¹é‡‡é›†å®Œæˆï¼
[go_vue_admin]2024-07-16 22:38:19.467	[34minfo[0m	/Users/lihao/project/mall-pro/admin-gin/service/product/goods_grab/pro_goods_grab.go:141	è´ç±»é‡‡é›†å®Œæˆï¼
[go_vue_admin]2024-07-16 22:38:42.466	[34minfo[0m	/Users/lihao/project/mall-pro/admin-gin/service/product/goods_grab/pro_goods_grab.go:141	å†»åŠæˆå“é‡‡é›†å®Œæˆï¼
[go_vue_admin]2024-07-16 22:38:44.472	[34minfo[0m	/Users/lihao/project/mall-pro/admin-gin/service/product/goods_grab/pro_goods_grab.go:141	é±¼ç±»é‡‡é›†å®Œæˆï¼
[go_vue_admin]2024-07-16 22:38:46.464	[34minfo[0m	/Users/lihao/project/mall-pro/admin-gin/service/product/goods_grab/pro_goods_grab.go:141	è™¾ç±»é‡‡é›†å®Œæˆï¼
[go_vue_admin]2024-07-16 22:39:14.466	[34minfo[0m	/Users/lihao/project/mall-pro/admin-gin/service/product/goods_grab/pro_goods_grab.go:141	å¶èœç±»é‡‡é›†å®Œæˆï¼
[go_vue_admin]2024-07-16 22:39:24.462	[34minfo[0m	/Users/lihao/project/mall-pro/admin-gin/service/product/goods_grab/pro_goods_grab.go:141	é²œèŒè‡é‡‡é›†å®Œæˆï¼
[go_vue_admin]2024-07-16 22:40:02.467	[34minfo[0m	/Users/lihao/project/mall-pro/admin-gin/service/product/goods_grab/pro_goods_grab.go:141	å…¶ä»–æµ·äº§é‡‡é›†å®Œæˆï¼
[go_vue_admin]2024-07-16 22:40:16.464	[34minfo[0m	/Users/lihao/project/mall-pro/admin-gin/service/product/goods_grab/pro_goods_grab.go:141	æ ¹èŒç±»é‡‡é›†å®Œæˆï¼
[go_vue_admin]2024-07-16 22:40:19.479	[34minfo[0m	/Users/lihao/project/mall-pro/admin-gin/service/product/goods_grab/pro_goods_grab.go:141	èŒ„æœç“œç±»é‡‡é›†å®Œæˆï¼
[go_vue_admin]2024-07-16 22:40:22.466	[34minfo[0m	/Users/lihao/project/mall-pro/admin-gin/service/product/goods_grab/pro_goods_grab.go:141	å¿«æ‰‹èœé‡‡é›†å®Œæˆï¼
[go_vue_admin]2024-07-16 22:40:30.463	[34minfo[0m	/Users/lihao/project/mall-pro/admin-gin/service/product/goods_grab/pro_goods_grab.go:141	è‘±å§œè’œæ¤’é‡‡é›†å®Œæˆï¼
[go_vue_admin]2024-07-16 22:41:11.464	[34minfo[0m	/Users/lihao/project/mall-pro/admin-gin/service/product/goods_grab/pro_goods_grab.go:141	è‘¡æè“æœé‡‡é›†å®Œæˆï¼
[go_vue_admin]2024-07-16 22:41:12.465	[34minfo[0m	/Users/lihao/project/mall-pro/admin-gin/service/product/goods_grab/pro_goods_grab.go:141	æŸ‘æ©˜æ©™æŸšé‡‡é›†å®Œæˆï¼
[go_vue_admin]2024-07-16 22:41:30.464	[34minfo[0m	/Users/lihao/project/mall-pro/admin-gin/service/product/goods_grab/pro_goods_grab.go:141	è‹¹æœè•‰æ¢¨é‡‡é›†å®Œæˆï¼
[go_vue_admin]2024-07-16 22:41:32.466	[34minfo[0m	/Users/lihao/project/mall-pro/admin-gin/service/product/goods_grab/pro_goods_grab.go:141	è›‹å“é‡‡é›†å®Œæˆï¼
[go_vue_admin]2024-07-16 22:41:40.467	[34minfo[0m	/Users/lihao/project/mall-pro/admin-gin/service/product/goods_grab/pro_goods_grab.go:141	çŒ•çŒ´æ¡ƒé‡‡é›†å®Œæˆï¼
[go_vue_admin]2024-07-16 22:41:44.466	[34minfo[0m	/Users/lihao/project/mall-pro/admin-gin/service/product/goods_grab/pro_goods_grab.go:141	æ¡ƒæææ£é‡‡é›†å®Œæˆï¼
[go_vue_admin]2024-07-16 22:41:47.464	[34minfo[0m	/Users/lihao/project/mall-pro/admin-gin/service/product/goods_grab/pro_goods_grab.go:141	æ°´æœç¤¼ç›’é‡‡é›†å®Œæˆï¼
[go_vue_admin]2024-07-16 22:42:02.485	[34minfo[0m	/Users/lihao/project/mall-pro/admin-gin/service/product/goods_grab/pro_goods_grab.go:141	æ•£ç²‰é‡‡é›†å®Œæˆï¼
[go_vue_admin]2024-07-16 22:42:05.466	[34minfo[0m	/Users/lihao/project/mall-pro/admin-gin/service/product/goods_grab/pro_goods_grab.go:141	æ°”å«é‡‡é›†å®Œæˆï¼
[go_vue_admin]2024-07-16 22:42:12.467	[34minfo[0m	/Users/lihao/project/mall-pro/admin-gin/service/product/goods_grab/pro_goods_grab.go:141	å½©å¦†å¥—è£…é‡‡é›†å®Œæˆï¼
[go_vue_admin]2024-07-16 22:42:16.468	[34minfo[0m	/Users/lihao/project/mall-pro/admin-gin/service/product/goods_grab/pro_goods_grab.go:141	è¥¿ç“œ/èœœç“œé‡‡é›†å®Œæˆï¼
[go_vue_admin]2024-07-16 22:42:21.467	[34minfo[0m	/Users/lihao/project/mall-pro/admin-gin/service/product/goods_grab/pro_goods_grab.go:141	ç¾å®¹ç¾ä½“åŒ»ç–—å™¨æ¢°é‡‡é›†å®Œæˆï¼
[go_vue_admin]2024-07-16 22:42:29.468	[34minfo[0m	/Users/lihao/project/mall-pro/admin-gin/service/product/goods_grab/pro_goods_grab.go:141	ç²‰åº•é®ç‘•é‡‡é›†å®Œæˆï¼
[go_vue_admin]2024-07-16 22:42:34.467	[34minfo[0m	/Users/lihao/project/mall-pro/admin-gin/service/product/goods_grab/pro_goods_grab.go:141	å¥³å£«è„±æ¯›é‡‡é›†å®Œæˆï¼
[go_vue_admin]2024-07-16 22:42:36.471	[34minfo[0m	/Users/lihao/project/mall-pro/admin-gin/service/product/goods_grab/pro_goods_grab.go:141	ç¾å®¹/ä¸ªæŠ¤ä»ªå™¨é‡‡é›†å®Œæˆï¼
[go_vue_admin]2024-07-16 22:42:37.467	[34minfo[0m	/Users/lihao/project/mall-pro/admin-gin/service/product/goods_grab/pro_goods_grab.go:141	è…®çº¢/ä¿®å®¹é‡‡é›†å®Œæˆï¼
[go_vue_admin]2024-07-16 22:42:41.469	[34minfo[0m	/Users/lihao/project/mall-pro/admin-gin/service/product/goods_grab/pro_goods_grab.go:141	è’¸è„¸å™¨é‡‡é›†å®Œæˆï¼
[go_vue_admin]2024-07-16 22:42:42.467	[34minfo[0m	/Users/lihao/project/mall-pro/admin-gin/service/product/goods_grab/pro_goods_grab.go:141	è€å¹´æœºé‡‡é›†å®Œæˆï¼
[go_vue_admin]2024-07-16 22:42:44.468	[34minfo[0m	/Users/lihao/project/mall-pro/admin-gin/service/product/goods_grab/pro_goods_grab.go:141	æ´é¢ä»ªé‡‡é›†å®Œæˆï¼
[go_vue_admin]2024-07-16 22:42:53.467	[34minfo[0m	/Users/lihao/project/mall-pro/admin-gin/service/product/goods_grab/pro_goods_grab.go:141	çƒ­å¸¦æ°´æœé‡‡é›†å®Œæˆï¼
[go_vue_admin]2024-07-16 22:42:55.469	[34minfo[0m	/Users/lihao/project/mall-pro/admin-gin/service/product/goods_grab/pro_goods_grab.go:141	çœ¼å½±çœ¼çº¿é‡‡é›†å®Œæˆï¼
[go_vue_admin]2024-07-16 22:43:05.466	[34minfo[0m	/Users/lihao/project/mall-pro/admin-gin/service/product/goods_grab/pro_goods_grab.go:141	è¡¬è¡«é‡‡é›†å®Œæˆï¼
[go_vue_admin]2024-07-16 22:43:15.474	[34minfo[0m	/Users/lihao/project/mall-pro/admin-gin/service/product/goods_grab/pro_goods_grab.go:141	å¤§ç å¥³è£…é‡‡é›†å®Œæˆï¼
[go_vue_admin]2024-07-16 22:43:31.466	[34minfo[0m	/Users/lihao/project/mall-pro/admin-gin/service/product/goods_grab/pro_goods_grab.go:141	è¿è¡£è£™é‡‡é›†å®Œæˆï¼
[go_vue_admin]2024-07-16 22:43:35.468	[34minfo[0m	/Users/lihao/project/mall-pro/admin-gin/service/product/goods_grab/pro_goods_grab.go:141	å…¶ä»–è‚‰ç±»é‡‡é›†å®Œæˆï¼
[go_vue_admin]2024-07-16 22:43:43.470	[34minfo[0m	/Users/lihao/project/mall-pro/admin-gin/service/product/goods_grab/pro_goods_grab.go:141	å¥—è£…é‡‡é›†å®Œæˆï¼
[go_vue_admin]2024-07-16 22:43:51.466	[34minfo[0m	/Users/lihao/project/mall-pro/admin-gin/service/product/goods_grab/pro_goods_grab.go:141	è±†åˆ¶å“é‡‡é›†å®Œæˆï¼
[go_vue_admin]2024-07-16 22:43:58.469	[34minfo[0m	/Users/lihao/project/mall-pro/admin-gin/service/product/goods_grab/pro_goods_grab.go:141	åŠå…¬æ–‡å…·é‡‡é›†å®Œæˆï¼
[go_vue_admin]2024-07-16 22:44:31.469	[34minfo[0m	/Users/lihao/project/mall-pro/admin-gin/service/product/goods_grab/pro_goods_grab.go:141	åˆ›æ„å®¶å±…é‡‡é›†å®Œæˆï¼
[go_vue_admin]2024-07-16 22:44:44.468	[34minfo[0m	/Users/lihao/project/mall-pro/admin-gin/service/product/goods_grab/pro_goods_grab.go:141	è£¤å­é‡‡é›†å®Œæˆï¼
[go_vue_admin]2024-07-16 22:45:37.466	[34minfo[0m	/Users/lihao/project/mall-pro/admin-gin/service/product/goods_grab/pro_goods_grab.go:141	å¥³å£«ä¸Šè¡£é‡‡é›†å®Œæˆï¼
[go_vue_admin]2024-07-16 22:45:47.468	[34minfo[0m	/Users/lihao/project/mall-pro/admin-gin/service/product/goods_grab/pro_goods_grab.go:141	ç²¾æ²¹/çº¯éœ²é‡‡é›†å®Œæˆï¼
[go_vue_admin]2024-07-16 22:45:58.474	[34minfo[0m	/Users/lihao/project/mall-pro/admin-gin/service/product/goods_grab/pro_goods_grab.go:141	å¨æˆ¿é…ä»¶é‡‡é›†å®Œæˆï¼
[go_vue_admin]2024-07-16 22:46:01.472	[34minfo[0m	/Users/lihao/project/mall-pro/admin-gin/service/product/goods_grab/pro_goods_grab.go:141	çƒ¹é¥ªç”¨å…·é‡‡é›†å®Œæˆï¼
[go_vue_admin]2024-07-16 22:46:17.473	[34minfo[0m	/Users/lihao/project/mall-pro/admin-gin/service/product/goods_grab/pro_goods_grab.go:141	åŸºç¡€æŠ¤è‚¤é‡‡é›†å®Œæˆï¼
[go_vue_admin]2024-07-16 22:46:26.474	[34minfo[0m	/Users/lihao/project/mall-pro/admin-gin/service/product/goods_grab/pro_goods_grab.go:141	å…¶ä»–é‡‡é›†å®Œæˆï¼
[go_vue_admin]2024-07-16 22:46:41.473	[34minfo[0m	/Users/lihao/project/mall-pro/admin-gin/service/product/goods_grab/pro_goods_grab.go:141	æ‰‹å·¥DIYé‡‡é›†å®Œæˆï¼
[go_vue_admin]2024-07-16 22:46:51.475	[34minfo[0m	/Users/lihao/project/mall-pro/admin-gin/service/product/goods_grab/pro_goods_grab.go:141	ç§¯æœ¨/æ¨¡å‹é‡‡é›†å®Œæˆï¼
[go_vue_admin]2024-07-16 22:47:06.472	[34minfo[0m	/Users/lihao/project/mall-pro/admin-gin/service/product/goods_grab/pro_goods_grab.go:141	ç”µåŠ¨ç©å…·é‡‡é›†å®Œæˆï¼
[go_vue_admin]2024-07-16 22:47:12.471	[34minfo[0m	/Users/lihao/project/mall-pro/admin-gin/service/product/goods_grab/pro_goods_grab.go:141	ç›Šæ™ºç©å…·é‡‡é›†å®Œæˆï¼
[go_vue_admin]2024-07-16 22:47:22.478	[34minfo[0m	/Users/lihao/project/mall-pro/admin-gin/service/product/goods_grab/pro_goods_grab.go:141	å®å®çºªå¿µå“é‡‡é›†å®Œæˆï¼
[go_vue_admin]2024-07-16 22:47:26.480	[34minfo[0m	/Users/lihao/project/mall-pro/admin-gin/service/product/goods_grab/pro_goods_grab.go:141	ç«¥è½¦è¿åŠ¨é‡‡é›†å®Œæˆï¼
[go_vue_admin]2024-07-16 22:47:32.476	[34minfo[0m	/Users/lihao/project/mall-pro/admin-gin/service/product/goods_grab/pro_goods_grab.go:141	ç«¥é‹é…ä»¶é‡‡é›†å®Œæˆï¼
[go_vue_admin]2024-07-16 22:47:36.474	[34minfo[0m	/Users/lihao/project/mall-pro/admin-gin/service/product/goods_grab/pro_goods_grab.go:141	å­•å¦‡è£…/å¦ˆå’ªè£…é‡‡é›†å®Œæˆï¼
[go_vue_admin]2024-07-16 22:47:46.470	[34minfo[0m	/Users/lihao/project/mall-pro/admin-gin/service/product/goods_grab/pro_goods_grab.go:141	å®‰å…¨é˜²æŠ¤é‡‡é›†å®Œæˆï¼
[go_vue_admin]2024-07-16 22:48:17.475	[34minfo[0m	/Users/lihao/project/mall-pro/admin-gin/service/product/goods_grab/pro_goods_grab.go:141	æ—¥ç”¨èµ·å±…é‡‡é›†å®Œæˆï¼
[go_vue_admin]2024-07-16 22:48:18.471	[34minfo[0m	/Users/lihao/project/mall-pro/admin-gin/service/product/goods_grab/pro_goods_grab.go:141	ç¾å¦†å·¥å…·é‡‡é›†å®Œæˆï¼
[go_vue_admin]2024-07-16 22:48:21.474	[34minfo[0m	/Users/lihao/project/mall-pro/admin-gin/service/product/goods_grab/pro_goods_grab.go:141	ä¹Œé¾™èŒ¶é‡‡é›†å®Œæˆï¼
[go_vue_admin]2024-07-16 22:48:22.471	[34minfo[0m	/Users/lihao/project/mall-pro/admin-gin/service/product/goods_grab/pro_goods_grab.go:141	ç¾å®¹æœåŠ¡é‡‡é›†å®Œæˆï¼
[go_vue_admin]2024-07-16 22:48:27.472	[34minfo[0m	/Users/lihao/project/mall-pro/admin-gin/service/product/goods_grab/pro_goods_grab.go:141	æ—¶å°šç®±åŒ…é‡‡é›†å®Œæˆï¼
[go_vue_admin]2024-07-16 22:48:28.472	[34minfo[0m	/Users/lihao/project/mall-pro/admin-gin/service/product/goods_grab/pro_goods_grab.go:141	é»„é‡‘ç å®é‡‡é›†å®Œæˆï¼
[go_vue_admin]2024-07-16 22:48:57.471	[34minfo[0m	/Users/lihao/project/mall-pro/admin-gin/service/product/goods_grab/pro_goods_grab.go:141	åŠŸèƒ½ç®±åŒ…é‡‡é›†å®Œæˆï¼
[go_vue_admin]2024-07-16 22:49:06.472	[34minfo[0m	/Users/lihao/project/mall-pro/admin-gin/service/product/goods_grab/pro_goods_grab.go:141	æ—¶å°šé…é¥°é‡‡é›†å®Œæˆï¼
[go_vue_admin]2024-07-16 22:49:07.474	[34minfo[0m	/Users/lihao/project/mall-pro/admin-gin/service/product/goods_grab/pro_goods_grab.go:141	ç”·å£«åŒ…è¢‹é‡‡é›†å®Œæˆï¼
[go_vue_admin]2024-07-16 22:49:11.473	[34minfo[0m	/Users/lihao/project/mall-pro/admin-gin/service/product/goods_grab/pro_goods_grab.go:141	å¡å¥—é‡‡é›†å®Œæˆï¼
[go_vue_admin]2024-07-16 22:49:12.472	[34minfo[0m	/Users/lihao/project/mall-pro/admin-gin/service/product/goods_grab/pro_goods_grab.go:141	è¿åŠ¨é‹é´é‡‡é›†å®Œæˆï¼
[go_vue_admin]2024-07-16 22:49:18.473	[34minfo[0m	/Users/lihao/project/mall-pro/admin-gin/service/product/goods_grab/pro_goods_grab.go:141	å¥³å£«åŒ…è¢‹é‡‡é›†å®Œæˆï¼
[go_vue_admin]2024-07-16 22:49:24.472	[34minfo[0m	/Users/lihao/project/mall-pro/admin-gin/service/product/goods_grab/pro_goods_grab.go:141	é¤é¥®å…·é‡‡é›†å®Œæˆï¼
[go_vue_admin]2024-07-16 22:49:28.472	[34minfo[0m	/Users/lihao/project/mall-pro/admin-gin/service/product/goods_grab/pro_goods_grab.go:141	çš®é‹é‡‡é›†å®Œæˆï¼
[go_vue_admin]2024-07-16 22:49:31.470	[34minfo[0m	/Users/lihao/project/mall-pro/admin-gin/service/product/goods_grab/pro_goods_grab.go:141	è¿åŠ¨é‹é‡‡é›†å®Œæˆï¼
[go_vue_admin]2024-07-16 22:49:38.478	[34minfo[0m	/Users/lihao/project/mall-pro/admin-gin/service/product/goods_grab/pro_goods_grab.go:141	é«˜è·Ÿé‹é‡‡é›†å®Œæˆï¼
[go_vue_admin]2024-07-16 22:49:39.472	[34minfo[0m	/Users/lihao/project/mall-pro/admin-gin/service/product/goods_grab/pro_goods_grab.go:141	é´å­é‡‡é›†å®Œæˆï¼
[go_vue_admin]2024-07-16 22:49:49.480	[34minfo[0m	/Users/lihao/project/mall-pro/admin-gin/service/product/goods_grab/pro_goods_grab.go:141	å…¶ä»–é‡‡é›†å®Œæˆï¼
[go_vue_admin]2024-07-16 22:50:13.473	[34minfo[0m	/Users/lihao/project/mall-pro/admin-gin/service/product/goods_grab/pro_goods_grab.go:141	å‡‰é‹é‡‡é›†å®Œæˆï¼
[go_vue_admin]2024-07-16 22:50:16.472	[34minfo[0m	/Users/lihao/project/mall-pro/admin-gin/service/product/goods_grab/pro_goods_grab.go:141	æ‹–é‹é‡‡é›†å®Œæˆï¼
[go_vue_admin]2024-07-16 22:50:22.474	[34minfo[0m	/Users/lihao/project/mall-pro/admin-gin/service/product/goods_grab/pro_goods_grab.go:141	ä¼‘é—²é‹é‡‡é›†å®Œæˆï¼
[go_vue_admin]2024-07-16 22:50:31.475	[34minfo[0m	/Users/lihao/project/mall-pro/admin-gin/service/product/goods_grab/pro_goods_grab.go:141	æ°‘æ—æœè£…é‡‡é›†å®Œæˆï¼
[go_vue_admin]2024-07-16 22:50:37.473	[34minfo[0m	/Users/lihao/project/mall-pro/admin-gin/service/product/goods_grab/pro_goods_grab.go:141	çŸ­è£¤é‡‡é›†å®Œæˆï¼
[go_vue_admin]2024-07-16 22:50:41.473	[34minfo[0m	/Users/lihao/project/mall-pro/admin-gin/service/product/goods_grab/pro_goods_grab.go:141	æ°‘æ—æœè£…é‡‡é›†å®Œæˆï¼
[go_vue_admin]2024-07-16 22:50:52.473	[34minfo[0m	/Users/lihao/project/mall-pro/admin-gin/service/product/goods_grab/pro_goods_grab.go:141	çŸ­è£™é‡‡é›†å®Œæˆï¼
[go_vue_admin]2024-07-16 22:50:54.495	[34minfo[0m	/Users/lihao/project/mall-pro/admin-gin/service/product/goods_grab/pro_goods_grab.go:141	å¥—è£…é‡‡é›†å®Œæˆï¼
[go_vue_admin]2024-07-16 22:50:57.473	[34minfo[0m	/Users/lihao/project/mall-pro/admin-gin/service/product/goods_grab/pro_goods_grab.go:141	ç¤¼æœé‡‡é›†å®Œæˆï¼
[go_vue_admin]2024-07-16 22:51:02.476	[34minfo[0m	/Users/lihao/project/mall-pro/admin-gin/service/product/goods_grab/pro_goods_grab.go:141	å® ç‰©/å® ç‰©é£Ÿå“åŠç”¨å“é‡‡é›†å®Œæˆï¼
[go_vue_admin]2024-07-16 22:51:14.473	[34minfo[0m	/Users/lihao/project/mall-pro/admin-gin/service/product/goods_grab/pro_goods_grab.go:141	ä¿æš–å¥—è£…é‡‡é›†å®Œæˆï¼
[go_vue_admin]2024-07-16 22:51:32.473	[34minfo[0m	/Users/lihao/project/mall-pro/admin-gin/service/product/goods_grab/pro_goods_grab.go:141	å® ç‰©é£Ÿå“é‡‡é›†å®Œæˆï¼
[go_vue_admin]2024-07-16 22:51:37.474	[34minfo[0m	/Users/lihao/project/mall-pro/admin-gin/service/product/goods_grab/pro_goods_grab.go:141	å›¾ä¹¦æ‚å¿—é‡‡é›†å®Œæˆï¼
[go_vue_admin]2024-07-16 22:51:41.471	[34minfo[0m	/Users/lihao/project/mall-pro/admin-gin/service/product/goods_grab/pro_goods_grab.go:141	å†…æ­/èƒŒå¿ƒé‡‡é›†å®Œæˆï¼
[go_vue_admin]2024-07-16 22:51:49.474	[34minfo[0m	/Users/lihao/project/mall-pro/admin-gin/service/product/goods_grab/pro_goods_grab.go:141	å® ç‰©ç”¨å“é‡‡é›†å®Œæˆï¼
[go_vue_admin]2024-07-16 22:51:57.475	[34minfo[0m	/Users/lihao/project/mall-pro/admin-gin/service/product/goods_grab/pro_goods_grab.go:141	æ–‡å­¦å°è¯´ç±»é‡‡é›†å®Œæˆï¼
[go_vue_admin]2024-07-16 22:52:09.475	[34minfo[0m	/Users/lihao/project/mall-pro/admin-gin/service/product/goods_grab/pro_goods_grab.go:141	æ•™æè¾…å¯¼ç±»é‡‡é›†å®Œæˆï¼
[go_vue_admin]2024-07-16 22:52:11.473	[34minfo[0m	/Users/lihao/project/mall-pro/admin-gin/service/product/goods_grab/pro_goods_grab.go:141	å„¿ç«¥è¯»ç‰©ç±»é‡‡é›†å®Œæˆï¼
[go_vue_admin]2024-07-16 22:52:16.473	[34minfo[0m	/Users/lihao/project/mall-pro/admin-gin/service/product/goods_grab/pro_goods_grab.go:141	å­¦ä¹ ç”¨å“é‡‡é›†å®Œæˆï¼
[go_vue_admin]2024-07-16 22:52:20.471	[34minfo[0m	/Users/lihao/project/mall-pro/admin-gin/service/product/goods_grab/pro_goods_grab.go:141	ä¼‘é—²æ‚å¿—ç±»é‡‡é›†å®Œæˆï¼
[go_vue_admin]2024-07-16 22:52:22.473	[34minfo[0m	/Users/lihao/project/mall-pro/admin-gin/service/product/goods_grab/pro_goods_grab.go:141	ç¤¾ä¼šç§‘å­¦ç±»é‡‡é›†å®Œæˆï¼
[go_vue_admin]2024-07-16 22:52:23.477	[34minfo[0m	/Users/lihao/project/mall-pro/admin-gin/service/product/goods_grab/pro_goods_grab.go:141	ç”·å£«ä¸Šè¡£é‡‡é›†å®Œæˆï¼
[go_vue_admin]2024-07-16 22:52:27.470	[34minfo[0m	/Users/lihao/project/mall-pro/admin-gin/service/product/goods_grab/pro_goods_grab.go:141	å®¶çººå¸ƒè‰ºé‡‡é›†å®Œæˆï¼
[go_vue_admin]2024-07-16 22:52:28.471	[34minfo[0m	/Users/lihao/project/mall-pro/admin-gin/service/product/goods_grab/pro_goods_grab.go:141	å®¶å±…å¸ƒè‰ºé‡‡é›†å®Œæˆï¼
[go_vue_admin]2024-07-16 22:52:32.474	[34minfo[0m	/Users/lihao/project/mall-pro/admin-gin/service/product/goods_grab/pro_goods_grab.go:141	åºŠä¸Šç”¨å“é‡‡é›†å®Œæˆï¼
[go_vue_admin]2024-07-16 22:52:38.477	[34minfo[0m	/Users/lihao/project/mall-pro/admin-gin/service/product/goods_grab/pro_goods_grab.go:141	çª—å¸˜çª—çº±é‡‡é›†å®Œæˆï¼
[go_vue_admin]2024-07-16 22:53:02.471	[34minfo[0m	/Users/lihao/project/mall-pro/admin-gin/service/product/goods_grab/pro_goods_grab.go:141	åœ°æ¯¯/åœ°å«é‡‡é›†å®Œæˆï¼
[go_vue_admin]2024-07-16 22:53:03.469	[34minfo[0m	/Users/lihao/project/mall-pro/admin-gin/service/product/goods_grab/pro_goods_grab.go:141	æŠ±æ•/é å«/åº§å«é‡‡é›†å®Œæˆï¼
[go_vue_admin]2024-07-16 22:53:06.467	[34minfo[0m	/Users/lihao/project/mall-pro/admin-gin/service/product/goods_grab/pro_goods_grab.go:141	æ–‡å…·é‡‡é›†å®Œæˆï¼
[go_vue_admin]2024-07-16 22:53:19.473	[34minfo[0m	/Users/lihao/project/mall-pro/admin-gin/service/product/goods_grab/pro_goods_grab.go:141	å•¤é…’é‡‡é›†å®Œæˆï¼
[go_vue_admin]2024-07-16 22:53:21.470	[34minfo[0m	/Users/lihao/project/mall-pro/admin-gin/service/product/goods_grab/pro_goods_grab.go:141	å…¶ä»–é…ä»¶é‡‡é›†å®Œæˆï¼
[go_vue_admin]2024-07-16 22:53:22.468	[34minfo[0m	/Users/lihao/project/mall-pro/admin-gin/service/product/goods_grab/pro_goods_grab.go:141	æ¡Œå¸ƒ/ç½©ä»¶/å¸ƒæ–™é‡‡é›†å®Œæˆï¼
[go_vue_admin]2024-07-16 22:53:37.470	[34minfo[0m	/Users/lihao/project/mall-pro/admin-gin/service/product/goods_grab/pro_goods_grab.go:141	ç”µçƒ­æ¯¯/æ¯›æ¯¯é‡‡é›†å®Œæˆï¼
[go_vue_admin]2024-07-16 22:53:52.474	[34minfo[0m	/Users/lihao/project/mall-pro/admin-gin/service/product/goods_grab/pro_goods_grab.go:141	å‡‰å¸­/èšŠå¸é‡‡é›†å®Œæˆï¼
[go_vue_admin]2024-07-16 22:54:02.472	[34minfo[0m	/Users/lihao/project/mall-pro/admin-gin/service/product/goods_grab/pro_goods_grab.go:141	å„¿ç«¥åºŠå“é‡‡é›†å®Œæˆï¼
[go_vue_admin]2024-07-16 22:54:21.472	[34minfo[0m	/Users/lihao/project/mall-pro/admin-gin/service/product/goods_grab/pro_goods_grab.go:141	å››ä»¶å¥—/åºŠç¬ åºŠå¥—é‡‡é›†å®Œæˆï¼
[go_vue_admin]2024-07-16 22:54:26.472	[34minfo[0m	/Users/lihao/project/mall-pro/admin-gin/service/product/goods_grab/pro_goods_grab.go:141	è¿›å£ä¹¦ç±é‡‡é›†å®Œæˆï¼
[go_vue_admin]2024-07-16 22:54:28.472	[34minfo[0m	/Users/lihao/project/mall-pro/admin-gin/service/product/goods_grab/pro_goods_grab.go:141	æ¯›å·¾/æµ´å·¾/æµ´è¢é‡‡é›†å®Œæˆï¼
[go_vue_admin]2024-07-16 22:54:31.473	[34minfo[0m	/Users/lihao/project/mall-pro/admin-gin/service/product/goods_grab/pro_goods_grab.go:141	ç”Ÿé²œå¡åˆ¸é‡‡é›†å®Œæˆï¼
[go_vue_admin]2024-07-16 22:54:33.481	[34minfo[0m	/Users/lihao/project/mall-pro/admin-gin/service/product/goods_grab/pro_goods_grab.go:141	æ°´æœ/è‚‰è›‹/è”¬èœå¡åˆ¸é‡‡é›†å®Œæˆï¼
[go_vue_admin]2024-07-16 22:54:36.471	[34minfo[0m	/Users/lihao/project/mall-pro/admin-gin/service/product/goods_grab/pro_goods_grab.go:141	æµ·é²œ/æ°´äº§å“/åˆ¶å“å¡åˆ¸é‡‡é›†å®Œæˆï¼
[go_vue_admin]2024-07-16 22:54:38.471	[34minfo[0m	/Users/lihao/project/mall-pro/admin-gin/service/product/goods_grab/pro_goods_grab.go:141	çƒ˜ç„™è›‹ç³•å¡åˆ¸é‡‡é›†å®Œæˆï¼
[go_vue_admin]2024-07-16 22:54:41.476	[34minfo[0m	/Users/lihao/project/mall-pro/admin-gin/service/product/goods_grab/pro_goods_grab.go:141	æ´—å‘æŠ¤å‘é‡‡é›†å®Œæˆï¼
[go_vue_admin]2024-07-16 22:54:43.471	[34minfo[0m	/Users/lihao/project/mall-pro/admin-gin/service/product/goods_grab/pro_goods_grab.go:141	å£è…”æŠ¤ç†é‡‡é›†å®Œæˆï¼
[go_vue_admin]2024-07-16 22:54:46.471	[34minfo[0m	/Users/lihao/project/mall-pro/admin-gin/service/product/goods_grab/pro_goods_grab.go:141	èº«ä½“æ¸…æ´é‡‡é›†å®Œæˆï¼
[go_vue_admin]2024-07-16 22:54:48.472	[34minfo[0m	/Users/lihao/project/mall-pro/admin-gin/service/product/goods_grab/pro_goods_grab.go:141	èº«ä½“æŠ¤ç†é‡‡é›†å®Œæˆï¼
[go_vue_admin]2024-07-16 22:54:51.467	[34minfo[0m	/Users/lihao/project/mall-pro/admin-gin/service/product/goods_grab/pro_goods_grab.go:141	å«ç”Ÿå·¾/ç§å¤„æŠ¤ç†é‡‡é›†å®Œæˆï¼
[go_vue_admin]2024-07-16 22:54:53.470	[34minfo[0m	/Users/lihao/project/mall-pro/admin-gin/service/product/goods_grab/pro_goods_grab.go:141	æŸ“å‘çƒ«å‘é‡‡é›†å®Œæˆï¼
[go_vue_admin]2024-07-16 22:54:56.470	[34minfo[0m	/Users/lihao/project/mall-pro/admin-gin/service/product/goods_grab/pro_goods_grab.go:141	æ‰‹éƒ¨æŠ¤ç†é‡‡é›†å®Œæˆï¼
[go_vue_admin]2024-07-16 22:55:01.470	[34minfo[0m	/Users/lihao/project/mall-pro/admin-gin/service/product/goods_grab/pro_goods_grab.go:141	å…¶ä»–ä¸ªæŠ¤ç”¨å“é‡‡é›†å®Œæˆï¼
[go_vue_admin]2024-07-16 22:55:03.470	[34minfo[0m	/Users/lihao/project/mall-pro/admin-gin/service/product/goods_grab/pro_goods_grab.go:141	ä¸ªæŠ¤å·¥å…·é‡‡é›†å®Œæˆï¼
[go_vue_admin]2024-07-16 22:55:10.474	[34minfo[0m	/Users/lihao/project/mall-pro/admin-gin/service/product/goods_grab/pro_goods_grab.go:141	æ”¶çº³æ•´ç†é‡‡é›†å®Œæˆï¼
[go_vue_admin]2024-07-16 22:55:14.472	[34minfo[0m	/Users/lihao/project/mall-pro/admin-gin/service/product/goods_grab/pro_goods_grab.go:141	è¢«å­/æ•å¤´é‡‡é›†å®Œæˆï¼
[go_vue_admin]2024-07-16 22:55:22.472	[34minfo[0m	/Users/lihao/project/mall-pro/admin-gin/service/product/goods_grab/pro_goods_grab.go:141	æ‹–é‹/å±…å®¶é‹é‡‡é›†å®Œæˆï¼
[go_vue_admin]2024-07-16 22:55:29.472	[34minfo[0m	/Users/lihao/project/mall-pro/admin-gin/service/product/goods_grab/pro_goods_grab.go:141	å…¶å®ƒæŠ¤å‘é‡‡é›†å®Œæˆï¼
[go_vue_admin]2024-07-16 22:55:33.473	[34minfo[0m	/Users/lihao/project/mall-pro/admin-gin/service/product/goods_grab/pro_goods_grab.go:141	æ´—æŠ¤å¥—è£…é‡‡é›†å®Œæˆï¼
[go_vue_admin]2024-07-16 22:55:43.474	[34minfo[0m	/Users/lihao/project/mall-pro/admin-gin/service/product/goods_grab/pro_goods_grab.go:141	ç‰™é½¿ç¾ç™½/æŠ¤ç†å‰‚é‡‡é›†å®Œæˆï¼
[go_vue_admin]2024-07-16 22:55:46.474	[34minfo[0m	/Users/lihao/project/mall-pro/admin-gin/service/product/goods_grab/pro_goods_grab.go:141	æŠ¤å‘ç´ /å‘è†œ/ç²¾æ²¹é‡‡é›†å®Œæˆï¼
[go_vue_admin]2024-07-16 22:55:53.472	[34minfo[0m	/Users/lihao/project/mall-pro/admin-gin/service/product/goods_grab/pro_goods_grab.go:141	å£è…”æŠ¤ç†å¥—è£…é‡‡é›†å®Œæˆï¼
[go_vue_admin]2024-07-16 22:56:06.472	[34minfo[0m	/Users/lihao/project/mall-pro/admin-gin/service/product/goods_grab/pro_goods_grab.go:141	æ¼±å£æ°´/å£è…”å–·å‰‚é‡‡é›†å®Œæˆï¼
[go_vue_admin]2024-07-16 22:56:13.473	[34minfo[0m	/Users/lihao/project/mall-pro/admin-gin/service/product/goods_grab/pro_goods_grab.go:141	ç‰™çº¿/ç‰™ç­¾/ç‰™çº¿æ£’é‡‡é›†å®Œæˆï¼
[go_vue_admin]2024-07-16 22:56:20.471	[34minfo[0m	/Users/lihao/project/mall-pro/admin-gin/service/product/goods_grab/pro_goods_grab.go:141	ç‰™è†é‡‡é›†å®Œæˆï¼
[go_vue_admin]2024-07-16 22:56:27.472	[34minfo[0m	/Users/lihao/project/mall-pro/admin-gin/service/product/goods_grab/pro_goods_grab.go:141	æ´—å‘æ°´é‡‡é›†å®Œæˆï¼
[go_vue_admin]2024-07-16 22:56:35.473	[34minfo[0m	/Users/lihao/project/mall-pro/admin-gin/service/product/goods_grab/pro_goods_grab.go:141	èº«ä½“ç£¨ç ‚è†/å»è§’è´¨è†é‡‡é›†å®Œæˆï¼
[go_vue_admin]2024-07-16 22:56:42.474	[34minfo[0m	/Users/lihao/project/mall-pro/admin-gin/service/product/goods_grab/pro_goods_grab.go:141	æ´—æ‰‹æ¶²é‡‡é›†å®Œæˆï¼
[go_vue_admin]2024-07-16 22:56:43.469	[34minfo[0m	/Users/lihao/project/mall-pro/admin-gin/service/product/goods_grab/pro_goods_grab.go:141	é¦™çš‚é‡‡é›†å®Œæˆï¼
[go_vue_admin]2024-07-16 22:56:54.474	[34minfo[0m	/Users/lihao/project/mall-pro/admin-gin/service/product/goods_grab/pro_goods_grab.go:141	ç‰™åˆ·/å£è…”æ¸…æ´å·¥å…·é‡‡é›†å®Œæˆï¼
[go_vue_admin]2024-07-16 22:56:58.470	[34minfo[0m	/Users/lihao/project/mall-pro/admin-gin/service/product/goods_grab/pro_goods_grab.go:141	èº«ä½“æŠ¤ç†å¥—è£…é‡‡é›†å®Œæˆï¼
[go_vue_admin]2024-07-16 22:57:00.499	[34minfo[0m	/Users/lihao/project/mall-pro/admin-gin/service/product/goods_grab/pro_goods_grab.go:141	å…¶ä»–é‡‡é›†å®Œæˆï¼
[go_vue_admin]2024-07-16 22:57:04.600	[34minfo[0m	/Users/lihao/project/mall-pro/admin-gin/service/product/goods_grab/pro_goods_grab.go:141	é¢ˆéœœ/é¢ˆè†œé‡‡é›†å®Œæˆï¼
[go_vue_admin]2024-07-16 22:57:15.471	[34minfo[0m	/Users/lihao/project/mall-pro/admin-gin/service/product/goods_grab/pro_goods_grab.go:141	è‚©é¢ˆ/è†è‚˜è´´é‡‡é›†å®Œæˆï¼
[go_vue_admin]2024-07-16 22:57:18.471	[34minfo[0m	/Users/lihao/project/mall-pro/admin-gin/service/product/goods_grab/pro_goods_grab.go:141	æ­¢æ±—éœ²/æ¶ˆè‡­å‰‚é‡‡é›†å®Œæˆï¼
[go_vue_admin]2024-07-16 22:57:20.472	[34minfo[0m	/Users/lihao/project/mall-pro/admin-gin/service/product/goods_grab/pro_goods_grab.go:141	èƒ¸éƒ¨æŠ¤ç†é‡‡é›†å®Œæˆï¼
[go_vue_admin]2024-07-16 22:57:29.471	[34minfo[0m	/Users/lihao/project/mall-pro/admin-gin/service/product/goods_grab/pro_goods_grab.go:141	è¶³éƒ¨æŠ¤ç†é‡‡é›†å®Œæˆï¼
[go_vue_admin]2024-07-16 22:57:31.470	[34minfo[0m	/Users/lihao/project/mall-pro/admin-gin/service/product/goods_grab/pro_goods_grab.go:141	æ²æµ´éœ²/æ²¹é‡‡é›†å®Œæˆï¼
[go_vue_admin]2024-07-16 22:57:33.471	[34minfo[0m	/Users/lihao/project/mall-pro/admin-gin/service/product/goods_grab/pro_goods_grab.go:141	è„±æ¯›è†/å‡èƒ¶é‡‡é›†å®Œæˆï¼
[go_vue_admin]2024-07-16 22:57:42.476	[34minfo[0m	/Users/lihao/project/mall-pro/admin-gin/service/product/goods_grab/pro_goods_grab.go:141	èº«ä½“ä¹³/éœœ/ç²¾æ²¹/è†é‡‡é›†å®Œæˆï¼
[go_vue_admin]2024-07-16 22:57:44.469	[34minfo[0m	/Users/lihao/project/mall-pro/admin-gin/service/product/goods_grab/pro_goods_grab.go:141	èº«ä½“çš‚/èº«ä½“å–·é›¾é‡‡é›†å®Œæˆï¼
[go_vue_admin]2024-07-16 22:57:45.473	[34minfo[0m	/Users/lihao/project/mall-pro/admin-gin/service/product/goods_grab/pro_goods_grab.go:141	æ¸…å‡‰æ²¹/é˜²æš‘/é†’ç¥è¯æ²¹é‡‡é›†å®Œæˆï¼
[go_vue_admin]2024-07-16 22:57:52.475	[34minfo[0m	/Users/lihao/project/mall-pro/admin-gin/service/product/goods_grab/pro_goods_grab.go:141	å«ç”Ÿæ£‰æ¡é‡‡é›†å®Œæˆï¼
[go_vue_admin]2024-07-16 22:57:59.471	[34minfo[0m	/Users/lihao/project/mall-pro/admin-gin/service/product/goods_grab/pro_goods_grab.go:141	ç§å¤„æ´—æ¶²/æ¹¿å·¾é‡‡é›†å®Œæˆï¼
[go_vue_admin]2024-07-16 22:58:00.470	[34minfo[0m	/Users/lihao/project/mall-pro/admin-gin/service/product/goods_grab/pro_goods_grab.go:141	æŸ“å‘äº§å“é‡‡é›†å®Œæˆï¼
[go_vue_admin]2024-07-16 22:58:07.115	[34minfo[0m	/Users/lihao/project/mall-pro/admin-gin/service/product/goods_grab/pro_goods_grab.go:141	ç¾å‘å·¥å…·é‡‡é›†å®Œæˆï¼
[go_vue_admin]2024-07-16 22:58:07.473	[34minfo[0m	/Users/lihao/project/mall-pro/admin-gin/service/product/goods_grab/pro_goods_grab.go:141	å…¶ä»–é‡‡é›†å®Œæˆï¼
[go_vue_admin]2024-07-16 22:58:09.470	[34minfo[0m	/Users/lihao/project/mall-pro/admin-gin/service/product/goods_grab/pro_goods_grab.go:141	çƒ«å‘äº§å“é‡‡é›†å®Œæˆï¼
[go_vue_admin]2024-07-16 22:58:10.473	[34minfo[0m	/Users/lihao/project/mall-pro/admin-gin/service/product/goods_grab/pro_goods_grab.go:141	æ‘©ä¸/å•«å–±/å¤´å‘é€ å‹é‡‡é›†å®Œæˆï¼
[go_vue_admin]2024-07-16 22:58:17.502	[34minfo[0m	/Users/lihao/project/mall-pro/admin-gin/service/product/goods_grab/pro_goods_grab.go:141	æ‰‹éƒ¨ä¿å…»å¥—è£…é‡‡é›†å®Œæˆï¼
[go_vue_admin]2024-07-16 22:58:19.472	[34minfo[0m	/Users/lihao/project/mall-pro/admin-gin/service/product/goods_grab/pro_goods_grab.go:141	æ‰‹éƒ¨ä¿®å¤/æ¸…æ´é‡‡é›†å®Œæˆï¼
[go_vue_admin]2024-07-16 22:58:27.471	[34minfo[0m	/Users/lihao/project/mall-pro/admin-gin/service/product/goods_grab/pro_goods_grab.go:141	å¡‘èº«è´´/å¡‘å½¢å¸¦é‡‡é›†å®Œæˆï¼
[go_vue_admin]2024-07-16 22:58:39.469	[34minfo[0m	/Users/lihao/project/mall-pro/admin-gin/service/product/goods_grab/pro_goods_grab.go:141	å‘åœˆ/å‘ç½‘/å‘å¸¦é‡‡é›†å®Œæˆï¼
[go_vue_admin]2024-07-16 22:58:40.496	[34minfo[0m	/Users/lihao/project/mall-pro/admin-gin/service/product/goods_grab/pro_goods_grab.go:141	å‰ƒé¡»åˆ€/æŒ‡ç”²é’³é‡‡é›†å®Œæˆï¼
[go_vue_admin]2024-07-16 22:58:51.472	[34minfo[0m	/Users/lihao/project/mall-pro/admin-gin/service/product/goods_grab/pro_goods_grab.go:141	æŠ¤æ‰‹éœœ/æ‰‹è†œé‡‡é›†å®Œæˆï¼
[go_vue_admin]2024-07-16 22:58:59.471	[34minfo[0m	/Users/lihao/project/mall-pro/admin-gin/service/product/goods_grab/pro_goods_grab.go:141	è’¸æ±½çœ¼ç½©é‡‡é›†å®Œæˆï¼
[go_vue_admin]2024-07-16 22:59:02.473	[34minfo[0m	/Users/lihao/project/mall-pro/admin-gin/service/product/goods_grab/pro_goods_grab.go:141	æ¢³å­/å·å‘æ£’/åŒ–å¦†é•œé‡‡é›†å®Œæˆï¼
[go_vue_admin]2024-07-16 22:59:05.471	[34minfo[0m	/Users/lihao/project/mall-pro/admin-gin/service/product/goods_grab/pro_goods_grab.go:141	æŒ‰æ‘©ç”¨å“é‡‡é›†å®Œæˆï¼
[go_vue_admin]2024-07-16 22:59:10.473	[34minfo[0m	/Users/lihao/project/mall-pro/admin-gin/service/product/goods_grab/pro_goods_grab.go:141	å®¤å†…é™¤è‡­/èŠ³é¦™ç”¨å“é‡‡é›†å®Œæˆï¼
[go_vue_admin]2024-07-16 22:59:12.473	[34minfo[0m	/Users/lihao/project/mall-pro/admin-gin/service/product/goods_grab/pro_goods_grab.go:141	èº«ä½“ç²¾æ²¹èŠ³ç–—é‡‡é›†å®Œæˆï¼
[go_vue_admin]2024-07-16 22:59:14.477	[34minfo[0m	/Users/lihao/project/mall-pro/admin-gin/service/product/goods_grab/pro_goods_grab.go:141	å‡å‘åŠé…ä»¶é‡‡é›†å®Œæˆï¼
[go_vue_admin]2024-07-16 22:59:15.473	[34minfo[0m	/Users/lihao/project/mall-pro/admin-gin/service/product/goods_grab/pro_goods_grab.go:141	å®¶åº­æ¸…æ´å‰‚é‡‡é›†å®Œæˆï¼
[go_vue_admin]2024-07-16 22:59:17.473	[34minfo[0m	/Users/lihao/project/mall-pro/admin-gin/service/product/goods_grab/pro_goods_grab.go:141	è¡£ç‰©æ¸…æ´/æŠ¤ç†å‰‚é‡‡é›†å®Œæˆï¼
[go_vue_admin]2024-07-16 22:59:19.472	[34minfo[0m	/Users/lihao/project/mall-pro/admin-gin/service/product/goods_grab/pro_goods_grab.go:141	é©±è™«ç”¨å“é‡‡é›†å®Œæˆï¼
[go_vue_admin]2024-07-16 22:59:20.475	[34minfo[0m	/Users/lihao/project/mall-pro/admin-gin/service/product/goods_grab/pro_goods_grab.go:141	çº¸å“/æ¹¿å·¾é‡‡é›†å®Œæˆï¼
[go_vue_admin]2024-07-16 22:59:22.472	[34minfo[0m	/Users/lihao/project/mall-pro/admin-gin/service/product/goods_grab/pro_goods_grab.go:141	å…¶ä»–å®¶æ¸…ç”¨å“é‡‡é›†å®Œæˆï¼
[go_vue_admin]2024-07-16 22:59:33.476	[34minfo[0m	/Users/lihao/project/mall-pro/admin-gin/service/product/goods_grab/pro_goods_grab.go:141	å«ç”Ÿå·¾/æŠ¤å«/å«ç”Ÿè£¤é‡‡é›†å®Œæˆï¼
[go_vue_admin]2024-07-16 23:00:03.488	[34minfo[0m	/Users/lihao/project/mall-pro/admin-gin/service/product/goods_grab/pro_goods_grab.go:141	å·çº¸/å«ç”Ÿçº¸é‡‡é›†å®Œæˆï¼
[go_vue_admin]2024-07-16 23:00:32.473	[34minfo[0m	/Users/lihao/project/mall-pro/admin-gin/service/product/goods_grab/pro_goods_grab.go:141	å¨æˆ¿ç”¨çº¸é‡‡é›†å®Œæˆï¼
[go_vue_admin]2024-07-16 23:00:39.470	[34minfo[0m	/Users/lihao/project/mall-pro/admin-gin/service/product/goods_grab/pro_goods_grab.go:141	æ¹¿å·¾/æ¹¿å•çº¸é‡‡é›†å®Œæˆï¼
[go_vue_admin]2024-07-16 23:00:49.472	[34minfo[0m	/Users/lihao/project/mall-pro/admin-gin/service/product/goods_grab/pro_goods_grab.go:141	ç”²é†›æ¸…é™¤å‰‚/ç”²é†›æµ‹è¯•é‡‡é›†å®Œæˆï¼
[go_vue_admin]2024-07-16 23:00:57.472	[34minfo[0m	/Users/lihao/project/mall-pro/admin-gin/service/product/goods_grab/pro_goods_grab.go:141	ç©ºæ°”æ¸…æ–°/å‡€åŒ–/èŠ³é¦™å‰‚é‡‡é›†å®Œæˆï¼
[go_vue_admin]2024-07-16 23:00:59.474	[34minfo[0m	/Users/lihao/project/mall-pro/admin-gin/service/product/goods_grab/pro_goods_grab.go:141	å†°ç®±é™¤å‘³å‰‚é‡‡é›†å®Œæˆï¼
[go_vue_admin]2024-07-16 23:01:05.473	[34minfo[0m	/Users/lihao/project/mall-pro/admin-gin/service/product/goods_grab/pro_goods_grab.go:141	æ£‰æŸ”å·¾/æ´—è„¸å·¾é‡‡é›†å®Œæˆï¼
[go_vue_admin]2024-07-16 23:01:07.474	[34minfo[0m	/Users/lihao/project/mall-pro/admin-gin/service/product/goods_grab/pro_goods_grab.go:141	é™¤è‡­å–·é›¾/å‰‚/é™¤è‡­ç”¨å“é‡‡é›†å®Œæˆï¼
[go_vue_admin]2024-07-16 23:01:09.472	[34minfo[0m	/Users/lihao/project/mall-pro/admin-gin/service/product/goods_grab/pro_goods_grab.go:141	å¹²ç‡¥å‰‚é‡‡é›†å®Œæˆï¼
[go_vue_admin]2024-07-16 23:01:19.475	[34minfo[0m	/Users/lihao/project/mall-pro/admin-gin/service/product/goods_grab/pro_goods_grab.go:141	æ¶ˆæ¯’ç”¨å“é‡‡é›†å®Œæˆï¼
[go_vue_admin]2024-07-16 23:01:51.475	[34minfo[0m	/Users/lihao/project/mall-pro/admin-gin/service/product/goods_grab/pro_goods_grab.go:141	å…¶ä»–ä¸ªæŠ¤å·¥å…·é‡‡é›†å®Œæˆï¼
[go_vue_admin]2024-07-16 23:02:05.495	[34minfo[0m	/Users/lihao/project/mall-pro/admin-gin/service/product/goods_grab/pro_goods_grab.go:141	å¨æˆ¿æ¸…æ´é‡‡é›†å®Œæˆï¼
[go_vue_admin]2024-07-16 23:02:17.495	[34minfo[0m	/Users/lihao/project/mall-pro/admin-gin/service/product/goods_grab/pro_goods_grab.go:141	å±…å®¶æ¸…æ´é‡‡é›†å®Œæˆï¼
[go_vue_admin]2024-07-16 23:02:36.474	[34minfo[0m	/Users/lihao/project/mall-pro/admin-gin/service/product/goods_grab/pro_goods_grab.go:141	æ´—è¡£ç²‰/çˆ†ç‚¸ç›/æ¼‚ç™½å‰‚é‡‡é›†å®Œæˆï¼
[go_vue_admin]2024-07-16 23:02:40.471	[34minfo[0m	/Users/lihao/project/mall-pro/admin-gin/service/product/goods_grab/pro_goods_grab.go:141	æ´—è¡£çš‚/å†…è¡£çš‚é‡‡é›†å®Œæˆï¼
[go_vue_admin]2024-07-16 23:02:42.474	[34minfo[0m	/Users/lihao/project/mall-pro/admin-gin/service/product/goods_grab/pro_goods_grab.go:141	æŸ”é¡ºå‰‚/å¸è‰²ç‰‡/ç»‡ç‰©å–·é›¾é‡‡é›†å®Œæˆï¼
[go_vue_admin]2024-07-16 23:02:55.494	[34minfo[0m	/Users/lihao/project/mall-pro/admin-gin/service/product/goods_grab/pro_goods_grab.go:141	å®¶ç”¨æ€è™«å‰‚é‡‡é›†å®Œæˆï¼
[go_vue_admin]2024-07-16 23:02:56.490	[34minfo[0m	/Users/lihao/project/mall-pro/admin-gin/service/product/goods_grab/pro_goods_grab.go:141	å…¶ä»–è¡£ç‰©æ´—æ¶¤å‰‚é‡‡é›†å®Œæˆï¼
[go_vue_admin]2024-07-16 23:03:02.471	[34minfo[0m	/Users/lihao/project/mall-pro/admin-gin/service/product/goods_grab/pro_goods_grab.go:141	èšŠé¦™æ¶²/ç”µèšŠé¦™é‡‡é›†å®Œæˆï¼
[go_vue_admin]2024-07-16 23:03:05.495	[34minfo[0m	/Users/lihao/project/mall-pro/admin-gin/service/product/goods_grab/pro_goods_grab.go:141	é™¤è¨å–·é›¾é‡‡é›†å®Œæˆï¼
[go_vue_admin]2024-07-16 23:03:06.509	[34minfo[0m	/Users/lihao/project/mall-pro/admin-gin/service/product/goods_grab/pro_goods_grab.go:141	èšŠé¦™ç‰‡/èšŠé¦™ç›˜é‡‡é›†å®Œæˆï¼
[go_vue_admin]2024-07-16 23:03:12.472	[34minfo[0m	/Users/lihao/project/mall-pro/admin-gin/service/product/goods_grab/pro_goods_grab.go:141	é©±èšŠæ¶²/é©±èšŠå‡éœ²/é©±èšŠå–·é›¾é‡‡é›†å®Œæˆï¼
[go_vue_admin]2024-07-16 23:03:15.475	[34minfo[0m	/Users/lihao/project/mall-pro/admin-gin/service/product/goods_grab/pro_goods_grab.go:141	å…¶ä»–é©±è™«ç”¨å“é‡‡é›†å®Œæˆï¼
[go_vue_admin]2024-07-16 23:03:25.474	[34minfo[0m	/Users/lihao/project/mall-pro/admin-gin/service/product/goods_grab/pro_goods_grab.go:141	é¦™è–°ç”¨å“é‡‡é›†å®Œæˆï¼
[go_vue_admin]2024-07-16 23:03:32.472	[34minfo[0m	/Users/lihao/project/mall-pro/admin-gin/service/product/goods_grab/pro_goods_grab.go:141	æ¸…æ´æ…•æ–¯é‡‡é›†å®Œæˆï¼
[go_vue_admin]2024-07-16 23:03:35.474	[34minfo[0m	/Users/lihao/project/mall-pro/admin-gin/service/product/goods_grab/pro_goods_grab.go:141	æœ¨ä½œ/ä¹¦ç”»/é’±å¸/æ”¶è—é‡‡é›†å®Œæˆï¼
[go_vue_admin]2024-07-16 23:03:36.483	[34minfo[0m	/Users/lihao/project/mall-pro/admin-gin/service/product/goods_grab/pro_goods_grab.go:141	å®¶ç§æ¸…æ´/çš®å…·æŠ¤ç†å‰‚é‡‡é›†å®Œæˆï¼
[go_vue_admin]2024-07-16 23:03:41.482	[34minfo[0m	/Users/lihao/project/mall-pro/admin-gin/service/product/goods_grab/pro_goods_grab.go:141	ä¸ªäººæŠ¤ç†é‡‡é›†å®Œæˆï¼
[go_vue_admin]2024-07-16 23:03:42.525	[34minfo[0m	/Users/lihao/project/mall-pro/admin-gin/service/product/goods_grab/pro_goods_grab.go:141	ç å®/æ–‡ç©/æ”¶è—å“é‡‡é›†å®Œæˆï¼
[go_vue_admin]2024-07-16 23:03:45.473	[34minfo[0m	/Users/lihao/project/mall-pro/admin-gin/service/product/goods_grab/pro_goods_grab.go:141	å® ç‰©é‡‡é›†å®Œæˆï¼
[go_vue_admin]2024-07-16 23:03:46.473	[34minfo[0m	/Users/lihao/project/mall-pro/admin-gin/service/product/goods_grab/pro_goods_grab.go:141	å®¶åº­æ¸…æ´é‡‡é›†å®Œæˆï¼
[go_vue_admin]2024-07-16 23:03:56.473	[34minfo[0m	/Users/lihao/project/mall-pro/admin-gin/service/product/goods_grab/pro_goods_grab.go:141	éšå½¢çœ¼é•œ/æŠ¤ç†æ¶²é‡‡é›†å®Œæˆï¼
[go_vue_admin]2024-07-16 23:03:57.477	[34minfo[0m	/Users/lihao/project/mall-pro/admin-gin/service/product/goods_grab/pro_goods_grab.go:141	ç”·å£«ä¸ªæŠ¤é‡‡é›†å®Œæˆï¼
[go_vue_admin]2024-07-16 23:04:03.472	[34minfo[0m	/Users/lihao/project/mall-pro/admin-gin/service/product/goods_grab/pro_goods_grab.go:141	æŠ½çº¸/çº¸å·¾/æ‰‹å¸•çº¸é‡‡é›†å®Œæˆï¼
[go_vue_admin]2024-07-16 23:04:05.473	[34minfo[0m	/Users/lihao/project/mall-pro/admin-gin/service/product/goods_grab/pro_goods_grab.go:141	ä¸­è€å¹´æŠ¤ç†ç”¨å“é‡‡é›†å®Œæˆï¼
[go_vue_admin]2024-07-16 23:04:07.483	[34minfo[0m	/Users/lihao/project/mall-pro/admin-gin/service/product/goods_grab/pro_goods_grab.go:141	å…¶å®ƒé‡‡é›†å®Œæˆï¼
[go_vue_admin]2024-07-16 23:04:10.496	[34minfo[0m	/Users/lihao/project/mall-pro/admin-gin/service/product/goods_grab/pro_goods_grab.go:141	å®¶åº­/ä¸ªäººæ¸…æ´å·¥å…·é‡‡é›†å®Œæˆï¼
[go_vue_admin]2024-07-16 23:04:22.474	[34minfo[0m	/Users/lihao/project/mall-pro/admin-gin/service/product/goods_grab/pro_goods_grab.go:141	ä¸ªäººæ´—æŠ¤æ¸…æ´ç”¨å…·é‡‡é›†å®Œæˆï¼
[go_vue_admin]2024-07-16 23:04:24.474	[34minfo[0m	/Users/lihao/project/mall-pro/admin-gin/service/product/goods_grab/pro_goods_grab.go:141	æ´—è¡£æ¶²/æ´—è¡£å‡ç /ç•™é¦™ç é‡‡é›†å®Œæˆï¼
[go_vue_admin]2024-07-16 23:04:39.472	[34minfo[0m	/Users/lihao/project/mall-pro/admin-gin/service/product/goods_grab/pro_goods_grab.go:141	ç”»å…·/ç”»æ/ä¹¦æ³•ç”¨å“é‡‡é›†å®Œæˆï¼
[go_vue_admin]2024-07-16 23:04:48.474	[34minfo[0m	/Users/lihao/project/mall-pro/admin-gin/service/product/goods_grab/pro_goods_grab.go:141	æ‘„å½±æ‘„åƒé‡‡é›†å®Œæˆï¼
[go_vue_admin]2024-07-16 23:04:59.475	[34minfo[0m	/Users/lihao/project/mall-pro/admin-gin/service/product/goods_grab/pro_goods_grab.go:141	ä¸ªæŠ¤ç”µå™¨é‡‡é›†å®Œæˆï¼
[go_vue_admin]2024-07-16 23:05:07.530	[34minfo[0m	/Users/lihao/project/mall-pro/admin-gin/service/product/goods_grab/pro_goods_grab.go:141	å«æµ´/ç½®ç‰©ç”¨å…·é‡‡é›†å®Œæˆï¼
[go_vue_admin]2024-07-16 23:05:09.476	[34minfo[0m	/Users/lihao/project/mall-pro/admin-gin/service/product/goods_grab/pro_goods_grab.go:141	æ¯›è¡£/é’ˆç»‡è¡«é‡‡é›†å®Œæˆï¼
[go_vue_admin]2024-07-16 23:05:18.475	[34minfo[0m	/Users/lihao/project/mall-pro/admin-gin/service/product/goods_grab/pro_goods_grab.go:141	æ¯›è¡£/é’ˆç»‡è¡«é‡‡é›†å®Œæˆï¼
[go_vue_admin]2024-07-16 23:05:38.499	[34minfo[0m	/Users/lihao/project/mall-pro/admin-gin/service/product/goods_grab/pro_goods_grab.go:141	å¥³å¼å¤–å¥—é‡‡é›†å®Œæˆï¼
[go_vue_admin]2024-07-16 23:05:48.477	[34minfo[0m	/Users/lihao/project/mall-pro/admin-gin/service/product/goods_grab/pro_goods_grab.go:141	å…¶ä»–ç«¥é‹é‡‡é›†å®Œæˆï¼
[go_vue_admin]2024-07-16 23:05:53.479	[34minfo[0m	/Users/lihao/project/mall-pro/admin-gin/service/product/goods_grab/pro_goods_grab.go:141	å…¶ä»–é‡‡é›†å®Œæˆï¼
[go_vue_admin]2024-07-16 23:06:01.477	[34minfo[0m	/Users/lihao/project/mall-pro/admin-gin/service/product/goods_grab/pro_goods_grab.go:141	ä¸ªæŠ¤æœåŠ¡é‡‡é›†å®Œæˆï¼
[go_vue_admin]2024-07-16 23:06:02.479	[34minfo[0m	/Users/lihao/project/mall-pro/admin-gin/service/product/goods_grab/pro_goods_grab.go:141	å…¶ä»–å†œäº§å“é‡‡é›†å®Œæˆï¼
[go_vue_admin]2024-07-16 23:06:07.477	[34minfo[0m	/Users/lihao/project/mall-pro/admin-gin/service/product/goods_grab/pro_goods_grab.go:141	å¥³å¼çŸ­è£¤é‡‡é›†å®Œæˆï¼
[go_vue_admin]2024-07-16 23:06:34.480	[34minfo[0m	/Users/lihao/project/mall-pro/admin-gin/service/product/goods_grab/pro_goods_grab.go:141	å®¶åŠ¡/åœ°æ¿æ¸…æ´ç”¨å…·é‡‡é›†å®Œæˆï¼
[go_vue_admin]2024-07-16 23:06:36.293	[34minfo[0m	/Users/lihao/project/mall-pro/admin-gin/websocket/ws_handle.go:48	websocket è¿æ¥æˆåŠŸ
[go_vue_admin]2024-07-16 23:06:45.479	[34minfo[0m	/Users/lihao/project/mall-pro/admin-gin/service/product/goods_grab/pro_goods_grab.go:141	å…¶ä»–é‡‡é›†å®Œæˆï¼
[go_vue_admin]2024-07-16 23:08:47.057	[34minfo[0m	/Users/lihao/project/mall-pro/admin-gin/websocket/ws_handle.go:48	websocket è¿æ¥æˆåŠŸ
[go_vue_admin]2024-07-16 23:09:36.981	[34minfo[0m	/Users/lihao/project/mall-pro/admin-gin/websocket/ws_handle.go:48	websocket è¿æ¥æˆåŠŸ
[go_vue_admin]2024-07-16 23:10:21.278	[34minfo[0m	/Users/lihao/project/mall-pro/admin-gin/websocket/ws_handle.go:48	websocket è¿æ¥æˆåŠŸ
[go_vue_admin]2024-07-16 23:19:46.958	[34minfo[0m	/Users/lihao/project/mall-pro/admin-gin/websocket/ws_handle.go:48	websocket è¿æ¥æˆåŠŸ
[go_vue_admin]2024-07-16 23:19:56.592	[34minfo[0m	/Users/lihao/project/mall-pro/admin-gin/websocket/ws_handle.go:48	websocket è¿æ¥æˆåŠŸ
[go_vue_admin]2024-07-16 23:24:44.246	[34minfo[0m	/Users/lihao/project/mall-pro/admin-gin/websocket/ws_handle.go:48	websocket è¿æ¥æˆåŠŸ
[go_vue_admin]2024-07-16 23:24:51.295	[34minfo[0m	/Users/lihao/project/mall-pro/admin-gin/service/product/goods_grab/pro_goods_grab.go:141	ç”Ÿé²œæ°´æœé‡‡é›†å®Œæˆï¼
[go_vue_admin]2024-07-16 23:24:51.295	[34minfo[0m	/Users/lihao/project/mall-pro/admin-gin/service/product/goods_grab/pro_goods_grab.go:141	æ—¥ç”¨å®¶å±…é‡‡é›†å®Œæˆï¼
[go_vue_admin]2024-07-16 23:24:51.304	[34minfo[0m	/Users/lihao/project/mall-pro/admin-gin/service/product/goods_grab/pro_goods_grab.go:141	ä¼‘é—²é›¶é£Ÿé‡‡é›†å®Œæˆï¼
[go_vue_admin]2024-07-16 23:24:51.305	[34minfo[0m	/Users/lihao/project/mall-pro/admin-gin/service/product/goods_grab/pro_goods_grab.go:141	ä¹³å“å†²é¥®é‡‡é›†å®Œæˆï¼
[go_vue_admin]2024-07-16 23:24:51.307	[34minfo[0m	/Users/lihao/project/mall-pro/admin-gin/service/product/goods_grab/pro_goods_grab.go:141	æ¯å©´ç«¥ç©é‡‡é›†å®Œæˆï¼
[go_vue_admin]2024-07-16 23:24:52.295	[34minfo[0m	/Users/lihao/project/mall-pro/admin-gin/service/product/goods_grab/pro_goods_grab.go:141	ç¾å¦†æŠ¤è‚¤é‡‡é›†å®Œæˆï¼
[go_vue_admin]2024-07-16 23:24:53.294	[34minfo[0m	/Users/lihao/project/mall-pro/admin-gin/service/product/goods_grab/pro_goods_grab.go:141	3Cæ•°ç å®¶ç”µé‡‡é›†å®Œæˆï¼
[go_vue_admin]2024-07-16 23:24:54.297	[34minfo[0m	/Users/lihao/project/mall-pro/admin-gin/service/product/goods_grab/pro_goods_grab.go:141	é…’ç±»/èŒ¶å¶é‡‡é›†å®Œæˆï¼
[go_vue_admin]2024-07-16 23:24:55.296	[34minfo[0m	/Users/lihao/project/mall-pro/admin-gin/service/product/goods_grab/pro_goods_grab.go:141	æœé¥°é‹åŒ…é‡‡é›†å®Œæˆï¼
[go_vue_admin]2024-07-16 23:24:56.294	[34minfo[0m	/Users/lihao/project/mall-pro/admin-gin/service/product/goods_grab/pro_goods_grab.go:141	é£Ÿå“é¥®æ–™é‡‡é›†å®Œæˆï¼
[go_vue_admin]2024-07-16 23:24:57.296	[34minfo[0m	/Users/lihao/project/mall-pro/admin-gin/service/product/goods_grab/pro_goods_grab.go:141	è¥å…»ä¿å¥é‡‡é›†å®Œæˆï¼
[go_vue_admin]2024-07-16 23:29:17.081	[34minfo[0m	/Users/lihao/project/mall-pro/admin-gin/websocket/ws_handle.go:48	websocket è¿æ¥æˆåŠŸ
[go_vue_admin]2024-07-16 23:31:03.197	[34minfo[0m	/Users/lihao/project/mall-pro/admin-gin/websocket/ws_handle.go:48	websocket è¿æ¥æˆåŠŸ
